#
# A fatal error has been detected by the Java Runtime Environment:
#
#  SIGSEGV (0xb) at pc=0x00007f9aca65942f, pid=29829, tid=0x00007f9aa55eb700
#
# JRE version: OpenJDK Runtime Environment (8.0_151-b12) (build 1.8.0_151-b12)
# Java VM: OpenJDK 64-Bit Server VM (25.151-b12 mixed mode linux-amd64 compressed oops)
# Problematic frame:
# C  [libc.so.6+0x14f42f]  __memmove_avx_unaligned_erms+0x4f
#
# Core dump written. Default location: /cs/student/yushengjia/cs56/cs56-networking-chat/core or core.29829
#
# If you would like to submit a bug report, please visit:
#   http://bugreport.java.com/bugreport/crash.jsp
# The crash happened outside the Java Virtual Machine in native code.
# See problematic frame for where to report the bug.
#

---------------  T H R E A D  ---------------

Current thread (0x00007f9a4c004660):  JavaThread "Thread-7" [_thread_in_native, id=31024, stack(0x00007f9aa54eb000,0x00007f9aa55ec000)]

siginfo: si_signo: 11 (SIGSEGV), si_code: 1 (SEGV_MAPERR), si_addr: 0x00007f9acb33f000

Registers:
RAX=0x00007f9a38016780, RBX=0x00007f9ac41a8180, RCX=0x000000000000018e, RDX=0x000000000000fecc
RSP=0x00007f9aa55e9568, RBP=0x00007f9aa55e95e0, RSI=0x00007f9acb33f000, RDI=0x00007f9a380264be
R8 =0x00007f9a380004f8, R9 =0x0000000000000000, R10=0x00000000000000b0, R11=0x00007f9a38000078
R12=0x000000000000fecc, R13=0x00007f9acb32f294, R14=0x000000000000fecc, R15=0x00007f9a380039d0
RIP=0x00007f9aca65942f, EFLAGS=0x0000000000010297, CSGSFS=0x002b000000000033, ERR=0x0000000000000004
  TRAPNO=0x000000000000000e

Top of Stack: (sp=0x00007f9aa55e9568)
0x00007f9aa55e9568:   00007f9ac35f6f09 00007f9a4c004660
0x00007f9aa55e9578:   0000000000000000 0000000000000000
0x00007f9aa55e9588:   0000000000000000 00000000f6ab4c4f
0x00007f9aa55e9598:   00000016000000b0 00b0000000000000
0x00007f9aa55e95a8:   00000000933b0008 0000000000000015
0x00007f9aa55e95b8:   00007f9ac41a85d0 00000000d0a1d0e0
0x00007f9aa55e95c8:   00007f9aa55e9664 00007f9ac41a8180
0x00007f9aa55e95d8:   00007f9a38000b10 00007f9aa55e9630
0x00007f9aa55e95e8:   00007f9ac35f7b94 00007f9aa55e9650
0x00007f9aa55e95f8:   0000001501004100 00007f9aa55e9630
0x00007f9aa55e9608:   0000000000000015 00007f9a4c0048b8
0x00007f9aa55e9618:   00007f9ab2f0c820 00007f9aa55e9b30
0x00007f9aa55e9628:   00007f9ac41a8180 00007f9aa55e9a90
0x00007f9aa55e9638:   00007f9ac35f5aec 00007f9aa55e9650
0x00007f9aa55e9648:   000000014c004660 656372756f736572
0x00007f9aa55e9658:   68616559684f2f73 000000666669612e
0x00007f9aa55e9668:   b6e1b914a67e9db0 00007f9aa59ce5c8
0x00007f9aa55e9678:   00000000a5a2ed80 00000000d6d1def0
0x00007f9aa55e9688:   00007f9aa55e9720 0000000000000000
0x00007f9aa55e9698:   00007f9aa59cff08 00007f9aa55e96e0
0x00007f9aa55e96a8:   0000000000000000 00000000301130e0
0x00007f9aa55e96b8:   00007f9aa59d0028 0000000000000000
0x00007f9aa55e96c8:   00007f9aa55e9720 00007f9ab2f44458
0x00007f9aa55e96d8:   00000000a59ce5c8 00007f9aa5a2ed80
0x00007f9aa55e96e8:   0000000000000000 00007f9aa55e9730
0x00007f9aa55e96f8:   00007f9aa59cfe88 00007f9aa59cff08
0x00007f9aa55e9708:   00000000a59cfe88 00007f9ab460311b
0x00007f9aa55e9718:   00000000a59cfe68 00000000d6d3b588
0x00007f9aa55e9728:   00007f9ab4887ed4 00007f9aa55e97b0
0x00007f9aa55e9738:   00007f9aa59d0008 00007f9ab2f44438
0x00007f9aa55e9748:   00007f9ac9f81845 00007f9aa55e97b0
0x00007f9aa55e9758:   00007f9ac9f7966a 00007f9a4c004660 

Instructions: (pc=0x00007f9aca65942f)
0x00007f9aca65940f:   60 27 00 0f 83 25 01 00 00 48 39 f7 72 0f 74 12
0x00007f9aca65941f:   4c 8d 0c 16 4c 39 cf 0f 82 c5 01 00 00 48 89 d1
0x00007f9aca65942f:   f3 a4 c3 80 fa 10 73 17 80 fa 08 73 27 80 fa 04
0x00007f9aca65943f:   73 33 80 fa 01 77 3b 72 05 0f b6 0e 88 0f c3 c5 

Register to memory mapping:

RAX=0x00007f9a38016780 is an unknown value
RBX=0x00007f9ac41a8180 is an unknown value
RCX=0x000000000000018e is an unknown value
RDX=0x000000000000fecc is an unknown value
RSP=0x00007f9aa55e9568 is pointing into the stack for thread: 0x00007f9a4c004660
RBP=0x00007f9aa55e95e0 is pointing into the stack for thread: 0x00007f9a4c004660
RSI=0x00007f9acb33f000 is an unknown value
RDI=0x00007f9a380264be is an unknown value
R8 =0x00007f9a380004f8 is an unknown value
R9 =0x0000000000000000 is an unknown value
R10=0x00000000000000b0 is an unknown value
R11=0x00007f9a38000078 is an unknown value
R12=0x000000000000fecc is an unknown value
R13=0x00007f9acb32f294 is an unknown value
R14=0x000000000000fecc is an unknown value
R15=0x00007f9a380039d0 is an unknown value


Stack: [0x00007f9aa54eb000,0x00007f9aa55ec000],  sp=0x00007f9aa55e9568,  free space=1017k
Native frames: (J=compiled Java code, j=interpreted, Vv=VM code, C=native code)
C  [libc.so.6+0x14f42f]  __memmove_avx_unaligned_erms+0x4f
C  [libzip.so+0x5b94]
C  [libzip.so+0x3aec]  Java_java_util_zip_ZipFile_getEntry+0xfc
j  java.util.zip.ZipFile.getEntry(J[BZ)J+0
j  java.util.zip.ZipFile.getEntry(Ljava/lang/String;)Ljava/util/zip/ZipEntry;+38
j  java.util.jar.JarFile.getEntry(Ljava/lang/String;)Ljava/util/zip/ZipEntry;+2
J 1182 C1 sun.misc.URLClassPath$JarLoader.getResource(Ljava/lang/String;Z)Lsun/misc/Resource; (85 bytes) @ 0x00007f9ab49a9f64 [0x00007f9ab49a9c80+0x2e4]
j  sun.misc.URLClassPath$JarLoader.findResource(Ljava/lang/String;Z)Ljava/net/URL;+3
j  sun.misc.URLClassPath.findResource(Ljava/lang/String;Z)Ljava/net/URL;+26
j  java.net.URLClassLoader$2.run()Ljava/net/URL;+12
j  java.net.URLClassLoader$2.run()Ljava/lang/Object;+1
v  ~StubRoutines::call_stub
V  [libjvm.so+0x6941e3]
V  [libjvm.so+0x6e341a]  JVM_DoPrivileged+0x46a
J 894  java.security.AccessController.doPrivileged(Ljava/security/PrivilegedAction;Ljava/security/AccessControlContext;)Ljava/lang/Object; (0 bytes) @ 0x00007f9ab4900e95 [0x00007f9ab4900dc0+0xd5]
j  java.net.URLClassLoader.findResource(Ljava/lang/String;)Ljava/net/URL;+13
j  java.lang.ClassLoader.getResource(Ljava/lang/String;)Ljava/net/URL;+30
j  java.lang.Class.getResource(Ljava/lang/String;)Ljava/net/URL;+22
j  client.model.AePlayWave.run()V+30
v  ~StubRoutines::call_stub
V  [libjvm.so+0x6941e3]
V  [libjvm.so+0x691747]
V  [libjvm.so+0x691d27]
V  [libjvm.so+0x6d5864]
V  [libjvm.so+0xacdfbb]
V  [libjvm.so+0xace49f]
V  [libjvm.so+0x8f2f62]
C  [libpthread.so.0+0x773a]  start_thread+0xca

Java frames: (J=compiled Java code, j=interpreted, Vv=VM code)
j  java.util.zip.ZipFile.getEntry(J[BZ)J+0
j  java.util.zip.ZipFile.getEntry(Ljava/lang/String;)Ljava/util/zip/ZipEntry;+38
j  java.util.jar.JarFile.getEntry(Ljava/lang/String;)Ljava/util/zip/ZipEntry;+2
J 1182 C1 sun.misc.URLClassPath$JarLoader.getResource(Ljava/lang/String;Z)Lsun/misc/Resource; (85 bytes) @ 0x00007f9ab49a9f64 [0x00007f9ab49a9c80+0x2e4]
j  sun.misc.URLClassPath$JarLoader.findResource(Ljava/lang/String;Z)Ljava/net/URL;+3
j  sun.misc.URLClassPath.findResource(Ljava/lang/String;Z)Ljava/net/URL;+26
j  java.net.URLClassLoader$2.run()Ljava/net/URL;+12
j  java.net.URLClassLoader$2.run()Ljava/lang/Object;+1
v  ~StubRoutines::call_stub
J 894  java.security.AccessController.doPrivileged(Ljava/security/PrivilegedAction;Ljava/security/AccessControlContext;)Ljava/lang/Object; (0 bytes) @ 0x00007f9ab4900e23 [0x00007f9ab4900dc0+0x63]
j  java.net.URLClassLoader.findResource(Ljava/lang/String;)Ljava/net/URL;+13
j  java.lang.ClassLoader.getResource(Ljava/lang/String;)Ljava/net/URL;+30
j  java.lang.Class.getResource(Ljava/lang/String;)Ljava/net/URL;+22
j  client.model.AePlayWave.run()V+30
v  ~StubRoutines::call_stub

---------------  P R O C E S S  ---------------

Java Threads: ( => current thread )
=>0x00007f9a4c004660 JavaThread "Thread-7" [_thread_in_native, id=31024, stack(0x00007f9aa54eb000,0x00007f9aa55ec000)]
  0x00007f9a44016e20 JavaThread "Java Sound Event Dispatcher" daemon [_thread_blocked, id=30109, stack(0x00007f9aa40b1000,0x00007f9aa41b2000)]
  0x00007f9a54025f50 JavaThread "Thread-0" [_thread_in_native, id=30098, stack(0x00007f9aa55ec000,0x00007f9aa56ed000)]
  0x00007f9a5401c4f0 JavaThread "TimerQueue" daemon [_thread_blocked, id=29851, stack(0x00007f9aa56ed000,0x00007f9aa57ee000)]
  0x00007f9ac4483d40 JavaThread "DestroyJavaVM" [_thread_blocked, id=29831, stack(0x00007f9acb214000,0x00007f9acb315000)]
  0x00007f9ac44279a0 JavaThread "AWT-EventQueue-0" [_thread_blocked, id=29850, stack(0x00007f9aa5bee000,0x00007f9aa5cef000)]
  0x00007f9ac4426680 JavaThread "AWT-Shutdown" [_thread_blocked, id=29849, stack(0x00007f9aa5cef000,0x00007f9aa5df0000)]
  0x00007f9ac4326fc0 JavaThread "AWT-XAWT" daemon [_thread_in_native, id=29848, stack(0x00007f9aab8c3000,0x00007f9aab9c4000)]
  0x00007f9ac4302a70 JavaThread "Java2D Disposer" daemon [_thread_blocked, id=29847, stack(0x00007f9ab00d5000,0x00007f9ab01d6000)]
  0x00007f9ac41946d0 JavaThread "Service Thread" daemon [_thread_blocked, id=29845, stack(0x00007f9ab13fb000,0x00007f9ab14fc000)]
  0x00007f9ac418fd20 JavaThread "C1 CompilerThread2" daemon [_thread_blocked, id=29844, stack(0x00007f9ab14fc000,0x00007f9ab15fd000)]
  0x00007f9ac401aaa0 JavaThread "C2 CompilerThread1" daemon [_thread_blocked, id=29843, stack(0x00007f9ab15fd000,0x00007f9ab16fe000)]
  0x00007f9ac4181ab0 JavaThread "C2 CompilerThread0" daemon [_thread_blocked, id=29842, stack(0x00007f9ab16fe000,0x00007f9ab17ff000)]
  0x00007f9ac4180350 JavaThread "Signal Dispatcher" daemon [_thread_blocked, id=29841, stack(0x00007f9ab17ff000,0x00007f9ab1900000)]
  0x00007f9ac41568d0 JavaThread "Finalizer" daemon [_thread_blocked, id=29840, stack(0x00007f9ab1900000,0x00007f9ab1a01000)]
  0x00007f9ac4152710 JavaThread "Reference Handler" daemon [_thread_blocked, id=29839, stack(0x00007f9ab1a01000,0x00007f9ab1b02000)]

Other Threads:
  0x00007f9ac4149380 VMThread [stack: 0x00007f9ab1b02000,0x00007f9ab1c03000] [id=29838]
  0x00007f9ac4196360 WatcherThread [stack: 0x00007f9ab12fa000,0x00007f9ab13fb000] [id=29846]

VM state:not at safepoint (normal execution)

VM Mutex/Monitor currently owned by a thread: None

Heap:
 PSYoungGen      total 36864K, used 28727K [0x00000000d6d00000, 0x00000000d9600000, 0x0000000100000000)
  eden space 31744K, 90% used [0x00000000d6d00000,0x00000000d890dd58,0x00000000d8c00000)
  from space 5120K, 0% used [0x00000000d9100000,0x00000000d9100000,0x00000000d9600000)
  to   space 5120K, 0% used [0x00000000d8c00000,0x00000000d8c00000,0x00000000d9100000)
 ParOldGen       total 84992K, used 0K [0x0000000084600000, 0x0000000089900000, 0x00000000d6d00000)
  object space 84992K, 0% used [0x0000000084600000,0x0000000084600000,0x0000000089900000)
 Metaspace       used 15710K, capacity 15954K, committed 16128K, reserved 1062912K
  class space    used 1709K, capacity 1765K, committed 1792K, reserved 1048576K

Card table byte_map: [0x00007f9ab3e54000,0x00007f9ab4232000] byte_map_base: 0x00007f9ab3a31000

Marking Bits: (ParMarkBitMap*) 0x00007f9aca4edd00
 Begin Bits: [0x00007f9aa7aed000, 0x00007f9aa99d5000)
 End Bits:   [0x00007f9aa99d5000, 0x00007f9aab8bd000)

Polling page: 0x00007f9acb339000

CodeCache: size=245760Kb used=5383Kb max_used=5383Kb free=240376Kb
 bounds [0x00007f9ab45f2000, 0x00007f9ab4b42000, 0x00007f9ac35f2000]
 total_blobs=2169 nmethods=1607 adapters=476
 compilation: enabled

Compilation events (10 events):
Event: 485.133 Thread 0x00007f9ac418fd20 1600       3       java.util.Vector$Itr::hasNext (20 bytes)
Event: 485.133 Thread 0x00007f9ac418fd20 nmethod 1600 0x00007f9ab4b34650 code [0x00007f9ab4b347c0, 0x00007f9ab4b34970]
Event: 608.592 Thread 0x00007f9ac418fd20 1601   !   3       java.util.Vector$Itr::next (63 bytes)
Event: 608.592 Thread 0x00007f9ac418fd20 nmethod 1601 0x00007f9ab4b33a10 code [0x00007f9ab4b33bc0, 0x00007f9ab4b34178]
Event: 608.592 Thread 0x00007f9ac418fd20 1602       3       java.util.Vector$Itr::checkForComodification (23 bytes)
Event: 608.592 Thread 0x00007f9ac418fd20 nmethod 1602 0x00007f9ab4b33590 code [0x00007f9ab4b33700, 0x00007f9ab4b33928]
Event: 620.409 Thread 0x00007f9ac418fd20 1604       3       java.util.IdentityHashMap::put (137 bytes)
Event: 620.410 Thread 0x00007f9ac418fd20 nmethod 1604 0x00007f9ab4b32550 code [0x00007f9ab4b32740, 0x00007f9ab4b33138]
Event: 620.410 Thread 0x00007f9ac418fd20 1603       3       javax.swing.text.Segment::current (36 bytes)
Event: 620.410 Thread 0x00007f9ac418fd20 nmethod 1603 0x00007f9ab4b35c50 code [0x00007f9ab4b35dc0, 0x00007f9ab4b35fd0]

GC Heap History (0 events):
No events

Deoptimization events (10 events):
Event: 20.663 Thread 0x00007f9ac44279a0 Uncommon trap: reason=class_check action=maybe_recompile pc=0x00007f9ab4707bb8 method=java.lang.String.equals(Ljava/lang/Object;)Z @ 8
Event: 20.663 Thread 0x00007f9ac44279a0 Uncommon trap: reason=class_check action=maybe_recompile pc=0x00007f9ab4707bb8 method=java.lang.String.equals(Ljava/lang/Object;)Z @ 8
Event: 20.895 Thread 0x00007f9ac44279a0 Uncommon trap: reason=class_check action=maybe_recompile pc=0x00007f9ab4707bb8 method=java.lang.String.equals(Ljava/lang/Object;)Z @ 8
Event: 20.895 Thread 0x00007f9ac44279a0 Uncommon trap: reason=class_check action=maybe_recompile pc=0x00007f9ab4707bb8 method=java.lang.String.equals(Ljava/lang/Object;)Z @ 8
Event: 27.704 Thread 0x00007f9ac44279a0 Uncommon trap: reason=class_check action=maybe_recompile pc=0x00007f9ab47a2b50 method=java.util.Properties$LineReader.readLine()I @ 62
Event: 27.704 Thread 0x00007f9ac44279a0 Uncommon trap: reason=unstable_if action=reinterpret pc=0x00007f9ab47a2838 method=java.util.Properties$LineReader.readLine()I @ 206
Event: 27.765 Thread 0x00007f9a4c005240 Uncommon trap: reason=null_check action=make_not_entrant pc=0x00007f9ab4884e6c method=java.lang.StringCoding.deref(Ljava/lang/ThreadLocal;)Ljava/lang/Object; @ 4
Event: 27.767 Thread 0x00007f9a4c004660 Uncommon trap: reason=null_check action=make_not_entrant pc=0x00007f9ab488c598 method=java.lang.StringCoding.deref(Ljava/lang/ThreadLocal;)Ljava/lang/Object; @ 4
Event: 27.819 Thread 0x00007f9a4c004660 Uncommon trap: reason=unstable_if action=reinterpret pc=0x00007f9ab49b66e4 method=javax.sound.sampled.AudioFormat.matches(Ljavax/sound/sampled/AudioFormat;)Z @ 112
Event: 98.411 Thread 0x00007f9ac44279a0 Uncommon trap: reason=unstable_if action=reinterpret pc=0x00007f9ab4aed880 method=java.awt.Container.getMouseEventTargetImpl(IIZLjava/awt/Container$EventTargetFilter;ZZ)Ljava/awt/Component; @ 218

Internal exceptions (10 events):
Event: 0.095 Thread 0x00007f9ac40086b0 Exception <a 'java/lang/NoSuchFieldError': method resolution failed> (0x00000000d6f27568) thrown at [/builddir/build/BUILD/java-1.8.0-openjdk-1.8.0.151-1.b12.fc25.x86_64/openjdk/hotspot/src/share/vm/prims/methodHandles.cpp, line 1146]
Event: 0.096 Thread 0x00007f9ac40086b0 Exception <a 'java/lang/NoSuchFieldError': method resolution failed> (0x00000000d6f34d38) thrown at [/builddir/build/BUILD/java-1.8.0-openjdk-1.8.0.151-1.b12.fc25.x86_64/openjdk/hotspot/src/share/vm/prims/methodHandles.cpp, line 1146]
Event: 0.109 Thread 0x00007f9ac40086b0 Exception <a 'java/io/FileNotFoundException'> (0x00000000d6fb4fc8) thrown at [/builddir/build/BUILD/java-1.8.0-openjdk-1.8.0.151-1.b12.fc25.x86_64/openjdk/hotspot/src/share/vm/prims/jni.cpp, line 710]
Event: 0.109 Thread 0x00007f9ac40086b0 Exception <a 'java/io/FileNotFoundException'> (0x00000000d6fb5b30) thrown at [/builddir/build/BUILD/java-1.8.0-openjdk-1.8.0.151-1.b12.fc25.x86_64/openjdk/hotspot/src/share/vm/prims/jni.cpp, line 710]
Event: 0.118 Thread 0x00007f9ac40086b0 Exception <a 'java/lang/ClassNotFoundException': sun/dc/DuctusRenderingEngine> (0x00000000d6fd38b8) thrown at [/builddir/build/BUILD/java-1.8.0-openjdk-1.8.0.151-1.b12.fc25.x86_64/openjdk/hotspot/src/share/vm/classfile/systemDictionary.cpp, line 210]
Event: 0.352 Thread 0x00007f9ac4326fc0 Implicit null exception at 0x00007f9ab481457c to 0x00007f9ab4814641
Event: 0.392 Thread 0x00007f9ac44279a0 Exception <a 'java/lang/UnsupportedOperationException': > (0x00000000d7d40cc8) thrown at [/builddir/build/BUILD/java-1.8.0-openjdk-1.8.0.151-1.b12.fc25.x86_64/openjdk/hotspot/src/share/vm/prims/jni.cpp, line 736]
Event: 27.765 Thread 0x00007f9a4c005240 Implicit null exception at 0x00007f9ab48839f1 to 0x00007f9ab4884e51
Event: 27.767 Thread 0x00007f9a4c004660 Implicit null exception at 0x00007f9ab488b3d6 to 0x00007f9ab488c589
Event: 45.861 Thread 0x00007f9ac44279a0 Exception <a 'java/lang/UnsupportedOperationException': > (0x00000000d82f36b0) thrown at [/builddir/build/BUILD/java-1.8.0-openjdk-1.8.0.151-1.b12.fc25.x86_64/openjdk/hotspot/src/share/vm/prims/jni.cpp, line 736]

Events (10 events):
Event: 98.411 Thread 0x00007f9ac44279a0 Uncommon trap: trap_request=0xffffff65 fr.pc=0x00007f9ab4aed880
Event: 98.411 Thread 0x00007f9ac44279a0 DEOPT PACKING pc=0x00007f9ab4aed880 sp=0x00007f9aa5cebe00
Event: 98.411 Thread 0x00007f9ac44279a0 DEOPT UNPACKING pc=0x00007f9ab45f6f69 sp=0x00007f9aa5cebd28 mode 2
Event: 144.006 Thread 0x00007f9a4c004660 Thread added: 0x00007f9a4c004660
Event: 144.009 Thread 0x00007f9a4c005240 Thread added: 0x00007f9a4c005240
Event: 144.692 Thread 0x00007f9a4c004660 Thread exited: 0x00007f9a4c004660
Event: 146.234 Thread 0x00007f9a4c005240 Thread exited: 0x00007f9a4c005240
Event: 620.409 Thread 0x00007f9a4c004660 Thread added: 0x00007f9a4c004660
Event: 620.409 Thread 0x00007f9a4c004660 Thread exited: 0x00007f9a4c004660
Event: 620.413 Thread 0x00007f9a4c004660 Thread added: 0x00007f9a4c004660


Dynamic libraries:
84600000-89900000 rw-p 00000000 00:00 0 
89900000-d6d00000 ---p 00000000 00:00 0 
d6d00000-d9600000 rw-p 00000000 00:00 0 
d9600000-100000000 ---p 00000000 00:00 0 
100000000-1001c0000 rw-p 00000000 00:00 0 
1001c0000-140000000 ---p 00000000 00:00 0 
55810fec6000-55810fec7000 r-xp 00000000 08:04 4592044                    /usr/lib/jvm/java-1.8.0-openjdk-1.8.0.151-1.b12.fc25.x86_64/jre/bin/java
5581100c6000-5581100c7000 r--p 00000000 08:04 4592044                    /usr/lib/jvm/java-1.8.0-openjdk-1.8.0.151-1.b12.fc25.x86_64/jre/bin/java
5581100c7000-5581100c8000 rw-p 00001000 08:04 4592044                    /usr/lib/jvm/java-1.8.0-openjdk-1.8.0.151-1.b12.fc25.x86_64/jre/bin/java
558110b8a000-558110bab000 rw-p 00000000 00:00 0                          [heap]
7f9a28000000-7f9a28021000 rw-p 00000000 00:00 0 
7f9a28021000-7f9a2c000000 ---p 00000000 00:00 0 
7f9a38000000-7f9a3809d000 rw-p 00000000 00:00 0 
7f9a3809d000-7f9a3c000000 ---p 00000000 00:00 0 
7f9a40000000-7f9a40021000 rw-p 00000000 00:00 0 
7f9a40021000-7f9a44000000 ---p 00000000 00:00 0 
7f9a44000000-7f9a440b7000 rw-p 00000000 00:00 0 
7f9a440b7000-7f9a48000000 ---p 00000000 00:00 0 
7f9a4c000000-7f9a4c021000 rw-p 00000000 00:00 0 
7f9a4c021000-7f9a50000000 ---p 00000000 00:00 0 
7f9a50000000-7f9a500c8000 rw-p 00000000 00:00 0 
7f9a500c8000-7f9a54000000 ---p 00000000 00:00 0 
7f9a54000000-7f9a54062000 rw-p 00000000 00:00 0 
7f9a54062000-7f9a58000000 ---p 00000000 00:00 0 
7f9a58000000-7f9a58021000 rw-p 00000000 00:00 0 
7f9a58021000-7f9a5c000000 ---p 00000000 00:00 0 
7f9a5c000000-7f9a5c021000 rw-p 00000000 00:00 0 
7f9a5c021000-7f9a60000000 ---p 00000000 00:00 0 
7f9a60000000-7f9a60021000 rw-p 00000000 00:00 0 
7f9a60021000-7f9a64000000 ---p 00000000 00:00 0 
7f9a64000000-7f9a64021000 rw-p 00000000 00:00 0 
7f9a64021000-7f9a68000000 ---p 00000000 00:00 0 
7f9a68000000-7f9a68021000 rw-p 00000000 00:00 0 
7f9a68021000-7f9a6c000000 ---p 00000000 00:00 0 
7f9a6c000000-7f9a6c7f5000 rw-p 00000000 00:00 0 
7f9a6c7f5000-7f9a70000000 ---p 00000000 00:00 0 
7f9a70000000-7f9a70021000 rw-p 00000000 00:00 0 
7f9a70021000-7f9a74000000 ---p 00000000 00:00 0 
7f9a74000000-7f9a74b83000 rw-p 00000000 00:00 0 
7f9a74b83000-7f9a78000000 ---p 00000000 00:00 0 
7f9a78000000-7f9a782db000 rw-p 00000000 00:00 0 
7f9a782db000-7f9a7c000000 ---p 00000000 00:00 0 
7f9a7c000000-7f9a7c021000 rw-p 00000000 00:00 0 
7f9a7c021000-7f9a80000000 ---p 00000000 00:00 0 
7f9a81461000-7f9a88000000 r--p 00000000 08:04 403030                     /usr/lib/locale/locale-archive
7f9a88000000-7f9a88021000 rw-p 00000000 00:00 0 
7f9a88021000-7f9a8c000000 ---p 00000000 00:00 0 
7f9a8c000000-7f9a8c021000 rw-p 00000000 00:00 0 
7f9a8c021000-7f9a90000000 ---p 00000000 00:00 0 
7f9a90000000-7f9a90021000 rw-p 00000000 00:00 0 
7f9a90021000-7f9a94000000 ---p 00000000 00:00 0 
7f9a94000000-7f9a94021000 rw-p 00000000 00:00 0 
7f9a94021000-7f9a98000000 ---p 00000000 00:00 0 
7f9a98000000-7f9a98021000 rw-p 00000000 00:00 0 
7f9a98021000-7f9a9c000000 ---p 00000000 00:00 0 
7f9a9c600000-7f9a9c601000 ---p 00000000 00:00 0 
7f9a9c601000-7f9a9ce01000 rw-p 00000000 00:00 0 
7f9a9ce01000-7f9a9ce02000 ---p 00000000 00:00 0 
7f9a9ce02000-7f9a9d602000 rw-p 00000000 00:00 0 
7f9a9d602000-7f9a9d673000 r-xp 00000000 08:04 263161                     /usr/lib64/libpcre.so.1.2.9
7f9a9d673000-7f9a9d872000 ---p 00071000 08:04 263161                     /usr/lib64/libpcre.so.1.2.9
7f9a9d872000-7f9a9d873000 r--p 00070000 08:04 263161                     /usr/lib64/libpcre.so.1.2.9
7f9a9d873000-7f9a9d874000 rw-p 00071000 08:04 263161                     /usr/lib64/libpcre.so.1.2.9
7f9a9d874000-7f9a9d901000 r-xp 00000000 08:04 267973                     /usr/lib64/libvorbisenc.so.2.0.11
7f9a9d901000-7f9a9db00000 ---p 0008d000 08:04 267973                     /usr/lib64/libvorbisenc.so.2.0.11
7f9a9db00000-7f9a9db1c000 r--p 0008c000 08:04 267973                     /usr/lib64/libvorbisenc.so.2.0.11
7f9a9db1c000-7f9a9db1d000 rw-p 000a8000 08:04 267973                     /usr/lib64/libvorbisenc.so.2.0.11
7f9a9db1d000-7f9a9db48000 r-xp 00000000 08:04 267971                     /usr/lib64/libvorbis.so.0.4.8
7f9a9db48000-7f9a9dd47000 ---p 0002b000 08:04 267971                     /usr/lib64/libvorbis.so.0.4.8
7f9a9dd47000-7f9a9dd48000 r--p 0002a000 08:04 267971                     /usr/lib64/libvorbis.so.0.4.8
7f9a9dd48000-7f9a9dd49000 rw-p 00000000 00:00 0 
7f9a9dd49000-7f9a9dd4f000 r-xp 00000000 08:04 267969                     /usr/lib64/libogg.so.0.8.2
7f9a9dd4f000-7f9a9df4e000 ---p 00006000 08:04 267969                     /usr/lib64/libogg.so.0.8.2
7f9a9df4e000-7f9a9df4f000 r--p 00005000 08:04 267969                     /usr/lib64/libogg.so.0.8.2
7f9a9df4f000-7f9a9df50000 rw-p 00000000 00:00 0 
7f9a9df50000-7f9a9dfa9000 r-xp 00000000 08:04 268342                     /usr/lib64/libFLAC.so.8.3.0
7f9a9dfa9000-7f9a9e1a8000 ---p 00059000 08:04 268342                     /usr/lib64/libFLAC.so.8.3.0
7f9a9e1a8000-7f9a9e1aa000 r--p 00058000 08:04 268342                     /usr/lib64/libFLAC.so.8.3.0
7f9a9e1aa000-7f9a9e1ab000 rw-p 0005a000 08:04 268342                     /usr/lib64/libFLAC.so.8.3.0
7f9a9e1ab000-7f9a9e1b6000 r-xp 00000000 08:04 268410                     /usr/lib64/libgsm.so.1.0.17
7f9a9e1b6000-7f9a9e3b5000 ---p 0000b000 08:04 268410                     /usr/lib64/libgsm.so.1.0.17
7f9a9e3b5000-7f9a9e3b6000 r--p 0000a000 08:04 268410                     /usr/lib64/libgsm.so.1.0.17
7f9a9e3b6000-7f9a9e3b7000 rw-p 0000b000 08:04 268410                     /usr/lib64/libgsm.so.1.0.17
7f9a9e3b7000-7f9a9e3cd000 r-xp 00000000 08:04 262767                     /usr/lib64/libnsl-2.24.so
7f9a9e3cd000-7f9a9e5cc000 ---p 00016000 08:04 262767                     /usr/lib64/libnsl-2.24.so
7f9a9e5cc000-7f9a9e5cd000 r--p 00015000 08:04 262767                     /usr/lib64/libnsl-2.24.so
7f9a9e5cd000-7f9a9e5ce000 rw-p 00016000 08:04 262767                     /usr/lib64/libnsl-2.24.so
7f9a9e5ce000-7f9a9e5d0000 rw-p 00000000 00:00 0 
7f9a9e5d0000-7f9a9e5e2000 r-xp 00000000 08:04 263187                     /usr/lib64/libgpg-error.so.0.19.1
7f9a9e5e2000-7f9a9e7e2000 ---p 00012000 08:04 263187                     /usr/lib64/libgpg-error.so.0.19.1
7f9a9e7e2000-7f9a9e7e3000 r--p 00012000 08:04 263187                     /usr/lib64/libgpg-error.so.0.19.1
7f9a9e7e3000-7f9a9e7e4000 rw-p 00013000 08:04 263187                     /usr/lib64/libgpg-error.so.0.19.1
7f9a9e7e4000-7f9a9e8eb000 r-xp 00000000 08:04 263267                     /usr/lib64/libgcrypt.so.20.1.9
7f9a9e8eb000-7f9a9eaea000 ---p 00107000 08:04 263267                     /usr/lib64/libgcrypt.so.20.1.9
7f9a9eaea000-7f9a9eaec000 r--p 00106000 08:04 263267                     /usr/lib64/libgcrypt.so.20.1.9
7f9a9eaec000-7f9a9eaf3000 rw-p 00108000 08:04 263267                     /usr/lib64/libgcrypt.so.20.1.9
7f9a9eaf3000-7f9a9eb07000 r-xp 00000000 08:04 263431                     /usr/lib64/liblz4.so.1.8.0
7f9a9eb07000-7f9a9ed06000 ---p 00014000 08:04 263431                     /usr/lib64/liblz4.so.1.8.0
7f9a9ed06000-7f9a9ed07000 r--p 00013000 08:04 263431                     /usr/lib64/liblz4.so.1.8.0
7f9a9ed07000-7f9a9ed08000 rw-p 00000000 00:00 0 
7f9a9ed08000-7f9a9ed2d000 r-xp 00000000 08:04 263178                     /usr/lib64/liblzma.so.5.2.2
7f9a9ed2d000-7f9a9ef2c000 ---p 00025000 08:04 263178                     /usr/lib64/liblzma.so.5.2.2
7f9a9ef2c000-7f9a9ef2d000 r--p 00024000 08:04 263178                     /usr/lib64/liblzma.so.5.2.2
7f9a9ef2d000-7f9a9ef2e000 rw-p 00000000 00:00 0 
7f9a9ef2e000-7f9a9ef51000 r-xp 00000000 08:04 263165                     /usr/lib64/libselinux.so.1
7f9a9ef51000-7f9a9f151000 ---p 00023000 08:04 263165                     /usr/lib64/libselinux.so.1
7f9a9f151000-7f9a9f152000 r--p 00023000 08:04 263165                     /usr/lib64/libselinux.so.1
7f9a9f152000-7f9a9f153000 rw-p 00024000 08:04 263165                     /usr/lib64/libselinux.so.1
7f9a9f153000-7f9a9f155000 rw-p 00000000 00:00 0 
7f9a9f155000-7f9a9f159000 r-xp 00000000 08:04 263263                     /usr/lib64/libuuid.so.1.3.0
7f9a9f159000-7f9a9f358000 ---p 00004000 08:04 263263                     /usr/lib64/libuuid.so.1.3.0
7f9a9f358000-7f9a9f359000 r--p 00003000 08:04 263263                     /usr/lib64/libuuid.so.1.3.0
7f9a9f359000-7f9a9f35a000 rw-p 00000000 00:00 0 
7f9a9f35a000-7f9a9f35f000 r-xp 00000000 08:04 274828                     /usr/lib64/libasyncns.so.0.3.1
7f9a9f35f000-7f9a9f55e000 ---p 00005000 08:04 274828                     /usr/lib64/libasyncns.so.0.3.1
7f9a9f55e000-7f9a9f55f000 r--p 00004000 08:04 274828                     /usr/lib64/libasyncns.so.0.3.1
7f9a9f55f000-7f9a9f560000 rw-p 00000000 00:00 0 
7f9a9f560000-7f9a9f5c9000 r-xp 00000000 08:04 268412                     /usr/lib64/libsndfile.so.1.0.28
7f9a9f5c9000-7f9a9f7c9000 ---p 00069000 08:04 268412                     /usr/lib64/libsndfile.so.1.0.28
7f9a9f7c9000-7f9a9f7cc000 r--p 00069000 08:04 268412                     /usr/lib64/libsndfile.so.1.0.28
7f9a9f7cc000-7f9a9f7cd000 rw-p 0006c000 08:04 268412                     /usr/lib64/libsndfile.so.1.0.28
7f9a9f7cd000-7f9a9f7cf000 rw-p 00000000 00:00 0 
7f9a9f7cf000-7f9a9f7d8000 r-xp 00000000 08:04 263536                     /usr/lib64/libwrap.so.0.7.6
7f9a9f7d8000-7f9a9f9d7000 ---p 00009000 08:04 263536                     /usr/lib64/libwrap.so.0.7.6
7f9a9f9d7000-7f9a9f9d8000 r--p 00008000 08:04 263536                     /usr/lib64/libwrap.so.0.7.6
7f9a9f9d8000-7f9a9f9d9000 rw-p 00009000 08:04 263536                     /usr/lib64/libwrap.so.0.7.6
7f9a9f9d9000-7f9a9f9da000 rw-p 00000000 00:00 0 
7f9a9f9da000-7f9a9f9e1000 r-xp 00000000 08:04 267834                     /usr/lib64/libSM.so.6.0.1
7f9a9f9e1000-7f9a9fbe0000 ---p 00007000 08:04 267834                     /usr/lib64/libSM.so.6.0.1
7f9a9fbe0000-7f9a9fbe1000 r--p 00006000 08:04 267834                     /usr/lib64/libSM.so.6.0.1
7f9a9fbe1000-7f9a9fbe2000 rw-p 00007000 08:04 267834                     /usr/lib64/libSM.so.6.0.1
7f9a9fbe2000-7f9a9fbf9000 r-xp 00000000 08:04 267830                     /usr/lib64/libICE.so.6.3.0
7f9a9fbf9000-7f9a9fdf9000 ---p 00017000 08:04 267830                     /usr/lib64/libICE.so.6.3.0
7f9a9fdf9000-7f9a9fdfa000 r--p 00017000 08:04 267830                     /usr/lib64/libICE.so.6.3.0
7f9a9fdfa000-7f9a9fdfb000 rw-p 00018000 08:04 267830                     /usr/lib64/libICE.so.6.3.0
7f9a9fdfb000-7f9a9fdfe000 rw-p 00000000 00:00 0 
7f9a9fdfe000-7f9a9fdff000 r-xp 00000000 08:04 271521                     /usr/lib64/libX11-xcb.so.1.0.0
7f9a9fdff000-7f9a9fffe000 ---p 00001000 08:04 271521                     /usr/lib64/libX11-xcb.so.1.0.0
7f9a9fffe000-7f9a9ffff000 r--p 00000000 08:04 271521                     /usr/lib64/libX11-xcb.so.1.0.0
7f9a9ffff000-7f9aa0000000 rw-p 00000000 00:00 0 
7f9aa0000000-7f9aa0021000 rw-p 00000000 00:00 0 
7f9aa0021000-7f9aa4000000 ---p 00000000 00:00 0 
7f9aa40b1000-7f9aa40b4000 ---p 00000000 00:00 0 
7f9aa40b4000-7f9aa41b2000 rw-p 00000000 00:00 0 
7f9aa41b2000-7f9aa41b6000 r-xp 00000000 08:04 263195                     /usr/lib64/libcap.so.2.25
7f9aa41b6000-7f9aa43b5000 ---p 00004000 08:04 263195                     /usr/lib64/libcap.so.2.25
7f9aa43b5000-7f9aa43b6000 r--p 00003000 08:04 263195                     /usr/lib64/libcap.so.2.25
7f9aa43b6000-7f9aa43b7000 rw-p 00004000 08:04 263195                     /usr/lib64/libcap.so.2.25
7f9aa43b7000-7f9aa4406000 r-xp 00000000 08:04 263438                     /usr/lib64/libdbus-1.so.3.19.0
7f9aa4406000-7f9aa4605000 ---p 0004f000 08:04 263438                     /usr/lib64/libdbus-1.so.3.19.0
7f9aa4605000-7f9aa4607000 r--p 0004e000 08:04 263438                     /usr/lib64/libdbus-1.so.3.19.0
7f9aa4607000-7f9aa4608000 rw-p 00050000 08:04 263438                     /usr/lib64/libdbus-1.so.3.19.0
7f9aa4608000-7f9aa4688000 r-xp 00000000 08:04 400524                     /usr/lib64/pulseaudio/libpulsecommon-10.0.so
7f9aa4688000-7f9aa4888000 ---p 00080000 08:04 400524                     /usr/lib64/pulseaudio/libpulsecommon-10.0.so
7f9aa4888000-7f9aa488a000 r--p 00080000 08:04 400524                     /usr/lib64/pulseaudio/libpulsecommon-10.0.so
7f9aa488a000-7f9aa488b000 rw-p 00082000 08:04 400524                     /usr/lib64/pulseaudio/libpulsecommon-10.0.so
7f9aa488b000-7f9aa48d9000 r-xp 00000000 08:04 274832                     /usr/lib64/libpulse.so.0.20.1
7f9aa48d9000-7f9aa4ad9000 ---p 0004e000 08:04 274832                     /usr/lib64/libpulse.so.0.20.1
7f9aa4ad9000-7f9aa4adb000 r--p 0004e000 08:04 274832                     /usr/lib64/libpulse.so.0.20.1
7f9aa4adb000-7f9aa4adc000 rw-p 00050000 08:04 274832                     /usr/lib64/libpulse.so.0.20.1
7f9aa4adc000-7f9aa4ae2000 r-xp 00000000 08:04 401967                     /usr/lib64/alsa-lib/libasound_module_pcm_pulse.so
7f9aa4ae2000-7f9aa4ce1000 ---p 00006000 08:04 401967                     /usr/lib64/alsa-lib/libasound_module_pcm_pulse.so
7f9aa4ce1000-7f9aa4ce2000 r--p 00005000 08:04 401967                     /usr/lib64/alsa-lib/libasound_module_pcm_pulse.so
7f9aa4ce2000-7f9aa4ce3000 rw-p 00000000 00:00 0 
7f9aa4ce3000-7f9aa4dd0000 r-xp 00000000 08:04 267869                     /usr/lib64/libasound.so.2.0.0
7f9aa4dd0000-7f9aa4fcf000 ---p 000ed000 08:04 267869                     /usr/lib64/libasound.so.2.0.0
7f9aa4fcf000-7f9aa4fd7000 r--p 000ec000 08:04 267869                     /usr/lib64/libasound.so.2.0.0
7f9aa4fd7000-7f9aa4fd8000 rw-p 000f4000 08:04 267869                     /usr/lib64/libasound.so.2.0.0
7f9aa4fd8000-7f9aa4fe7000 r-xp 00000000 08:04 4592137                    /usr/lib/jvm/java-1.8.0-openjdk-1.8.0.151-1.b12.fc25.x86_64/jre/lib/amd64/libjsoundalsa.so
7f9aa4fe7000-7f9aa51e6000 ---p 0000f000 08:04 4592137                    /usr/lib/jvm/java-1.8.0-openjdk-1.8.0.151-1.b12.fc25.x86_64/jre/lib/amd64/libjsoundalsa.so
7f9aa51e6000-7f9aa51e7000 r--p 0000e000 08:04 4592137                    /usr/lib/jvm/java-1.8.0-openjdk-1.8.0.151-1.b12.fc25.x86_64/jre/lib/amd64/libjsoundalsa.so
7f9aa51e7000-7f9aa51e8000 rw-p 00000000 00:00 0 
7f9aa51e8000-7f9aa51e9000 r-xp 00000000 08:04 4592076                    /usr/lib/jvm/java-1.8.0-openjdk-1.8.0.151-1.b12.fc25.x86_64/jre/lib/amd64/libjsound.so
7f9aa51e9000-7f9aa53e8000 ---p 00001000 08:04 4592076                    /usr/lib/jvm/java-1.8.0-openjdk-1.8.0.151-1.b12.fc25.x86_64/jre/lib/amd64/libjsound.so
7f9aa53e8000-7f9aa53e9000 r--p 00000000 08:04 4592076                    /usr/lib/jvm/java-1.8.0-openjdk-1.8.0.151-1.b12.fc25.x86_64/jre/lib/amd64/libjsound.so
7f9aa53e9000-7f9aa53ea000 rw-p 00000000 00:00 0 
7f9aa53ea000-7f9aa53ed000 ---p 00000000 00:00 0 
7f9aa53ed000-7f9aa54eb000 rw-p 00000000 00:00 0 
7f9aa54eb000-7f9aa54ee000 ---p 00000000 00:00 0 
7f9aa54ee000-7f9aa55ec000 rw-p 00000000 00:00 0 
7f9aa55ec000-7f9aa55ef000 ---p 00000000 00:00 0 
7f9aa55ef000-7f9aa56ed000 rw-p 00000000 00:00 0 
7f9aa56ed000-7f9aa56f0000 ---p 00000000 00:00 0 
7f9aa56f0000-7f9aa59ee000 rw-p 00000000 00:00 0 
7f9aa59ee000-7f9aa5bee000 rw-p 00000000 00:00 0 
7f9aa5bee000-7f9aa5bf1000 ---p 00000000 00:00 0 
7f9aa5bf1000-7f9aa5cef000 rw-p 00000000 00:00 0 
7f9aa5cef000-7f9aa5cf2000 ---p 00000000 00:00 0 
7f9aa5cf2000-7f9aa5df0000 rw-p 00000000 00:00 0 
7f9aa5df0000-7f9aa5df2000 r--s 00000000 08:04 133063                     /var/cache/fontconfig/87f5e051180a7a75f16eb6fe7dbd3749-le64.cache-7
7f9aa5df2000-7f9aa5dfd000 r--s 00000000 08:04 133061                     /var/cache/fontconfig/b79f3aaa7d385a141ab53ec885cc22a8-le64.cache-7
7f9aa5dfd000-7f9aa5e00000 r--s 00000000 08:04 133617                     /var/cache/fontconfig/f339ef9a3849dbd0f7ede17c3bc4fd40-le64.cache-7
7f9aa5e00000-7f9aa5e02000 r--s 00000000 08:04 133616                     /var/cache/fontconfig/dc56af23ca9cfb038593e72b5e9dadd6-le64.cache-7
7f9aa5e02000-7f9aa5e04000 r--s 00000000 08:04 133170                     /var/cache/fontconfig/2e1514a9fdd499050989183bb65136db-le64.cache-7
7f9aa5e04000-7f9aa5e08000 r--s 00000000 08:04 133615                     /var/cache/fontconfig/0262a88faed684713130246cf7a0eef2-le64.cache-7
7f9aa5e08000-7f9aa5e0b000 r--s 00000000 08:04 133614                     /var/cache/fontconfig/2971ecca0d3815f38d18c00e0b677586-le64.cache-7
7f9aa5e0b000-7f9aa5e0d000 r--s 00000000 08:04 133110                     /var/cache/fontconfig/3f821257dd33660ba7bbb45c32deb84c-le64.cache-7
7f9aa5e0d000-7f9aa5e10000 r--s 00000000 08:04 133613                     /var/cache/fontconfig/b206e14174e2821e837cf852f8b3a00e-le64.cache-7
7f9aa5e10000-7f9aa5e1d000 r--s 00000000 08:04 133168                     /var/cache/fontconfig/8cf84b531759d4484556eb8586bc5925-le64.cache-7
7f9aa5e1d000-7f9aa5e1e000 r--s 00000000 08:04 133169                     /var/cache/fontconfig/4e602040080c966cb821813a3e584564-le64.cache-7
7f9aa5e1e000-7f9aa5e21000 r--s 00000000 08:04 133612                     /var/cache/fontconfig/830f035fa84a65ce80e050178dbb630d-le64.cache-7
7f9aa5e21000-7f9aa5e24000 r--s 00000000 08:04 133611                     /var/cache/fontconfig/783fb293284e4b38fbeece593f4db20c-le64.cache-7
7f9aa5e24000-7f9aa5e29000 r--s 00000000 08:04 133610                     /var/cache/fontconfig/401dcafdc6dc4d9f9e503bfbb8093fe6-le64.cache-7
7f9aa5e29000-7f9aa5e2f000 r--s 00000000 08:04 133609                     /var/cache/fontconfig/5e591af9aae0d47be6b958bbbbcd62fb-le64.cache-7
7f9aa5e2f000-7f9aa5e30000 r--s 00000000 08:04 133109                     /var/cache/fontconfig/81a173283b451552b599cfaafd6236bd-le64.cache-7
7f9aa5e30000-7f9aa5e32000 r--s 00000000 08:04 133608                     /var/cache/fontconfig/49218e627af47977f0494863a1e571ba-le64.cache-7
7f9aa5e32000-7f9aa5e33000 r--s 00000000 08:04 133167                     /var/cache/fontconfig/ac68f755438cc3dc5a526084839fc7ca-le64.cache-7
7f9aa5e33000-7f9aa5e34000 r--s 00000000 08:04 133166                     /var/cache/fontconfig/f951a6bc01c50d58ac4af16a0108457e-le64.cache-7
7f9aa5e34000-7f9aa5e35000 r--s 00000000 08:04 133165                     /var/cache/fontconfig/8cab66d8f642305e525ba3e322d0979c-le64.cache-7
7f9aa5e35000-7f9aa5e36000 r--s 00000000 08:04 133164                     /var/cache/fontconfig/12513961c6e7090f8648812f9eaf65d6-le64.cache-7
7f9aa5e36000-7f9aa5e3c000 r--s 00000000 08:04 133607                     /var/cache/fontconfig/11c96b067b5594c55af2a3352811655c-le64.cache-7
7f9aa5e3c000-7f9aa5e43000 r--s 00000000 08:04 133606                     /var/cache/fontconfig/dd660938e9a1d0959e1d4ade65ad34cf-le64.cache-7
7f9aa5e43000-7f9aa5e46000 r--s 00000000 08:04 133605                     /var/cache/fontconfig/fa2c00123349eb0ab9ad0e0585780417-le64.cache-7
7f9aa5e46000-7f9aa5e48000 r--s 00000000 08:04 133604                     /var/cache/fontconfig/381ba418dd976deacc5e77c1e057d5c3-le64.cache-7
7f9aa5e48000-7f9aa5e5a000 r--s 00000000 08:04 133603                     /var/cache/fontconfig/ee7cab04922e178dc4594c429f58c906-le64.cache-7
7f9aa5e5a000-7f9aa5e5d000 r--s 00000000 08:04 133602                     /var/cache/fontconfig/a63868d6c390500182d4c43615c654d3-le64.cache-7
7f9aa5e5d000-7f9aa5e5e000 r--s 00000000 08:04 133601                     /var/cache/fontconfig/7873722b52f1652fa7cdc99505c0d12e-le64.cache-7
7f9aa5e5e000-7f9aa5e5f000 r--s 00000000 08:04 133600                     /var/cache/fontconfig/61240c1d9a0cf829c120ee3e673eef4b-le64.cache-7
7f9aa5e5f000-7f9aa5e62000 r--s 00000000 08:04 133054                     /var/cache/fontconfig/e26bf336397aae6fcef4d3803472adec-le64.cache-7
7f9aa5e62000-7f9aa5e63000 r--s 00000000 08:04 133163                     /var/cache/fontconfig/f132fa2327207a6ac3298c0518879731-le64.cache-7
7f9aa5e63000-7f9aa5e64000 r--s 00000000 08:04 133131                     /var/cache/fontconfig/6fcb01a03a016cc71057b587cdea6709-le64.cache-7
7f9aa5e64000-7f9aa5e66000 r--s 00000000 08:04 133599                     /var/cache/fontconfig/ce0d969af2176489fbefad4fe7aa6451-le64.cache-7
7f9aa5e66000-7f9aa5e69000 r--s 00000000 08:04 133598                     /var/cache/fontconfig/b2ff3883dd303e48621d99a1dc7cd6df-le64.cache-7
7f9aa5e69000-7f9aa5e6b000 r--s 00000000 08:04 133597                     /var/cache/fontconfig/3377eee756d7f24f24481ca9de85f761-le64.cache-7
7f9aa5e6b000-7f9aa5e6f000 r--s 00000000 08:04 133062                     /var/cache/fontconfig/8aa05f52519ebacbdf5713e01a6153b0-le64.cache-7
7f9aa5e6f000-7f9aa5e75000 r--s 00000000 08:04 133596                     /var/cache/fontconfig/447ae9dbacdc22ca4eb42daac3115eec-le64.cache-7
7f9aa5e75000-7f9aa5e79000 r--s 00000000 08:04 133595                     /var/cache/fontconfig/f4640264bf4342c1b8c987d13a34d49d-le64.cache-7
7f9aa5e79000-7f9aa5e7b000 r--s 00000000 08:04 133594                     /var/cache/fontconfig/32fa47c71cb161c3a2959dc4c7050028-le64.cache-7
7f9aa5e7b000-7f9aa5e7c000 r--s 00000000 08:04 133162                     /var/cache/fontconfig/b887eea8f1b96e1d899b44ed6681fc27-le64.cache-7
7f9aa5e7c000-7f9aa5e7d000 r--s 00000000 08:04 133161                     /var/cache/fontconfig/860639f272b8b4b3094f9e399e41bccd-le64.cache-7
7f9aa5e7d000-7f9aa5e7e000 r--s 00000000 08:04 133160                     /var/cache/fontconfig/5d33f04e74a97395cf88bbd83847f1f1-le64.cache-7
7f9aa5e7e000-7f9aa5e7f000 r--s 00000000 08:04 133159                     /var/cache/fontconfig/df893b4576ad6107f9397134092c4059-le64.cache-7
7f9aa5e7f000-7f9aa5e80000 r--s 00000000 08:04 133158                     /var/cache/fontconfig/1e1e03b57ed9f0c723c5aeafda46c3fb-le64.cache-7
7f9aa5e80000-7f9aa5e81000 r--s 00000000 08:04 133157                     /var/cache/fontconfig/900402270e15d763a6e008bb2d4c7686-le64.cache-7
7f9aa5e81000-7f9aa5e82000 r--s 00000000 08:04 133150                     /var/cache/fontconfig/47f48679023f44a4d1e44699a69464f6-le64.cache-7
7f9aa5e82000-7f9aa5e83000 r--s 00000000 08:04 133148                     /var/cache/fontconfig/2881ed3fd21ca306ddad6f9b0dd3189f-le64.cache-7
7f9aa5e83000-7f9aa5e84000 r--s 00000000 08:04 133145                     /var/cache/fontconfig/3c3fb04d32a5211b073874b125d29701-le64.cache-7
7f9aa5e84000-7f9aa5e86000 r--s 00000000 08:04 133593                     /var/cache/fontconfig/1ba56fa0e5e4790ae9a1cd944f6a439c-le64.cache-7
7f9aa5e86000-7f9aa5e87000 r--s 00000000 08:04 133592                     /var/cache/fontconfig/aa1e7e339e8ba54420bca0caa86a076f-le64.cache-7
7f9aa5e87000-7f9aa5ea7000 r--s 00000000 08:04 133591                     /var/cache/fontconfig/02770245eac059faefae62cb0d56fbcb-le64.cache-7
7f9aa5ea7000-7f9aa5eaa000 r--s 00000000 08:04 133590                     /var/cache/fontconfig/f7db4eb80ecea119098b8712da68a042-le64.cache-7
7f9aa5eaa000-7f9aa5eac000 r--s 00000000 08:04 133589                     /var/cache/fontconfig/fd3f5ff8afaa9f36fec91d63e6ae2f60-le64.cache-7
7f9aa5eac000-7f9aa5eb4000 r--s 00000000 08:04 133587                     /var/cache/fontconfig/ccb2d0786bada64fd4b4887a4949240d-le64.cache-7
7f9aa5eb4000-7f9aa5eb9000 r--s 00000000 08:04 133107                     /var/cache/fontconfig/b67b32625a2bb51b023d3814a918f351-le64.cache-7
7f9aa5eb9000-7f9aa5ec1000 r--s 00000000 08:04 133586                     /var/cache/fontconfig/147799fc934417213a2ac0134168e4a8-le64.cache-7
7f9aa5ec1000-7f9aa5ede000 r--s 00000000 08:04 131346                     /var/cache/fontconfig/e34b99a1e22e6f7451938fb9934274e6-le64.cache-7
7f9aa5eed000-7f9aa5f73000 r-xp 00000000 08:04 263434                     /usr/lib64/libsystemd.so.0.16.0
7f9aa5f73000-7f9aa5f76000 r--p 00085000 08:04 263434                     /usr/lib64/libsystemd.so.0.16.0
7f9aa5f76000-7f9aa5f77000 rw-p 00088000 08:04 263434                     /usr/lib64/libsystemd.so.0.16.0
7f9aa5f77000-7f9aa5f78000 rw-p 00000000 00:00 0 
7f9aa5f92000-7f9aa5f99000 r--s 00000000 08:04 263047                     /usr/lib64/gconv/gconv-modules.cache
7f9aa5f99000-7f9aa5fab000 r--s 00000000 08:04 1312430                    /usr/share/fonts/default/ghostscript/putr.pfa
7f9aa5fab000-7f9aa5fbd000 r--s 00000000 08:04 1312428                    /usr/share/fonts/default/ghostscript/putb.pfa
7f9aa5fbd000-7f9aa5fd0000 r--s 00000000 08:04 1312429                    /usr/share/fonts/default/ghostscript/putbi.pfa
7f9aa5fd0000-7f9aa5fe3000 r--s 00000000 08:04 1312431                    /usr/share/fonts/default/ghostscript/putri.pfa
7f9aa5fe3000-7f9aa5ff6000 r--s 00000000 08:04 1846956                    /usr/share/X11/fonts/Type1/UTI_____.pfa
7f9aa5ff6000-7f9aa6000000 r--s 00000000 08:04 1846962                    /usr/share/X11/fonts/Type1/c0582bt_.pfb
7f9aa6000000-7f9aa6009000 r--s 00000000 08:04 1846968                    /usr/share/X11/fonts/Type1/c0632bt_.pfb
7f9aa6009000-7f9aa6013000 r--s 00000000 08:04 1846964                    /usr/share/X11/fonts/Type1/c0583bt_.pfb
7f9aa6013000-7f9aa601c000 r--s 00000000 08:04 1846970                    /usr/share/X11/fonts/Type1/c0633bt_.pfb
7f9aa601c000-7f9aa602e000 r--s 00000000 08:04 1846954                    /usr/share/X11/fonts/Type1/UTB_____.pfa
7f9aa602e000-7f9aa6041000 r--s 00000000 08:04 1846952                    /usr/share/X11/fonts/Type1/UTBI____.pfa
7f9aa6041000-7f9aa604a000 r--s 00000000 08:04 1846974                    /usr/share/X11/fonts/Type1/c0649bt_.pfb
7f9aa604a000-7f9aa6058000 r--s 00000000 08:04 1846975                    /usr/share/X11/fonts/Type1/cursor.pfa
7f9aa6058000-7f9aa606a000 r--s 00000000 08:04 1846958                    /usr/share/X11/fonts/Type1/UTRG____.pfa
7f9aa606a000-7f9aa6073000 r--s 00000000 08:04 1846972                    /usr/share/X11/fonts/Type1/c0648bt_.pfb
7f9aa6073000-7f9aa607d000 r--s 00000000 08:04 1846966                    /usr/share/X11/fonts/Type1/c0611bt_.pfb
7f9aa607d000-7f9aa6087000 r--s 00000000 08:04 1846960                    /usr/share/X11/fonts/Type1/c0419bt_.pfb
7f9aa6087000-7f9aa6099000 r--s 00000000 08:04 1312482                    /usr/share/fonts/default/Type1/n019044l.pfb
7f9aa6099000-7f9aa60b2000 r--s 00000000 08:04 1312454                    /usr/share/fonts/default/Type1/b018012l.pfb
7f9aa60b2000-7f9aa60ca000 r--s 00000000 08:04 1312466                    /usr/share/fonts/default/Type1/c059033l.pfb
7f9aa60ca000-7f9aa60dd000 r--s 00000000 08:04 1312456                    /usr/share/fonts/default/Type1/b018015l.pfb
7f9aa60dd000-7f9aa60ee000 r--s 00000000 08:04 1312484                    /usr/share/fonts/default/Type1/n019063l.pfb
7f9aa60ee000-7f9aa6104000 r--s 00000000 08:04 1312494                    /usr/share/fonts/default/Type1/n021024l.pfb
7f9aa6104000-7f9aa6114000 r--s 00000000 08:04 1312446                    /usr/share/fonts/default/Type1/a010013l.pfb
7f9aa6114000-7f9aa6126000 r--s 00000000 08:04 1312480                    /usr/share/fonts/default/Type1/n019043l.pfb
7f9aa6126000-7f9aa613a000 r--s 00000000 08:04 1312472                    /usr/share/fonts/default/Type1/n019003l.pfb
7f9aa613a000-7f9aa6155000 r--s 00000000 08:04 1312506                    /usr/share/fonts/default/Type1/p052004l.pfb
7f9aa6155000-7f9aa616b000 r--s 00000000 08:04 1312500                    /usr/share/fonts/default/Type1/n022023l.pfb
7f9aa616b000-7f9aa6184000 r--s 00000000 08:04 1312488                    /usr/share/fonts/default/Type1/n021003l.pfb
7f9aa6184000-7f9aa619b000 r--s 00000000 08:04 1312492                    /usr/share/fonts/default/Type1/n021023l.pfb
7f9aa619b000-7f9aa61b6000 r--s 00000000 08:04 1312504                    /usr/share/fonts/default/Type1/p052003l.pfb
7f9aa61b6000-7f9aa61d1000 r--s 00000000 08:04 1312464                    /usr/share/fonts/default/Type1/c059016l.pfb
7f9aa61d1000-7f9aa61eb000 r--s 00000000 08:04 1312462                    /usr/share/fonts/default/Type1/c059013l.pfb
7f9aa61eb000-7f9aa61fc000 r--s 00000000 08:04 1312476                    /usr/share/fonts/default/Type1/n019023l.pfb
7f9aa61fc000-7f9aa6213000 r--s 00000000 08:04 1312514                    /usr/share/fonts/default/Type1/z003034l.pfb
7f9aa6213000-7f9aa621f000 r--s 00000000 08:04 1312470                    /usr/share/fonts/default/Type1/d050000l.pfb
7f9aa621f000-7f9aa6231000 r--s 00000000 08:04 1312474                    /usr/share/fonts/default/Type1/n019004l.pfb
7f9aa6231000-7f9aa6241000 r--s 00000000 08:04 1312450                    /usr/share/fonts/default/Type1/a010033l.pfb
7f9aa6241000-7f9aa6257000 r--s 00000000 08:04 1312502                    /usr/share/fonts/default/Type1/n022024l.pfb
7f9aa6257000-7f9aa626c000 r--s 00000000 08:04 1312458                    /usr/share/fonts/default/Type1/b018032l.pfb
7f9aa626c000-7f9aa627d000 r--s 00000000 08:04 1312478                    /usr/share/fonts/default/Type1/n019024l.pfb
7f9aa627d000-7f9aa628d000 r--s 00000000 08:04 1312448                    /usr/share/fonts/default/Type1/a010015l.pfb
7f9aa628d000-7f9aa62a0000 r--s 00000000 08:04 1312486                    /usr/share/fonts/default/Type1/n019064l.pfb
7f9aa62a0000-7f9aa62b1000 r--s 00000000 08:04 1312452                    /usr/share/fonts/default/Type1/a010035l.pfb
7f9aa62b1000-7f9aa62cd000 r--s 00000000 08:04 1312510                    /usr/share/fonts/default/Type1/p052024l.pfb
7f9aa62cd000-7f9aa62e8000 r--s 00000000 08:04 1312508                    /usr/share/fonts/default/Type1/p052023l.pfb
7f9aa62e8000-7f9aa6301000 r--s 00000000 08:04 1312490                    /usr/share/fonts/default/Type1/n021004l.pfb
7f9aa6301000-7f9aa630a000 r--s 00000000 08:04 1312512                    /usr/share/fonts/default/Type1/s050000l.pfb
7f9aa630a000-7f9aa6322000 r--s 00000000 08:04 1312468                    /usr/share/fonts/default/Type1/c059036l.pfb
7f9aa6322000-7f9aa6334000 r--s 00000000 08:04 1312460                    /usr/share/fonts/default/Type1/b018035l.pfb
7f9aa6334000-7f9aa634d000 r--s 00000000 08:04 1312498                    /usr/share/fonts/default/Type1/n022004l.pfb
7f9aa634d000-7f9aa6364000 r-xp 00000000 08:04 262775                     /usr/lib64/libresolv-2.24.so
7f9aa6364000-7f9aa6564000 ---p 00017000 08:04 262775                     /usr/lib64/libresolv-2.24.so
7f9aa6564000-7f9aa6565000 r--p 00017000 08:04 262775                     /usr/lib64/libresolv-2.24.so
7f9aa6565000-7f9aa6566000 rw-p 00018000 08:04 262775                     /usr/lib64/libresolv-2.24.so
7f9aa6566000-7f9aa6568000 rw-p 00000000 00:00 0 
7f9aa6568000-7f9aa656d000 r-xp 00000000 08:04 262769                     /usr/lib64/libnss_dns-2.24.so
7f9aa656d000-7f9aa676d000 ---p 00005000 08:04 262769                     /usr/lib64/libnss_dns-2.24.so
7f9aa676d000-7f9aa676e000 r--p 00005000 08:04 262769                     /usr/lib64/libnss_dns-2.24.so
7f9aa676e000-7f9aa676f000 rw-p 00006000 08:04 262769                     /usr/lib64/libnss_dns-2.24.so
7f9aa676f000-7f9aa696f000 rw-p 00000000 00:00 0 
7f9aa696f000-7f9aa6980000 r-xp 00000000 08:04 4592081                    /usr/lib/jvm/java-1.8.0-openjdk-1.8.0.151-1.b12.fc25.x86_64/jre/lib/amd64/libnio.so
7f9aa6980000-7f9aa6b80000 ---p 00011000 08:04 4592081                    /usr/lib/jvm/java-1.8.0-openjdk-1.8.0.151-1.b12.fc25.x86_64/jre/lib/amd64/libnio.so
7f9aa6b80000-7f9aa6b81000 r--p 00011000 08:04 4592081                    /usr/lib/jvm/java-1.8.0-openjdk-1.8.0.151-1.b12.fc25.x86_64/jre/lib/amd64/libnio.so
7f9aa6b81000-7f9aa6b82000 rw-p 00012000 08:04 4592081                    /usr/lib/jvm/java-1.8.0-openjdk-1.8.0.151-1.b12.fc25.x86_64/jre/lib/amd64/libnio.so
7f9aa6b82000-7f9aa6b99000 r-xp 00000000 08:04 4592080                    /usr/lib/jvm/java-1.8.0-openjdk-1.8.0.151-1.b12.fc25.x86_64/jre/lib/amd64/libnet.so
7f9aa6b99000-7f9aa6d98000 ---p 00017000 08:04 4592080                    /usr/lib/jvm/java-1.8.0-openjdk-1.8.0.151-1.b12.fc25.x86_64/jre/lib/amd64/libnet.so
7f9aa6d98000-7f9aa6d99000 r--p 00016000 08:04 4592080                    /usr/lib/jvm/java-1.8.0-openjdk-1.8.0.151-1.b12.fc25.x86_64/jre/lib/amd64/libnet.so
7f9aa6d99000-7f9aa6d9a000 rw-p 00017000 08:04 4592080                    /usr/lib/jvm/java-1.8.0-openjdk-1.8.0.151-1.b12.fc25.x86_64/jre/lib/amd64/libnet.so
7f9aa6d9a000-7f9aa6d9f000 r-xp 00000000 08:04 271527                     /usr/lib64/libXfixes.so.3.1.0
7f9aa6d9f000-7f9aa6f9e000 ---p 00005000 08:04 271527                     /usr/lib64/libXfixes.so.3.1.0
7f9aa6f9e000-7f9aa6f9f000 r--p 00004000 08:04 271527                     /usr/lib64/libXfixes.so.3.1.0
7f9aa6f9f000-7f9aa6fa0000 rw-p 00005000 08:04 271527                     /usr/lib64/libXfixes.so.3.1.0
7f9aa6fa0000-7f9aa6fa9000 r-xp 00000000 08:04 271543                     /usr/lib64/libXcursor.so.1.0.2
7f9aa6fa9000-7f9aa71a9000 ---p 00009000 08:04 271543                     /usr/lib64/libXcursor.so.1.0.2
7f9aa71a9000-7f9aa71aa000 r--p 00009000 08:04 271543                     /usr/lib64/libXcursor.so.1.0.2
7f9aa71aa000-7f9aa71ab000 rw-p 00000000 00:00 0 
7f9aa71ab000-7f9aa71dc000 r-xp 00000000 08:04 263891                     /usr/lib64/libpng16.so.16.27.0
7f9aa71dc000-7f9aa73dc000 ---p 00031000 08:04 263891                     /usr/lib64/libpng16.so.16.27.0
7f9aa73dc000-7f9aa73dd000 r--p 00031000 08:04 263891                     /usr/lib64/libpng16.so.16.27.0
7f9aa73dd000-7f9aa73de000 rw-p 00000000 00:00 0 
7f9aa73de000-7f9aa73ed000 r-xp 00000000 08:04 263184                     /usr/lib64/libbz2.so.1.0.6
7f9aa73ed000-7f9aa75ec000 ---p 0000f000 08:04 263184                     /usr/lib64/libbz2.so.1.0.6
7f9aa75ec000-7f9aa75ed000 r--p 0000e000 08:04 263184                     /usr/lib64/libbz2.so.1.0.6
7f9aa75ed000-7f9aa75ee000 rw-p 0000f000 08:04 263184                     /usr/lib64/libbz2.so.1.0.6
7f9aa75ee000-7f9aa7692000 r-xp 00000000 08:04 263894                     /usr/lib64/libfreetype.so.6.12.5
7f9aa7692000-7f9aa7892000 ---p 000a4000 08:04 263894                     /usr/lib64/libfreetype.so.6.12.5
7f9aa7892000-7f9aa7898000 r--p 000a4000 08:04 263894                     /usr/lib64/libfreetype.so.6.12.5
7f9aa7898000-7f9aa7899000 rw-p 00000000 00:00 0 
7f9aa7899000-7f9aa78ea000 r-xp 00000000 08:04 4592063                    /usr/lib/jvm/java-1.8.0-openjdk-1.8.0.151-1.b12.fc25.x86_64/jre/lib/amd64/libfontmanager.so
7f9aa78ea000-7f9aa7ae9000 ---p 00051000 08:04 4592063                    /usr/lib/jvm/java-1.8.0-openjdk-1.8.0.151-1.b12.fc25.x86_64/jre/lib/amd64/libfontmanager.so
7f9aa7ae9000-7f9aa7aec000 r--p 00050000 08:04 4592063                    /usr/lib/jvm/java-1.8.0-openjdk-1.8.0.151-1.b12.fc25.x86_64/jre/lib/amd64/libfontmanager.so
7f9aa7aec000-7f9aa7aed000 rw-p 00053000 08:04 4592063                    /usr/lib/jvm/java-1.8.0-openjdk-1.8.0.151-1.b12.fc25.x86_64/jre/lib/amd64/libfontmanager.so
7f9aa7aed000-7f9aab8bd000 rw-p 00000000 00:00 0 
7f9aab8bd000-7f9aab8be000 r--s 00000000 08:04 133143                     /var/cache/fontconfig/e61abf8156cc476151baa07d67337cae-le64.cache-7
7f9aab8be000-7f9aab8c0000 r--s 00000000 08:04 133588                     /var/cache/fontconfig/f72eaeb4ac2ccf4d956de7956a98942c-le64.cache-7
7f9aab8c0000-7f9aab8c2000 r--s 00000000 08:04 133106                     /var/cache/fontconfig/d3379abda271c4acd2ad0c01f565d0b0-le64.cache-7
7f9aab8c2000-7f9aab8c3000 r--s 00000000 08:04 133133                     /var/cache/fontconfig/b4d0b56f766d89640448751fcd18ec1e-le64.cache-7
7f9aab8c3000-7f9aab8c6000 ---p 00000000 00:00 0 
7f9aab8c6000-7f9aab9c4000 rw-p 00000000 00:00 0 
7f9aab9c4000-7f9aab9c6000 r-xp 00000000 08:04 267987                     /usr/lib64/libXau.so.6.0.0
7f9aab9c6000-7f9aabbc6000 ---p 00002000 08:04 267987                     /usr/lib64/libXau.so.6.0.0
7f9aabbc6000-7f9aabbc7000 r--p 00002000 08:04 267987                     /usr/lib64/libXau.so.6.0.0
7f9aabbc7000-7f9aabbc8000 rw-p 00000000 00:00 0 
7f9aabbc8000-7f9aabbef000 r-xp 00000000 08:04 268037                     /usr/lib64/libxcb.so.1.1.0
7f9aabbef000-7f9aabdee000 ---p 00027000 08:04 268037                     /usr/lib64/libxcb.so.1.1.0
7f9aabdee000-7f9aabdef000 r--p 00026000 08:04 268037                     /usr/lib64/libxcb.so.1.1.0
7f9aabdef000-7f9aabdf0000 rw-p 00027000 08:04 268037                     /usr/lib64/libxcb.so.1.1.0
7f9aabdf0000-7f9aabdff000 r-xp 00000000 08:04 271529                     /usr/lib64/libXi.so.6.1.0
7f9aabdff000-7f9aabffe000 ---p 0000f000 08:04 271529                     /usr/lib64/libXi.so.6.1.0
7f9aabffe000-7f9aabfff000 r--p 0000e000 08:04 271529                     /usr/lib64/libXi.so.6.1.0
7f9aabfff000-7f9aac000000 rw-p 0000f000 08:04 271529                     /usr/lib64/libXi.so.6.1.0
7f9aac000000-7f9aac021000 rw-p 00000000 00:00 0 
7f9aac021000-7f9ab0000000 ---p 00000000 00:00 0 
7f9ab0000000-7f9ab0008000 r--s 00000000 08:04 133585                     /var/cache/fontconfig/39ead01cc9cd60029cc7ae3b9c13f1e5-le64.cache-7
7f9ab0008000-7f9ab0009000 r--s 00000000 08:04 133584                     /var/cache/fontconfig/30c5f4a3fa007ce7189acb0c5244d5e0-le64.cache-7
7f9ab0009000-7f9ab000b000 r--s 00000000 08:04 133583                     /var/cache/fontconfig/9d6b6961e7ef997cf647fddc43984be1-le64.cache-7
7f9ab000b000-7f9ab000d000 r--s 00000000 08:04 133280                     /var/cache/fontconfig/b14e78aa9400ae7a28193faee1d62280-le64.cache-7
7f9ab000d000-7f9ab0010000 r--s 00000000 08:04 133111                     /var/cache/fontconfig/7ee6df7a8311986241317a58487e0145-le64.cache-7
7f9ab0010000-7f9ab0012000 r--s 00000000 08:04 133104                     /var/cache/fontconfig/99a1ce9f8b6a0434aadb01d3779b0780-le64.cache-7
7f9ab0012000-7f9ab0014000 r--s 00000000 08:04 133103                     /var/cache/fontconfig/f9d379b867d7c69c85310a4f24e5228f-le64.cache-7
7f9ab0014000-7f9ab0015000 r--s 00000000 08:04 133129                     /var/cache/fontconfig/a0c19c2c21e758d73376b5942921cc72-le64.cache-7
7f9ab0015000-7f9ab0028000 r--s 00000000 08:04 133582                     /var/cache/fontconfig/1a877d34a44f5e059c74334a2ed3d4c5-le64.cache-7
7f9ab0028000-7f9ab003b000 r--s 00000000 08:04 133102                     /var/cache/fontconfig/614d1caaa4d7914789410f6367de37ca-le64.cache-7
7f9ab003b000-7f9ab0041000 r--s 00000000 08:04 133581                     /var/cache/fontconfig/1df85697c14702f44658b24b408926a8-le64.cache-7
7f9ab0041000-7f9ab0042000 r--s 00000000 08:04 133580                     /var/cache/fontconfig/ebf56f3700add7deef4170121b075635-le64.cache-7
7f9ab0042000-7f9ab0043000 r--s 00000000 08:04 133579                     /var/cache/fontconfig/152851b4acb048b800b8533ebc1936a3-le64.cache-7
7f9ab0043000-7f9ab0046000 r--s 00000000 08:04 133578                     /var/cache/fontconfig/1001bb686ac205d38fadd4998ec2152d-le64.cache-7
7f9ab0046000-7f9ab0049000 r--s 00000000 08:04 133577                     /var/cache/fontconfig/2cbe6dac152fceb49957eb990e8f7dfa-le64.cache-7
7f9ab0049000-7f9ab004a000 r--s 00000000 08:04 133576                     /var/cache/fontconfig/d7e68a80a06657bbae41d14d310f555f-le64.cache-7
7f9ab004a000-7f9ab004d000 r--s 00000000 08:04 133575                     /var/cache/fontconfig/0669abc9e8863dabd7fb8975a3169a86-le64.cache-7
7f9ab004d000-7f9ab004e000 r--s 00000000 08:04 133574                     /var/cache/fontconfig/9df3afe5f4f864d4b26fb58d477683d4-le64.cache-7
7f9ab004e000-7f9ab0050000 r--s 00000000 08:04 133573                     /var/cache/fontconfig/4773c4f6f3a341ff599072afa1542d36-le64.cache-7
7f9ab0050000-7f9ab0051000 r--s 00000000 08:04 131335                     /var/cache/fontconfig/0f80fa86029ae75a63f21d682b864529-le64.cache-7
7f9ab0051000-7f9ab0052000 r--s 00000000 08:04 133572                     /var/cache/fontconfig/019629eead7fd8624feacc17e1c76e56-le64.cache-7
7f9ab0052000-7f9ab005c000 r--s 00000000 08:04 133571                     /var/cache/fontconfig/ed5f51de67573479bbfe4a227e990540-le64.cache-7
7f9ab005c000-7f9ab0069000 r--s 00000000 08:04 133570                     /var/cache/fontconfig/97e72070044f6937752cf3387f4cc751-le64.cache-7
7f9ab0069000-7f9ab006b000 r--s 00000000 08:04 133569                     /var/cache/fontconfig/80851f10ec0499eef7db066c71291947-le64.cache-7
7f9ab006b000-7f9ab00d5000 r--s 00000000 08:04 133565                     /var/cache/fontconfig/dfc824290ac19a40c85004098f38927d-le64.cache-7
7f9ab00d5000-7f9ab00d8000 ---p 00000000 00:00 0 
7f9ab00d8000-7f9ab01d6000 rw-p 00000000 00:00 0 
7f9ab01d6000-7f9ab01db000 r-xp 00000000 08:04 271539                     /usr/lib64/libXtst.so.6.1.0
7f9ab01db000-7f9ab03da000 ---p 00005000 08:04 271539                     /usr/lib64/libXtst.so.6.1.0
7f9ab03da000-7f9ab03db000 r--p 00004000 08:04 271539                     /usr/lib64/libXtst.so.6.1.0
7f9ab03db000-7f9ab03dc000 rw-p 00005000 08:04 271539                     /usr/lib64/libXtst.so.6.1.0
7f9ab03dc000-7f9ab03de000 r-xp 00000000 08:04 271533                     /usr/lib64/libXcomposite.so.1.0.0
7f9ab03de000-7f9ab05dd000 ---p 00002000 08:04 271533                     /usr/lib64/libXcomposite.so.1.0.0
7f9ab05dd000-7f9ab05de000 r--p 00001000 08:04 271533                     /usr/lib64/libXcomposite.so.1.0.0
7f9ab05de000-7f9ab05df000 rw-p 00000000 00:00 0 
7f9ab05df000-7f9ab05e8000 r-xp 00000000 08:04 271535                     /usr/lib64/libXrender.so.1.3.0
7f9ab05e8000-7f9ab07e7000 ---p 00009000 08:04 271535                     /usr/lib64/libXrender.so.1.3.0
7f9ab07e7000-7f9ab07e8000 r--p 00008000 08:04 271535                     /usr/lib64/libXrender.so.1.3.0
7f9ab07e8000-7f9ab07e9000 rw-p 00009000 08:04 271535                     /usr/lib64/libXrender.so.1.3.0
7f9ab07e9000-7f9ab0921000 r-xp 00000000 08:04 271523                     /usr/lib64/libX11.so.6.3.0
7f9ab0921000-7f9ab0b21000 ---p 00138000 08:04 271523                     /usr/lib64/libX11.so.6.3.0
7f9ab0b21000-7f9ab0b24000 r--p 00138000 08:04 271523                     /usr/lib64/libX11.so.6.3.0
7f9ab0b24000-7f9ab0b28000 rw-p 0013b000 08:04 271523                     /usr/lib64/libX11.so.6.3.0
7f9ab0b28000-7f9ab0b39000 r-xp 00000000 08:04 271525                     /usr/lib64/libXext.so.6.4.0
7f9ab0b39000-7f9ab0d38000 ---p 00011000 08:04 271525                     /usr/lib64/libXext.so.6.4.0
7f9ab0d38000-7f9ab0d39000 r--p 00010000 08:04 271525                     /usr/lib64/libXext.so.6.4.0
7f9ab0d39000-7f9ab0d3a000 rw-p 00011000 08:04 271525                     /usr/lib64/libXext.so.6.4.0
7f9ab0d3a000-7f9ab0d8e000 r-xp 00000000 08:04 4592135                    /usr/lib/jvm/java-1.8.0-openjdk-1.8.0.151-1.b12.fc25.x86_64/jre/lib/amd64/libawt_xawt.so
7f9ab0d8e000-7f9ab0f8e000 ---p 00054000 08:04 4592135                    /usr/lib/jvm/java-1.8.0-openjdk-1.8.0.151-1.b12.fc25.x86_64/jre/lib/amd64/libawt_xawt.so
7f9ab0f8e000-7f9ab0f8f000 r--p 00054000 08:04 4592135                    /usr/lib/jvm/java-1.8.0-openjdk-1.8.0.151-1.b12.fc25.x86_64/jre/lib/amd64/libawt_xawt.so
7f9ab0f8f000-7f9ab0f91000 rw-p 00055000 08:04 4592135                    /usr/lib/jvm/java-1.8.0-openjdk-1.8.0.151-1.b12.fc25.x86_64/jre/lib/amd64/libawt_xawt.so
7f9ab0f91000-7f9ab0f93000 rw-p 00000000 00:00 0 
7f9ab0f93000-7f9ab1034000 r-xp 00000000 08:04 4592060                    /usr/lib/jvm/java-1.8.0-openjdk-1.8.0.151-1.b12.fc25.x86_64/jre/lib/amd64/libawt.so
7f9ab1034000-7f9ab1233000 ---p 000a1000 08:04 4592060                    /usr/lib/jvm/java-1.8.0-openjdk-1.8.0.151-1.b12.fc25.x86_64/jre/lib/amd64/libawt.so
7f9ab1233000-7f9ab1234000 r--p 000a0000 08:04 4592060                    /usr/lib/jvm/java-1.8.0-openjdk-1.8.0.151-1.b12.fc25.x86_64/jre/lib/amd64/libawt.so
7f9ab1234000-7f9ab123f000 rw-p 000a1000 08:04 4592060                    /usr/lib/jvm/java-1.8.0-openjdk-1.8.0.151-1.b12.fc25.x86_64/jre/lib/amd64/libawt.so
7f9ab123f000-7f9ab1264000 rw-p 00000000 00:00 0 
7f9ab1264000-7f9ab12fa000 r--s 008d6000 08:04 2762291                    /usr/lib/jvm/openjfx/rt/lib/ext/jfxrt.jar
7f9ab12fa000-7f9ab12fb000 ---p 00000000 00:00 0 
7f9ab12fb000-7f9ab13fb000 rw-p 00000000 00:00 0 
7f9ab13fb000-7f9ab13fe000 ---p 00000000 00:00 0 
7f9ab13fe000-7f9ab14fc000 rw-p 00000000 00:00 0 
7f9ab14fc000-7f9ab14ff000 ---p 00000000 00:00 0 
7f9ab14ff000-7f9ab15fd000 rw-p 00000000 00:00 0 
7f9ab15fd000-7f9ab1600000 ---p 00000000 00:00 0 
7f9ab1600000-7f9ab16fe000 rw-p 00000000 00:00 0 
7f9ab16fe000-7f9ab1701000 ---p 00000000 00:00 0 
7f9ab1701000-7f9ab17ff000 rw-p 00000000 00:00 0 
7f9ab17ff000-7f9ab1802000 ---p 00000000 00:00 0 
7f9ab1802000-7f9ab1900000 rw-p 00000000 00:00 0 
7f9ab1900000-7f9ab1903000 ---p 00000000 00:00 0 
7f9ab1903000-7f9ab1a01000 rw-p 00000000 00:00 0 
7f9ab1a01000-7f9ab1a04000 ---p 00000000 00:00 0 
7f9ab1a04000-7f9ab1b02000 rw-p 00000000 00:00 0 
7f9ab1b02000-7f9ab1b03000 ---p 00000000 00:00 0 
7f9ab1b03000-7f9ab2b12000 rw-p 00000000 00:00 0 
7f9ab2b12000-7f9ab2ce0000 r--s 04400000 08:04 4592126                    /usr/lib/jvm/java-1.8.0-openjdk-1.8.0.151-1.b12.fc25.x86_64/jre/lib/rt.jar
7f9ab2ce0000-7f9ab38bd000 rw-p 00000000 00:00 0 
7f9ab38bd000-7f9ab38be000 ---p 00000000 00:00 0 
7f9ab38be000-7f9ab39be000 rw-p 00000000 00:00 0 
7f9ab39be000-7f9ab39bf000 ---p 00000000 00:00 0 
7f9ab39bf000-7f9ab3abf000 rw-p 00000000 00:00 0 
7f9ab3abf000-7f9ab3ac0000 ---p 00000000 00:00 0 
7f9ab3ac0000-7f9ab3bea000 rw-p 00000000 00:00 0 
7f9ab3bea000-7f9ab3e54000 ---p 00000000 00:00 0 
7f9ab3e54000-7f9ab3e7e000 rw-p 00000000 00:00 0 
7f9ab3e7e000-7f9ab40e7000 ---p 00000000 00:00 0 
7f9ab40e7000-7f9ab40fc000 rw-p 00000000 00:00 0 
7f9ab40fc000-7f9ab4231000 ---p 00000000 00:00 0 
7f9ab4231000-7f9ab4248000 rw-p 00000000 00:00 0 
7f9ab4248000-7f9ab45f2000 ---p 00000000 00:00 0 
7f9ab45f2000-7f9ab4b42000 rwxp 00000000 00:00 0 
7f9ab4b42000-7f9ac35f2000 ---p 00000000 00:00 0 
7f9ac35f2000-7f9ac35fa000 r-xp 00000000 08:04 4592088                    /usr/lib/jvm/java-1.8.0-openjdk-1.8.0.151-1.b12.fc25.x86_64/jre/lib/amd64/libzip.so
7f9ac35fa000-7f9ac37f9000 ---p 00008000 08:04 4592088                    /usr/lib/jvm/java-1.8.0-openjdk-1.8.0.151-1.b12.fc25.x86_64/jre/lib/amd64/libzip.so
7f9ac37f9000-7f9ac37fa000 r--p 00007000 08:04 4592088                    /usr/lib/jvm/java-1.8.0-openjdk-1.8.0.151-1.b12.fc25.x86_64/jre/lib/amd64/libzip.so
7f9ac37fa000-7f9ac37fb000 rw-p 00000000 00:00 0 
7f9ac37fb000-7f9ac4000000 r--s 00000000 08:04 1573311                    /var/lib/sss/mc/passwd
7f9ac4000000-7f9ac449d000 rw-p 00000000 00:00 0 
7f9ac449d000-7f9ac8000000 ---p 00000000 00:00 0 
7f9ac8000000-7f9ac8003000 r--s 00000000 08:04 133568                     /var/cache/fontconfig/f8d73b453b8886994cde55d811f6a889-le64.cache-7
7f9ac8003000-7f9ac8009000 r--s 00000000 08:04 133567                     /var/cache/fontconfig/eb1a6a87a0d801769b114129ece88710-le64.cache-7
7f9ac8009000-7f9ac800c000 r--s 00000000 08:04 133566                     /var/cache/fontconfig/582359b9978a7b150e584e332ff2143d-le64.cache-7
7f9ac800c000-7f9ac8017000 r--s 00000000 08:04 133101                     /var/cache/fontconfig/12b26b760a24f8b4feb03ad48a333a72-le64.cache-7
7f9ac8017000-7f9ac8019000 r--s 00000000 08:04 133564                     /var/cache/fontconfig/7f44c09c3a4dd7faf914c1771855731c-le64.cache-7
7f9ac8019000-7f9ac801a000 r--s 00000000 08:04 133563                     /var/cache/fontconfig/d2f66d64c4954caeb5345eb8c0eab248-le64.cache-7
7f9ac801a000-7f9ac801f000 r--s 00000000 08:04 133562                     /var/cache/fontconfig/c793051652af0a082fa4b8a7ceb4a8c7-le64.cache-7
7f9ac801f000-7f9ac802e000 r--s 00000000 08:04 133561                     /var/cache/fontconfig/7648bf0ff2312f5efa6202d7d5f776b3-le64.cache-7
7f9ac802e000-7f9ac802f000 r--s 00000000 08:04 133560                     /var/cache/fontconfig/b13c8791567264b26ffe0e09fc4571b6-le64.cache-7
7f9ac802f000-7f9ac8035000 r--s 00000000 08:04 133559                     /var/cache/fontconfig/62775a44effc9c99c1d4896b0e88d7ff-le64.cache-7
7f9ac8035000-7f9ac8039000 r--s 00000000 08:04 133558                     /var/cache/fontconfig/621adf1b95427b8cc7448b9b5dc0b505-le64.cache-7
7f9ac8039000-7f9ac803b000 r--s 00000000 08:04 133557                     /var/cache/fontconfig/69cc98ab8c7f1e44ab48f8983431c90b-le64.cache-7
7f9ac803b000-7f9ac8042000 r--s 00000000 08:04 133556                     /var/cache/fontconfig/670fd9881e303756637bc2f467c0c214-le64.cache-7
7f9ac8042000-7f9ac8049000 r--s 00000000 08:04 133125                     /var/cache/fontconfig/a116919b8bdb14ffaacd61d02e607fb8-le64.cache-7
7f9ac8049000-7f9ac804e000 r--s 00000000 08:04 133123                     /var/cache/fontconfig/a289f7e03715303a9a1b010d74c00c6a-le64.cache-7
7f9ac804e000-7f9ac8050000 r--s 00000000 08:04 133552                     /var/cache/fontconfig/22abf0ef5e624ab5bceffcf115bfe030-le64.cache-7
7f9ac8050000-7f9ac8052000 r--s 00000000 08:04 133094                     /var/cache/fontconfig/3640555adad8a8f6978400293cfce7ab-le64.cache-7
7f9ac8052000-7f9ac806a000 r--s 00000000 08:04 1312496                    /usr/share/fonts/default/Type1/n022003l.pfb
7f9ac806a000-7f9ac80e0000 rw-p 00000000 00:00 0 
7f9ac80e0000-7f9ac80e1000 ---p 00000000 00:00 0 
7f9ac80e1000-7f9ac81e1000 rw-p 00000000 00:00 0 
7f9ac81e1000-7f9ac81e9000 r-xp 00000000 08:04 271492                     /usr/lib64/libnss_sss.so.2
7f9ac81e9000-7f9ac83e8000 ---p 00008000 08:04 271492                     /usr/lib64/libnss_sss.so.2
7f9ac83e8000-7f9ac83e9000 r--p 00007000 08:04 271492                     /usr/lib64/libnss_sss.so.2
7f9ac83e9000-7f9ac83ea000 rw-p 00008000 08:04 271492                     /usr/lib64/libnss_sss.so.2
7f9ac83ea000-7f9ac83f4000 r-xp 00000000 08:04 262771                     /usr/lib64/libnss_files-2.24.so
7f9ac83f4000-7f9ac85f4000 ---p 0000a000 08:04 262771                     /usr/lib64/libnss_files-2.24.so
7f9ac85f4000-7f9ac85f5000 r--p 0000a000 08:04 262771                     /usr/lib64/libnss_files-2.24.so
7f9ac85f5000-7f9ac85f6000 rw-p 0000b000 08:04 262771                     /usr/lib64/libnss_files-2.24.so
7f9ac85f6000-7f9ac85fc000 rw-p 00000000 00:00 0 
7f9ac85fc000-7f9ac8629000 r-xp 00000000 08:04 4592070                    /usr/lib/jvm/java-1.8.0-openjdk-1.8.0.151-1.b12.fc25.x86_64/jre/lib/amd64/libjava.so
7f9ac8629000-7f9ac8829000 ---p 0002d000 08:04 4592070                    /usr/lib/jvm/java-1.8.0-openjdk-1.8.0.151-1.b12.fc25.x86_64/jre/lib/amd64/libjava.so
7f9ac8829000-7f9ac882a000 r--p 0002d000 08:04 4592070                    /usr/lib/jvm/java-1.8.0-openjdk-1.8.0.151-1.b12.fc25.x86_64/jre/lib/amd64/libjava.so
7f9ac882a000-7f9ac882b000 rw-p 0002e000 08:04 4592070                    /usr/lib/jvm/java-1.8.0-openjdk-1.8.0.151-1.b12.fc25.x86_64/jre/lib/amd64/libjava.so
7f9ac882b000-7f9ac882c000 rw-p 00000000 00:00 0 
7f9ac882c000-7f9ac8839000 r-xp 00000000 08:04 4592087                    /usr/lib/jvm/java-1.8.0-openjdk-1.8.0.151-1.b12.fc25.x86_64/jre/lib/amd64/libverify.so
7f9ac8839000-7f9ac8a38000 ---p 0000d000 08:04 4592087                    /usr/lib/jvm/java-1.8.0-openjdk-1.8.0.151-1.b12.fc25.x86_64/jre/lib/amd64/libverify.so
7f9ac8a38000-7f9ac8a3a000 r--p 0000c000 08:04 4592087                    /usr/lib/jvm/java-1.8.0-openjdk-1.8.0.151-1.b12.fc25.x86_64/jre/lib/amd64/libverify.so
7f9ac8a3a000-7f9ac8a3b000 rw-p 00000000 00:00 0 
7f9ac8a3b000-7f9ac8a42000 r-xp 00000000 08:04 262777                     /usr/lib64/librt-2.24.so
7f9ac8a42000-7f9ac8c41000 ---p 00007000 08:04 262777                     /usr/lib64/librt-2.24.so
7f9ac8c41000-7f9ac8c42000 r--p 00006000 08:04 262777                     /usr/lib64/librt-2.24.so
7f9ac8c42000-7f9ac8c43000 rw-p 00007000 08:04 262777                     /usr/lib64/librt-2.24.so
7f9ac8c43000-7f9ac8c59000 r-xp 00000000 08:04 262163                     /usr/lib64/libgcc_s-6.4.1-20170727.so.1
7f9ac8c59000-7f9ac8e58000 ---p 00016000 08:04 262163                     /usr/lib64/libgcc_s-6.4.1-20170727.so.1
7f9ac8e58000-7f9ac8e59000 r--p 00015000 08:04 262163                     /usr/lib64/libgcc_s-6.4.1-20170727.so.1
7f9ac8e59000-7f9ac8e5a000 rw-p 00016000 08:04 262163                     /usr/lib64/libgcc_s-6.4.1-20170727.so.1
7f9ac8e5a000-7f9ac8f62000 r-xp 00000000 08:04 262763                     /usr/lib64/libm-2.24.so
7f9ac8f62000-7f9ac9161000 ---p 00108000 08:04 262763                     /usr/lib64/libm-2.24.so
7f9ac9161000-7f9ac9162000 r--p 00107000 08:04 262763                     /usr/lib64/libm-2.24.so
7f9ac9162000-7f9ac9163000 rw-p 00108000 08:04 262763                     /usr/lib64/libm-2.24.so
7f9ac9163000-7f9ac92db000 r-xp 00000000 08:04 263282                     /usr/lib64/libstdc++.so.6.0.22
7f9ac92db000-7f9ac94db000 ---p 00178000 08:04 263282                     /usr/lib64/libstdc++.so.6.0.22
7f9ac94db000-7f9ac94e5000 r--p 00178000 08:04 263282                     /usr/lib64/libstdc++.so.6.0.22
7f9ac94e5000-7f9ac94e7000 rw-p 00182000 08:04 263282                     /usr/lib64/libstdc++.so.6.0.22
7f9ac94e7000-7f9ac94eb000 rw-p 00000000 00:00 0 
7f9ac94eb000-7f9aca215000 r-xp 00000000 08:04 4592092                    /usr/lib/jvm/java-1.8.0-openjdk-1.8.0.151-1.b12.fc25.x86_64/jre/lib/amd64/server/libjvm.so
7f9aca215000-7f9aca415000 ---p 00d2a000 08:04 4592092                    /usr/lib/jvm/java-1.8.0-openjdk-1.8.0.151-1.b12.fc25.x86_64/jre/lib/amd64/server/libjvm.so
7f9aca415000-7f9aca4b1000 r--p 00d2a000 08:04 4592092                    /usr/lib/jvm/java-1.8.0-openjdk-1.8.0.151-1.b12.fc25.x86_64/jre/lib/amd64/server/libjvm.so
7f9aca4b1000-7f9aca4da000 rw-p 00dc6000 08:04 4592092                    /usr/lib/jvm/java-1.8.0-openjdk-1.8.0.151-1.b12.fc25.x86_64/jre/lib/amd64/server/libjvm.so
7f9aca4da000-7f9aca50a000 rw-p 00000000 00:00 0 
7f9aca50a000-7f9aca6c7000 r-xp 00000000 08:04 262757                     /usr/lib64/libc-2.24.so
7f9aca6c7000-7f9aca8c6000 ---p 001bd000 08:04 262757                     /usr/lib64/libc-2.24.so
7f9aca8c6000-7f9aca8ca000 r--p 001bc000 08:04 262757                     /usr/lib64/libc-2.24.so
7f9aca8ca000-7f9aca8cc000 rw-p 001c0000 08:04 262757                     /usr/lib64/libc-2.24.so
7f9aca8cc000-7f9aca8d0000 rw-p 00000000 00:00 0 
7f9aca8d0000-7f9aca8d3000 r-xp 00000000 08:04 262761                     /usr/lib64/libdl-2.24.so
7f9aca8d3000-7f9acaad2000 ---p 00003000 08:04 262761                     /usr/lib64/libdl-2.24.so
7f9acaad2000-7f9acaad3000 r--p 00002000 08:04 262761                     /usr/lib64/libdl-2.24.so
7f9acaad3000-7f9acaad4000 rw-p 00003000 08:04 262761                     /usr/lib64/libdl-2.24.so
7f9acaad4000-7f9acaae1000 r-xp 00000000 08:04 4592057                    /usr/lib/jvm/java-1.8.0-openjdk-1.8.0.151-1.b12.fc25.x86_64/jre/lib/amd64/jli/libjli.so
7f9acaae1000-7f9acace1000 ---p 0000d000 08:04 4592057                    /usr/lib/jvm/java-1.8.0-openjdk-1.8.0.151-1.b12.fc25.x86_64/jre/lib/amd64/jli/libjli.so
7f9acace1000-7f9acace2000 r--p 0000d000 08:04 4592057                    /usr/lib/jvm/java-1.8.0-openjdk-1.8.0.151-1.b12.fc25.x86_64/jre/lib/amd64/jli/libjli.so
7f9acace2000-7f9acace3000 rw-p 00000000 00:00 0 
7f9acace3000-7f9acacf8000 r-xp 00000000 08:04 263168                     /usr/lib64/libz.so.1.2.8
7f9acacf8000-7f9acaef7000 ---p 00015000 08:04 263168                     /usr/lib64/libz.so.1.2.8
7f9acaef7000-7f9acaef8000 r--p 00014000 08:04 263168                     /usr/lib64/libz.so.1.2.8
7f9acaef8000-7f9acaef9000 rw-p 00015000 08:04 263168                     /usr/lib64/libz.so.1.2.8
7f9acaef9000-7f9acaf11000 r-xp 00000000 08:04 262773                     /usr/lib64/libpthread-2.24.so
7f9acaf11000-7f9acb111000 ---p 00018000 08:04 262773                     /usr/lib64/libpthread-2.24.so
7f9acb111000-7f9acb112000 r--p 00018000 08:04 262773                     /usr/lib64/libpthread-2.24.so
7f9acb112000-7f9acb113000 rw-p 00019000 08:04 262773                     /usr/lib64/libpthread-2.24.so
7f9acb113000-7f9acb117000 rw-p 00000000 00:00 0 
7f9acb117000-7f9acb13d000 r-xp 00000000 08:04 262750                     /usr/lib64/ld-2.24.so
7f9acb13d000-7f9acb13e000 r--s 00000000 08:04 133555                     /var/cache/fontconfig/e0f508b41771d3e777ce13513b034bd1-le64.cache-7
7f9acb13e000-7f9acb140000 r--s 00000000 08:04 131334                     /var/cache/fontconfig/b3043b29744cf0a429678d296f5e4026-le64.cache-7
7f9acb140000-7f9acb144000 r--s 00000000 08:04 133246                     /var/cache/fontconfig/beeeeb3dfe132a8a0633a017c99ce0c0-le64.cache-7
7f9acb144000-7f9acb214000 rw-p 00000000 00:00 0 
7f9acb214000-7f9acb217000 ---p 00000000 00:00 0 
7f9acb217000-7f9acb319000 rw-p 00000000 00:00 0 
7f9acb319000-7f9acb31a000 r--s 00000000 08:04 133435                     /var/cache/fontconfig/6100190b570349e27a32507757f8c088-le64.cache-7
7f9acb31a000-7f9acb31b000 r--s 00000000 08:04 134076                     /var/cache/fontconfig/d04038e664b0033ae700a78c51f179d3-le64.cache-7
7f9acb31b000-7f9acb32e000 r--s 00346000 08:04 4591842                    /usr/lib/jvm/java-1.8.0-openjdk-1.8.0.151-1.b12.fc25.x86_64/jre/lib/resources.jar
7f9acb32e000-7f9acb330000 r--s 00028000 00:2f 452734042                  /cs/student/yushengjia/cs56/cs56-networking-chat/dist/Client.jar
7f9acb330000-7f9acb338000 rw-s 00000000 00:27 415763                     /tmp/hsperfdata_yushengjia/29829
7f9acb338000-7f9acb339000 rw-p 00000000 00:00 0 
7f9acb339000-7f9acb33a000 r--p 00000000 00:00 0 
7f9acb33a000-7f9acb33c000 rw-p 00000000 00:00 0 
7f9acb33c000-7f9acb33d000 r--p 00025000 08:04 262750                     /usr/lib64/ld-2.24.so
7f9acb33d000-7f9acb33e000 rw-p 00026000 08:04 262750                     /usr/lib64/ld-2.24.so
7f9acb33e000-7f9acb33f000 rw-p 00000000 00:00 0 
7fff395bc000-7fff395dd000 rw-p 00000000 00:00 0                          [stack]
7fff395eb000-7fff395ee000 r--p 00000000 00:00 0                          [vvar]
7fff395ee000-7fff395f0000 r-xp 00000000 00:00 0                          [vdso]
ffffffffff600000-ffffffffff601000 r-xp 00000000 00:00 0                  [vsyscall]

VM Arguments:
java_command: /cs/student/yushengjia/cs56/cs56-networking-chat/dist/Client.jar
java_class_path (initial): /cs/student/yushengjia/cs56/cs56-networking-chat/dist/Client.jar
Launcher Type: SUN_STANDARD

Environment Variables:
PATH=/usr/lib64/qt-3.3/bin:/usr/lib64/ccache:/usr/local/bin:/usr/local/sbin:/usr/bin:/usr/sbin:/cs/student/yushengjia/bin
USERNAME=yushengjia
SHELL=/bin/bash
DISPLAY=:1

Signal Handlers:
SIGSEGV: [libjvm.so+0xb2a990], sa_mask[0]=11111111011111111101111111111110, sa_flags=SA_RESTART|SA_SIGINFO
SIGBUS: [libjvm.so+0xb2a990], sa_mask[0]=11111111011111111101111111111110, sa_flags=SA_RESTART|SA_SIGINFO
SIGFPE: [libjvm.so+0x8f11f0], sa_mask[0]=11111111011111111101111111111110, sa_flags=SA_RESTART|SA_SIGINFO
SIGPIPE: [libjvm.so+0x8f11f0], sa_mask[0]=11111111011111111101111111111110, sa_flags=SA_RESTART|SA_SIGINFO
SIGXFSZ: [libjvm.so+0x8f11f0], sa_mask[0]=11111111011111111101111111111110, sa_flags=SA_RESTART|SA_SIGINFO
SIGILL: [libjvm.so+0x8f11f0], sa_mask[0]=11111111011111111101111111111110, sa_flags=SA_RESTART|SA_SIGINFO
SIGUSR1: SIG_DFL, sa_mask[0]=00000000000000000000000000000000, sa_flags=none
SIGUSR2: [libjvm.so+0x8f10a0], sa_mask[0]=00100000000000000000000000000000, sa_flags=SA_RESTART|SA_SIGINFO
SIGHUP: [libjvm.so+0x8f1550], sa_mask[0]=11111111011111111101111111111110, sa_flags=SA_RESTART|SA_SIGINFO
SIGINT: [libjvm.so+0x8f1550], sa_mask[0]=11111111011111111101111111111110, sa_flags=SA_RESTART|SA_SIGINFO
SIGTERM: [libjvm.so+0x8f1550], sa_mask[0]=11111111011111111101111111111110, sa_flags=SA_RESTART|SA_SIGINFO
SIGQUIT: [libjvm.so+0x8f1550], sa_mask[0]=11111111011111111101111111111110, sa_flags=SA_RESTART|SA_SIGINFO


---------------  S Y S T E M  ---------------

OS:Fedora release 25 (Twenty Five)

uname:Linux 4.13.16-100.fc25.x86_64 #1 SMP Mon Nov 27 19:52:46 UTC 2017 x86_64
libc:glibc 2.24 NPTL 2.24 
rlimit: STACK 8192k, CORE infinity, NPROC 31547, NOFILE 4096, AS infinity
load average:0.07 0.08 0.06

/proc/meminfo:
MemTotal:        8097920 kB
MemFree:         4444944 kB
MemAvailable:    5984184 kB
Buffers:          173296 kB
Cached:          1526992 kB
SwapCached:            0 kB
Active:          2411628 kB
Inactive:         849960 kB
Active(anon):    1562620 kB
Inactive(anon):     3116 kB
Active(file):     849008 kB
Inactive(file):   846844 kB
Unevictable:          20 kB
Mlocked:              20 kB
SwapTotal:       8231932 kB
SwapFree:        8231932 kB
Dirty:                 0 kB
Writeback:             0 kB
AnonPages:       1561460 kB
Mapped:           488808 kB
Shmem:              4444 kB
Slab:             181492 kB
SReclaimable:     125416 kB
SUnreclaim:        56076 kB
KernelStack:       12352 kB
PageTables:        66616 kB
NFS_Unstable:          0 kB
Bounce:                0 kB
WritebackTmp:          0 kB
CommitLimit:    12280892 kB
Committed_AS:    7491080 kB
VmallocTotal:   34359738367 kB
VmallocUsed:           0 kB
VmallocChunk:          0 kB
HardwareCorrupted:     0 kB
AnonHugePages:         0 kB
ShmemHugePages:        0 kB
ShmemPmdMapped:        0 kB
CmaTotal:              0 kB
CmaFree:               0 kB
HugePages_Total:       0
HugePages_Free:        0
HugePages_Rsvd:        0
HugePages_Surp:        0
Hugepagesize:       2048 kB
DirectMap4k:      264780 kB
DirectMap2M:     5951488 kB
DirectMap1G:     3145728 kB


CPU:total 4 (initial active 4) (4 cores per cpu, 1 threads per core) family 6 model 94 stepping 3, cmov, cx8, fxsr, mmx, sse, sse2, sse3, ssse3, sse4.1, sse4.2, popcnt, avx, avx2, aes, clmul, erms, rtm, 3dnowpref, lzcnt, tsc, tscinvbit, bmi1, bmi2, adx

/proc/cpuinfo:
processor	: 0
vendor_id	: GenuineIntel
cpu family	: 6
model		: 94
model name	: Intel(R) Core(TM) i5-6500 CPU @ 3.20GHz
stepping	: 3
microcode	: 0xba
cpu MHz		: 3200.000
cache size	: 6144 KB
physical id	: 0
siblings	: 4
core id		: 0
cpu cores	: 4
apicid		: 0
initial apicid	: 0
fpu		: yes
fpu_exception	: yes
cpuid level	: 22
wp		: yes
flags		: fpu vme de pse tsc msr pae mce cx8 apic sep mtrr pge mca cmov pat pse36 clflush dts acpi mmx fxsr sse sse2 ss ht tm pbe syscall nx pdpe1gb rdtscp lm constant_tsc art arch_perfmon pebs bts rep_good nopl xtopology nonstop_tsc cpuid aperfmperf tsc_known_freq pni pclmulqdq dtes64 monitor ds_cpl vmx smx est tm2 ssse3 sdbg fma cx16 xtpr pdcm pcid sse4_1 sse4_2 x2apic movbe popcnt tsc_deadline_timer aes xsave avx f16c rdrand lahf_lm abm 3dnowprefetch cpuid_fault epb intel_pt tpr_shadow vnmi flexpriority ept vpid fsgsbase tsc_adjust bmi1 hle avx2 smep bmi2 erms invpcid rtm mpx rdseed adx smap clflushopt xsaveopt xsavec xgetbv1 xsaves dtherm ida arat pln pts hwp hwp_notify hwp_act_window hwp_epp
bugs		:
bogomips	: 6384.00
clflush size	: 64
cache_alignment	: 64
address sizes	: 39 bits physical, 48 bits virtual
power management:

processor	: 1
vendor_id	: GenuineIntel
cpu family	: 6
model		: 94
model name	: Intel(R) Core(TM) i5-6500 CPU @ 3.20GHz
stepping	: 3
microcode	: 0xba
cpu MHz		: 3200.000
cache size	: 6144 KB
physical id	: 0
siblings	: 4
core id		: 1
cpu cores	: 4
apicid		: 2
initial apicid	: 2
fpu		: yes
fpu_exception	: yes
cpuid level	: 22
wp		: yes
flags		: fpu vme de pse tsc msr pae mce cx8 apic sep mtrr pge mca cmov pat pse36 clflush dts acpi mmx fxsr sse sse2 ss ht tm pbe syscall nx pdpe1gb rdtscp lm constant_tsc art arch_perfmon pebs bts rep_good nopl xtopology nonstop_tsc cpuid aperfmperf tsc_known_freq pni pclmulqdq dtes64 monitor ds_cpl vmx smx est tm2 ssse3 sdbg fma cx16 xtpr pdcm pcid sse4_1 sse4_2 x2apic movbe popcnt tsc_deadline_timer aes xsave avx f16c rdrand lahf_lm abm 3dnowprefetch cpuid_fault epb intel_pt tpr_shadow vnmi flexpriority ept vpid fsgsbase tsc_adjust bmi1 hle avx2 smep bmi2 erms invpcid rtm mpx rdseed adx smap clflushopt xsaveopt xsavec xgetbv1 xsaves dtherm ida arat pln pts hwp hwp_notify hwp_act_window hwp_epp
bugs		:
bogomips	: 6384.00
clflush size	: 64
cache_alignment	: 64
address sizes	: 39 bits physical, 48 bits virtual
power management:

processor	: 2
vendor_id	: GenuineIntel
cpu family	: 6
model		: 94
model name	: Intel(R) Core(TM) i5-6500 CPU @ 3.20GHz
stepping	: 3
microcode	: 0xba
cpu MHz		: 3200.000
cache size	: 6144 KB
physical id	: 0
siblings	: 4
core id		: 2
cpu cores	: 4
apicid		: 4
initial apicid	: 4
fpu		: yes
fpu_exception	: yes
cpuid level	: 22
wp		: yes
flags		: fpu vme de pse tsc msr pae mce cx8 apic sep mtrr pge mca cmov pat pse36 clflush dts acpi mmx fxsr sse sse2 ss ht tm pbe syscall nx pdpe1gb rdtscp lm constant_tsc art arch_perfmon pebs bts rep_good nopl xtopology nonstop_tsc cpuid aperfmperf tsc_known_freq pni pclmulqdq dtes64 monitor ds_cpl vmx smx est tm2 ssse3 sdbg fma cx16 xtpr pdcm pcid sse4_1 sse4_2 x2apic movbe popcnt tsc_deadline_timer aes xsave avx f16c rdrand lahf_lm abm 3dnowprefetch cpuid_fault epb intel_pt tpr_shadow vnmi flexpriority ept vpid fsgsbase tsc_adjust bmi1 hle avx2 smep bmi2 erms invpcid rtm mpx rdseed adx smap clflushopt xsaveopt xsavec xgetbv1 xsaves dtherm ida arat pln pts hwp hwp_notify hwp_act_window hwp_epp
bugs		:
bogomips	: 6384.00
clflush size	: 64
cache_alignment	: 64
address sizes	: 39 bits physical, 48 bits virtual
power management:

processor	: 3
vendor_id	: GenuineIntel
cpu family	: 6
model		: 94
model name	: Intel(R) Core(TM) i5-6500 CPU @ 3.20GHz
stepping	: 3
microcode	: 0xba
cpu MHz		: 3200.000
cache size	: 6144 KB
physical id	: 0
siblings	: 4
core id		: 3
cpu cores	: 4
apicid		: 6
initial apicid	: 6
fpu		: yes
fpu_exception	: yes
cpuid level	: 22
wp		: yes
flags		: fpu vme de pse tsc msr pae mce cx8 apic sep mtrr pge mca cmov pat pse36 clflush dts acpi mmx fxsr sse sse2 ss ht tm pbe syscall nx pdpe1gb rdtscp lm constant_tsc art arch_perfmon pebs bts rep_good nopl xtopology nonstop_tsc cpuid aperfmperf tsc_known_freq pni pclmulqdq dtes64 monitor ds_cpl vmx smx est tm2 ssse3 sdbg fma cx16 xtpr pdcm pcid sse4_1 sse4_2 x2apic movbe popcnt tsc_deadline_timer aes xsave avx f16c rdrand lahf_lm abm 3dnowprefetch cpuid_fault epb intel_pt tpr_shadow vnmi flexpriority ept vpid fsgsbase tsc_adjust bmi1 hle avx2 smep bmi2 erms invpcid rtm mpx rdseed adx smap clflushopt xsaveopt xsavec xgetbv1 xsaves dtherm ida arat pln pts hwp hwp_notify hwp_act_window hwp_epp
bugs		:
bogomips	: 6384.00
clflush size	: 64
cache_alignment	: 64
address sizes	: 39 bits physical, 48 bits virtual
power management:



Memory: 4k page, physical 8097920k(4444944k free), swap 8231932k(8231932k free)

vm_info: OpenJDK 64-Bit Server VM (25.151-b12) for linux-amd64 JRE (1.8.0_151-b12), built on Oct 25 2017 15:01:27 by "mockbuild" with gcc 6.4.1 20170727 (Red Hat 6.4.1-1)

time: Wed Feb 28 15:31:38 2018
elapsed time: 620 seconds (0d 0h 10m 20s)

