#
# A fatal error has been detected by the Java Runtime Environment:
#
#  SIGSEGV (0xb) at pc=0x00007f66004a142f, pid=18317, tid=0x00007f65bc94d700
#
# JRE version: OpenJDK Runtime Environment (8.0_151-b12) (build 1.8.0_151-b12)
# Java VM: OpenJDK 64-Bit Server VM (25.151-b12 mixed mode linux-amd64 compressed oops)
# Problematic frame:
# C  [libc.so.6+0x14f42f]  __memmove_avx_unaligned_erms+0x4f
#
# Core dump written. Default location: /cs/student/yushengjia/cs56/cs56-networking-chat/core or core.18317
#
# If you would like to submit a bug report, please visit:
#   http://bugreport.java.com/bugreport/crash.jsp
# The crash happened outside the Java Virtual Machine in native code.
# See problematic frame for where to report the bug.
#

---------------  T H R E A D  ---------------

Current thread (0x00007f6588005500):  JavaThread "Thread-8" [_thread_in_native, id=19671, stack(0x00007f65bc84d000,0x00007f65bc94e000)]

siginfo: si_signo: 11 (SIGSEGV), si_code: 1 (SEGV_MAPERR), si_addr: 0x00007f6601187000

Registers:
RAX=0x00007f655c035760, RBX=0x00007f65f81b98b0, RCX=0x0000000000003a25, RDX=0x0000000000007373
RSP=0x00007f65bc94b598, RBP=0x00007f65bc94b610, RSI=0x00007f6601187000, RDI=0x00007f655c0390ae
R8 =0x00007f655c000158, R9 =0x00007f655c0292a0, R10=0x00007f655c035760, R11=0x00007f655c000078
R12=0x000000000000632e, R13=0x00007f66011771ea, R14=0x0000000000007373, R15=0x00007f655c002b70
RIP=0x00007f66004a142f, EFLAGS=0x0000000000010293, CSGSFS=0x002b000000000033, ERR=0x0000000000000004
  TRAPNO=0x000000000000000e

Top of Stack: (sp=0x00007f65bc94b598)
0x00007f65bc94b598:   00007f65fd61fff0 00007f655c0292a0
0x00007f65bc94b5a8:   0000616ccbfe4c00 0000000000000000
0x00007f65bc94b5b8:   0000000000080800 0000000072656e65
0x00007f65bc94b5c8:   00007f650000616c 616c737300000000
0x00007f65bc94b5d8:   00007f655c0292a0 0000000000000014
0x00007f65bc94b5e8:   00007f65f81b9c90 000000001e094464
0x00007f65bc94b5f8:   00007f65bc94b693 00007f65f81b98b0
0x00007f65bc94b608:   00007f655c002b20 00007f65bc94b660
0x00007f65bc94b618:   00007f65fd620b94 00007f65bc94b680
0x00007f65bc94b628:   0000001401fe4c00 00007f65bc94b660
0x00007f65bc94b638:   0000000000000014 00007f6588005758
0x00007f65bc94b648:   00007f65e8a2c820 00007f65bc94bb60
0x00007f65bc94b658:   00007f65f81b98b0 00007f65bc94bac0
0x00007f65bc94b668:   00007f65fd61eaec 00007f65bc94b680
0x00007f65bc94b678:   00000001bc94b6b0 656372756f736572
0x00007f65bc94b688:   2e7373616c472f73 00007f0066666961
0x00007f65bc94b698:   0000000000000100 00007f65bc94b6e0
0x00007f65bc94b6a8:   00007f6588005500 00007f65e8806d00
0x00007f65bc94b6b8:   00007f6588005500 00000000e8806960
0x00007f65bc94b6c8:   1d840efdcbfe4c00 0000000000000000
0x00007f65bc94b6d8:   00007f65880013d0 0000000000000000
0x00007f65bc94b6e8:   00007f65ff6041b0 00007f65f806c770
0x00007f65bc94b6f8:   00007f65e8806d00 00007f65bc94b7b0
0x00007f65bc94b708:   00007f65ffd74255 00000100bc94b7b0
0x00007f65bc94b718:   00007f65f806c770 0000000000000000
0x00007f65bc94b728:   00007f65bc94b820 0000000000000000
0x00007f65bc94b738:   00007f65bc94b760 00007f65bc94b750
0x00007f65bc94b748:   0000000000000000 00007f65e8806d00
0x00007f65bc94b758:   00007f6588005500 00007f65e8806d00
0x00007f65bc94b768:   00007f6588005500 00000100bccd23b8
0x00007f65bc94b778:   1d840efdcbfe4c00 00007f65e8806a30
0x00007f65bc94b788:   00007f6588005500 00007f65bc94b860 

Instructions: (pc=0x00007f66004a142f)
0x00007f66004a140f:   60 27 00 0f 83 25 01 00 00 48 39 f7 72 0f 74 12
0x00007f66004a141f:   4c 8d 0c 16 4c 39 cf 0f 82 c5 01 00 00 48 89 d1
0x00007f66004a142f:   f3 a4 c3 80 fa 10 73 17 80 fa 08 73 27 80 fa 04
0x00007f66004a143f:   73 33 80 fa 01 77 3b 72 05 0f b6 0e 88 0f c3 c5 

Register to memory mapping:

RAX=0x00007f655c035760 is an unknown value
RBX=0x00007f65f81b98b0 is an unknown value
RCX=0x0000000000003a25 is an unknown value
RDX=0x0000000000007373 is an unknown value
RSP=0x00007f65bc94b598 is pointing into the stack for thread: 0x00007f6588005500
RBP=0x00007f65bc94b610 is pointing into the stack for thread: 0x00007f6588005500
RSI=0x00007f6601187000 is an unknown value
RDI=0x00007f655c0390ae is an unknown value
R8 =0x00007f655c000158 is an unknown value
R9 =0x00007f655c0292a0 is an unknown value
R10=0x00007f655c035760 is an unknown value
R11=0x00007f655c000078 is an unknown value
R12=0x000000000000632e is an unknown value
R13=0x00007f66011771ea is an unknown value
R14=0x0000000000007373 is an unknown value
R15=0x00007f655c002b70 is an unknown value


Stack: [0x00007f65bc84d000,0x00007f65bc94e000],  sp=0x00007f65bc94b598,  free space=1017k
Native frames: (J=compiled Java code, j=interpreted, Vv=VM code, C=native code)
C  [libc.so.6+0x14f42f]  __memmove_avx_unaligned_erms+0x4f
C  [libzip.so+0x5b94]
C  [libzip.so+0x3aec]  Java_java_util_zip_ZipFile_getEntry+0xfc
j  java.util.zip.ZipFile.getEntry(J[BZ)J+0
j  java.util.zip.ZipFile.getEntry(Ljava/lang/String;)Ljava/util/zip/ZipEntry;+38
j  java.util.jar.JarFile.getEntry(Ljava/lang/String;)Ljava/util/zip/ZipEntry;+2
J 1207 C1 sun.misc.URLClassPath$JarLoader.getResource(Ljava/lang/String;Z)Lsun/misc/Resource; (85 bytes) @ 0x00007f65e93bdfe4 [0x00007f65e93bdd00+0x2e4]
J 1766 C1 sun.misc.URLClassPath$JarLoader.findResource(Ljava/lang/String;Z)Ljava/net/URL; (18 bytes) @ 0x00007f65e95843ec [0x00007f65e9584360+0x8c]
j  sun.misc.URLClassPath.findResource(Ljava/lang/String;Z)Ljava/net/URL;+26
j  java.net.URLClassLoader$2.run()Ljava/net/URL;+12
j  java.net.URLClassLoader$2.run()Ljava/lang/Object;+1
v  ~StubRoutines::call_stub
V  [libjvm.so+0x6941e3]
V  [libjvm.so+0x6e341a]  JVM_DoPrivileged+0x46a
J 946  java.security.AccessController.doPrivileged(Ljava/security/PrivilegedAction;Ljava/security/AccessControlContext;)Ljava/lang/Object; (0 bytes) @ 0x00007f65e9328855 [0x00007f65e9328780+0xd5]
j  java.net.URLClassLoader.findResource(Ljava/lang/String;)Ljava/net/URL;+13
j  java.lang.ClassLoader.getResource(Ljava/lang/String;)Ljava/net/URL;+30
j  java.lang.Class.getResource(Ljava/lang/String;)Ljava/net/URL;+22
j  client.model.AePlayWave.run()V+30
v  ~StubRoutines::call_stub
V  [libjvm.so+0x6941e3]
V  [libjvm.so+0x691747]
V  [libjvm.so+0x691d27]
V  [libjvm.so+0x6d5864]
V  [libjvm.so+0xacdfbb]
V  [libjvm.so+0xace49f]
V  [libjvm.so+0x8f2f62]
C  [libpthread.so.0+0x773a]  start_thread+0xca

Java frames: (J=compiled Java code, j=interpreted, Vv=VM code)
j  java.util.zip.ZipFile.getEntry(J[BZ)J+0
j  java.util.zip.ZipFile.getEntry(Ljava/lang/String;)Ljava/util/zip/ZipEntry;+38
j  java.util.jar.JarFile.getEntry(Ljava/lang/String;)Ljava/util/zip/ZipEntry;+2
J 1207 C1 sun.misc.URLClassPath$JarLoader.getResource(Ljava/lang/String;Z)Lsun/misc/Resource; (85 bytes) @ 0x00007f65e93bdfe4 [0x00007f65e93bdd00+0x2e4]
J 1766 C1 sun.misc.URLClassPath$JarLoader.findResource(Ljava/lang/String;Z)Ljava/net/URL; (18 bytes) @ 0x00007f65e95843ec [0x00007f65e9584360+0x8c]
j  sun.misc.URLClassPath.findResource(Ljava/lang/String;Z)Ljava/net/URL;+26
j  java.net.URLClassLoader$2.run()Ljava/net/URL;+12
j  java.net.URLClassLoader$2.run()Ljava/lang/Object;+1
v  ~StubRoutines::call_stub
J 946  java.security.AccessController.doPrivileged(Ljava/security/PrivilegedAction;Ljava/security/AccessControlContext;)Ljava/lang/Object; (0 bytes) @ 0x00007f65e93287e3 [0x00007f65e9328780+0x63]
j  java.net.URLClassLoader.findResource(Ljava/lang/String;)Ljava/net/URL;+13
j  java.lang.ClassLoader.getResource(Ljava/lang/String;)Ljava/net/URL;+30
j  java.lang.Class.getResource(Ljava/lang/String;)Ljava/net/URL;+22
j  client.model.AePlayWave.run()V+30
v  ~StubRoutines::call_stub

---------------  P R O C E S S  ---------------

Java Threads: ( => current thread )
=>0x00007f6588005500 JavaThread "Thread-8" [_thread_in_native, id=19671, stack(0x00007f65bc84d000,0x00007f65bc94e000)]
  0x00007f658c01c7f0 JavaThread "Java Sound Event Dispatcher" daemon [_thread_blocked, id=18391, stack(0x00007f6584144000,0x00007f6584245000)]
  0x00007f659001c540 JavaThread "TimerQueue" daemon [_thread_blocked, id=18339, stack(0x00007f65bca4f000,0x00007f65bcb50000)]
  0x00007f65f80086b0 JavaThread "DestroyJavaVM" [_thread_blocked, id=18321, stack(0x00007f660105c000,0x00007f660115d000)]
  0x00007f65f84457c0 JavaThread "AWT-EventQueue-0" [_thread_in_native, id=18338, stack(0x00007f65bcf50000,0x00007f65bd051000)]
  0x00007f65f84444a0 JavaThread "AWT-Shutdown" [_thread_blocked, id=18337, stack(0x00007f65bd051000,0x00007f65bd152000)]
  0x00007f65f832f2c0 JavaThread "AWT-XAWT" daemon [_thread_in_native, id=18336, stack(0x00007f65d0bd3000,0x00007f65d0cd4000)]
  0x00007f65f830aef0 JavaThread "Java2D Disposer" daemon [_thread_blocked, id=18335, stack(0x00007f65d10e5000,0x00007f65d11e6000)]
  0x00007f65f819c6c0 JavaThread "Service Thread" daemon [_thread_blocked, id=18333, stack(0x00007f65d32f3000,0x00007f65d33f4000)]
  0x00007f65f818fd20 JavaThread "C1 CompilerThread2" daemon [_thread_in_vm, id=18332, stack(0x00007f65d33f4000,0x00007f65d34f5000)]
  0x00007f65f801aaa0 JavaThread "C2 CompilerThread1" daemon [_thread_in_vm, id=18331, stack(0x00007f65d34f5000,0x00007f65d35f6000)]
  0x00007f65f8181ab0 JavaThread "C2 CompilerThread0" daemon [_thread_in_native, id=18330, stack(0x00007f65d35f6000,0x00007f65d36f7000)]
  0x00007f65f8180350 JavaThread "Signal Dispatcher" daemon [_thread_blocked, id=18329, stack(0x00007f65d36f7000,0x00007f65d37f8000)]
  0x00007f65f81568d0 JavaThread "Finalizer" daemon [_thread_blocked, id=18328, stack(0x00007f65d37f8000,0x00007f65d38f9000)]
  0x00007f65f8152710 JavaThread "Reference Handler" daemon [_thread_blocked, id=18327, stack(0x00007f65d38f9000,0x00007f65d39fa000)]

Other Threads:
  0x00007f65f8149380 VMThread [stack: 0x00007f65d39fa000,0x00007f65d3afb000] [id=18326]
  0x00007f65f819e350 WatcherThread [stack: 0x00007f65d31f2000,0x00007f65d32f3000] [id=18334]

VM state:not at safepoint (normal execution)

VM Mutex/Monitor currently owned by a thread: None

Heap:
 PSYoungGen      total 36864K, used 6118K [0x00000000d6d00000, 0x00000000d9600000, 0x0000000100000000)
  eden space 31744K, 4% used [0x00000000d6d00000,0x00000000d6e4a3d0,0x00000000d8c00000)
  from space 5120K, 93% used [0x00000000d8c00000,0x00000000d90af720,0x00000000d9100000)
  to   space 5120K, 0% used [0x00000000d9100000,0x00000000d9100000,0x00000000d9600000)
 ParOldGen       total 84992K, used 8K [0x0000000084600000, 0x0000000089900000, 0x00000000d6d00000)
  object space 84992K, 0% used [0x0000000084600000,0x0000000084602000,0x0000000089900000)
 Metaspace       used 16395K, capacity 16682K, committed 17024K, reserved 1064960K
  class space    used 1751K, capacity 1835K, committed 1920K, reserved 1048576K

Card table byte_map: [0x00007f65fce7d000,0x00007f65fd25b000] byte_map_base: 0x00007f65fca5a000

Marking Bits: (ParMarkBitMap*) 0x00007f6600335d00
 Begin Bits: [0x00007f65d8230000, 0x00007f65da118000)
 End Bits:   [0x00007f65da118000, 0x00007f65dc000000)

Polling page: 0x00007f6601181000

CodeCache: size=245760Kb used=6310Kb max_used=6321Kb free=239449Kb
 bounds [0x00007f65e9000000, 0x00007f65e9640000, 0x00007f65f8000000]
 total_blobs=2561 nmethods=1996 adapters=479
 compilation: enabled

Compilation events (10 events):
Event: 6168.274 Thread 0x00007f65f818fd20 2065       3       sun.reflect.ClassFileAssembler::setStack (25 bytes)
Event: 6168.274 Thread 0x00007f65f818fd20 nmethod 2065 0x00007f65e9629350 code [0x00007f65e96294c0, 0x00007f65e9629650]
Event: 6168.274 Thread 0x00007f65f818fd20 2066       3       java.util.Vector::<init> (7 bytes)
Event: 6168.274 Thread 0x00007f65f818fd20 nmethod 2066 0x00007f65e96296d0 code [0x00007f65e9629840, 0x00007f65e96299c8]
Event: 6168.274 Thread 0x00007f65f8181ab0 nmethod 2060 0x00007f65e962c750 code [0x00007f65e962c8a0, 0x00007f65e962c988]
Event: 6168.275 Thread 0x00007f65f818fd20 2067       3       javax.swing.LookAndFeel::installProperty (37 bytes)
Event: 6168.275 Thread 0x00007f65f818fd20 nmethod 2067 0x00007f65e962b310 code [0x00007f65e962b540, 0x00007f65e962c1e8]
Event: 6168.275 Thread 0x00007f65f818fd20 2068       1       javax.swing.JLabel::getDisplayedMnemonic (5 bytes)
Event: 6168.275 Thread 0x00007f65f8181ab0 2069   !   4       javax.swing.UIDefaults::getFromHashtable (239 bytes)
Event: 6168.275 Thread 0x00007f65f818fd20 nmethod 2068 0x00007f65e962b050 code [0x00007f65e962b1a0, 0x00007f65e962b2b0]

GC Heap History (2 events):
Event: 6168.277 GC heap before
{Heap before GC invocations=1 (full 0):
 PSYoungGen      total 36864K, used 31744K [0x00000000d6d00000, 0x00000000d9600000, 0x0000000100000000)
  eden space 31744K, 100% used [0x00000000d6d00000,0x00000000d8c00000,0x00000000d8c00000)
  from space 5120K, 0% used [0x00000000d9100000,0x00000000d9100000,0x00000000d9600000)
  to   space 5120K, 0% used [0x00000000d8c00000,0x00000000d8c00000,0x00000000d9100000)
 ParOldGen       total 84992K, used 0K [0x0000000084600000, 0x0000000089900000, 0x00000000d6d00000)
  object space 84992K, 0% used [0x0000000084600000,0x0000000084600000,0x0000000089900000)
 Metaspace       used 16391K, capacity 16618K, committed 17024K, reserved 1064960K
  class space    used 1751K, capacity 1835K, committed 1920K, reserved 1048576K
Event: 6168.284 GC heap after
Heap after GC invocations=1 (full 0):
 PSYoungGen      total 36864K, used 4797K [0x00000000d6d00000, 0x00000000d9600000, 0x0000000100000000)
  eden space 31744K, 0% used [0x00000000d6d00000,0x00000000d6d00000,0x00000000d8c00000)
  from space 5120K, 93% used [0x00000000d8c00000,0x00000000d90af720,0x00000000d9100000)
  to   space 5120K, 0% used [0x00000000d9100000,0x00000000d9100000,0x00000000d9600000)
 ParOldGen       total 84992K, used 8K [0x0000000084600000, 0x0000000089900000, 0x00000000d6d00000)
  object space 84992K, 0% used [0x0000000084600000,0x0000000084602000,0x0000000089900000)
 Metaspace       used 16391K, capacity 16618K, committed 17024K, reserved 1064960K
  class space    used 1751K, capacity 1835K, committed 1920K, reserved 1048576K
}

Deoptimization events (10 events):
Event: 285.880 Thread 0x00007f65f84457c0 Uncommon trap: reason=unstable_if action=reinterpret pc=0x00007f65e91ac3f8 method=java.util.Properties$LineReader.readLine()I @ 206
Event: 285.952 Thread 0x00007f6588005500 Uncommon trap: reason=unstable_if action=reinterpret pc=0x00007f65e93d86e4 method=javax.sound.sampled.AudioFormat.matches(Ljavax/sound/sampled/AudioFormat;)Z @ 112
Event: 290.046 Thread 0x00007f65f84457c0 Uncommon trap: reason=bimorphic action=maybe_recompile pc=0x00007f65e92c8c08 method=java.util.HashMap.putVal(ILjava/lang/Object;Ljava/lang/Object;ZZ)Ljava/lang/Object; @ 253
Event: 290.048 Thread 0x00007f65f84457c0 Uncommon trap: reason=bimorphic action=maybe_recompile pc=0x00007f65e92c8c08 method=java.util.HashMap.putVal(ILjava/lang/Object;Ljava/lang/Object;ZZ)Ljava/lang/Object; @ 253
Event: 290.049 Thread 0x00007f65f84457c0 Uncommon trap: reason=bimorphic action=maybe_recompile pc=0x00007f65e92c8c08 method=java.util.HashMap.putVal(ILjava/lang/Object;Ljava/lang/Object;ZZ)Ljava/lang/Object; @ 253
Event: 290.049 Thread 0x00007f65f84457c0 Uncommon trap: reason=bimorphic action=maybe_recompile pc=0x00007f65e92c8c08 method=java.util.HashMap.putVal(ILjava/lang/Object;Ljava/lang/Object;ZZ)Ljava/lang/Object; @ 253
Event: 290.050 Thread 0x00007f65f84457c0 Uncommon trap: reason=class_check action=maybe_recompile pc=0x00007f65e92c9c80 method=java.util.HashMap.putVal(ILjava/lang/Object;Ljava/lang/Object;ZZ)Ljava/lang/Object; @ 203
Event: 290.050 Thread 0x00007f65f84457c0 Uncommon trap: reason=class_check action=maybe_recompile pc=0x00007f65e92c9c80 method=java.util.HashMap.putVal(ILjava/lang/Object;Ljava/lang/Object;ZZ)Ljava/lang/Object; @ 203
Event: 4098.679 Thread 0x00007f65f832f2c0 Uncommon trap: reason=unstable_if action=reinterpret pc=0x00007f65e9568fe0 method=sun.awt.X11.XWindow.getModifiers(III)I @ 116
Event: 6145.696 Thread 0x00007f65f84457c0 Uncommon trap: reason=unstable_if action=reinterpret pc=0x00007f65e952a63c method=sun.awt.SunToolkit.isInstanceOf(Ljava/lang/Class;Ljava/lang/String;)Z @ 14

Internal exceptions (10 events):
Event: 0.120 Thread 0x00007f65f80086b0 Exception <a 'java/lang/ClassNotFoundException': sun/dc/DuctusRenderingEngine> (0x00000000d6fd3e38) thrown at [/builddir/build/BUILD/java-1.8.0-openjdk-1.8.0.151-1.b12.fc25.x86_64/openjdk/hotspot/src/share/vm/classfile/systemDictionary.cpp, line 210]
Event: 0.350 Thread 0x00007f65f832f2c0 Implicit null exception at 0x00007f65e922d13c to 0x00007f65e922d201
Event: 0.387 Thread 0x00007f65f84457c0 Exception <a 'java/lang/UnsupportedOperationException': > (0x00000000d7d3bd18) thrown at [/builddir/build/BUILD/java-1.8.0-openjdk-1.8.0.151-1.b12.fc25.x86_64/openjdk/hotspot/src/share/vm/prims/jni.cpp, line 736]
Event: 193.971 Thread 0x00007f65f832f2c0 Implicit null exception at 0x00007f65e9292556 to 0x00007f65e9293711
Event: 288.876 Thread 0x00007f65f84457c0 Exception <a 'java/lang/UnsupportedOperationException': > (0x00000000d81de648) thrown at [/builddir/build/BUILD/java-1.8.0-openjdk-1.8.0.151-1.b12.fc25.x86_64/openjdk/hotspot/src/share/vm/prims/jni.cpp, line 736]
Event: 295.912 Thread 0x00007f65f84457c0 Exception <a 'java/lang/UnsupportedOperationException': > (0x00000000d84281a8) thrown at [/builddir/build/BUILD/java-1.8.0-openjdk-1.8.0.151-1.b12.fc25.x86_64/openjdk/hotspot/src/share/vm/prims/jni.cpp, line 736]
Event: 1055.376 Thread 0x00007f6590034350 Exception <a 'java/lang/ArrayIndexOutOfBoundsException'> (0x00000000d7fa63c8) thrown at [/builddir/build/BUILD/java-1.8.0-openjdk-1.8.0.151-1.b12.fc25.x86_64/openjdk/hotspot/src/share/vm/runtime/sharedRuntime.cpp, line 619]
Event: 4095.768 Thread 0x00007f65f84457c0 Exception <a 'java/lang/UnsupportedOperationException': > (0x00000000d8726d28) thrown at [/builddir/build/BUILD/java-1.8.0-openjdk-1.8.0.151-1.b12.fc25.x86_64/openjdk/hotspot/src/share/vm/prims/jni.cpp, line 736]
Event: 6145.762 Thread 0x00007f65f84457c0 Exception <a 'java/lang/UnsupportedOperationException': > (0x00000000d8997520) thrown at [/builddir/build/BUILD/java-1.8.0-openjdk-1.8.0.151-1.b12.fc25.x86_64/openjdk/hotspot/src/share/vm/prims/jni.cpp, line 736]
Event: 6168.277 Thread 0x00007f659004cf10 Exception <a 'java/lang/ArrayIndexOutOfBoundsException'> (0x00000000d8b68e90) thrown at [/builddir/build/BUILD/java-1.8.0-openjdk-1.8.0.151-1.b12.fc25.x86_64/openjdk/hotspot/src/share/vm/runtime/sharedRuntime.cpp, line 619]

Events (10 events):
Event: 6155.869 loading class sun/font/StandardGlyphVector done
Event: 6155.870 loading class sun/font/StandardGlyphVector$GlyphStrike
Event: 6155.870 loading class sun/font/StandardGlyphVector$GlyphStrike done
Event: 6167.414 Thread 0x00007f65f818fd20 flushing nmethod 0x00007f65e91cb6d0
Event: 6167.415 Thread 0x00007f65f818fd20 flushing nmethod 0x00007f65e922cf90
Event: 6167.733 Thread 0x00007f65f818fd20 flushing nmethod 0x00007f65e92b3e10
Event: 6168.268 Thread 0x00007f659004cf10 Thread added: 0x00007f659004cf10
Event: 6168.277 Thread 0x00007f6588005500 Thread added: 0x00007f6588005500
Event: 6168.277 Executing VM operation: ParallelGCFailedAllocation
Event: 6168.284 Executing VM operation: ParallelGCFailedAllocation done


Dynamic libraries:
84600000-89900000 rw-p 00000000 00:00 0 
89900000-d6d00000 ---p 00000000 00:00 0 
d6d00000-d9600000 rw-p 00000000 00:00 0 
d9600000-100000000 ---p 00000000 00:00 0 
100000000-1001e0000 rw-p 00000000 00:00 0 
1001e0000-140000000 ---p 00000000 00:00 0 
5600700d7000-5600700d8000 r-xp 00000000 08:04 6300755                    /usr/lib/jvm/java-1.8.0-openjdk-1.8.0.151-1.b12.fc25.x86_64/jre/bin/java
5600702d7000-5600702d8000 r--p 00000000 08:04 6300755                    /usr/lib/jvm/java-1.8.0-openjdk-1.8.0.151-1.b12.fc25.x86_64/jre/bin/java
5600702d8000-5600702d9000 rw-p 00001000 08:04 6300755                    /usr/lib/jvm/java-1.8.0-openjdk-1.8.0.151-1.b12.fc25.x86_64/jre/bin/java
560070b1f000-560070b40000 rw-p 00000000 00:00 0                          [heap]
7f655c000000-7f655c0b0000 rw-p 00000000 00:00 0 
7f655c0b0000-7f6560000000 ---p 00000000 00:00 0 
7f65637ff000-7f6563800000 ---p 00000000 00:00 0 
7f6563800000-7f6564000000 rw-p 00000000 00:00 0 
7f6570000000-7f6570021000 rw-p 00000000 00:00 0 
7f6570021000-7f6574000000 ---p 00000000 00:00 0 
7f6578000000-7f6578021000 rw-p 00000000 00:00 0 
7f6578021000-7f657c000000 ---p 00000000 00:00 0 
7f657fe00000-7f657fec0000 rw-p 00000000 00:00 0 
7f657fec0000-7f6580000000 ---p 00000000 00:00 0 
7f6580000000-7f65800d7000 rw-p 00000000 00:00 0 
7f65800d7000-7f6584000000 ---p 00000000 00:00 0 
7f6584144000-7f6584147000 ---p 00000000 00:00 0 
7f6584147000-7f6584245000 rw-p 00000000 00:00 0 
7f6584245000-7f6584246000 ---p 00000000 00:00 0 
7f6584246000-7f6584a46000 rw-p 00000000 00:00 0 
7f6584a46000-7f6584ab7000 r-xp 00000000 08:04 4981743                    /usr/lib64/libpcre.so.1.2.9
7f6584ab7000-7f6584cb6000 ---p 00071000 08:04 4981743                    /usr/lib64/libpcre.so.1.2.9
7f6584cb6000-7f6584cb7000 r--p 00070000 08:04 4981743                    /usr/lib64/libpcre.so.1.2.9
7f6584cb7000-7f6584cb8000 rw-p 00071000 08:04 4981743                    /usr/lib64/libpcre.so.1.2.9
7f6584cb8000-7f6584d45000 r-xp 00000000 08:04 4986143                    /usr/lib64/libvorbisenc.so.2.0.11
7f6584d45000-7f6584f44000 ---p 0008d000 08:04 4986143                    /usr/lib64/libvorbisenc.so.2.0.11
7f6584f44000-7f6584f60000 r--p 0008c000 08:04 4986143                    /usr/lib64/libvorbisenc.so.2.0.11
7f6584f60000-7f6584f61000 rw-p 000a8000 08:04 4986143                    /usr/lib64/libvorbisenc.so.2.0.11
7f6584f61000-7f6584f8c000 r-xp 00000000 08:04 4986141                    /usr/lib64/libvorbis.so.0.4.8
7f6584f8c000-7f658518b000 ---p 0002b000 08:04 4986141                    /usr/lib64/libvorbis.so.0.4.8
7f658518b000-7f658518c000 r--p 0002a000 08:04 4986141                    /usr/lib64/libvorbis.so.0.4.8
7f658518c000-7f658518d000 rw-p 00000000 00:00 0 
7f658518d000-7f6585193000 r-xp 00000000 08:04 4986139                    /usr/lib64/libogg.so.0.8.2
7f6585193000-7f6585392000 ---p 00006000 08:04 4986139                    /usr/lib64/libogg.so.0.8.2
7f6585392000-7f6585393000 r--p 00005000 08:04 4986139                    /usr/lib64/libogg.so.0.8.2
7f6585393000-7f6585394000 rw-p 00000000 00:00 0 
7f6585394000-7f65853ed000 r-xp 00000000 08:04 4986593                    /usr/lib64/libFLAC.so.8.3.0
7f65853ed000-7f65855ec000 ---p 00059000 08:04 4986593                    /usr/lib64/libFLAC.so.8.3.0
7f65855ec000-7f65855ee000 r--p 00058000 08:04 4986593                    /usr/lib64/libFLAC.so.8.3.0
7f65855ee000-7f65855ef000 rw-p 0005a000 08:04 4986593                    /usr/lib64/libFLAC.so.8.3.0
7f65855ef000-7f65855fa000 r-xp 00000000 08:04 4986685                    /usr/lib64/libgsm.so.1.0.17
7f65855fa000-7f65857f9000 ---p 0000b000 08:04 4986685                    /usr/lib64/libgsm.so.1.0.17
7f65857f9000-7f65857fa000 r--p 0000a000 08:04 4986685                    /usr/lib64/libgsm.so.1.0.17
7f65857fa000-7f65857fb000 rw-p 0000b000 08:04 4986685                    /usr/lib64/libgsm.so.1.0.17
7f65857fb000-7f6585811000 r-xp 00000000 08:04 4981349                    /usr/lib64/libnsl-2.24.so
7f6585811000-7f6585a10000 ---p 00016000 08:04 4981349                    /usr/lib64/libnsl-2.24.so
7f6585a10000-7f6585a11000 r--p 00015000 08:04 4981349                    /usr/lib64/libnsl-2.24.so
7f6585a11000-7f6585a12000 rw-p 00016000 08:04 4981349                    /usr/lib64/libnsl-2.24.so
7f6585a12000-7f6585a14000 rw-p 00000000 00:00 0 
7f6585a14000-7f6585a26000 r-xp 00000000 08:04 4981769                    /usr/lib64/libgpg-error.so.0.19.1
7f6585a26000-7f6585c26000 ---p 00012000 08:04 4981769                    /usr/lib64/libgpg-error.so.0.19.1
7f6585c26000-7f6585c27000 r--p 00012000 08:04 4981769                    /usr/lib64/libgpg-error.so.0.19.1
7f6585c27000-7f6585c28000 rw-p 00013000 08:04 4981769                    /usr/lib64/libgpg-error.so.0.19.1
7f6585c28000-7f6585d2f000 r-xp 00000000 08:04 4981849                    /usr/lib64/libgcrypt.so.20.1.9
7f6585d2f000-7f6585f2e000 ---p 00107000 08:04 4981849                    /usr/lib64/libgcrypt.so.20.1.9
7f6585f2e000-7f6585f30000 r--p 00106000 08:04 4981849                    /usr/lib64/libgcrypt.so.20.1.9
7f6585f30000-7f6585f37000 rw-p 00108000 08:04 4981849                    /usr/lib64/libgcrypt.so.20.1.9
7f6585f37000-7f6585f4b000 r-xp 00000000 08:04 4982013                    /usr/lib64/liblz4.so.1.8.0
7f6585f4b000-7f658614a000 ---p 00014000 08:04 4982013                    /usr/lib64/liblz4.so.1.8.0
7f658614a000-7f658614b000 r--p 00013000 08:04 4982013                    /usr/lib64/liblz4.so.1.8.0
7f658614b000-7f658614c000 rw-p 00000000 00:00 0 
7f658614c000-7f6586171000 r-xp 00000000 08:04 4981760                    /usr/lib64/liblzma.so.5.2.2
7f6586171000-7f6586370000 ---p 00025000 08:04 4981760                    /usr/lib64/liblzma.so.5.2.2
7f6586370000-7f6586371000 r--p 00024000 08:04 4981760                    /usr/lib64/liblzma.so.5.2.2
7f6586371000-7f6586372000 rw-p 00000000 00:00 0 
7f6586372000-7f6586395000 r-xp 00000000 08:04 4981747                    /usr/lib64/libselinux.so.1
7f6586395000-7f6586595000 ---p 00023000 08:04 4981747                    /usr/lib64/libselinux.so.1
7f6586595000-7f6586596000 r--p 00023000 08:04 4981747                    /usr/lib64/libselinux.so.1
7f6586596000-7f6586597000 rw-p 00024000 08:04 4981747                    /usr/lib64/libselinux.so.1
7f6586597000-7f6586599000 rw-p 00000000 00:00 0 
7f6586599000-7f658659d000 r-xp 00000000 08:04 4981845                    /usr/lib64/libuuid.so.1.3.0
7f658659d000-7f658679c000 ---p 00004000 08:04 4981845                    /usr/lib64/libuuid.so.1.3.0
7f658679c000-7f658679d000 r--p 00003000 08:04 4981845                    /usr/lib64/libuuid.so.1.3.0
7f658679d000-7f658679e000 rw-p 00000000 00:00 0 
7f658679e000-7f65867a3000 r-xp 00000000 08:04 4991446                    /usr/lib64/libasyncns.so.0.3.1
7f65867a3000-7f65869a2000 ---p 00005000 08:04 4991446                    /usr/lib64/libasyncns.so.0.3.1
7f65869a2000-7f65869a3000 r--p 00004000 08:04 4991446                    /usr/lib64/libasyncns.so.0.3.1
7f65869a3000-7f65869a4000 rw-p 00000000 00:00 0 
7f65869a4000-7f6586a0d000 r-xp 00000000 08:04 4986687                    /usr/lib64/libsndfile.so.1.0.28
7f6586a0d000-7f6586c0d000 ---p 00069000 08:04 4986687                    /usr/lib64/libsndfile.so.1.0.28
7f6586c0d000-7f6586c10000 r--p 00069000 08:04 4986687                    /usr/lib64/libsndfile.so.1.0.28
7f6586c10000-7f6586c11000 rw-p 0006c000 08:04 4986687                    /usr/lib64/libsndfile.so.1.0.28
7f6586c11000-7f6586c13000 rw-p 00000000 00:00 0 
7f6586c13000-7f6586c1c000 r-xp 00000000 08:04 4982118                    /usr/lib64/libwrap.so.0.7.6
7f6586c1c000-7f6586e1b000 ---p 00009000 08:04 4982118                    /usr/lib64/libwrap.so.0.7.6
7f6586e1b000-7f6586e1c000 r--p 00008000 08:04 4982118                    /usr/lib64/libwrap.so.0.7.6
7f6586e1c000-7f6586e1d000 rw-p 00009000 08:04 4982118                    /usr/lib64/libwrap.so.0.7.6
7f6586e1d000-7f6586e1e000 rw-p 00000000 00:00 0 
7f6586e1e000-7f6586ea4000 r-xp 00000000 08:04 4982016                    /usr/lib64/libsystemd.so.0.16.0
7f6586ea4000-7f6586ea7000 r--p 00085000 08:04 4982016                    /usr/lib64/libsystemd.so.0.16.0
7f6586ea7000-7f6586ea8000 rw-p 00088000 08:04 4982016                    /usr/lib64/libsystemd.so.0.16.0
7f6586ea8000-7f6586ea9000 rw-p 00000000 00:00 0 
7f6586ea9000-7f6586eb0000 r-xp 00000000 08:04 4985769                    /usr/lib64/libSM.so.6.0.1
7f6586eb0000-7f65870af000 ---p 00007000 08:04 4985769                    /usr/lib64/libSM.so.6.0.1
7f65870af000-7f65870b0000 r--p 00006000 08:04 4985769                    /usr/lib64/libSM.so.6.0.1
7f65870b0000-7f65870b1000 rw-p 00007000 08:04 4985769                    /usr/lib64/libSM.so.6.0.1
7f65870b1000-7f65870c8000 r-xp 00000000 08:04 4985765                    /usr/lib64/libICE.so.6.3.0
7f65870c8000-7f65872c8000 ---p 00017000 08:04 4985765                    /usr/lib64/libICE.so.6.3.0
7f65872c8000-7f65872c9000 r--p 00017000 08:04 4985765                    /usr/lib64/libICE.so.6.3.0
7f65872c9000-7f65872ca000 rw-p 00018000 08:04 4985765                    /usr/lib64/libICE.so.6.3.0
7f65872ca000-7f65872cd000 rw-p 00000000 00:00 0 
7f65872cd000-7f65872ce000 r-xp 00000000 08:04 4990176                    /usr/lib64/libX11-xcb.so.1.0.0
7f65872ce000-7f65874cd000 ---p 00001000 08:04 4990176                    /usr/lib64/libX11-xcb.so.1.0.0
7f65874cd000-7f65874ce000 r--p 00000000 08:04 4990176                    /usr/lib64/libX11-xcb.so.1.0.0
7f65874ce000-7f65874cf000 rw-p 00000000 00:00 0 
7f65874cf000-7f65874d3000 r-xp 00000000 08:04 4981777                    /usr/lib64/libcap.so.2.25
7f65874d3000-7f65876d2000 ---p 00004000 08:04 4981777                    /usr/lib64/libcap.so.2.25
7f65876d2000-7f65876d3000 r--p 00003000 08:04 4981777                    /usr/lib64/libcap.so.2.25
7f65876d3000-7f65876d4000 rw-p 00004000 08:04 4981777                    /usr/lib64/libcap.so.2.25
7f65876d4000-7f6587723000 r-xp 00000000 08:04 4982020                    /usr/lib64/libdbus-1.so.3.19.0
7f6587723000-7f6587922000 ---p 0004f000 08:04 4982020                    /usr/lib64/libdbus-1.so.3.19.0
7f6587922000-7f6587924000 r--p 0004e000 08:04 4982020                    /usr/lib64/libdbus-1.so.3.19.0
7f6587924000-7f6587925000 rw-p 00050000 08:04 4982020                    /usr/lib64/libdbus-1.so.3.19.0
7f6587925000-7f65879a5000 r-xp 00000000 08:04 4991452                    /usr/lib64/pulseaudio/libpulsecommon-10.0.so
7f65879a5000-7f6587ba5000 ---p 00080000 08:04 4991452                    /usr/lib64/pulseaudio/libpulsecommon-10.0.so
7f6587ba5000-7f6587ba7000 r--p 00080000 08:04 4991452                    /usr/lib64/pulseaudio/libpulsecommon-10.0.so
7f6587ba7000-7f6587ba8000 rw-p 00082000 08:04 4991452                    /usr/lib64/pulseaudio/libpulsecommon-10.0.so
7f6587ba8000-7f6587bf6000 r-xp 00000000 08:04 4991450                    /usr/lib64/libpulse.so.0.20.1
7f6587bf6000-7f6587df6000 ---p 0004e000 08:04 4991450                    /usr/lib64/libpulse.so.0.20.1
7f6587df6000-7f6587df8000 r--p 0004e000 08:04 4991450                    /usr/lib64/libpulse.so.0.20.1
7f6587df8000-7f6587df9000 rw-p 00050000 08:04 4991450                    /usr/lib64/libpulse.so.0.20.1
7f6587df9000-7f6587dff000 r-xp 00000000 08:04 4996263                    /usr/lib64/alsa-lib/libasound_module_pcm_pulse.so
7f6587dff000-7f6587ffe000 ---p 00006000 08:04 4996263                    /usr/lib64/alsa-lib/libasound_module_pcm_pulse.so
7f6587ffe000-7f6587fff000 r--p 00005000 08:04 4996263                    /usr/lib64/alsa-lib/libasound_module_pcm_pulse.so
7f6587fff000-7f6588000000 rw-p 00000000 00:00 0 
7f6588000000-7f6588021000 rw-p 00000000 00:00 0 
7f6588021000-7f658c000000 ---p 00000000 00:00 0 
7f658c000000-7f658c0a6000 rw-p 00000000 00:00 0 
7f658c0a6000-7f6590000000 ---p 00000000 00:00 0 
7f6590000000-7f6590067000 rw-p 00000000 00:00 0 
7f6590067000-7f6594000000 ---p 00000000 00:00 0 
7f6594000000-7f6594021000 rw-p 00000000 00:00 0 
7f6594021000-7f6598000000 ---p 00000000 00:00 0 
7f6598000000-7f6598021000 rw-p 00000000 00:00 0 
7f6598021000-7f659c000000 ---p 00000000 00:00 0 
7f659c000000-7f659c021000 rw-p 00000000 00:00 0 
7f659c021000-7f65a0000000 ---p 00000000 00:00 0 
7f65a0000000-7f65a0021000 rw-p 00000000 00:00 0 
7f65a0021000-7f65a4000000 ---p 00000000 00:00 0 
7f65a4000000-7f65a4021000 rw-p 00000000 00:00 0 
7f65a4021000-7f65a8000000 ---p 00000000 00:00 0 
7f65a8000000-7f65a87ef000 rw-p 00000000 00:00 0 
7f65a87ef000-7f65ac000000 ---p 00000000 00:00 0 
7f65ac000000-7f65ac021000 rw-p 00000000 00:00 0 
7f65ac021000-7f65b0000000 ---p 00000000 00:00 0 
7f65b0000000-7f65b0b26000 rw-p 00000000 00:00 0 
7f65b0b26000-7f65b4000000 ---p 00000000 00:00 0 
7f65b4000000-7f65b41b7000 rw-p 00000000 00:00 0 
7f65b41b7000-7f65b8000000 ---p 00000000 00:00 0 
7f65b8000000-7f65b8021000 rw-p 00000000 00:00 0 
7f65b8021000-7f65bc000000 ---p 00000000 00:00 0 
7f65bc024000-7f65bc111000 r-xp 00000000 08:04 4985804                    /usr/lib64/libasound.so.2.0.0
7f65bc111000-7f65bc310000 ---p 000ed000 08:04 4985804                    /usr/lib64/libasound.so.2.0.0
7f65bc310000-7f65bc318000 r--p 000ec000 08:04 4985804                    /usr/lib64/libasound.so.2.0.0
7f65bc318000-7f65bc319000 rw-p 000f4000 08:04 4985804                    /usr/lib64/libasound.so.2.0.0
7f65bc333000-7f65bc33a000 r--s 00000000 08:04 4981629                    /usr/lib64/gconv/gconv-modules.cache
7f65bc33a000-7f65bc349000 r-xp 00000000 08:04 6300896                    /usr/lib/jvm/java-1.8.0-openjdk-1.8.0.151-1.b12.fc25.x86_64/jre/lib/amd64/libjsoundalsa.so
7f65bc349000-7f65bc548000 ---p 0000f000 08:04 6300896                    /usr/lib/jvm/java-1.8.0-openjdk-1.8.0.151-1.b12.fc25.x86_64/jre/lib/amd64/libjsoundalsa.so
7f65bc548000-7f65bc549000 r--p 0000e000 08:04 6300896                    /usr/lib/jvm/java-1.8.0-openjdk-1.8.0.151-1.b12.fc25.x86_64/jre/lib/amd64/libjsoundalsa.so
7f65bc549000-7f65bc54a000 rw-p 00000000 00:00 0 
7f65bc54a000-7f65bc54b000 r-xp 00000000 08:04 6300826                    /usr/lib/jvm/java-1.8.0-openjdk-1.8.0.151-1.b12.fc25.x86_64/jre/lib/amd64/libjsound.so
7f65bc54b000-7f65bc74a000 ---p 00001000 08:04 6300826                    /usr/lib/jvm/java-1.8.0-openjdk-1.8.0.151-1.b12.fc25.x86_64/jre/lib/amd64/libjsound.so
7f65bc74a000-7f65bc74b000 r--p 00000000 08:04 6300826                    /usr/lib/jvm/java-1.8.0-openjdk-1.8.0.151-1.b12.fc25.x86_64/jre/lib/amd64/libjsound.so
7f65bc74b000-7f65bc74c000 rw-p 00000000 00:00 0 
7f65bc74c000-7f65bc74f000 ---p 00000000 00:00 0 
7f65bc74f000-7f65bc84d000 rw-p 00000000 00:00 0 
7f65bc84d000-7f65bc850000 ---p 00000000 00:00 0 
7f65bc850000-7f65bc94e000 rw-p 00000000 00:00 0 
7f65bc94e000-7f65bc951000 ---p 00000000 00:00 0 
7f65bc951000-7f65bca4f000 rw-p 00000000 00:00 0 
7f65bca4f000-7f65bca52000 ---p 00000000 00:00 0 
7f65bca52000-7f65bcd50000 rw-p 00000000 00:00 0 
7f65bcd50000-7f65bcf50000 rw-p 00000000 00:00 0 
7f65bcf50000-7f65bcf53000 ---p 00000000 00:00 0 
7f65bcf53000-7f65bd051000 rw-p 00000000 00:00 0 
7f65bd051000-7f65bd054000 ---p 00000000 00:00 0 
7f65bd054000-7f65bd152000 rw-p 00000000 00:00 0 
7f65bd152000-7f65bd164000 r--s 00000000 08:04 6293166                    /usr/share/fonts/default/ghostscript/putr.pfa
7f65bd164000-7f65bd177000 r--s 00000000 08:04 6293167                    /usr/share/fonts/default/ghostscript/putri.pfa
7f65bd177000-7f65bd189000 r--s 00000000 08:04 6293164                    /usr/share/fonts/default/ghostscript/putb.pfa
7f65bd189000-7f65bd19c000 r--s 00000000 08:04 6293165                    /usr/share/fonts/default/ghostscript/putbi.pfa
7f65bd19c000-7f65bd1a5000 r--s 00000000 08:04 6298544                    /usr/share/X11/fonts/Type1/c0648bt_.pfb
7f65bd1a5000-7f65bd1af000 r--s 00000000 08:04 6298536                    /usr/share/X11/fonts/Type1/c0583bt_.pfb
7f65bd1af000-7f65bd1bd000 r--s 00000000 08:04 6298547                    /usr/share/X11/fonts/Type1/cursor.pfa
7f65bd1bd000-7f65bd1c6000 r--s 00000000 08:04 6298540                    /usr/share/X11/fonts/Type1/c0632bt_.pfb
7f65bd1c6000-7f65bd1cf000 r--s 00000000 08:04 6298546                    /usr/share/X11/fonts/Type1/c0649bt_.pfb
7f65bd1cf000-7f65bd1d9000 r--s 00000000 08:04 6298538                    /usr/share/X11/fonts/Type1/c0611bt_.pfb
7f65bd1d9000-7f65bd1eb000 r--s 00000000 08:04 6298526                    /usr/share/X11/fonts/Type1/UTB_____.pfa
7f65bd1eb000-7f65bd1f5000 r--s 00000000 08:04 6298534                    /usr/share/X11/fonts/Type1/c0582bt_.pfb
7f65bd1f5000-7f65bd1ff000 r--s 00000000 08:04 6298532                    /usr/share/X11/fonts/Type1/c0419bt_.pfb
7f65bd1ff000-7f65bd212000 r--s 00000000 08:04 6298524                    /usr/share/X11/fonts/Type1/UTBI____.pfa
7f65bd212000-7f65bd21b000 r--s 00000000 08:04 6298542                    /usr/share/X11/fonts/Type1/c0633bt_.pfb
7f65bd21b000-7f65bd22e000 r--s 00000000 08:04 6298528                    /usr/share/X11/fonts/Type1/UTI_____.pfa
7f65bd22e000-7f65bd240000 r--s 00000000 08:04 6298530                    /usr/share/X11/fonts/Type1/UTRG____.pfa
7f65bd240000-7f65bd253000 r--s 00000000 08:04 6293222                    /usr/share/fonts/default/Type1/n019064l.pfb
7f65bd253000-7f65bd26b000 r--s 00000000 08:04 6293204                    /usr/share/fonts/default/Type1/c059036l.pfb
7f65bd26b000-7f65bd27c000 r--s 00000000 08:04 6293220                    /usr/share/fonts/default/Type1/n019063l.pfb
7f65bd27c000-7f65bd295000 r--s 00000000 08:04 6293224                    /usr/share/fonts/default/Type1/n021003l.pfb
7f65bd295000-7f65bd2b0000 r--s 00000000 08:04 6293242                    /usr/share/fonts/default/Type1/p052004l.pfb
7f65bd2b0000-7f65bd2bc000 r--s 00000000 08:04 6293206                    /usr/share/fonts/default/Type1/d050000l.pfb
7f65bd2bc000-7f65bd2d1000 r--s 00000000 08:04 6293194                    /usr/share/fonts/default/Type1/b018032l.pfb
7f65bd2d1000-7f65bd2e2000 r--s 00000000 08:04 6293214                    /usr/share/fonts/default/Type1/n019024l.pfb
7f65bd2e2000-7f65bd2f2000 r--s 00000000 08:04 6293182                    /usr/share/fonts/default/Type1/a010013l.pfb
7f65bd2f2000-7f65bd309000 r--s 00000000 08:04 6293250                    /usr/share/fonts/default/Type1/z003034l.pfb
7f65bd309000-7f65bd322000 r--s 00000000 08:04 6293190                    /usr/share/fonts/default/Type1/b018012l.pfb
7f65bd322000-7f65bd33c000 r--s 00000000 08:04 6293198                    /usr/share/fonts/default/Type1/c059013l.pfb
7f65bd33c000-7f65bd34e000 r--s 00000000 08:04 6293210                    /usr/share/fonts/default/Type1/n019004l.pfb
7f65bd34e000-7f65bd35f000 r--s 00000000 08:04 6293212                    /usr/share/fonts/default/Type1/n019023l.pfb
7f65bd35f000-7f65bd36f000 r--s 00000000 08:04 6293186                    /usr/share/fonts/default/Type1/a010033l.pfb
7f65bd36f000-7f65bd381000 r--s 00000000 08:04 6293218                    /usr/share/fonts/default/Type1/n019044l.pfb
7f65bd381000-7f65bd399000 r--s 00000000 08:04 6293202                    /usr/share/fonts/default/Type1/c059033l.pfb
7f65bd399000-7f65bd3ad000 r--s 00000000 08:04 6293208                    /usr/share/fonts/default/Type1/n019003l.pfb
7f65bd3ad000-7f65bd3be000 r--s 00000000 08:04 6293188                    /usr/share/fonts/default/Type1/a010035l.pfb
7f65bd3be000-7f65bd3ce000 r--s 00000000 08:04 6293184                    /usr/share/fonts/default/Type1/a010015l.pfb
7f65bd3ce000-7f65bd3e4000 r--s 00000000 08:04 6293236                    /usr/share/fonts/default/Type1/n022023l.pfb
7f65bd3e4000-7f65bd3fa000 r--s 00000000 08:04 6293238                    /usr/share/fonts/default/Type1/n022024l.pfb
7f65bd3fa000-7f65bd40d000 r--s 00000000 08:04 6293192                    /usr/share/fonts/default/Type1/b018015l.pfb
7f65bd40d000-7f65bd426000 r--s 00000000 08:04 6293234                    /usr/share/fonts/default/Type1/n022004l.pfb
7f65bd426000-7f65bd42f000 r--s 00000000 08:04 6293248                    /usr/share/fonts/default/Type1/s050000l.pfb
7f65bd42f000-7f65bd445000 r--s 00000000 08:04 6293230                    /usr/share/fonts/default/Type1/n021024l.pfb
7f65bd445000-7f65bd461000 r--s 00000000 08:04 6293246                    /usr/share/fonts/default/Type1/p052024l.pfb
7f65bd461000-7f65c4000000 r--p 00000000 08:04 5250664                    /usr/lib/locale/locale-archive
7f65c4000000-7f65c4021000 rw-p 00000000 00:00 0 
7f65c4021000-7f65c8000000 ---p 00000000 00:00 0 
7f65c8000000-7f65c8021000 rw-p 00000000 00:00 0 
7f65c8021000-7f65cc000000 ---p 00000000 00:00 0 
7f65cc000000-7f65cc021000 rw-p 00000000 00:00 0 
7f65cc021000-7f65d0000000 ---p 00000000 00:00 0 
7f65d0002000-7f65d001d000 r--s 00000000 08:04 6293244                    /usr/share/fonts/default/Type1/p052023l.pfb
7f65d001d000-7f65d0034000 r--s 00000000 08:04 6293228                    /usr/share/fonts/default/Type1/n021023l.pfb
7f65d0034000-7f65d004f000 r--s 00000000 08:04 6293240                    /usr/share/fonts/default/Type1/p052003l.pfb
7f65d004f000-7f65d006a000 r--s 00000000 08:04 6293200                    /usr/share/fonts/default/Type1/c059016l.pfb
7f65d006a000-7f65d007c000 r--s 00000000 08:04 6293196                    /usr/share/fonts/default/Type1/b018035l.pfb
7f65d007c000-7f65d008e000 r--s 00000000 08:04 6293216                    /usr/share/fonts/default/Type1/n019043l.pfb
7f65d008e000-7f65d00a7000 r--s 00000000 08:04 6293226                    /usr/share/fonts/default/Type1/n021004l.pfb
7f65d00a7000-7f65d00a9000 r--s 00000000 08:04 5510315                    /var/cache/fontconfig/87f5e051180a7a75f16eb6fe7dbd3749-le64.cache-7
7f65d00a9000-7f65d00b4000 r--s 00000000 08:04 5510313                    /var/cache/fontconfig/b79f3aaa7d385a141ab53ec885cc22a8-le64.cache-7
7f65d00b4000-7f65d00b7000 r--s 00000000 08:04 5514898                    /var/cache/fontconfig/f339ef9a3849dbd0f7ede17c3bc4fd40-le64.cache-7
7f65d00b7000-7f65d00b9000 r--s 00000000 08:04 5514897                    /var/cache/fontconfig/dc56af23ca9cfb038593e72b5e9dadd6-le64.cache-7
7f65d00b9000-7f65d00bb000 r--s 00000000 08:04 5511743                    /var/cache/fontconfig/2e1514a9fdd499050989183bb65136db-le64.cache-7
7f65d00bb000-7f65d00bf000 r--s 00000000 08:04 5514896                    /var/cache/fontconfig/0262a88faed684713130246cf7a0eef2-le64.cache-7
7f65d00bf000-7f65d00c2000 r--s 00000000 08:04 5514895                    /var/cache/fontconfig/2971ecca0d3815f38d18c00e0b677586-le64.cache-7
7f65d00c2000-7f65d00c4000 r--s 00000000 08:04 5510311                    /var/cache/fontconfig/3f821257dd33660ba7bbb45c32deb84c-le64.cache-7
7f65d00c4000-7f65d00c7000 r--s 00000000 08:04 5514894                    /var/cache/fontconfig/b206e14174e2821e837cf852f8b3a00e-le64.cache-7
7f65d00c7000-7f65d00d4000 r--s 00000000 08:04 5511741                    /var/cache/fontconfig/8cf84b531759d4484556eb8586bc5925-le64.cache-7
7f65d00d4000-7f65d00d5000 r--s 00000000 08:04 5511742                    /var/cache/fontconfig/4e602040080c966cb821813a3e584564-le64.cache-7
7f65d00d5000-7f65d00d8000 r--s 00000000 08:04 5514893                    /var/cache/fontconfig/830f035fa84a65ce80e050178dbb630d-le64.cache-7
7f65d00d8000-7f65d00db000 r--s 00000000 08:04 5514892                    /var/cache/fontconfig/783fb293284e4b38fbeece593f4db20c-le64.cache-7
7f65d00db000-7f65d00e0000 r--s 00000000 08:04 5514891                    /var/cache/fontconfig/401dcafdc6dc4d9f9e503bfbb8093fe6-le64.cache-7
7f65d00e0000-7f65d00e6000 r--s 00000000 08:04 5514890                    /var/cache/fontconfig/5e591af9aae0d47be6b958bbbbcd62fb-le64.cache-7
7f65d00e6000-7f65d00e7000 r--s 00000000 08:04 5511509                    /var/cache/fontconfig/81a173283b451552b599cfaafd6236bd-le64.cache-7
7f65d00e7000-7f65d00e9000 r--s 00000000 08:04 5514889                    /var/cache/fontconfig/49218e627af47977f0494863a1e571ba-le64.cache-7
7f65d00e9000-7f65d00ea000 r--s 00000000 08:04 5511740                    /var/cache/fontconfig/ac68f755438cc3dc5a526084839fc7ca-le64.cache-7
7f65d00ea000-7f65d00eb000 r--s 00000000 08:04 5511739                    /var/cache/fontconfig/f951a6bc01c50d58ac4af16a0108457e-le64.cache-7
7f65d00eb000-7f65d00ec000 r--s 00000000 08:04 5511738                    /var/cache/fontconfig/8cab66d8f642305e525ba3e322d0979c-le64.cache-7
7f65d00ec000-7f65d00ed000 r--s 00000000 08:04 5511737                    /var/cache/fontconfig/12513961c6e7090f8648812f9eaf65d6-le64.cache-7
7f65d00ed000-7f65d00f3000 r--s 00000000 08:04 5514888                    /var/cache/fontconfig/11c96b067b5594c55af2a3352811655c-le64.cache-7
7f65d00f3000-7f65d00fa000 r--s 00000000 08:04 5514887                    /var/cache/fontconfig/dd660938e9a1d0959e1d4ade65ad34cf-le64.cache-7
7f65d00fa000-7f65d00fd000 r--s 00000000 08:04 5514886                    /var/cache/fontconfig/fa2c00123349eb0ab9ad0e0585780417-le64.cache-7
7f65d00fd000-7f65d00ff000 r--s 00000000 08:04 5514885                    /var/cache/fontconfig/381ba418dd976deacc5e77c1e057d5c3-le64.cache-7
7f65d00ff000-7f65d0111000 r--s 00000000 08:04 5514884                    /var/cache/fontconfig/ee7cab04922e178dc4594c429f58c906-le64.cache-7
7f65d0111000-7f65d0114000 r--s 00000000 08:04 5514883                    /var/cache/fontconfig/a63868d6c390500182d4c43615c654d3-le64.cache-7
7f65d0114000-7f65d0115000 r--s 00000000 08:04 5514882                    /var/cache/fontconfig/7873722b52f1652fa7cdc99505c0d12e-le64.cache-7
7f65d0115000-7f65d0116000 r--s 00000000 08:04 5514881                    /var/cache/fontconfig/61240c1d9a0cf829c120ee3e673eef4b-le64.cache-7
7f65d0116000-7f65d0119000 r--s 00000000 08:04 5511736                    /var/cache/fontconfig/e26bf336397aae6fcef4d3803472adec-le64.cache-7
7f65d0119000-7f65d011a000 r--s 00000000 08:04 5511735                    /var/cache/fontconfig/f132fa2327207a6ac3298c0518879731-le64.cache-7
7f65d011a000-7f65d011b000 r--s 00000000 08:04 5510146                    /var/cache/fontconfig/6fcb01a03a016cc71057b587cdea6709-le64.cache-7
7f65d011b000-7f65d011d000 r--s 00000000 08:04 5514880                    /var/cache/fontconfig/ce0d969af2176489fbefad4fe7aa6451-le64.cache-7
7f65d011d000-7f65d0120000 r--s 00000000 08:04 5514879                    /var/cache/fontconfig/b2ff3883dd303e48621d99a1dc7cd6df-le64.cache-7
7f65d0120000-7f65d0122000 r--s 00000000 08:04 5514878                    /var/cache/fontconfig/3377eee756d7f24f24481ca9de85f761-le64.cache-7
7f65d0122000-7f65d0126000 r--s 00000000 08:04 5511507                    /var/cache/fontconfig/8aa05f52519ebacbdf5713e01a6153b0-le64.cache-7
7f65d0126000-7f65d012c000 r--s 00000000 08:04 5514877                    /var/cache/fontconfig/447ae9dbacdc22ca4eb42daac3115eec-le64.cache-7
7f65d012c000-7f65d0130000 r--s 00000000 08:04 5514876                    /var/cache/fontconfig/f4640264bf4342c1b8c987d13a34d49d-le64.cache-7
7f65d0130000-7f65d0132000 r--s 00000000 08:04 5514875                    /var/cache/fontconfig/32fa47c71cb161c3a2959dc4c7050028-le64.cache-7
7f65d0132000-7f65d0133000 r--s 00000000 08:04 5511734                    /var/cache/fontconfig/b887eea8f1b96e1d899b44ed6681fc27-le64.cache-7
7f65d0133000-7f65d0134000 r--s 00000000 08:04 5511733                    /var/cache/fontconfig/860639f272b8b4b3094f9e399e41bccd-le64.cache-7
7f65d0134000-7f65d0135000 r--s 00000000 08:04 5511732                    /var/cache/fontconfig/5d33f04e74a97395cf88bbd83847f1f1-le64.cache-7
7f65d0135000-7f65d0136000 r--s 00000000 08:04 5511731                    /var/cache/fontconfig/df893b4576ad6107f9397134092c4059-le64.cache-7
7f65d0136000-7f65d0137000 r--s 00000000 08:04 5511730                    /var/cache/fontconfig/1e1e03b57ed9f0c723c5aeafda46c3fb-le64.cache-7
7f65d0137000-7f65d0138000 r--s 00000000 08:04 5511729                    /var/cache/fontconfig/900402270e15d763a6e008bb2d4c7686-le64.cache-7
7f65d0138000-7f65d0139000 r--s 00000000 08:04 5511728                    /var/cache/fontconfig/47f48679023f44a4d1e44699a69464f6-le64.cache-7
7f65d0139000-7f65d013a000 r--s 00000000 08:04 5511727                    /var/cache/fontconfig/2881ed3fd21ca306ddad6f9b0dd3189f-le64.cache-7
7f65d013a000-7f65d013b000 r--s 00000000 08:04 5511726                    /var/cache/fontconfig/3c3fb04d32a5211b073874b125d29701-le64.cache-7
7f65d013b000-7f65d013d000 r--s 00000000 08:04 5514874                    /var/cache/fontconfig/1ba56fa0e5e4790ae9a1cd944f6a439c-le64.cache-7
7f65d013d000-7f65d013e000 r--s 00000000 08:04 5514873                    /var/cache/fontconfig/aa1e7e339e8ba54420bca0caa86a076f-le64.cache-7
7f65d013e000-7f65d015e000 r--s 00000000 08:04 5514872                    /var/cache/fontconfig/02770245eac059faefae62cb0d56fbcb-le64.cache-7
7f65d015e000-7f65d0161000 r--s 00000000 08:04 5514871                    /var/cache/fontconfig/f7db4eb80ecea119098b8712da68a042-le64.cache-7
7f65d0161000-7f65d0169000 r--s 00000000 08:04 5514868                    /var/cache/fontconfig/ccb2d0786bada64fd4b4887a4949240d-le64.cache-7
7f65d0169000-7f65d0186000 r--s 00000000 08:04 5510562                    /var/cache/fontconfig/e34b99a1e22e6f7451938fb9934274e6-le64.cache-7
7f65d0186000-7f65d019d000 r-xp 00000000 08:04 4981357                    /usr/lib64/libresolv-2.24.so
7f65d019d000-7f65d039d000 ---p 00017000 08:04 4981357                    /usr/lib64/libresolv-2.24.so
7f65d039d000-7f65d039e000 r--p 00017000 08:04 4981357                    /usr/lib64/libresolv-2.24.so
7f65d039e000-7f65d039f000 rw-p 00018000 08:04 4981357                    /usr/lib64/libresolv-2.24.so
7f65d039f000-7f65d03a1000 rw-p 00000000 00:00 0 
7f65d03a1000-7f65d03a6000 r-xp 00000000 08:04 4981351                    /usr/lib64/libnss_dns-2.24.so
7f65d03a6000-7f65d05a6000 ---p 00005000 08:04 4981351                    /usr/lib64/libnss_dns-2.24.so
7f65d05a6000-7f65d05a7000 r--p 00005000 08:04 4981351                    /usr/lib64/libnss_dns-2.24.so
7f65d05a7000-7f65d05a8000 rw-p 00006000 08:04 4981351                    /usr/lib64/libnss_dns-2.24.so
7f65d05a8000-7f65d07a8000 rw-p 00000000 00:00 0 
7f65d07a8000-7f65d07b9000 r-xp 00000000 08:04 6300831                    /usr/lib/jvm/java-1.8.0-openjdk-1.8.0.151-1.b12.fc25.x86_64/jre/lib/amd64/libnio.so
7f65d07b9000-7f65d09b9000 ---p 00011000 08:04 6300831                    /usr/lib/jvm/java-1.8.0-openjdk-1.8.0.151-1.b12.fc25.x86_64/jre/lib/amd64/libnio.so
7f65d09b9000-7f65d09ba000 r--p 00011000 08:04 6300831                    /usr/lib/jvm/java-1.8.0-openjdk-1.8.0.151-1.b12.fc25.x86_64/jre/lib/amd64/libnio.so
7f65d09ba000-7f65d09bb000 rw-p 00012000 08:04 6300831                    /usr/lib/jvm/java-1.8.0-openjdk-1.8.0.151-1.b12.fc25.x86_64/jre/lib/amd64/libnio.so
7f65d09bb000-7f65d09d2000 r-xp 00000000 08:04 6300830                    /usr/lib/jvm/java-1.8.0-openjdk-1.8.0.151-1.b12.fc25.x86_64/jre/lib/amd64/libnet.so
7f65d09d2000-7f65d0bd1000 ---p 00017000 08:04 6300830                    /usr/lib/jvm/java-1.8.0-openjdk-1.8.0.151-1.b12.fc25.x86_64/jre/lib/amd64/libnet.so
7f65d0bd1000-7f65d0bd2000 r--p 00016000 08:04 6300830                    /usr/lib/jvm/java-1.8.0-openjdk-1.8.0.151-1.b12.fc25.x86_64/jre/lib/amd64/libnet.so
7f65d0bd2000-7f65d0bd3000 rw-p 00017000 08:04 6300830                    /usr/lib/jvm/java-1.8.0-openjdk-1.8.0.151-1.b12.fc25.x86_64/jre/lib/amd64/libnet.so
7f65d0bd3000-7f65d0bd6000 ---p 00000000 00:00 0 
7f65d0bd6000-7f65d0cd4000 rw-p 00000000 00:00 0 
7f65d0cd4000-7f65d0cd9000 r-xp 00000000 08:04 4990182                    /usr/lib64/libXfixes.so.3.1.0
7f65d0cd9000-7f65d0ed8000 ---p 00005000 08:04 4990182                    /usr/lib64/libXfixes.so.3.1.0
7f65d0ed8000-7f65d0ed9000 r--p 00004000 08:04 4990182                    /usr/lib64/libXfixes.so.3.1.0
7f65d0ed9000-7f65d0eda000 rw-p 00005000 08:04 4990182                    /usr/lib64/libXfixes.so.3.1.0
7f65d0eda000-7f65d0ee3000 r-xp 00000000 08:04 4990198                    /usr/lib64/libXcursor.so.1.0.2
7f65d0ee3000-7f65d10e3000 ---p 00009000 08:04 4990198                    /usr/lib64/libXcursor.so.1.0.2
7f65d10e3000-7f65d10e4000 r--p 00009000 08:04 4990198                    /usr/lib64/libXcursor.so.1.0.2
7f65d10e4000-7f65d10e5000 rw-p 00000000 00:00 0 
7f65d10e5000-7f65d10e8000 ---p 00000000 00:00 0 
7f65d10e8000-7f65d11e6000 rw-p 00000000 00:00 0 
7f65d11e6000-7f65d1217000 r-xp 00000000 08:04 4982473                    /usr/lib64/libpng16.so.16.27.0
7f65d1217000-7f65d1417000 ---p 00031000 08:04 4982473                    /usr/lib64/libpng16.so.16.27.0
7f65d1417000-7f65d1418000 r--p 00031000 08:04 4982473                    /usr/lib64/libpng16.so.16.27.0
7f65d1418000-7f65d1419000 rw-p 00000000 00:00 0 
7f65d1419000-7f65d1428000 r-xp 00000000 08:04 4981766                    /usr/lib64/libbz2.so.1.0.6
7f65d1428000-7f65d1627000 ---p 0000f000 08:04 4981766                    /usr/lib64/libbz2.so.1.0.6
7f65d1627000-7f65d1628000 r--p 0000e000 08:04 4981766                    /usr/lib64/libbz2.so.1.0.6
7f65d1628000-7f65d1629000 rw-p 0000f000 08:04 4981766                    /usr/lib64/libbz2.so.1.0.6
7f65d1629000-7f65d16cd000 r-xp 00000000 08:04 4982476                    /usr/lib64/libfreetype.so.6.12.5
7f65d16cd000-7f65d18cd000 ---p 000a4000 08:04 4982476                    /usr/lib64/libfreetype.so.6.12.5
7f65d18cd000-7f65d18d3000 r--p 000a4000 08:04 4982476                    /usr/lib64/libfreetype.so.6.12.5
7f65d18d3000-7f65d18d4000 rw-p 00000000 00:00 0 
7f65d18d4000-7f65d1925000 r-xp 00000000 08:04 6300813                    /usr/lib/jvm/java-1.8.0-openjdk-1.8.0.151-1.b12.fc25.x86_64/jre/lib/amd64/libfontmanager.so
7f65d1925000-7f65d1b24000 ---p 00051000 08:04 6300813                    /usr/lib/jvm/java-1.8.0-openjdk-1.8.0.151-1.b12.fc25.x86_64/jre/lib/amd64/libfontmanager.so
7f65d1b24000-7f65d1b27000 r--p 00050000 08:04 6300813                    /usr/lib/jvm/java-1.8.0-openjdk-1.8.0.151-1.b12.fc25.x86_64/jre/lib/amd64/libfontmanager.so
7f65d1b27000-7f65d1b28000 rw-p 00053000 08:04 6300813                    /usr/lib/jvm/java-1.8.0-openjdk-1.8.0.151-1.b12.fc25.x86_64/jre/lib/amd64/libfontmanager.so
7f65d1b28000-7f65d1b2a000 r-xp 00000000 08:04 4986153                    /usr/lib64/libXau.so.6.0.0
7f65d1b2a000-7f65d1d2a000 ---p 00002000 08:04 4986153                    /usr/lib64/libXau.so.6.0.0
7f65d1d2a000-7f65d1d2b000 r--p 00002000 08:04 4986153                    /usr/lib64/libXau.so.6.0.0
7f65d1d2b000-7f65d1d2c000 rw-p 00000000 00:00 0 
7f65d1d2c000-7f65d1d53000 r-xp 00000000 08:04 4986203                    /usr/lib64/libxcb.so.1.1.0
7f65d1d53000-7f65d1f52000 ---p 00027000 08:04 4986203                    /usr/lib64/libxcb.so.1.1.0
7f65d1f52000-7f65d1f53000 r--p 00026000 08:04 4986203                    /usr/lib64/libxcb.so.1.1.0
7f65d1f53000-7f65d1f54000 rw-p 00027000 08:04 4986203                    /usr/lib64/libxcb.so.1.1.0
7f65d1f54000-7f65d1f63000 r-xp 00000000 08:04 4990184                    /usr/lib64/libXi.so.6.1.0
7f65d1f63000-7f65d2162000 ---p 0000f000 08:04 4990184                    /usr/lib64/libXi.so.6.1.0
7f65d2162000-7f65d2163000 r--p 0000e000 08:04 4990184                    /usr/lib64/libXi.so.6.1.0
7f65d2163000-7f65d2164000 rw-p 0000f000 08:04 4990184                    /usr/lib64/libXi.so.6.1.0
7f65d2164000-7f65d2169000 r-xp 00000000 08:04 4990194                    /usr/lib64/libXtst.so.6.1.0
7f65d2169000-7f65d2368000 ---p 00005000 08:04 4990194                    /usr/lib64/libXtst.so.6.1.0
7f65d2368000-7f65d2369000 r--p 00004000 08:04 4990194                    /usr/lib64/libXtst.so.6.1.0
7f65d2369000-7f65d236a000 rw-p 00005000 08:04 4990194                    /usr/lib64/libXtst.so.6.1.0
7f65d236a000-7f65d236c000 r-xp 00000000 08:04 4990188                    /usr/lib64/libXcomposite.so.1.0.0
7f65d236c000-7f65d256b000 ---p 00002000 08:04 4990188                    /usr/lib64/libXcomposite.so.1.0.0
7f65d256b000-7f65d256c000 r--p 00001000 08:04 4990188                    /usr/lib64/libXcomposite.so.1.0.0
7f65d256c000-7f65d256d000 rw-p 00000000 00:00 0 
7f65d256d000-7f65d2576000 r-xp 00000000 08:04 4990190                    /usr/lib64/libXrender.so.1.3.0
7f65d2576000-7f65d2775000 ---p 00009000 08:04 4990190                    /usr/lib64/libXrender.so.1.3.0
7f65d2775000-7f65d2776000 r--p 00008000 08:04 4990190                    /usr/lib64/libXrender.so.1.3.0
7f65d2776000-7f65d2777000 rw-p 00009000 08:04 4990190                    /usr/lib64/libXrender.so.1.3.0
7f65d2777000-7f65d28af000 r-xp 00000000 08:04 4990178                    /usr/lib64/libX11.so.6.3.0
7f65d28af000-7f65d2aaf000 ---p 00138000 08:04 4990178                    /usr/lib64/libX11.so.6.3.0
7f65d2aaf000-7f65d2ab2000 r--p 00138000 08:04 4990178                    /usr/lib64/libX11.so.6.3.0
7f65d2ab2000-7f65d2ab6000 rw-p 0013b000 08:04 4990178                    /usr/lib64/libX11.so.6.3.0
7f65d2ab6000-7f65d2ac7000 r-xp 00000000 08:04 4990180                    /usr/lib64/libXext.so.6.4.0
7f65d2ac7000-7f65d2cc6000 ---p 00011000 08:04 4990180                    /usr/lib64/libXext.so.6.4.0
7f65d2cc6000-7f65d2cc7000 r--p 00010000 08:04 4990180                    /usr/lib64/libXext.so.6.4.0
7f65d2cc7000-7f65d2cc8000 rw-p 00011000 08:04 4990180                    /usr/lib64/libXext.so.6.4.0
7f65d2cc8000-7f65d2d1c000 r-xp 00000000 08:04 6300894                    /usr/lib/jvm/java-1.8.0-openjdk-1.8.0.151-1.b12.fc25.x86_64/jre/lib/amd64/libawt_xawt.so
7f65d2d1c000-7f65d2f1c000 ---p 00054000 08:04 6300894                    /usr/lib/jvm/java-1.8.0-openjdk-1.8.0.151-1.b12.fc25.x86_64/jre/lib/amd64/libawt_xawt.so
7f65d2f1c000-7f65d2f1d000 r--p 00054000 08:04 6300894                    /usr/lib/jvm/java-1.8.0-openjdk-1.8.0.151-1.b12.fc25.x86_64/jre/lib/amd64/libawt_xawt.so
7f65d2f1d000-7f65d2f1f000 rw-p 00055000 08:04 6300894                    /usr/lib/jvm/java-1.8.0-openjdk-1.8.0.151-1.b12.fc25.x86_64/jre/lib/amd64/libawt_xawt.so
7f65d2f1f000-7f65d2f21000 rw-p 00000000 00:00 0 
7f65d2f21000-7f65d2fc2000 r-xp 00000000 08:04 6300810                    /usr/lib/jvm/java-1.8.0-openjdk-1.8.0.151-1.b12.fc25.x86_64/jre/lib/amd64/libawt.so
7f65d2fc2000-7f65d31c1000 ---p 000a1000 08:04 6300810                    /usr/lib/jvm/java-1.8.0-openjdk-1.8.0.151-1.b12.fc25.x86_64/jre/lib/amd64/libawt.so
7f65d31c1000-7f65d31c2000 r--p 000a0000 08:04 6300810                    /usr/lib/jvm/java-1.8.0-openjdk-1.8.0.151-1.b12.fc25.x86_64/jre/lib/amd64/libawt.so
7f65d31c2000-7f65d31cd000 rw-p 000a1000 08:04 6300810                    /usr/lib/jvm/java-1.8.0-openjdk-1.8.0.151-1.b12.fc25.x86_64/jre/lib/amd64/libawt.so
7f65d31cd000-7f65d31f2000 rw-p 00000000 00:00 0 
7f65d31f2000-7f65d31f3000 ---p 00000000 00:00 0 
7f65d31f3000-7f65d32f3000 rw-p 00000000 00:00 0 
7f65d32f3000-7f65d32f6000 ---p 00000000 00:00 0 
7f65d32f6000-7f65d33f4000 rw-p 00000000 00:00 0 
7f65d33f4000-7f65d33f7000 ---p 00000000 00:00 0 
7f65d33f7000-7f65d34f5000 rw-p 00000000 00:00 0 
7f65d34f5000-7f65d34f8000 ---p 00000000 00:00 0 
7f65d34f8000-7f65d35f6000 rw-p 00000000 00:00 0 
7f65d35f6000-7f65d35f9000 ---p 00000000 00:00 0 
7f65d35f9000-7f65d36f7000 rw-p 00000000 00:00 0 
7f65d36f7000-7f65d36fa000 ---p 00000000 00:00 0 
7f65d36fa000-7f65d37f8000 rw-p 00000000 00:00 0 
7f65d37f8000-7f65d37fb000 ---p 00000000 00:00 0 
7f65d37fb000-7f65d38f9000 rw-p 00000000 00:00 0 
7f65d38f9000-7f65d38fc000 ---p 00000000 00:00 0 
7f65d38fc000-7f65d39fa000 rw-p 00000000 00:00 0 
7f65d39fa000-7f65d39fb000 ---p 00000000 00:00 0 
7f65d39fb000-7f65d4000000 rw-p 00000000 00:00 0 
7f65d4000000-7f65d4021000 rw-p 00000000 00:00 0 
7f65d4021000-7f65d8000000 ---p 00000000 00:00 0 
7f65d8000000-7f65d8002000 r--s 00000000 08:04 5514870                    /var/cache/fontconfig/fd3f5ff8afaa9f36fec91d63e6ae2f60-le64.cache-7
7f65d8002000-7f65d8004000 r--s 00000000 08:04 5514869                    /var/cache/fontconfig/f72eaeb4ac2ccf4d956de7956a98942c-le64.cache-7
7f65d8004000-7f65d8009000 r--s 00000000 08:04 5510310                    /var/cache/fontconfig/b67b32625a2bb51b023d3814a918f351-le64.cache-7
7f65d8009000-7f65d8011000 r--s 00000000 08:04 5514867                    /var/cache/fontconfig/147799fc934417213a2ac0134168e4a8-le64.cache-7
7f65d8011000-7f65d8013000 r--s 00000000 08:04 5511506                    /var/cache/fontconfig/d3379abda271c4acd2ad0c01f565d0b0-le64.cache-7
7f65d8013000-7f65d801b000 r--s 00000000 08:04 5514866                    /var/cache/fontconfig/39ead01cc9cd60029cc7ae3b9c13f1e5-le64.cache-7
7f65d801b000-7f65d802e000 r--s 00000000 08:04 5514863                    /var/cache/fontconfig/1a877d34a44f5e059c74334a2ed3d4c5-le64.cache-7
7f65d802e000-7f65dc000000 rw-p 00000000 00:00 0 
7f65dc000000-7f65dc021000 rw-p 00000000 00:00 0 
7f65dc021000-7f65e0000000 ---p 00000000 00:00 0 
7f65e0000000-7f65e0021000 rw-p 00000000 00:00 0 
7f65e0021000-7f65e4000000 ---p 00000000 00:00 0 
7f65e4000000-7f65e4021000 rw-p 00000000 00:00 0 
7f65e4021000-7f65e8000000 ---p 00000000 00:00 0 
7f65e8000000-7f65e8001000 r--s 00000000 08:04 5511725                    /var/cache/fontconfig/e61abf8156cc476151baa07d67337cae-le64.cache-7
7f65e8001000-7f65e8002000 r--s 00000000 08:04 5511723                    /var/cache/fontconfig/b4d0b56f766d89640448751fcd18ec1e-le64.cache-7
7f65e8002000-7f65e8003000 r--s 00000000 08:04 5514865                    /var/cache/fontconfig/30c5f4a3fa007ce7189acb0c5244d5e0-le64.cache-7
7f65e8003000-7f65e8005000 r--s 00000000 08:04 5514864                    /var/cache/fontconfig/9d6b6961e7ef997cf647fddc43984be1-le64.cache-7
7f65e8005000-7f65e8007000 r--s 00000000 08:04 5510142                    /var/cache/fontconfig/b14e78aa9400ae7a28193faee1d62280-le64.cache-7
7f65e8007000-7f65e800a000 r--s 00000000 08:04 5511510                    /var/cache/fontconfig/7ee6df7a8311986241317a58487e0145-le64.cache-7
7f65e800a000-7f65e800c000 r--s 00000000 08:04 5511504                    /var/cache/fontconfig/99a1ce9f8b6a0434aadb01d3779b0780-le64.cache-7
7f65e800c000-7f65e800e000 r--s 00000000 08:04 5511503                    /var/cache/fontconfig/f9d379b867d7c69c85310a4f24e5228f-le64.cache-7
7f65e800e000-7f65e800f000 r--s 00000000 08:04 5511721                    /var/cache/fontconfig/a0c19c2c21e758d73376b5942921cc72-le64.cache-7
7f65e800f000-7f65e8022000 r--s 00000000 08:04 5511501                    /var/cache/fontconfig/614d1caaa4d7914789410f6367de37ca-le64.cache-7
7f65e8022000-7f65e8028000 r--s 00000000 08:04 5514862                    /var/cache/fontconfig/1df85697c14702f44658b24b408926a8-le64.cache-7
7f65e8028000-7f65e8029000 r--s 00000000 08:04 5514861                    /var/cache/fontconfig/ebf56f3700add7deef4170121b075635-le64.cache-7
7f65e8029000-7f65e802a000 r--s 00000000 08:04 5514860                    /var/cache/fontconfig/152851b4acb048b800b8533ebc1936a3-le64.cache-7
7f65e802a000-7f65e802d000 r--s 00000000 08:04 5514859                    /var/cache/fontconfig/1001bb686ac205d38fadd4998ec2152d-le64.cache-7
7f65e802d000-7f65e8030000 r--s 00000000 08:04 5514858                    /var/cache/fontconfig/2cbe6dac152fceb49957eb990e8f7dfa-le64.cache-7
7f65e8030000-7f65e8031000 r--s 00000000 08:04 5514857                    /var/cache/fontconfig/d7e68a80a06657bbae41d14d310f555f-le64.cache-7
7f65e8031000-7f65e8034000 r--s 00000000 08:04 5514856                    /var/cache/fontconfig/0669abc9e8863dabd7fb8975a3169a86-le64.cache-7
7f65e8034000-7f65e8035000 r--s 00000000 08:04 5514855                    /var/cache/fontconfig/9df3afe5f4f864d4b26fb58d477683d4-le64.cache-7
7f65e8035000-7f65e8037000 r--s 00000000 08:04 5514854                    /var/cache/fontconfig/4773c4f6f3a341ff599072afa1542d36-le64.cache-7
7f65e8037000-7f65e8038000 r--s 00000000 08:04 5524958                    /var/cache/fontconfig/0f80fa86029ae75a63f21d682b864529-le64.cache-7
7f65e8038000-7f65e8042000 r--s 00000000 08:04 5514852                    /var/cache/fontconfig/ed5f51de67573479bbfe4a227e990540-le64.cache-7
7f65e8042000-7f65e804f000 r--s 00000000 08:04 5514851                    /var/cache/fontconfig/97e72070044f6937752cf3387f4cc751-le64.cache-7
7f65e804f000-7f65e8051000 r--s 00000000 08:04 5514850                    /var/cache/fontconfig/80851f10ec0499eef7db066c71291947-le64.cache-7
7f65e8051000-7f65e8054000 r--s 00000000 08:04 5514849                    /var/cache/fontconfig/f8d73b453b8886994cde55d811f6a889-le64.cache-7
7f65e8054000-7f65e805a000 r--s 00000000 08:04 5514848                    /var/cache/fontconfig/eb1a6a87a0d801769b114129ece88710-le64.cache-7
7f65e805a000-7f65e805d000 r--s 00000000 08:04 5514847                    /var/cache/fontconfig/582359b9978a7b150e584e332ff2143d-le64.cache-7
7f65e805d000-7f65e80c7000 r--s 00000000 08:04 5514846                    /var/cache/fontconfig/dfc824290ac19a40c85004098f38927d-le64.cache-7
7f65e80c7000-7f65e80d2000 r--s 00000000 08:04 5510309                    /var/cache/fontconfig/12b26b760a24f8b4feb03ad48a333a72-le64.cache-7
7f65e80d2000-7f65e80d4000 r--s 00000000 08:04 5514845                    /var/cache/fontconfig/7f44c09c3a4dd7faf914c1771855731c-le64.cache-7
7f65e80d4000-7f65e80d9000 r--s 00000000 08:04 5514843                    /var/cache/fontconfig/c793051652af0a082fa4b8a7ceb4a8c7-le64.cache-7
7f65e80d9000-7f65e80e8000 r--s 00000000 08:04 5514842                    /var/cache/fontconfig/7648bf0ff2312f5efa6202d7d5f776b3-le64.cache-7
7f65e80e8000-7f65e80ee000 r--s 00000000 08:04 5514840                    /var/cache/fontconfig/62775a44effc9c99c1d4896b0e88d7ff-le64.cache-7
7f65e80ee000-7f65e80f2000 r--s 00000000 08:04 5514839                    /var/cache/fontconfig/621adf1b95427b8cc7448b9b5dc0b505-le64.cache-7
7f65e80f2000-7f65e80f9000 r--s 00000000 08:04 5514837                    /var/cache/fontconfig/670fd9881e303756637bc2f467c0c214-le64.cache-7
7f65e80f9000-7f65e9000000 rw-p 00000000 00:00 0 
7f65e9000000-7f65e9640000 rwxp 00000000 00:00 0 
7f65e9640000-7f65f8000000 ---p 00000000 00:00 0 
7f65f8000000-7f65f84a5000 rw-p 00000000 00:00 0 
7f65f84a5000-7f65fc000000 ---p 00000000 00:00 0 
7f65fc000000-7f65fc001000 r--s 00000000 08:04 5514853                    /var/cache/fontconfig/019629eead7fd8624feacc17e1c76e56-le64.cache-7
7f65fc001000-7f65fc002000 r--s 00000000 08:04 5514844                    /var/cache/fontconfig/d2f66d64c4954caeb5345eb8c0eab248-le64.cache-7
7f65fc002000-7f65fc003000 r--s 00000000 08:04 5514841                    /var/cache/fontconfig/b13c8791567264b26ffe0e09fc4571b6-le64.cache-7
7f65fc003000-7f65fc005000 r--s 00000000 08:04 5514838                    /var/cache/fontconfig/69cc98ab8c7f1e44ab48f8983431c90b-le64.cache-7
7f65fc005000-7f65fc00c000 r--s 00000000 08:04 5511719                    /var/cache/fontconfig/a116919b8bdb14ffaacd61d02e607fb8-le64.cache-7
7f65fc00c000-7f65fc011000 r--s 00000000 08:04 5511718                    /var/cache/fontconfig/a289f7e03715303a9a1b010d74c00c6a-le64.cache-7
7f65fc011000-7f65fc013000 r--s 00000000 08:04 5514835                    /var/cache/fontconfig/22abf0ef5e624ab5bceffcf115bfe030-le64.cache-7
7f65fc013000-7f65fc015000 r--s 00000000 08:04 5510308                    /var/cache/fontconfig/3640555adad8a8f6978400293cfce7ab-le64.cache-7
7f65fc015000-7f65fc02d000 r--s 00000000 08:04 6293232                    /usr/share/fonts/default/Type1/n022003l.pfb
7f65fc02d000-7f65fc0c3000 r--s 008d6000 08:04 6830363                    /usr/lib/jvm/openjfx/rt/lib/ext/jfxrt.jar
7f65fc0c3000-7f65fc1c4000 rw-p 00000000 00:00 0 
7f65fc1c4000-7f65fc392000 r--s 04400000 08:04 6300876                    /usr/lib/jvm/java-1.8.0-openjdk-1.8.0.151-1.b12.fc25.x86_64/jre/lib/rt.jar
7f65fc392000-7f65fc7e5000 rw-p 00000000 00:00 0 
7f65fc7e5000-7f65fc7e6000 ---p 00000000 00:00 0 
7f65fc7e6000-7f65fc8e6000 rw-p 00000000 00:00 0 
7f65fc8e6000-7f65fc8e7000 ---p 00000000 00:00 0 
7f65fc8e7000-7f65fc9e7000 rw-p 00000000 00:00 0 
7f65fc9e7000-7f65fc9e8000 ---p 00000000 00:00 0 
7f65fc9e8000-7f65fcae8000 rw-p 00000000 00:00 0 
7f65fcae8000-7f65fcae9000 ---p 00000000 00:00 0 
7f65fcae9000-7f65fcc13000 rw-p 00000000 00:00 0 
7f65fcc13000-7f65fce7d000 ---p 00000000 00:00 0 
7f65fce7d000-7f65fcea7000 rw-p 00000000 00:00 0 
7f65fcea7000-7f65fd110000 ---p 00000000 00:00 0 
7f65fd110000-7f65fd125000 rw-p 00000000 00:00 0 
7f65fd125000-7f65fd25a000 ---p 00000000 00:00 0 
7f65fd25a000-7f65fd274000 rw-p 00000000 00:00 0 
7f65fd274000-7f65fd61b000 ---p 00000000 00:00 0 
7f65fd61b000-7f65fd623000 r-xp 00000000 08:04 6300838                    /usr/lib/jvm/java-1.8.0-openjdk-1.8.0.151-1.b12.fc25.x86_64/jre/lib/amd64/libzip.so
7f65fd623000-7f65fd822000 ---p 00008000 08:04 6300838                    /usr/lib/jvm/java-1.8.0-openjdk-1.8.0.151-1.b12.fc25.x86_64/jre/lib/amd64/libzip.so
7f65fd822000-7f65fd823000 r--p 00007000 08:04 6300838                    /usr/lib/jvm/java-1.8.0-openjdk-1.8.0.151-1.b12.fc25.x86_64/jre/lib/amd64/libzip.so
7f65fd823000-7f65fd824000 rw-p 00000000 00:00 0 
7f65fd824000-7f65fe029000 r--s 00000000 08:04 6422655                    /var/lib/sss/mc/passwd
7f65fe029000-7f65fe031000 r-xp 00000000 08:04 5004229                    /usr/lib64/libnss_sss.so.2
7f65fe031000-7f65fe230000 ---p 00008000 08:04 5004229                    /usr/lib64/libnss_sss.so.2
7f65fe230000-7f65fe231000 r--p 00007000 08:04 5004229                    /usr/lib64/libnss_sss.so.2
7f65fe231000-7f65fe232000 rw-p 00008000 08:04 5004229                    /usr/lib64/libnss_sss.so.2
7f65fe232000-7f65fe23c000 r-xp 00000000 08:04 4981353                    /usr/lib64/libnss_files-2.24.so
7f65fe23c000-7f65fe43c000 ---p 0000a000 08:04 4981353                    /usr/lib64/libnss_files-2.24.so
7f65fe43c000-7f65fe43d000 r--p 0000a000 08:04 4981353                    /usr/lib64/libnss_files-2.24.so
7f65fe43d000-7f65fe43e000 rw-p 0000b000 08:04 4981353                    /usr/lib64/libnss_files-2.24.so
7f65fe43e000-7f65fe444000 rw-p 00000000 00:00 0 
7f65fe444000-7f65fe471000 r-xp 00000000 08:04 6300820                    /usr/lib/jvm/java-1.8.0-openjdk-1.8.0.151-1.b12.fc25.x86_64/jre/lib/amd64/libjava.so
7f65fe471000-7f65fe671000 ---p 0002d000 08:04 6300820                    /usr/lib/jvm/java-1.8.0-openjdk-1.8.0.151-1.b12.fc25.x86_64/jre/lib/amd64/libjava.so
7f65fe671000-7f65fe672000 r--p 0002d000 08:04 6300820                    /usr/lib/jvm/java-1.8.0-openjdk-1.8.0.151-1.b12.fc25.x86_64/jre/lib/amd64/libjava.so
7f65fe672000-7f65fe673000 rw-p 0002e000 08:04 6300820                    /usr/lib/jvm/java-1.8.0-openjdk-1.8.0.151-1.b12.fc25.x86_64/jre/lib/amd64/libjava.so
7f65fe673000-7f65fe674000 rw-p 00000000 00:00 0 
7f65fe674000-7f65fe681000 r-xp 00000000 08:04 6300837                    /usr/lib/jvm/java-1.8.0-openjdk-1.8.0.151-1.b12.fc25.x86_64/jre/lib/amd64/libverify.so
7f65fe681000-7f65fe880000 ---p 0000d000 08:04 6300837                    /usr/lib/jvm/java-1.8.0-openjdk-1.8.0.151-1.b12.fc25.x86_64/jre/lib/amd64/libverify.so
7f65fe880000-7f65fe882000 r--p 0000c000 08:04 6300837                    /usr/lib/jvm/java-1.8.0-openjdk-1.8.0.151-1.b12.fc25.x86_64/jre/lib/amd64/libverify.so
7f65fe882000-7f65fe883000 rw-p 00000000 00:00 0 
7f65fe883000-7f65fe88a000 r-xp 00000000 08:04 4981359                    /usr/lib64/librt-2.24.so
7f65fe88a000-7f65fea89000 ---p 00007000 08:04 4981359                    /usr/lib64/librt-2.24.so
7f65fea89000-7f65fea8a000 r--p 00006000 08:04 4981359                    /usr/lib64/librt-2.24.so
7f65fea8a000-7f65fea8b000 rw-p 00007000 08:04 4981359                    /usr/lib64/librt-2.24.so
7f65fea8b000-7f65feaa1000 r-xp 00000000 08:04 4980755                    /usr/lib64/libgcc_s-6.4.1-20170727.so.1
7f65feaa1000-7f65feca0000 ---p 00016000 08:04 4980755                    /usr/lib64/libgcc_s-6.4.1-20170727.so.1
7f65feca0000-7f65feca1000 r--p 00015000 08:04 4980755                    /usr/lib64/libgcc_s-6.4.1-20170727.so.1
7f65feca1000-7f65feca2000 rw-p 00016000 08:04 4980755                    /usr/lib64/libgcc_s-6.4.1-20170727.so.1
7f65feca2000-7f65fedaa000 r-xp 00000000 08:04 4981345                    /usr/lib64/libm-2.24.so
7f65fedaa000-7f65fefa9000 ---p 00108000 08:04 4981345                    /usr/lib64/libm-2.24.so
7f65fefa9000-7f65fefaa000 r--p 00107000 08:04 4981345                    /usr/lib64/libm-2.24.so
7f65fefaa000-7f65fefab000 rw-p 00108000 08:04 4981345                    /usr/lib64/libm-2.24.so
7f65fefab000-7f65ff123000 r-xp 00000000 08:04 4981864                    /usr/lib64/libstdc++.so.6.0.22
7f65ff123000-7f65ff323000 ---p 00178000 08:04 4981864                    /usr/lib64/libstdc++.so.6.0.22
7f65ff323000-7f65ff32d000 r--p 00178000 08:04 4981864                    /usr/lib64/libstdc++.so.6.0.22
7f65ff32d000-7f65ff32f000 rw-p 00182000 08:04 4981864                    /usr/lib64/libstdc++.so.6.0.22
7f65ff32f000-7f65ff333000 rw-p 00000000 00:00 0 
7f65ff333000-7f660005d000 r-xp 00000000 08:04 6300842                    /usr/lib/jvm/java-1.8.0-openjdk-1.8.0.151-1.b12.fc25.x86_64/jre/lib/amd64/server/libjvm.so
7f660005d000-7f660025d000 ---p 00d2a000 08:04 6300842                    /usr/lib/jvm/java-1.8.0-openjdk-1.8.0.151-1.b12.fc25.x86_64/jre/lib/amd64/server/libjvm.so
7f660025d000-7f66002f9000 r--p 00d2a000 08:04 6300842                    /usr/lib/jvm/java-1.8.0-openjdk-1.8.0.151-1.b12.fc25.x86_64/jre/lib/amd64/server/libjvm.so
7f66002f9000-7f6600322000 rw-p 00dc6000 08:04 6300842                    /usr/lib/jvm/java-1.8.0-openjdk-1.8.0.151-1.b12.fc25.x86_64/jre/lib/amd64/server/libjvm.so
7f6600322000-7f6600352000 rw-p 00000000 00:00 0 
7f6600352000-7f660050f000 r-xp 00000000 08:04 4981339                    /usr/lib64/libc-2.24.so
7f660050f000-7f660070e000 ---p 001bd000 08:04 4981339                    /usr/lib64/libc-2.24.so
7f660070e000-7f6600712000 r--p 001bc000 08:04 4981339                    /usr/lib64/libc-2.24.so
7f6600712000-7f6600714000 rw-p 001c0000 08:04 4981339                    /usr/lib64/libc-2.24.so
7f6600714000-7f6600718000 rw-p 00000000 00:00 0 
7f6600718000-7f660071b000 r-xp 00000000 08:04 4981343                    /usr/lib64/libdl-2.24.so
7f660071b000-7f660091a000 ---p 00003000 08:04 4981343                    /usr/lib64/libdl-2.24.so
7f660091a000-7f660091b000 r--p 00002000 08:04 4981343                    /usr/lib64/libdl-2.24.so
7f660091b000-7f660091c000 rw-p 00003000 08:04 4981343                    /usr/lib64/libdl-2.24.so
7f660091c000-7f6600929000 r-xp 00000000 08:04 6300807                    /usr/lib/jvm/java-1.8.0-openjdk-1.8.0.151-1.b12.fc25.x86_64/jre/lib/amd64/jli/libjli.so
7f6600929000-7f6600b29000 ---p 0000d000 08:04 6300807                    /usr/lib/jvm/java-1.8.0-openjdk-1.8.0.151-1.b12.fc25.x86_64/jre/lib/amd64/jli/libjli.so
7f6600b29000-7f6600b2a000 r--p 0000d000 08:04 6300807                    /usr/lib/jvm/java-1.8.0-openjdk-1.8.0.151-1.b12.fc25.x86_64/jre/lib/amd64/jli/libjli.so
7f6600b2a000-7f6600b2b000 rw-p 00000000 00:00 0 
7f6600b2b000-7f6600b40000 r-xp 00000000 08:04 4981750                    /usr/lib64/libz.so.1.2.8
7f6600b40000-7f6600d3f000 ---p 00015000 08:04 4981750                    /usr/lib64/libz.so.1.2.8
7f6600d3f000-7f6600d40000 r--p 00014000 08:04 4981750                    /usr/lib64/libz.so.1.2.8
7f6600d40000-7f6600d41000 rw-p 00015000 08:04 4981750                    /usr/lib64/libz.so.1.2.8
7f6600d41000-7f6600d59000 r-xp 00000000 08:04 4981355                    /usr/lib64/libpthread-2.24.so
7f6600d59000-7f6600f59000 ---p 00018000 08:04 4981355                    /usr/lib64/libpthread-2.24.so
7f6600f59000-7f6600f5a000 r--p 00018000 08:04 4981355                    /usr/lib64/libpthread-2.24.so
7f6600f5a000-7f6600f5b000 rw-p 00019000 08:04 4981355                    /usr/lib64/libpthread-2.24.so
7f6600f5b000-7f6600f5f000 rw-p 00000000 00:00 0 
7f6600f5f000-7f6600f85000 r-xp 00000000 08:04 4981332                    /usr/lib64/ld-2.24.so
7f6600f85000-7f6600f86000 r--s 00000000 08:04 5514836                    /var/cache/fontconfig/e0f508b41771d3e777ce13513b034bd1-le64.cache-7
7f6600f86000-7f6600f88000 r--s 00000000 08:04 5524957                    /var/cache/fontconfig/b3043b29744cf0a429678d296f5e4026-le64.cache-7
7f6600f88000-7f6600f8c000 r--s 00000000 08:04 5509299                    /var/cache/fontconfig/beeeeb3dfe132a8a0633a017c99ce0c0-le64.cache-7
7f6600f8c000-7f660105c000 rw-p 00000000 00:00 0 
7f660105c000-7f660105f000 ---p 00000000 00:00 0 
7f660105f000-7f6601161000 rw-p 00000000 00:00 0 
7f6601161000-7f6601162000 r--s 00000000 08:04 5511714                    /var/cache/fontconfig/6100190b570349e27a32507757f8c088-le64.cache-7
7f6601162000-7f6601163000 r--s 00000000 08:04 5514914                    /var/cache/fontconfig/d04038e664b0033ae700a78c51f179d3-le64.cache-7
7f6601163000-7f6601176000 r--s 00346000 08:04 6298564                    /usr/lib/jvm/java-1.8.0-openjdk-1.8.0.151-1.b12.fc25.x86_64/jre/lib/resources.jar
7f6601176000-7f6601178000 r--s 00028000 00:31 452734042                  /cs/student/yushengjia/cs56/cs56-networking-chat/dist/Client.jar
7f6601178000-7f6601180000 rw-s 00000000 00:27 1353644                    /tmp/hsperfdata_yushengjia/18317
7f6601180000-7f6601181000 rw-p 00000000 00:00 0 
7f6601181000-7f6601182000 r--p 00000000 00:00 0 
7f6601182000-7f6601184000 rw-p 00000000 00:00 0 
7f6601184000-7f6601185000 r--p 00025000 08:04 4981332                    /usr/lib64/ld-2.24.so
7f6601185000-7f6601186000 rw-p 00026000 08:04 4981332                    /usr/lib64/ld-2.24.so
7f6601186000-7f6601187000 rw-p 00000000 00:00 0 
7ffd8ecc0000-7ffd8ece1000 rw-p 00000000 00:00 0                          [stack]
7ffd8ed38000-7ffd8ed3b000 r--p 00000000 00:00 0                          [vvar]
7ffd8ed3b000-7ffd8ed3d000 r-xp 00000000 00:00 0                          [vdso]
ffffffffff600000-ffffffffff601000 r-xp 00000000 00:00 0                  [vsyscall]

VM Arguments:
java_command: /cs/student/yushengjia/cs56/cs56-networking-chat/dist/Client.jar
java_class_path (initial): /cs/student/yushengjia/cs56/cs56-networking-chat/dist/Client.jar
Launcher Type: SUN_STANDARD

Environment Variables:
PATH=/usr/lib64/qt-3.3/bin:/usr/lib64/ccache:/usr/local/bin:/usr/local/sbin:/usr/bin:/usr/sbin:/cs/student/yushengjia/bin
USERNAME=yushengjia
SHELL=/bin/bash
DISPLAY=:2

Signal Handlers:
SIGSEGV: [libjvm.so+0xb2a990], sa_mask[0]=11111111011111111101111111111110, sa_flags=SA_RESTART|SA_SIGINFO
SIGBUS: [libjvm.so+0xb2a990], sa_mask[0]=11111111011111111101111111111110, sa_flags=SA_RESTART|SA_SIGINFO
SIGFPE: [libjvm.so+0x8f11f0], sa_mask[0]=11111111011111111101111111111110, sa_flags=SA_RESTART|SA_SIGINFO
SIGPIPE: [libjvm.so+0x8f11f0], sa_mask[0]=11111111011111111101111111111110, sa_flags=SA_RESTART|SA_SIGINFO
SIGXFSZ: [libjvm.so+0x8f11f0], sa_mask[0]=11111111011111111101111111111110, sa_flags=SA_RESTART|SA_SIGINFO
SIGILL: [libjvm.so+0x8f11f0], sa_mask[0]=11111111011111111101111111111110, sa_flags=SA_RESTART|SA_SIGINFO
SIGUSR1: SIG_DFL, sa_mask[0]=00000000000000000000000000000000, sa_flags=none
SIGUSR2: [libjvm.so+0x8f10a0], sa_mask[0]=00100000000000000000000000000000, sa_flags=SA_RESTART|SA_SIGINFO
SIGHUP: [libjvm.so+0x8f1550], sa_mask[0]=11111111011111111101111111111110, sa_flags=SA_RESTART|SA_SIGINFO
SIGINT: [libjvm.so+0x8f1550], sa_mask[0]=11111111011111111101111111111110, sa_flags=SA_RESTART|SA_SIGINFO
SIGTERM: [libjvm.so+0x8f1550], sa_mask[0]=11111111011111111101111111111110, sa_flags=SA_RESTART|SA_SIGINFO
SIGQUIT: [libjvm.so+0x8f1550], sa_mask[0]=11111111011111111101111111111110, sa_flags=SA_RESTART|SA_SIGINFO


---------------  S Y S T E M  ---------------

OS:Fedora release 25 (Twenty Five)

uname:Linux 4.13.16-100.fc25.x86_64 #1 SMP Mon Nov 27 19:52:46 UTC 2017 x86_64
libc:glibc 2.24 NPTL 2.24 
rlimit: STACK 8192k, CORE infinity, NPROC 31547, NOFILE 4096, AS infinity
load average:0.20 0.19 0.14

/proc/meminfo:
MemTotal:        8097928 kB
MemFree:         1655804 kB
MemAvailable:    4198796 kB
Buffers:          169384 kB
Cached:          2009804 kB
SwapCached:            0 kB
Active:          4091052 kB
Inactive:        1780664 kB
Active(anon):    3121000 kB
Inactive(anon):   112124 kB
Active(file):     970052 kB
Inactive(file):  1668540 kB
Unevictable:          20 kB
Mlocked:              20 kB
SwapTotal:       8231932 kB
SwapFree:        8231932 kB
Dirty:               360 kB
Writeback:            12 kB
AnonPages:       3692640 kB
Mapped:           791752 kB
Shmem:            114556 kB
Slab:             287280 kB
SReclaimable:     208112 kB
SUnreclaim:        79168 kB
KernelStack:       18496 kB
PageTables:        96304 kB
NFS_Unstable:          0 kB
Bounce:                0 kB
WritebackTmp:          0 kB
CommitLimit:    12280896 kB
Committed_AS:   13066616 kB
VmallocTotal:   34359738367 kB
VmallocUsed:           0 kB
VmallocChunk:          0 kB
HardwareCorrupted:     0 kB
AnonHugePages:         0 kB
ShmemHugePages:        0 kB
ShmemPmdMapped:        0 kB
CmaTotal:              0 kB
CmaFree:               0 kB
HugePages_Total:       0
HugePages_Free:        0
HugePages_Rsvd:        0
HugePages_Surp:        0
Hugepagesize:       2048 kB
DirectMap4k:      358988 kB
DirectMap2M:     6905856 kB
DirectMap1G:     2097152 kB


CPU:total 4 (initial active 4) (4 cores per cpu, 1 threads per core) family 6 model 94 stepping 3, cmov, cx8, fxsr, mmx, sse, sse2, sse3, ssse3, sse4.1, sse4.2, popcnt, avx, avx2, aes, clmul, erms, rtm, 3dnowpref, lzcnt, tsc, tscinvbit, bmi1, bmi2, adx

/proc/cpuinfo:
processor	: 0
vendor_id	: GenuineIntel
cpu family	: 6
model		: 94
model name	: Intel(R) Core(TM) i5-6500 CPU @ 3.20GHz
stepping	: 3
microcode	: 0xba
cpu MHz		: 3200.000
cache size	: 6144 KB
physical id	: 0
siblings	: 4
core id		: 0
cpu cores	: 4
apicid		: 0
initial apicid	: 0
fpu		: yes
fpu_exception	: yes
cpuid level	: 22
wp		: yes
flags		: fpu vme de pse tsc msr pae mce cx8 apic sep mtrr pge mca cmov pat pse36 clflush dts acpi mmx fxsr sse sse2 ss ht tm pbe syscall nx pdpe1gb rdtscp lm constant_tsc art arch_perfmon pebs bts rep_good nopl xtopology nonstop_tsc cpuid aperfmperf tsc_known_freq pni pclmulqdq dtes64 monitor ds_cpl vmx smx est tm2 ssse3 sdbg fma cx16 xtpr pdcm pcid sse4_1 sse4_2 x2apic movbe popcnt tsc_deadline_timer aes xsave avx f16c rdrand lahf_lm abm 3dnowprefetch cpuid_fault epb intel_pt tpr_shadow vnmi flexpriority ept vpid fsgsbase tsc_adjust bmi1 hle avx2 smep bmi2 erms invpcid rtm mpx rdseed adx smap clflushopt xsaveopt xsavec xgetbv1 xsaves dtherm ida arat pln pts hwp hwp_notify hwp_act_window hwp_epp
bugs		:
bogomips	: 6384.00
clflush size	: 64
cache_alignment	: 64
address sizes	: 39 bits physical, 48 bits virtual
power management:

processor	: 1
vendor_id	: GenuineIntel
cpu family	: 6
model		: 94
model name	: Intel(R) Core(TM) i5-6500 CPU @ 3.20GHz
stepping	: 3
microcode	: 0xba
cpu MHz		: 3200.000
cache size	: 6144 KB
physical id	: 0
siblings	: 4
core id		: 1
cpu cores	: 4
apicid		: 2
initial apicid	: 2
fpu		: yes
fpu_exception	: yes
cpuid level	: 22
wp		: yes
flags		: fpu vme de pse tsc msr pae mce cx8 apic sep mtrr pge mca cmov pat pse36 clflush dts acpi mmx fxsr sse sse2 ss ht tm pbe syscall nx pdpe1gb rdtscp lm constant_tsc art arch_perfmon pebs bts rep_good nopl xtopology nonstop_tsc cpuid aperfmperf tsc_known_freq pni pclmulqdq dtes64 monitor ds_cpl vmx smx est tm2 ssse3 sdbg fma cx16 xtpr pdcm pcid sse4_1 sse4_2 x2apic movbe popcnt tsc_deadline_timer aes xsave avx f16c rdrand lahf_lm abm 3dnowprefetch cpuid_fault epb intel_pt tpr_shadow vnmi flexpriority ept vpid fsgsbase tsc_adjust bmi1 hle avx2 smep bmi2 erms invpcid rtm mpx rdseed adx smap clflushopt xsaveopt xsavec xgetbv1 xsaves dtherm ida arat pln pts hwp hwp_notify hwp_act_window hwp_epp
bugs		:
bogomips	: 6384.00
clflush size	: 64
cache_alignment	: 64
address sizes	: 39 bits physical, 48 bits virtual
power management:

processor	: 2
vendor_id	: GenuineIntel
cpu family	: 6
model		: 94
model name	: Intel(R) Core(TM) i5-6500 CPU @ 3.20GHz
stepping	: 3
microcode	: 0xba
cpu MHz		: 3200.000
cache size	: 6144 KB
physical id	: 0
siblings	: 4
core id		: 2
cpu cores	: 4
apicid		: 4
initial apicid	: 4
fpu		: yes
fpu_exception	: yes
cpuid level	: 22
wp		: yes
flags		: fpu vme de pse tsc msr pae mce cx8 apic sep mtrr pge mca cmov pat pse36 clflush dts acpi mmx fxsr sse sse2 ss ht tm pbe syscall nx pdpe1gb rdtscp lm constant_tsc art arch_perfmon pebs bts rep_good nopl xtopology nonstop_tsc cpuid aperfmperf tsc_known_freq pni pclmulqdq dtes64 monitor ds_cpl vmx smx est tm2 ssse3 sdbg fma cx16 xtpr pdcm pcid sse4_1 sse4_2 x2apic movbe popcnt tsc_deadline_timer aes xsave avx f16c rdrand lahf_lm abm 3dnowprefetch cpuid_fault epb intel_pt tpr_shadow vnmi flexpriority ept vpid fsgsbase tsc_adjust bmi1 hle avx2 smep bmi2 erms invpcid rtm mpx rdseed adx smap clflushopt xsaveopt xsavec xgetbv1 xsaves dtherm ida arat pln pts hwp hwp_notify hwp_act_window hwp_epp
bugs		:
bogomips	: 6384.00
clflush size	: 64
cache_alignment	: 64
address sizes	: 39 bits physical, 48 bits virtual
power management:

processor	: 3
vendor_id	: GenuineIntel
cpu family	: 6
model		: 94
model name	: Intel(R) Core(TM) i5-6500 CPU @ 3.20GHz
stepping	: 3
microcode	: 0xba
cpu MHz		: 3200.000
cache size	: 6144 KB
physical id	: 0
siblings	: 4
core id		: 3
cpu cores	: 4
apicid		: 6
initial apicid	: 6
fpu		: yes
fpu_exception	: yes
cpuid level	: 22
wp		: yes
flags		: fpu vme de pse tsc msr pae mce cx8 apic sep mtrr pge mca cmov pat pse36 clflush dts acpi mmx fxsr sse sse2 ss ht tm pbe syscall nx pdpe1gb rdtscp lm constant_tsc art arch_perfmon pebs bts rep_good nopl xtopology nonstop_tsc cpuid aperfmperf tsc_known_freq pni pclmulqdq dtes64 monitor ds_cpl vmx smx est tm2 ssse3 sdbg fma cx16 xtpr pdcm pcid sse4_1 sse4_2 x2apic movbe popcnt tsc_deadline_timer aes xsave avx f16c rdrand lahf_lm abm 3dnowprefetch cpuid_fault epb intel_pt tpr_shadow vnmi flexpriority ept vpid fsgsbase tsc_adjust bmi1 hle avx2 smep bmi2 erms invpcid rtm mpx rdseed adx smap clflushopt xsaveopt xsavec xgetbv1 xsaves dtherm ida arat pln pts hwp hwp_notify hwp_act_window hwp_epp
bugs		:
bogomips	: 6384.00
clflush size	: 64
cache_alignment	: 64
address sizes	: 39 bits physical, 48 bits virtual
power management:



Memory: 4k page, physical 8097928k(1655804k free), swap 8231932k(8231932k free)

vm_info: OpenJDK 64-Bit Server VM (25.151-b12) for linux-amd64 JRE (1.8.0_151-b12), built on Oct 25 2017 15:01:27 by "mockbuild" with gcc 6.4.1 20170727 (Red Hat 6.4.1-1)

time: Tue Feb 27 17:52:55 2018
elapsed time: 6168 seconds (0d 1h 42m 48s)

