#
# A fatal error has been detected by the Java Runtime Environment:
#
#  SIGSEGV (0xb) at pc=0x00007f6153f4a42f, pid=4784, tid=0x00007f612e1ff700
#
# JRE version: OpenJDK Runtime Environment (8.0_151-b12) (build 1.8.0_151-b12)
# Java VM: OpenJDK 64-Bit Server VM (25.151-b12 mixed mode linux-amd64 compressed oops)
# Problematic frame:
# C  [libc.so.6+0x14f42f]  __memmove_avx_unaligned_erms+0x4f
#
# Core dump written. Default location: /cs/student/yushengjia/cs56/cs56-networking-chat/core or core.4784
#
# If you would like to submit a bug report, please visit:
#   http://bugreport.java.com/bugreport/crash.jsp
# The crash happened outside the Java Virtual Machine in native code.
# See problematic frame for where to report the bug.
#

---------------  T H R E A D  ---------------

Current thread (0x00007f60d401ab20):  JavaThread "Thread-10" [_thread_in_native, id=6912, stack(0x00007f612e0ff000,0x00007f612e200000)]

siginfo: si_signo: 11 (SIGSEGV), si_code: 1 (SEGV_MAPERR), si_addr: 0x00007f6154c30000

Registers:
RAX=0x00007f60b0042080, RBX=0x00007f614c1c0fe0, RCX=0x0000000000002bbe, RDX=0x000000000000726f
RSP=0x00007f612e1fd598, RBP=0x00007f612e1fd610, RSI=0x00007f6154c30000, RDI=0x00007f60b0046731
R8 =0x00007f60b00000a8, R9 =0x00007f60b00370d0, R10=0x00007f60b0042080, R11=0x00007f60b0000078
R12=0x0000000000004324, R13=0x00007f6154c2098e, R14=0x000000000000726f, R15=0x00007f60b00029b0
RIP=0x00007f6153f4a42f, EFLAGS=0x0000000000010293, CSGSFS=0x002b000000000033, ERR=0x0000000000000004
  TRAPNO=0x000000000000000e

Top of Stack: (sp=0x00007f612e1fd598)
0x00007f612e1fd598:   00007f61510c8ff0 00007f60b00370d0
0x00007f612e1fd5a8:   00006c6f00000000 0000000000000000
0x00007f612e1fd5b8:   00000000616c632e 00000000776f646e
0x00007f612e1fd5c8:   00007f6000006c6f 6c6f726f00000000
0x00007f612e1fd5d8:   00007f60b00370d0 0000000000000015
0x00007f612e1fd5e8:   00007f614c1c1730 00000000d0a1d0e0
0x00007f612e1fd5f8:   00007f612e1fd694 00007f614c1c0fe0
0x00007f612e1fd608:   0000000000000000 00007f612e1fd660
0x00007f612e1fd618:   00007f61510c9b94 00007f612e1fd680
0x00007f612e1fd628:   00000015011e3900 00007f612e1fd660
0x00007f612e1fd638:   0000000000000015 00007f60d401ad78
0x00007f612e1fd648:   00007f6137a2c820 00007f612e1fdb60
0x00007f612e1fd658:   00007f614c1c0fe0 00007f612e1fdac0
0x00007f612e1fd668:   00007f61510c7aec 00007f612e1fd680
0x00007f612e1fd678:   00000001532443a1 656372756f736572
0x00007f612e1fd688:   68616559684f2f73 000000666669612e
0x00007f612e1fd698:   0000000000000100 00007f612e1fd6e0
0x00007f612e1fd6a8:   00007f61530aa7dd 000000002e1fd6e0
0x00007f612e1fd6b8:   3ff6666666666666 000000002e1fd6f0
0x00007f612e1fd6c8:   00007f6137a3bd80 0000000000000000
0x00007f612e1fd6d8:   0000000000000000 00007f612e1fd750
0x00007f612e1fd6e8:   00007f61530ac87e 00007f612e1fd720
0x00007f612e1fd6f8:   00007f61532443a1 00007f612e1fd730
0x00007f612e1fd708:   41ad26fd00000000 00007f614c06c770
0x00007f612e1fd718:   0000000000000100 00007f612e1fd760
0x00007f612e1fd728:   00007f61530aa7dd 000000002e1fd760
0x00007f612e1fd738:   3ff6666666666666 00000000d401ab20
0x00007f612e1fd748:   00007f6137a2c820 0000000000000000
0x00007f612e1fd758:   0000000000000000 00007f612e1fd7d0
0x00007f612e1fd768:   00007f61530ac87e 0000000000000000
0x00007f612e1fd778:   00007f6137a3bd80 00007f6137a3bd80
0x00007f612e1fd788:   00007f6000000000 00000100d401ab20 

Instructions: (pc=0x00007f6153f4a42f)
0x00007f6153f4a40f:   60 27 00 0f 83 25 01 00 00 48 39 f7 72 0f 74 12
0x00007f6153f4a41f:   4c 8d 0c 16 4c 39 cf 0f 82 c5 01 00 00 48 89 d1
0x00007f6153f4a42f:   f3 a4 c3 80 fa 10 73 17 80 fa 08 73 27 80 fa 04
0x00007f6153f4a43f:   73 33 80 fa 01 77 3b 72 05 0f b6 0e 88 0f c3 c5 

Register to memory mapping:

RAX=0x00007f60b0042080 is an unknown value
RBX=0x00007f614c1c0fe0 is an unknown value
RCX=0x0000000000002bbe is an unknown value
RDX=0x000000000000726f is an unknown value
RSP=0x00007f612e1fd598 is pointing into the stack for thread: 0x00007f60d401ab20
RBP=0x00007f612e1fd610 is pointing into the stack for thread: 0x00007f60d401ab20
RSI=0x00007f6154c30000 is an unknown value
RDI=0x00007f60b0046731 is an unknown value
R8 =0x00007f60b00000a8 is an unknown value
R9 =0x00007f60b00370d0 is an unknown value
R10=0x00007f60b0042080 is an unknown value
R11=0x00007f60b0000078 is an unknown value
R12=0x0000000000004324 is an unknown value
R13=0x00007f6154c2098e is an unknown value
R14=0x000000000000726f is an unknown value
R15=0x00007f60b00029b0 is an unknown value


Stack: [0x00007f612e0ff000,0x00007f612e200000],  sp=0x00007f612e1fd598,  free space=1017k
Native frames: (J=compiled Java code, j=interpreted, Vv=VM code, C=native code)
C  [libc.so.6+0x14f42f]  __memmove_avx_unaligned_erms+0x4f
C  [libzip.so+0x5b94]
C  [libzip.so+0x3aec]  Java_java_util_zip_ZipFile_getEntry+0xfc
j  java.util.zip.ZipFile.getEntry(J[BZ)J+0
j  java.util.zip.ZipFile.getEntry(Ljava/lang/String;)Ljava/util/zip/ZipEntry;+38
j  java.util.jar.JarFile.getEntry(Ljava/lang/String;)Ljava/util/zip/ZipEntry;+2
J 1682 C1 sun.misc.URLClassPath$JarLoader.getResource(Ljava/lang/String;Z)Lsun/misc/Resource; (85 bytes) @ 0x00007f613d17fc1c [0x00007f613d17f940+0x2dc]
J 1949 C1 sun.misc.URLClassPath$JarLoader.findResource(Ljava/lang/String;Z)Ljava/net/URL; (18 bytes) @ 0x00007f613d5fb62c [0x00007f613d5fb5a0+0x8c]
j  sun.misc.URLClassPath.findResource(Ljava/lang/String;Z)Ljava/net/URL;+26
j  java.net.URLClassLoader$2.run()Ljava/net/URL;+12
j  java.net.URLClassLoader$2.run()Ljava/lang/Object;+1
v  ~StubRoutines::call_stub
V  [libjvm.so+0x6941e3]
V  [libjvm.so+0x6e341a]  JVM_DoPrivileged+0x46a
J 879  java.security.AccessController.doPrivileged(Ljava/security/PrivilegedAction;Ljava/security/AccessControlContext;)Ljava/lang/Object; (0 bytes) @ 0x00007f613d317015 [0x00007f613d316f40+0xd5]
j  java.net.URLClassLoader.findResource(Ljava/lang/String;)Ljava/net/URL;+13
j  java.lang.ClassLoader.getResource(Ljava/lang/String;)Ljava/net/URL;+30
j  java.lang.Class.getResource(Ljava/lang/String;)Ljava/net/URL;+22
j  client.model.AePlayWave.run()V+30
v  ~StubRoutines::call_stub
V  [libjvm.so+0x6941e3]
V  [libjvm.so+0x691747]
V  [libjvm.so+0x691d27]
V  [libjvm.so+0x6d5864]
V  [libjvm.so+0xacdfbb]
V  [libjvm.so+0xace49f]
V  [libjvm.so+0x8f2f62]
C  [libpthread.so.0+0x773a]  start_thread+0xca

Java frames: (J=compiled Java code, j=interpreted, Vv=VM code)
j  java.util.zip.ZipFile.getEntry(J[BZ)J+0
j  java.util.zip.ZipFile.getEntry(Ljava/lang/String;)Ljava/util/zip/ZipEntry;+38
j  java.util.jar.JarFile.getEntry(Ljava/lang/String;)Ljava/util/zip/ZipEntry;+2
J 1682 C1 sun.misc.URLClassPath$JarLoader.getResource(Ljava/lang/String;Z)Lsun/misc/Resource; (85 bytes) @ 0x00007f613d17fc1c [0x00007f613d17f940+0x2dc]
J 1949 C1 sun.misc.URLClassPath$JarLoader.findResource(Ljava/lang/String;Z)Ljava/net/URL; (18 bytes) @ 0x00007f613d5fb62c [0x00007f613d5fb5a0+0x8c]
j  sun.misc.URLClassPath.findResource(Ljava/lang/String;Z)Ljava/net/URL;+26
j  java.net.URLClassLoader$2.run()Ljava/net/URL;+12
j  java.net.URLClassLoader$2.run()Ljava/lang/Object;+1
v  ~StubRoutines::call_stub
J 879  java.security.AccessController.doPrivileged(Ljava/security/PrivilegedAction;Ljava/security/AccessControlContext;)Ljava/lang/Object; (0 bytes) @ 0x00007f613d316fa3 [0x00007f613d316f40+0x63]
j  java.net.URLClassLoader.findResource(Ljava/lang/String;)Ljava/net/URL;+13
j  java.lang.ClassLoader.getResource(Ljava/lang/String;)Ljava/net/URL;+30
j  java.lang.Class.getResource(Ljava/lang/String;)Ljava/net/URL;+22
j  client.model.AePlayWave.run()V+30
v  ~StubRoutines::call_stub

---------------  P R O C E S S  ---------------

Java Threads: ( => current thread )
=>0x00007f60d401ab20 JavaThread "Thread-10" [_thread_in_native, id=6912, stack(0x00007f612e0ff000,0x00007f612e200000)]
  0x00007f60e4034ed0 JavaThread "Thread-4" [_thread_in_native, id=6072, stack(0x00007f612dffe000,0x00007f612e0ff000)]
  0x00007f60d4019880 JavaThread "Java Sound Event Dispatcher" daemon [_thread_blocked, id=4839, stack(0x00007f612c01f000,0x00007f612c120000)]
  0x00007f60e401f4f0 JavaThread "Thread-0" [_thread_in_native, id=4826, stack(0x00007f612e200000,0x00007f612e301000)]
  0x00007f60e401c510 JavaThread "TimerQueue" daemon [_thread_blocked, id=4806, stack(0x00007f612e301000,0x00007f612e402000)]
  0x00007f614c0086b0 JavaThread "DestroyJavaVM" [_thread_blocked, id=4788, stack(0x00007f6154b05000,0x00007f6154c06000)]
  0x00007f614c418ad0 JavaThread "AWT-EventQueue-0" [_thread_blocked, id=4805, stack(0x00007f612e802000,0x00007f612e903000)]
  0x00007f614c4177f0 JavaThread "AWT-Shutdown" [_thread_blocked, id=4804, stack(0x00007f612e903000,0x00007f612ea04000)]
  0x00007f614c32e7e0 JavaThread "AWT-XAWT" daemon [_thread_in_native, id=4803, stack(0x00007f612f9ed000,0x00007f612faee000)]
  0x00007f614c30a670 JavaThread "Java2D Disposer" daemon [_thread_blocked, id=4802, stack(0x00007f612feff000,0x00007f6130000000)]
  0x00007f614c1aeac0 JavaThread "Service Thread" daemon [_thread_blocked, id=4800, stack(0x00007f61361ea000,0x00007f61362eb000)]
  0x00007f614c18fd20 JavaThread "C1 CompilerThread2" daemon [_thread_blocked, id=4799, stack(0x00007f61362eb000,0x00007f61363ec000)]
  0x00007f614c01aaa0 JavaThread "C2 CompilerThread1" daemon [_thread_blocked, id=4798, stack(0x00007f61363ec000,0x00007f61364ed000)]
  0x00007f614c181ab0 JavaThread "C2 CompilerThread0" daemon [_thread_blocked, id=4797, stack(0x00007f61364ed000,0x00007f61365ee000)]
  0x00007f614c180350 JavaThread "Signal Dispatcher" daemon [_thread_blocked, id=4796, stack(0x00007f61365ee000,0x00007f61366ef000)]
  0x00007f614c1568d0 JavaThread "Finalizer" daemon [_thread_blocked, id=4795, stack(0x00007f61366ef000,0x00007f61367f0000)]
  0x00007f614c152710 JavaThread "Reference Handler" daemon [_thread_blocked, id=4794, stack(0x00007f61367f0000,0x00007f61368f1000)]

Other Threads:
  0x00007f614c149380 VMThread [stack: 0x00007f61368f1000,0x00007f61369f2000] [id=4793]
  0x00007f614c1b0790 WatcherThread [stack: 0x00007f61360e9000,0x00007f61361ea000] [id=4801]

VM state:not at safepoint (normal execution)

VM Mutex/Monitor currently owned by a thread: None

Heap:
 PSYoungGen      total 74752K, used 41291K [0x000000076cb80000, 0x0000000771e80000, 0x00000007c0000000)
  eden space 64512K, 64% used [0x000000076cb80000,0x000000076f3d2e60,0x0000000770a80000)
  from space 10240K, 0% used [0x0000000771480000,0x0000000771480000,0x0000000771e80000)
  to   space 10240K, 0% used [0x0000000770a80000,0x0000000770a80000,0x0000000771480000)
 ParOldGen       total 171008K, used 0K [0x00000006c6200000, 0x00000006d0900000, 0x000000076cb80000)
  object space 171008K, 0% used [0x00000006c6200000,0x00000006c6200000,0x00000006d0900000)
 Metaspace       used 16325K, capacity 16584K, committed 17024K, reserved 1064960K
  class space    used 1735K, capacity 1802K, committed 1920K, reserved 1048576K

Card table byte_map: [0x00007f6150534000,0x00007f6150d04000] byte_map_base: 0x00007f614cf03000

Marking Bits: (ParMarkBitMap*) 0x00007f6153dded00
 Begin Bits: [0x00007f6118310000, 0x00007f611c188000)
 End Bits:   [0x00007f611c188000, 0x00007f6120000000)

Polling page: 0x00007f6154c2a000

CodeCache: size=245760Kb used=6459Kb max_used=6459Kb free=239300Kb
 bounds [0x00007f613d000000, 0x00007f613d660000, 0x00007f614c000000]
 total_blobs=2542 nmethods=1979 adapters=477
 compilation: enabled

Compilation events (10 events):
Event: 4805.332 Thread 0x00007f614c18fd20 nmethod 2057 0x00007f613d6438d0 code [0x00007f613d643a60, 0x00007f613d643d58]
Event: 4805.332 Thread 0x00007f614c18fd20 2058       3       java.nio.CharBuffer::arrayOffset (35 bytes)
Event: 4805.332 Thread 0x00007f614c18fd20 nmethod 2058 0x00007f613d640ad0 code [0x00007f613d640c60, 0x00007f613d640f58]
Event: 4805.332 Thread 0x00007f614c18fd20 2053       3       java.util.zip.ZipFile::access$400 (5 bytes)
Event: 4805.332 Thread 0x00007f614c18fd20 nmethod 2053 0x00007f613d643590 code [0x00007f613d6436e0, 0x00007f613d643810]
Event: 4805.332 Thread 0x00007f614c18fd20 2054       1       java.util.ServiceLoader::access$800 (5 bytes)
Event: 4805.332 Thread 0x00007f614c18fd20 nmethod 2054 0x00007f613d640810 code [0x00007f613d640960, 0x00007f613d640a50]
Event: 4805.332 Thread 0x00007f614c18fd20 2055       1       java.util.ServiceLoader::access$500 (5 bytes)
Event: 4805.332 Thread 0x00007f614c18fd20 nmethod 2055 0x00007f613d640510 code [0x00007f613d640660, 0x00007f613d640750]
Event: 4805.333 Thread 0x00007f614c181ab0 nmethod 2056 0x00007f613d6525d0 code [0x00007f613d652740, 0x00007f613d6529e8]

GC Heap History (0 events):
No events

Deoptimization events (10 events):
Event: 26.308 Thread 0x00007f614c418ad0 Uncommon trap: reason=unstable_if action=reinterpret pc=0x00007f613d241af8 method=java.lang.String.indexOf([CII[CIII)I @ 3
Event: 26.317 Thread 0x00007f60dc004660 Uncommon trap: reason=null_check action=make_not_entrant pc=0x00007f613d2a6d20 method=java.lang.StringCoding.deref(Ljava/lang/ThreadLocal;)Ljava/lang/Object; @ 4
Event: 26.377 Thread 0x00007f60dc004660 Uncommon trap: reason=unstable_if action=reinterpret pc=0x00007f613d3e1a70 method=javax.sound.sampled.AudioFormat.matches(Ljavax/sound/sampled/AudioFormat;)Z @ 112
Event: 3337.316 Thread 0x00007f614c418ad0 Uncommon trap: reason=bimorphic action=maybe_recompile pc=0x00007f613d2d6af8 method=java.util.HashMap.putVal(ILjava/lang/Object;Ljava/lang/Object;ZZ)Ljava/lang/Object; @ 253
Event: 3337.317 Thread 0x00007f614c418ad0 Uncommon trap: reason=bimorphic action=maybe_recompile pc=0x00007f613d2d6af8 method=java.util.HashMap.putVal(ILjava/lang/Object;Ljava/lang/Object;ZZ)Ljava/lang/Object; @ 253
Event: 3337.318 Thread 0x00007f614c418ad0 Uncommon trap: reason=bimorphic action=maybe_recompile pc=0x00007f613d2d6af8 method=java.util.HashMap.putVal(ILjava/lang/Object;Ljava/lang/Object;ZZ)Ljava/lang/Object; @ 253
Event: 3337.318 Thread 0x00007f614c418ad0 Uncommon trap: reason=bimorphic action=maybe_recompile pc=0x00007f613d2d6af8 method=java.util.HashMap.putVal(ILjava/lang/Object;Ljava/lang/Object;ZZ)Ljava/lang/Object; @ 253
Event: 3337.319 Thread 0x00007f614c418ad0 Uncommon trap: reason=class_check action=maybe_recompile pc=0x00007f613d2d99e8 method=java.util.HashMap.putVal(ILjava/lang/Object;Ljava/lang/Object;ZZ)Ljava/lang/Object; @ 203
Event: 3337.319 Thread 0x00007f614c418ad0 Uncommon trap: reason=class_check action=maybe_recompile pc=0x00007f613d2d99e8 method=java.util.HashMap.putVal(ILjava/lang/Object;Ljava/lang/Object;ZZ)Ljava/lang/Object; @ 203
Event: 4044.686 Thread 0x00007f614c32e7e0 Uncommon trap: reason=unstable_if action=reinterpret pc=0x00007f613d5f43a0 method=sun.awt.X11.XWindow.getModifiers(III)I @ 105

Internal exceptions (10 events):
Event: 0.102 Thread 0x00007f614c0086b0 Exception <a 'java/io/FileNotFoundException'> (0x000000076ced8a88) thrown at [/builddir/build/BUILD/java-1.8.0-openjdk-1.8.0.151-1.b12.fc25.x86_64/openjdk/hotspot/src/share/vm/prims/jni.cpp, line 710]
Event: 0.102 Thread 0x00007f614c0086b0 Exception <a 'java/io/FileNotFoundException'> (0x000000076ced95f0) thrown at [/builddir/build/BUILD/java-1.8.0-openjdk-1.8.0.151-1.b12.fc25.x86_64/openjdk/hotspot/src/share/vm/prims/jni.cpp, line 710]
Event: 0.111 Thread 0x00007f614c0086b0 Exception <a 'java/lang/ClassNotFoundException': sun/dc/DuctusRenderingEngine> (0x000000076cef71f8) thrown at [/builddir/build/BUILD/java-1.8.0-openjdk-1.8.0.151-1.b12.fc25.x86_64/openjdk/hotspot/src/share/vm/classfile/systemDictionary.cpp, line 210]
Event: 0.344 Thread 0x00007f614c32e7e0 Implicit null exception at 0x00007f613d23af7c to 0x00007f613d23b055
Event: 0.382 Thread 0x00007f614c418ad0 Exception <a 'java/lang/UnsupportedOperationException': > (0x000000076dd43bb0) thrown at [/builddir/build/BUILD/java-1.8.0-openjdk-1.8.0.151-1.b12.fc25.x86_64/openjdk/hotspot/src/share/vm/prims/jni.cpp, line 736]
Event: 26.317 Thread 0x00007f60dc004660 Implicit null exception at 0x00007f613d2a57aa to 0x00007f613d2a6cfd
Event: 3296.422 Thread 0x00007f614c418ad0 Exception <a 'java/lang/UnsupportedOperationException': > (0x000000076e561f78) thrown at [/builddir/build/BUILD/java-1.8.0-openjdk-1.8.0.151-1.b12.fc25.x86_64/openjdk/hotspot/src/share/vm/prims/jni.cpp, line 736]
Event: 3336.059 Thread 0x00007f614c418ad0 Exception <a 'java/lang/UnsupportedOperationException': > (0x000000076e67cd20) thrown at [/builddir/build/BUILD/java-1.8.0-openjdk-1.8.0.151-1.b12.fc25.x86_64/openjdk/hotspot/src/share/vm/prims/jni.cpp, line 736]
Event: 4805.330 Thread 0x00007f60d401ab20 Exception <a 'java/util/zip/DataFormatException': invalid block type> (0x000000076f163f00) thrown at [/builddir/build/BUILD/java-1.8.0-openjdk-1.8.0.151-1.b12.fc25.x86_64/openjdk/hotspot/src/share/vm/prims/jni.cpp, line 736]
Event: 4805.330 Thread 0x00007f60d401ab20 Exception <a 'java/util/zip/DataFormatException': invalid block type> (0x000000076f1693b8) thrown at [/builddir/build/BUILD/java-1.8.0-openjdk-1.8.0.151-1.b12.fc25.x86_64/openjdk/hotspot/src/share/vm/prims/jni.cpp, line 736]

Events (10 events):
Event: 4805.330 loading class java/util/zip/DataFormatException
Event: 4805.330 loading class java/util/zip/DataFormatException done
Event: 4805.330 loading class java/util/zip/ZipException
Event: 4805.330 loading class java/util/zip/ZipException done
Event: 4805.330 loading class java/lang/Throwable$WrappedPrintStream
Event: 4805.330 loading class java/lang/Throwable$PrintStreamOrWriter
Event: 4805.330 loading class java/lang/Throwable$PrintStreamOrWriter done
Event: 4805.330 loading class java/lang/Throwable$WrappedPrintStream done
Event: 4805.331 Thread 0x00007f60d401ab20 Thread exited: 0x00007f60d401ab20
Event: 4805.337 Thread 0x00007f60d401ab20 Thread added: 0x00007f60d401ab20


Dynamic libraries:
6c6200000-6d0900000 rw-p 00000000 00:00 0 
6d0900000-76cb80000 ---p 00000000 00:00 0 
76cb80000-771e80000 rw-p 00000000 00:00 0 
771e80000-7c0000000 ---p 00000000 00:00 0 
7c0000000-7c01e0000 rw-p 00000000 00:00 0 
7c01e0000-800000000 ---p 00000000 00:00 0 
557baaeba000-557baaebb000 r-xp 00000000 08:04 5640593                    /usr/lib/jvm/java-1.8.0-openjdk-1.8.0.151-1.b12.fc25.x86_64/jre/bin/java
557bab0ba000-557bab0bb000 r--p 00000000 08:04 5640593                    /usr/lib/jvm/java-1.8.0-openjdk-1.8.0.151-1.b12.fc25.x86_64/jre/bin/java
557bab0bb000-557bab0bc000 rw-p 00001000 08:04 5640593                    /usr/lib/jvm/java-1.8.0-openjdk-1.8.0.151-1.b12.fc25.x86_64/jre/bin/java
557bac01d000-557bac03e000 rw-p 00000000 00:00 0                          [heap]
7f60ac000000-7f60ac021000 rw-p 00000000 00:00 0 
7f60ac021000-7f60b0000000 ---p 00000000 00:00 0 
7f60b0000000-7f60b00b6000 rw-p 00000000 00:00 0 
7f60b00b6000-7f60b4000000 ---p 00000000 00:00 0 
7f60bc000000-7f60bc09d000 rw-p 00000000 00:00 0 
7f60bc09d000-7f60c0000000 ---p 00000000 00:00 0 
7f60c4000000-7f60c4021000 rw-p 00000000 00:00 0 
7f60c4021000-7f60c8000000 ---p 00000000 00:00 0 
7f60ca8b7000-7f60ca8b8000 ---p 00000000 00:00 0 
7f60ca8b8000-7f60cb0b8000 rw-p 00000000 00:00 0 
7f60cb0b8000-7f60cb0b9000 ---p 00000000 00:00 0 
7f60cb0b9000-7f60cb8b9000 rw-p 00000000 00:00 0 
7f60cf6b9000-7f60cf779000 rw-p 00000000 00:00 0 
7f60cf779000-7f60cf8b9000 ---p 00000000 00:00 0 
7f60cf8b9000-7f60cf92a000 r-xp 00000000 08:04 2622449                    /usr/lib64/libpcre.so.1.2.9
7f60cf92a000-7f60cfb29000 ---p 00071000 08:04 2622449                    /usr/lib64/libpcre.so.1.2.9
7f60cfb29000-7f60cfb2a000 r--p 00070000 08:04 2622449                    /usr/lib64/libpcre.so.1.2.9
7f60cfb2a000-7f60cfb2b000 rw-p 00071000 08:04 2622449                    /usr/lib64/libpcre.so.1.2.9
7f60cfb2b000-7f60cfbb8000 r-xp 00000000 08:04 2626954                    /usr/lib64/libvorbisenc.so.2.0.11
7f60cfbb8000-7f60cfdb7000 ---p 0008d000 08:04 2626954                    /usr/lib64/libvorbisenc.so.2.0.11
7f60cfdb7000-7f60cfdd3000 r--p 0008c000 08:04 2626954                    /usr/lib64/libvorbisenc.so.2.0.11
7f60cfdd3000-7f60cfdd4000 rw-p 000a8000 08:04 2626954                    /usr/lib64/libvorbisenc.so.2.0.11
7f60cfdd4000-7f60cfdff000 r-xp 00000000 08:04 2626952                    /usr/lib64/libvorbis.so.0.4.8
7f60cfdff000-7f60cfffe000 ---p 0002b000 08:04 2626952                    /usr/lib64/libvorbis.so.0.4.8
7f60cfffe000-7f60cffff000 r--p 0002a000 08:04 2626952                    /usr/lib64/libvorbis.so.0.4.8
7f60cffff000-7f60d0000000 rw-p 00000000 00:00 0 
7f60d0000000-7f60d00f1000 rw-p 00000000 00:00 0 
7f60d00f1000-7f60d4000000 ---p 00000000 00:00 0 
7f60d4000000-7f60d40a2000 rw-p 00000000 00:00 0 
7f60d40a2000-7f60d8000000 ---p 00000000 00:00 0 
7f60d8000000-7f60d8021000 rw-p 00000000 00:00 0 
7f60d8021000-7f60dc000000 ---p 00000000 00:00 0 
7f60dc000000-7f60dc021000 rw-p 00000000 00:00 0 
7f60dc021000-7f60e0000000 ---p 00000000 00:00 0 
7f60e0000000-7f60e0021000 rw-p 00000000 00:00 0 
7f60e0021000-7f60e4000000 ---p 00000000 00:00 0 
7f60e4000000-7f60e406f000 rw-p 00000000 00:00 0 
7f60e406f000-7f60e8000000 ---p 00000000 00:00 0 
7f60e8000000-7f60e8021000 rw-p 00000000 00:00 0 
7f60e8021000-7f60ec000000 ---p 00000000 00:00 0 
7f60ec000000-7f60ec021000 rw-p 00000000 00:00 0 
7f60ec021000-7f60f0000000 ---p 00000000 00:00 0 
7f60f0000000-7f60f0021000 rw-p 00000000 00:00 0 
7f60f0021000-7f60f4000000 ---p 00000000 00:00 0 
7f60f4000000-7f60f4021000 rw-p 00000000 00:00 0 
7f60f4021000-7f60f8000000 ---p 00000000 00:00 0 
7f60f8000000-7f60f8176000 rw-p 00000000 00:00 0 
7f60f8176000-7f60fc000000 ---p 00000000 00:00 0 
7f60fc000000-7f60fc74b000 rw-p 00000000 00:00 0 
7f60fc74b000-7f6100000000 ---p 00000000 00:00 0 
7f6100000000-7f6100b53000 rw-p 00000000 00:00 0 
7f6100b53000-7f6104000000 ---p 00000000 00:00 0 
7f6104055000-7f610405b000 r-xp 00000000 08:04 2626950                    /usr/lib64/libogg.so.0.8.2
7f610405b000-7f610425a000 ---p 00006000 08:04 2626950                    /usr/lib64/libogg.so.0.8.2
7f610425a000-7f610425b000 r--p 00005000 08:04 2626950                    /usr/lib64/libogg.so.0.8.2
7f610425b000-7f610425c000 rw-p 00000000 00:00 0 
7f610425c000-7f61042b5000 r-xp 00000000 08:04 2627335                    /usr/lib64/libFLAC.so.8.3.0
7f61042b5000-7f61044b4000 ---p 00059000 08:04 2627335                    /usr/lib64/libFLAC.so.8.3.0
7f61044b4000-7f61044b6000 r--p 00058000 08:04 2627335                    /usr/lib64/libFLAC.so.8.3.0
7f61044b6000-7f61044b7000 rw-p 0005a000 08:04 2627335                    /usr/lib64/libFLAC.so.8.3.0
7f61044b7000-7f61044c2000 r-xp 00000000 08:04 2627411                    /usr/lib64/libgsm.so.1.0.17
7f61044c2000-7f61046c1000 ---p 0000b000 08:04 2627411                    /usr/lib64/libgsm.so.1.0.17
7f61046c1000-7f61046c2000 r--p 0000a000 08:04 2627411                    /usr/lib64/libgsm.so.1.0.17
7f61046c2000-7f61046c3000 rw-p 0000b000 08:04 2627411                    /usr/lib64/libgsm.so.1.0.17
7f61046c3000-7f61046d9000 r-xp 00000000 08:04 2622055                    /usr/lib64/libnsl-2.24.so
7f61046d9000-7f61048d8000 ---p 00016000 08:04 2622055                    /usr/lib64/libnsl-2.24.so
7f61048d8000-7f61048d9000 r--p 00015000 08:04 2622055                    /usr/lib64/libnsl-2.24.so
7f61048d9000-7f61048da000 rw-p 00016000 08:04 2622055                    /usr/lib64/libnsl-2.24.so
7f61048da000-7f61048dc000 rw-p 00000000 00:00 0 
7f61048dc000-7f61048ee000 r-xp 00000000 08:04 2622475                    /usr/lib64/libgpg-error.so.0.19.1
7f61048ee000-7f6104aee000 ---p 00012000 08:04 2622475                    /usr/lib64/libgpg-error.so.0.19.1
7f6104aee000-7f6104aef000 r--p 00012000 08:04 2622475                    /usr/lib64/libgpg-error.so.0.19.1
7f6104aef000-7f6104af0000 rw-p 00013000 08:04 2622475                    /usr/lib64/libgpg-error.so.0.19.1
7f6104af0000-7f6104bf7000 r-xp 00000000 08:04 2622555                    /usr/lib64/libgcrypt.so.20.1.9
7f6104bf7000-7f6104df6000 ---p 00107000 08:04 2622555                    /usr/lib64/libgcrypt.so.20.1.9
7f6104df6000-7f6104df8000 r--p 00106000 08:04 2622555                    /usr/lib64/libgcrypt.so.20.1.9
7f6104df8000-7f6104dff000 rw-p 00108000 08:04 2622555                    /usr/lib64/libgcrypt.so.20.1.9
7f6104dff000-7f6104e13000 r-xp 00000000 08:04 2622719                    /usr/lib64/liblz4.so.1.8.0
7f6104e13000-7f6105012000 ---p 00014000 08:04 2622719                    /usr/lib64/liblz4.so.1.8.0
7f6105012000-7f6105013000 r--p 00013000 08:04 2622719                    /usr/lib64/liblz4.so.1.8.0
7f6105013000-7f6105014000 rw-p 00000000 00:00 0 
7f6105014000-7f6105039000 r-xp 00000000 08:04 2622466                    /usr/lib64/liblzma.so.5.2.2
7f6105039000-7f6105238000 ---p 00025000 08:04 2622466                    /usr/lib64/liblzma.so.5.2.2
7f6105238000-7f6105239000 r--p 00024000 08:04 2622466                    /usr/lib64/liblzma.so.5.2.2
7f6105239000-7f610523a000 rw-p 00000000 00:00 0 
7f610523a000-7f610525d000 r-xp 00000000 08:04 2622453                    /usr/lib64/libselinux.so.1
7f610525d000-7f610545d000 ---p 00023000 08:04 2622453                    /usr/lib64/libselinux.so.1
7f610545d000-7f610545e000 r--p 00023000 08:04 2622453                    /usr/lib64/libselinux.so.1
7f610545e000-7f610545f000 rw-p 00024000 08:04 2622453                    /usr/lib64/libselinux.so.1
7f610545f000-7f6105461000 rw-p 00000000 00:00 0 
7f6105461000-7f610c000000 r--p 00000000 08:04 3022998                    /usr/lib/locale/locale-archive
7f610c000000-7f610c021000 rw-p 00000000 00:00 0 
7f610c021000-7f6110000000 ---p 00000000 00:00 0 
7f6110000000-7f6110021000 rw-p 00000000 00:00 0 
7f6110021000-7f6114000000 ---p 00000000 00:00 0 
7f6114000000-7f6114021000 rw-p 00000000 00:00 0 
7f6114021000-7f6118000000 ---p 00000000 00:00 0 
7f611800a000-7f611800d000 ---p 00000000 00:00 0 
7f611800d000-7f611810b000 rw-p 00000000 00:00 0 
7f611810b000-7f611810f000 r-xp 00000000 08:04 2622551                    /usr/lib64/libuuid.so.1.3.0
7f611810f000-7f611830e000 ---p 00004000 08:04 2622551                    /usr/lib64/libuuid.so.1.3.0
7f611830e000-7f611830f000 r--p 00003000 08:04 2622551                    /usr/lib64/libuuid.so.1.3.0
7f611830f000-7f6120000000 rw-p 00000000 00:00 0 
7f6120000000-7f6120021000 rw-p 00000000 00:00 0 
7f6120021000-7f6124000000 ---p 00000000 00:00 0 
7f6124000000-7f6124021000 rw-p 00000000 00:00 0 
7f6124021000-7f6128000000 ---p 00000000 00:00 0 
7f6128000000-7f6128021000 rw-p 00000000 00:00 0 
7f6128021000-7f612c000000 ---p 00000000 00:00 0 
7f612c01f000-7f612c022000 ---p 00000000 00:00 0 
7f612c022000-7f612c120000 rw-p 00000000 00:00 0 
7f612c120000-7f612c125000 r-xp 00000000 08:04 2632209                    /usr/lib64/libasyncns.so.0.3.1
7f612c125000-7f612c324000 ---p 00005000 08:04 2632209                    /usr/lib64/libasyncns.so.0.3.1
7f612c324000-7f612c325000 r--p 00004000 08:04 2632209                    /usr/lib64/libasyncns.so.0.3.1
7f612c325000-7f612c326000 rw-p 00000000 00:00 0 
7f612c326000-7f612c38f000 r-xp 00000000 08:04 2627413                    /usr/lib64/libsndfile.so.1.0.28
7f612c38f000-7f612c58f000 ---p 00069000 08:04 2627413                    /usr/lib64/libsndfile.so.1.0.28
7f612c58f000-7f612c592000 r--p 00069000 08:04 2627413                    /usr/lib64/libsndfile.so.1.0.28
7f612c592000-7f612c593000 rw-p 0006c000 08:04 2627413                    /usr/lib64/libsndfile.so.1.0.28
7f612c593000-7f612c595000 rw-p 00000000 00:00 0 
7f612c595000-7f612c59e000 r-xp 00000000 08:04 2622833                    /usr/lib64/libwrap.so.0.7.6
7f612c59e000-7f612c79d000 ---p 00009000 08:04 2622833                    /usr/lib64/libwrap.so.0.7.6
7f612c79d000-7f612c79e000 r--p 00008000 08:04 2622833                    /usr/lib64/libwrap.so.0.7.6
7f612c79e000-7f612c79f000 rw-p 00009000 08:04 2622833                    /usr/lib64/libwrap.so.0.7.6
7f612c79f000-7f612c7a0000 rw-p 00000000 00:00 0 
7f612c7a0000-7f612c7a7000 r-xp 00000000 08:04 2626584                    /usr/lib64/libSM.so.6.0.1
7f612c7a7000-7f612c9a6000 ---p 00007000 08:04 2626584                    /usr/lib64/libSM.so.6.0.1
7f612c9a6000-7f612c9a7000 r--p 00006000 08:04 2626584                    /usr/lib64/libSM.so.6.0.1
7f612c9a7000-7f612c9a8000 rw-p 00007000 08:04 2626584                    /usr/lib64/libSM.so.6.0.1
7f612c9a8000-7f612c9bf000 r-xp 00000000 08:04 2626580                    /usr/lib64/libICE.so.6.3.0
7f612c9bf000-7f612cbbf000 ---p 00017000 08:04 2626580                    /usr/lib64/libICE.so.6.3.0
7f612cbbf000-7f612cbc0000 r--p 00017000 08:04 2626580                    /usr/lib64/libICE.so.6.3.0
7f612cbc0000-7f612cbc1000 rw-p 00018000 08:04 2626580                    /usr/lib64/libICE.so.6.3.0
7f612cbc1000-7f612cbc4000 rw-p 00000000 00:00 0 
7f612cbc4000-7f612cbc5000 r-xp 00000000 08:04 2630857                    /usr/lib64/libX11-xcb.so.1.0.0
7f612cbc5000-7f612cdc4000 ---p 00001000 08:04 2630857                    /usr/lib64/libX11-xcb.so.1.0.0
7f612cdc4000-7f612cdc5000 r--p 00000000 08:04 2630857                    /usr/lib64/libX11-xcb.so.1.0.0
7f612cdc5000-7f612cdc6000 rw-p 00000000 00:00 0 
7f612cdc6000-7f612cdca000 r-xp 00000000 08:04 2622483                    /usr/lib64/libcap.so.2.25
7f612cdca000-7f612cfc9000 ---p 00004000 08:04 2622483                    /usr/lib64/libcap.so.2.25
7f612cfc9000-7f612cfca000 r--p 00003000 08:04 2622483                    /usr/lib64/libcap.so.2.25
7f612cfca000-7f612cfcb000 rw-p 00004000 08:04 2622483                    /usr/lib64/libcap.so.2.25
7f612cfcb000-7f612d01a000 r-xp 00000000 08:04 2622726                    /usr/lib64/libdbus-1.so.3.19.0
7f612d01a000-7f612d219000 ---p 0004f000 08:04 2622726                    /usr/lib64/libdbus-1.so.3.19.0
7f612d219000-7f612d21b000 r--p 0004e000 08:04 2622726                    /usr/lib64/libdbus-1.so.3.19.0
7f612d21b000-7f612d21c000 rw-p 00050000 08:04 2622726                    /usr/lib64/libdbus-1.so.3.19.0
7f612d21c000-7f612d29c000 r-xp 00000000 08:04 2632215                    /usr/lib64/pulseaudio/libpulsecommon-10.0.so
7f612d29c000-7f612d49c000 ---p 00080000 08:04 2632215                    /usr/lib64/pulseaudio/libpulsecommon-10.0.so
7f612d49c000-7f612d49e000 r--p 00080000 08:04 2632215                    /usr/lib64/pulseaudio/libpulsecommon-10.0.so
7f612d49e000-7f612d49f000 rw-p 00082000 08:04 2632215                    /usr/lib64/pulseaudio/libpulsecommon-10.0.so
7f612d49f000-7f612d4ed000 r-xp 00000000 08:04 2632213                    /usr/lib64/libpulse.so.0.20.1
7f612d4ed000-7f612d6ed000 ---p 0004e000 08:04 2632213                    /usr/lib64/libpulse.so.0.20.1
7f612d6ed000-7f612d6ef000 r--p 0004e000 08:04 2632213                    /usr/lib64/libpulse.so.0.20.1
7f612d6ef000-7f612d6f0000 rw-p 00050000 08:04 2632213                    /usr/lib64/libpulse.so.0.20.1
7f612d6f0000-7f612d6f6000 r-xp 00000000 08:04 2636472                    /usr/lib64/alsa-lib/libasound_module_pcm_pulse.so
7f612d6f6000-7f612d8f5000 ---p 00006000 08:04 2636472                    /usr/lib64/alsa-lib/libasound_module_pcm_pulse.so
7f612d8f5000-7f612d8f6000 r--p 00005000 08:04 2636472                    /usr/lib64/alsa-lib/libasound_module_pcm_pulse.so
7f612d8f6000-7f612d8f7000 rw-p 00000000 00:00 0 
7f612d8f7000-7f612d9e4000 r-xp 00000000 08:04 2626619                    /usr/lib64/libasound.so.2.0.0
7f612d9e4000-7f612dbe3000 ---p 000ed000 08:04 2626619                    /usr/lib64/libasound.so.2.0.0
7f612dbe3000-7f612dbeb000 r--p 000ec000 08:04 2626619                    /usr/lib64/libasound.so.2.0.0
7f612dbeb000-7f612dbec000 rw-p 000f4000 08:04 2626619                    /usr/lib64/libasound.so.2.0.0
7f612dbec000-7f612dbfb000 r-xp 00000000 08:04 5640643                    /usr/lib/jvm/java-1.8.0-openjdk-1.8.0.151-1.b12.fc25.x86_64/jre/lib/amd64/libjsoundalsa.so
7f612dbfb000-7f612ddfa000 ---p 0000f000 08:04 5640643                    /usr/lib/jvm/java-1.8.0-openjdk-1.8.0.151-1.b12.fc25.x86_64/jre/lib/amd64/libjsoundalsa.so
7f612ddfa000-7f612ddfb000 r--p 0000e000 08:04 5640643                    /usr/lib/jvm/java-1.8.0-openjdk-1.8.0.151-1.b12.fc25.x86_64/jre/lib/amd64/libjsoundalsa.so
7f612ddfb000-7f612ddfc000 rw-p 00000000 00:00 0 
7f612ddfc000-7f612ddfd000 r-xp 00000000 08:04 5640625                    /usr/lib/jvm/java-1.8.0-openjdk-1.8.0.151-1.b12.fc25.x86_64/jre/lib/amd64/libjsound.so
7f612ddfd000-7f612dffc000 ---p 00001000 08:04 5640625                    /usr/lib/jvm/java-1.8.0-openjdk-1.8.0.151-1.b12.fc25.x86_64/jre/lib/amd64/libjsound.so
7f612dffc000-7f612dffd000 r--p 00000000 08:04 5640625                    /usr/lib/jvm/java-1.8.0-openjdk-1.8.0.151-1.b12.fc25.x86_64/jre/lib/amd64/libjsound.so
7f612dffd000-7f612dffe000 rw-p 00000000 00:00 0 
7f612dffe000-7f612e001000 ---p 00000000 00:00 0 
7f612e001000-7f612e0ff000 rw-p 00000000 00:00 0 
7f612e0ff000-7f612e102000 ---p 00000000 00:00 0 
7f612e102000-7f612e200000 rw-p 00000000 00:00 0 
7f612e200000-7f612e203000 ---p 00000000 00:00 0 
7f612e203000-7f612e301000 rw-p 00000000 00:00 0 
7f612e301000-7f612e304000 ---p 00000000 00:00 0 
7f612e304000-7f612e602000 rw-p 00000000 00:00 0 
7f612e602000-7f612e802000 rw-p 00000000 00:00 0 
7f612e802000-7f612e805000 ---p 00000000 00:00 0 
7f612e805000-7f612e903000 rw-p 00000000 00:00 0 
7f612e903000-7f612e906000 ---p 00000000 00:00 0 
7f612e906000-7f612ea04000 rw-p 00000000 00:00 0 
7f612ea04000-7f612ea06000 r--s 00000000 08:04 3411232                    /var/cache/fontconfig/87f5e051180a7a75f16eb6fe7dbd3749-le64.cache-7
7f612ea06000-7f612ea11000 r--s 00000000 08:04 3411230                    /var/cache/fontconfig/b79f3aaa7d385a141ab53ec885cc22a8-le64.cache-7
7f612ea11000-7f612ea14000 r--s 00000000 08:04 3413190                    /var/cache/fontconfig/f339ef9a3849dbd0f7ede17c3bc4fd40-le64.cache-7
7f612ea14000-7f612ea16000 r--s 00000000 08:04 3413189                    /var/cache/fontconfig/dc56af23ca9cfb038593e72b5e9dadd6-le64.cache-7
7f612ea16000-7f612ea18000 r--s 00000000 08:04 3411815                    /var/cache/fontconfig/2e1514a9fdd499050989183bb65136db-le64.cache-7
7f612ea18000-7f612ea1c000 r--s 00000000 08:04 3413188                    /var/cache/fontconfig/0262a88faed684713130246cf7a0eef2-le64.cache-7
7f612ea1c000-7f612ea1f000 r--s 00000000 08:04 3413187                    /var/cache/fontconfig/2971ecca0d3815f38d18c00e0b677586-le64.cache-7
7f612ea1f000-7f612ea21000 r--s 00000000 08:04 3411782                    /var/cache/fontconfig/3f821257dd33660ba7bbb45c32deb84c-le64.cache-7
7f612ea21000-7f612ea24000 r--s 00000000 08:04 3413186                    /var/cache/fontconfig/b206e14174e2821e837cf852f8b3a00e-le64.cache-7
7f612ea24000-7f612ea31000 r--s 00000000 08:04 3411813                    /var/cache/fontconfig/8cf84b531759d4484556eb8586bc5925-le64.cache-7
7f612ea31000-7f612ea32000 r--s 00000000 08:04 3411814                    /var/cache/fontconfig/4e602040080c966cb821813a3e584564-le64.cache-7
7f612ea32000-7f612ea35000 r--s 00000000 08:04 3413185                    /var/cache/fontconfig/830f035fa84a65ce80e050178dbb630d-le64.cache-7
7f612ea35000-7f612ea38000 r--s 00000000 08:04 3413184                    /var/cache/fontconfig/783fb293284e4b38fbeece593f4db20c-le64.cache-7
7f612ea38000-7f612ea3d000 r--s 00000000 08:04 3413183                    /var/cache/fontconfig/401dcafdc6dc4d9f9e503bfbb8093fe6-le64.cache-7
7f612ea3d000-7f612ea43000 r--s 00000000 08:04 3413182                    /var/cache/fontconfig/5e591af9aae0d47be6b958bbbbcd62fb-le64.cache-7
7f612ea43000-7f612ea44000 r--s 00000000 08:04 3411781                    /var/cache/fontconfig/81a173283b451552b599cfaafd6236bd-le64.cache-7
7f612ea44000-7f612ea46000 r--s 00000000 08:04 3413181                    /var/cache/fontconfig/49218e627af47977f0494863a1e571ba-le64.cache-7
7f612ea46000-7f612ea47000 r--s 00000000 08:04 3411812                    /var/cache/fontconfig/ac68f755438cc3dc5a526084839fc7ca-le64.cache-7
7f612ea47000-7f612ea48000 r--s 00000000 08:04 3411811                    /var/cache/fontconfig/f951a6bc01c50d58ac4af16a0108457e-le64.cache-7
7f612ea48000-7f612ea49000 r--s 00000000 08:04 3411810                    /var/cache/fontconfig/8cab66d8f642305e525ba3e322d0979c-le64.cache-7
7f612ea49000-7f612ea4a000 r--s 00000000 08:04 3411809                    /var/cache/fontconfig/12513961c6e7090f8648812f9eaf65d6-le64.cache-7
7f612ea4a000-7f612ea50000 r--s 00000000 08:04 3413180                    /var/cache/fontconfig/11c96b067b5594c55af2a3352811655c-le64.cache-7
7f612ea50000-7f612ea57000 r--s 00000000 08:04 3413179                    /var/cache/fontconfig/dd660938e9a1d0959e1d4ade65ad34cf-le64.cache-7
7f612ea57000-7f612ea5a000 r--s 00000000 08:04 3413178                    /var/cache/fontconfig/fa2c00123349eb0ab9ad0e0585780417-le64.cache-7
7f612ea5a000-7f612ea5c000 r--s 00000000 08:04 3413177                    /var/cache/fontconfig/381ba418dd976deacc5e77c1e057d5c3-le64.cache-7
7f612ea5c000-7f612ea6e000 r--s 00000000 08:04 3413176                    /var/cache/fontconfig/ee7cab04922e178dc4594c429f58c906-le64.cache-7
7f612ea6e000-7f612ea71000 r--s 00000000 08:04 3413175                    /var/cache/fontconfig/a63868d6c390500182d4c43615c654d3-le64.cache-7
7f612ea71000-7f612ea72000 r--s 00000000 08:04 3413174                    /var/cache/fontconfig/7873722b52f1652fa7cdc99505c0d12e-le64.cache-7
7f612ea72000-7f612ea73000 r--s 00000000 08:04 3413173                    /var/cache/fontconfig/61240c1d9a0cf829c120ee3e673eef4b-le64.cache-7
7f612ea73000-7f612ea76000 r--s 00000000 08:04 3411808                    /var/cache/fontconfig/e26bf336397aae6fcef4d3803472adec-le64.cache-7
7f612ea76000-7f612ea77000 r--s 00000000 08:04 3411807                    /var/cache/fontconfig/f132fa2327207a6ac3298c0518879731-le64.cache-7
7f612ea77000-7f612ea78000 r--s 00000000 08:04 3412306                    /var/cache/fontconfig/6fcb01a03a016cc71057b587cdea6709-le64.cache-7
7f612ea78000-7f612ea7a000 r--s 00000000 08:04 3413172                    /var/cache/fontconfig/ce0d969af2176489fbefad4fe7aa6451-le64.cache-7
7f612ea7a000-7f612ea7d000 r--s 00000000 08:04 3413171                    /var/cache/fontconfig/b2ff3883dd303e48621d99a1dc7cd6df-le64.cache-7
7f612ea7d000-7f612ea7f000 r--s 00000000 08:04 3413170                    /var/cache/fontconfig/3377eee756d7f24f24481ca9de85f761-le64.cache-7
7f612ea7f000-7f612ea83000 r--s 00000000 08:04 3411231                    /var/cache/fontconfig/8aa05f52519ebacbdf5713e01a6153b0-le64.cache-7
7f612ea83000-7f612ea89000 r--s 00000000 08:04 3413169                    /var/cache/fontconfig/447ae9dbacdc22ca4eb42daac3115eec-le64.cache-7
7f612ea89000-7f612ea8d000 r--s 00000000 08:04 3413168                    /var/cache/fontconfig/f4640264bf4342c1b8c987d13a34d49d-le64.cache-7
7f612ea8d000-7f612ea8f000 r--s 00000000 08:04 3413167                    /var/cache/fontconfig/32fa47c71cb161c3a2959dc4c7050028-le64.cache-7
7f612ea8f000-7f612ea90000 r--s 00000000 08:04 3411806                    /var/cache/fontconfig/b887eea8f1b96e1d899b44ed6681fc27-le64.cache-7
7f612ea90000-7f612ea91000 r--s 00000000 08:04 3411805                    /var/cache/fontconfig/860639f272b8b4b3094f9e399e41bccd-le64.cache-7
7f612ea91000-7f612ea92000 r--s 00000000 08:04 3411804                    /var/cache/fontconfig/5d33f04e74a97395cf88bbd83847f1f1-le64.cache-7
7f612ea92000-7f612ea93000 r--s 00000000 08:04 3411803                    /var/cache/fontconfig/df893b4576ad6107f9397134092c4059-le64.cache-7
7f612ea93000-7f612ea94000 r--s 00000000 08:04 3411802                    /var/cache/fontconfig/1e1e03b57ed9f0c723c5aeafda46c3fb-le64.cache-7
7f612ea94000-7f612ea95000 r--s 00000000 08:04 3411801                    /var/cache/fontconfig/900402270e15d763a6e008bb2d4c7686-le64.cache-7
7f612ea95000-7f612ea96000 r--s 00000000 08:04 3411800                    /var/cache/fontconfig/47f48679023f44a4d1e44699a69464f6-le64.cache-7
7f612ea96000-7f612ea97000 r--s 00000000 08:04 3411799                    /var/cache/fontconfig/2881ed3fd21ca306ddad6f9b0dd3189f-le64.cache-7
7f612ea97000-7f612ea98000 r--s 00000000 08:04 3411798                    /var/cache/fontconfig/3c3fb04d32a5211b073874b125d29701-le64.cache-7
7f612ea98000-7f612ea9a000 r--s 00000000 08:04 3413166                    /var/cache/fontconfig/1ba56fa0e5e4790ae9a1cd944f6a439c-le64.cache-7
7f612ea9a000-7f612ea9b000 r--s 00000000 08:04 3413165                    /var/cache/fontconfig/aa1e7e339e8ba54420bca0caa86a076f-le64.cache-7
7f612ea9b000-7f612eabb000 r--s 00000000 08:04 3413164                    /var/cache/fontconfig/02770245eac059faefae62cb0d56fbcb-le64.cache-7
7f612eabb000-7f612eabc000 r--s 00000000 08:04 3411797                    /var/cache/fontconfig/e61abf8156cc476151baa07d67337cae-le64.cache-7
7f612eabc000-7f612eabf000 r--s 00000000 08:04 3413163                    /var/cache/fontconfig/f7db4eb80ecea119098b8712da68a042-le64.cache-7
7f612eabf000-7f612eac7000 r--s 00000000 08:04 3413160                    /var/cache/fontconfig/ccb2d0786bada64fd4b4887a4949240d-le64.cache-7
7f612eac7000-7f612eb31000 r--s 00000000 08:04 3413138                    /var/cache/fontconfig/dfc824290ac19a40c85004098f38927d-le64.cache-7
7f612eb40000-7f612ebc6000 r-xp 00000000 08:04 2622722                    /usr/lib64/libsystemd.so.0.16.0
7f612ebc6000-7f612ebc9000 r--p 00085000 08:04 2622722                    /usr/lib64/libsystemd.so.0.16.0
7f612ebc9000-7f612ebca000 rw-p 00088000 08:04 2622722                    /usr/lib64/libsystemd.so.0.16.0
7f612ebca000-7f612ebcb000 rw-p 00000000 00:00 0 
7f612ebe5000-7f612ebec000 r--s 00000000 08:04 2622335                    /usr/lib64/gconv/gconv-modules.cache
7f612ebec000-7f612ebff000 r--s 00000000 08:04 3802436                    /usr/share/fonts/default/ghostscript/putbi.pfa
7f612ebff000-7f612ec12000 r--s 00000000 08:04 3802438                    /usr/share/fonts/default/ghostscript/putri.pfa
7f612ec12000-7f612ec24000 r--s 00000000 08:04 3802437                    /usr/share/fonts/default/ghostscript/putr.pfa
7f612ec24000-7f612ec36000 r--s 00000000 08:04 3802435                    /usr/share/fonts/default/ghostscript/putb.pfa
7f612ec36000-7f612ec3f000 r--s 00000000 08:04 3542303                    /usr/share/X11/fonts/Type1/c0632bt_.pfb
7f612ec3f000-7f612ec51000 r--s 00000000 08:04 3542289                    /usr/share/X11/fonts/Type1/UTB_____.pfa
7f612ec51000-7f612ec5b000 r--s 00000000 08:04 3542295                    /usr/share/X11/fonts/Type1/c0419bt_.pfb
7f612ec5b000-7f612ec65000 r--s 00000000 08:04 3542299                    /usr/share/X11/fonts/Type1/c0583bt_.pfb
7f612ec65000-7f612ec6f000 r--s 00000000 08:04 3542301                    /usr/share/X11/fonts/Type1/c0611bt_.pfb
7f612ec6f000-7f612ec78000 r--s 00000000 08:04 3542305                    /usr/share/X11/fonts/Type1/c0633bt_.pfb
7f612ec78000-7f612ec8a000 r--s 00000000 08:04 3542293                    /usr/share/X11/fonts/Type1/UTRG____.pfa
7f612ec8a000-7f612ec9d000 r--s 00000000 08:04 3542291                    /usr/share/X11/fonts/Type1/UTI_____.pfa
7f612ec9d000-7f612ecab000 r--s 00000000 08:04 3542310                    /usr/share/X11/fonts/Type1/cursor.pfa
7f612ecab000-7f612ecb5000 r--s 00000000 08:04 3542297                    /usr/share/X11/fonts/Type1/c0582bt_.pfb
7f612ecb5000-7f612ecbe000 r--s 00000000 08:04 3542307                    /usr/share/X11/fonts/Type1/c0648bt_.pfb
7f612ecbe000-7f612ecc7000 r--s 00000000 08:04 3542309                    /usr/share/X11/fonts/Type1/c0649bt_.pfb
7f612ecc7000-7f612ecda000 r--s 00000000 08:04 3542287                    /usr/share/X11/fonts/Type1/UTBI____.pfa
7f612ecda000-7f612ecec000 r--s 00000000 08:04 3802489                    /usr/share/fonts/default/Type1/n019044l.pfb
7f612ecec000-7f612ed02000 r--s 00000000 08:04 3802501                    /usr/share/fonts/default/Type1/n021024l.pfb
7f612ed02000-7f612ed19000 r--s 00000000 08:04 3802499                    /usr/share/fonts/default/Type1/n021023l.pfb
7f612ed19000-7f612ed29000 r--s 00000000 08:04 3802453                    /usr/share/fonts/default/Type1/a010013l.pfb
7f612ed29000-7f612ed32000 r--s 00000000 08:04 3802519                    /usr/share/fonts/default/Type1/s050000l.pfb
7f612ed32000-7f612ed43000 r--s 00000000 08:04 3802483                    /usr/share/fonts/default/Type1/n019023l.pfb
7f612ed43000-7f612ed56000 r--s 00000000 08:04 3802493                    /usr/share/fonts/default/Type1/n019064l.pfb
7f612ed56000-7f612ed6e000 r--s 00000000 08:04 3802475                    /usr/share/fonts/default/Type1/c059036l.pfb
7f612ed6e000-7f612ed89000 r--s 00000000 08:04 3802513                    /usr/share/fonts/default/Type1/p052004l.pfb
7f612ed89000-7f612ed9c000 r--s 00000000 08:04 3802463                    /usr/share/fonts/default/Type1/b018015l.pfb
7f612ed9c000-7f612edb5000 r--s 00000000 08:04 3802461                    /usr/share/fonts/default/Type1/b018012l.pfb
7f612edb5000-7f612edcc000 r--s 00000000 08:04 3802521                    /usr/share/fonts/default/Type1/z003034l.pfb
7f612edcc000-7f612ede5000 r--s 00000000 08:04 3802505                    /usr/share/fonts/default/Type1/n022004l.pfb
7f612ede5000-7f612edf9000 r--s 00000000 08:04 3802479                    /usr/share/fonts/default/Type1/n019003l.pfb
7f612edf9000-7f612ee0f000 r--s 00000000 08:04 3802507                    /usr/share/fonts/default/Type1/n022023l.pfb
7f612ee0f000-7f612ee20000 r--s 00000000 08:04 3802485                    /usr/share/fonts/default/Type1/n019024l.pfb
7f612ee20000-7f612ee3b000 r--s 00000000 08:04 3802471                    /usr/share/fonts/default/Type1/c059016l.pfb
7f612ee3b000-7f612ee4d000 r--s 00000000 08:04 3802467                    /usr/share/fonts/default/Type1/b018035l.pfb
7f612ee4d000-7f612ee59000 r--s 00000000 08:04 3802477                    /usr/share/fonts/default/Type1/d050000l.pfb
7f612ee59000-7f612ee75000 r--s 00000000 08:04 3802517                    /usr/share/fonts/default/Type1/p052024l.pfb
7f612ee75000-7f612ee8d000 r--s 00000000 08:04 3802473                    /usr/share/fonts/default/Type1/c059033l.pfb
7f612ee8d000-7f612eea7000 r--s 00000000 08:04 3802469                    /usr/share/fonts/default/Type1/c059013l.pfb
7f612eea7000-7f612eec2000 r--s 00000000 08:04 3802515                    /usr/share/fonts/default/Type1/p052023l.pfb
7f612eec2000-7f612eed3000 r--s 00000000 08:04 3802491                    /usr/share/fonts/default/Type1/n019063l.pfb
7f612eed3000-7f612eee4000 r--s 00000000 08:04 3802459                    /usr/share/fonts/default/Type1/a010035l.pfb
7f612eee4000-7f612eef6000 r--s 00000000 08:04 3802487                    /usr/share/fonts/default/Type1/n019043l.pfb
7f612eef6000-7f612ef0f000 r--s 00000000 08:04 3802495                    /usr/share/fonts/default/Type1/n021003l.pfb
7f612ef0f000-7f612ef1f000 r--s 00000000 08:04 3802457                    /usr/share/fonts/default/Type1/a010033l.pfb
7f612ef1f000-7f612ef35000 r--s 00000000 08:04 3802509                    /usr/share/fonts/default/Type1/n022024l.pfb
7f612ef35000-7f612ef4a000 r--s 00000000 08:04 3802465                    /usr/share/fonts/default/Type1/b018032l.pfb
7f612ef4a000-7f612ef5c000 r--s 00000000 08:04 3802481                    /usr/share/fonts/default/Type1/n019004l.pfb
7f612ef5c000-7f612ef77000 r--s 00000000 08:04 3802511                    /usr/share/fonts/default/Type1/p052003l.pfb
7f612ef77000-7f612ef90000 r--s 00000000 08:04 3802497                    /usr/share/fonts/default/Type1/n021004l.pfb
7f612ef90000-7f612efa0000 r--s 00000000 08:04 3802455                    /usr/share/fonts/default/Type1/a010015l.pfb
7f612efa0000-7f612efb7000 r-xp 00000000 08:04 2622063                    /usr/lib64/libresolv-2.24.so
7f612efb7000-7f612f1b7000 ---p 00017000 08:04 2622063                    /usr/lib64/libresolv-2.24.so
7f612f1b7000-7f612f1b8000 r--p 00017000 08:04 2622063                    /usr/lib64/libresolv-2.24.so
7f612f1b8000-7f612f1b9000 rw-p 00018000 08:04 2622063                    /usr/lib64/libresolv-2.24.so
7f612f1b9000-7f612f1bb000 rw-p 00000000 00:00 0 
7f612f1bb000-7f612f1c0000 r-xp 00000000 08:04 2622057                    /usr/lib64/libnss_dns-2.24.so
7f612f1c0000-7f612f3c0000 ---p 00005000 08:04 2622057                    /usr/lib64/libnss_dns-2.24.so
7f612f3c0000-7f612f3c1000 r--p 00005000 08:04 2622057                    /usr/lib64/libnss_dns-2.24.so
7f612f3c1000-7f612f3c2000 rw-p 00006000 08:04 2622057                    /usr/lib64/libnss_dns-2.24.so
7f612f3c2000-7f612f5c2000 rw-p 00000000 00:00 0 
7f612f5c2000-7f612f5d3000 r-xp 00000000 08:04 5640630                    /usr/lib/jvm/java-1.8.0-openjdk-1.8.0.151-1.b12.fc25.x86_64/jre/lib/amd64/libnio.so
7f612f5d3000-7f612f7d3000 ---p 00011000 08:04 5640630                    /usr/lib/jvm/java-1.8.0-openjdk-1.8.0.151-1.b12.fc25.x86_64/jre/lib/amd64/libnio.so
7f612f7d3000-7f612f7d4000 r--p 00011000 08:04 5640630                    /usr/lib/jvm/java-1.8.0-openjdk-1.8.0.151-1.b12.fc25.x86_64/jre/lib/amd64/libnio.so
7f612f7d4000-7f612f7d5000 rw-p 00012000 08:04 5640630                    /usr/lib/jvm/java-1.8.0-openjdk-1.8.0.151-1.b12.fc25.x86_64/jre/lib/amd64/libnio.so
7f612f7d5000-7f612f7ec000 r-xp 00000000 08:04 5640629                    /usr/lib/jvm/java-1.8.0-openjdk-1.8.0.151-1.b12.fc25.x86_64/jre/lib/amd64/libnet.so
7f612f7ec000-7f612f9eb000 ---p 00017000 08:04 5640629                    /usr/lib/jvm/java-1.8.0-openjdk-1.8.0.151-1.b12.fc25.x86_64/jre/lib/amd64/libnet.so
7f612f9eb000-7f612f9ec000 r--p 00016000 08:04 5640629                    /usr/lib/jvm/java-1.8.0-openjdk-1.8.0.151-1.b12.fc25.x86_64/jre/lib/amd64/libnet.so
7f612f9ec000-7f612f9ed000 rw-p 00017000 08:04 5640629                    /usr/lib/jvm/java-1.8.0-openjdk-1.8.0.151-1.b12.fc25.x86_64/jre/lib/amd64/libnet.so
7f612f9ed000-7f612f9f0000 ---p 00000000 00:00 0 
7f612f9f0000-7f612faee000 rw-p 00000000 00:00 0 
7f612faee000-7f612faf3000 r-xp 00000000 08:04 2630863                    /usr/lib64/libXfixes.so.3.1.0
7f612faf3000-7f612fcf2000 ---p 00005000 08:04 2630863                    /usr/lib64/libXfixes.so.3.1.0
7f612fcf2000-7f612fcf3000 r--p 00004000 08:04 2630863                    /usr/lib64/libXfixes.so.3.1.0
7f612fcf3000-7f612fcf4000 rw-p 00005000 08:04 2630863                    /usr/lib64/libXfixes.so.3.1.0
7f612fcf4000-7f612fcfd000 r-xp 00000000 08:04 2630879                    /usr/lib64/libXcursor.so.1.0.2
7f612fcfd000-7f612fefd000 ---p 00009000 08:04 2630879                    /usr/lib64/libXcursor.so.1.0.2
7f612fefd000-7f612fefe000 r--p 00009000 08:04 2630879                    /usr/lib64/libXcursor.so.1.0.2
7f612fefe000-7f612feff000 rw-p 00000000 00:00 0 
7f612feff000-7f612ff02000 ---p 00000000 00:00 0 
7f612ff02000-7f6130000000 rw-p 00000000 00:00 0 
7f6130000000-7f6130021000 rw-p 00000000 00:00 0 
7f6130021000-7f6134000000 ---p 00000000 00:00 0 
7f6134000000-7f6134002000 r--s 00000000 08:04 3413162                    /var/cache/fontconfig/fd3f5ff8afaa9f36fec91d63e6ae2f60-le64.cache-7
7f6134002000-7f6134007000 r--s 00000000 08:04 3411779                    /var/cache/fontconfig/b67b32625a2bb51b023d3814a918f351-le64.cache-7
7f6134007000-7f613400f000 r--s 00000000 08:04 3413159                    /var/cache/fontconfig/147799fc934417213a2ac0134168e4a8-le64.cache-7
7f613400f000-7f613402c000 r--s 00000000 08:04 3407875                    /var/cache/fontconfig/e34b99a1e22e6f7451938fb9934274e6-le64.cache-7
7f613402c000-7f6134034000 r--s 00000000 08:04 3413158                    /var/cache/fontconfig/39ead01cc9cd60029cc7ae3b9c13f1e5-le64.cache-7
7f6134034000-7f6134047000 r--s 00000000 08:04 3413155                    /var/cache/fontconfig/1a877d34a44f5e059c74334a2ed3d4c5-le64.cache-7
7f6134047000-7f6134078000 r-xp 00000000 08:04 2623189                    /usr/lib64/libpng16.so.16.27.0
7f6134078000-7f6134278000 ---p 00031000 08:04 2623189                    /usr/lib64/libpng16.so.16.27.0
7f6134278000-7f6134279000 r--p 00031000 08:04 2623189                    /usr/lib64/libpng16.so.16.27.0
7f6134279000-7f613427a000 rw-p 00000000 00:00 0 
7f613427a000-7f6134289000 r-xp 00000000 08:04 2622472                    /usr/lib64/libbz2.so.1.0.6
7f6134289000-7f6134488000 ---p 0000f000 08:04 2622472                    /usr/lib64/libbz2.so.1.0.6
7f6134488000-7f6134489000 r--p 0000e000 08:04 2622472                    /usr/lib64/libbz2.so.1.0.6
7f6134489000-7f613448a000 rw-p 0000f000 08:04 2622472                    /usr/lib64/libbz2.so.1.0.6
7f613448a000-7f613452e000 r-xp 00000000 08:04 2623192                    /usr/lib64/libfreetype.so.6.12.5
7f613452e000-7f613472e000 ---p 000a4000 08:04 2623192                    /usr/lib64/libfreetype.so.6.12.5
7f613472e000-7f6134734000 r--p 000a4000 08:04 2623192                    /usr/lib64/libfreetype.so.6.12.5
7f6134734000-7f6134735000 rw-p 00000000 00:00 0 
7f6134735000-7f6134786000 r-xp 00000000 08:04 5640612                    /usr/lib/jvm/java-1.8.0-openjdk-1.8.0.151-1.b12.fc25.x86_64/jre/lib/amd64/libfontmanager.so
7f6134786000-7f6134985000 ---p 00051000 08:04 5640612                    /usr/lib/jvm/java-1.8.0-openjdk-1.8.0.151-1.b12.fc25.x86_64/jre/lib/amd64/libfontmanager.so
7f6134985000-7f6134988000 r--p 00050000 08:04 5640612                    /usr/lib/jvm/java-1.8.0-openjdk-1.8.0.151-1.b12.fc25.x86_64/jre/lib/amd64/libfontmanager.so
7f6134988000-7f6134989000 rw-p 00053000 08:04 5640612                    /usr/lib/jvm/java-1.8.0-openjdk-1.8.0.151-1.b12.fc25.x86_64/jre/lib/amd64/libfontmanager.so
7f6134989000-7f613498b000 r-xp 00000000 08:04 2626968                    /usr/lib64/libXau.so.6.0.0
7f613498b000-7f6134b8b000 ---p 00002000 08:04 2626968                    /usr/lib64/libXau.so.6.0.0
7f6134b8b000-7f6134b8c000 r--p 00002000 08:04 2626968                    /usr/lib64/libXau.so.6.0.0
7f6134b8c000-7f6134b8d000 rw-p 00000000 00:00 0 
7f6134b8d000-7f6134bb4000 r-xp 00000000 08:04 2627018                    /usr/lib64/libxcb.so.1.1.0
7f6134bb4000-7f6134db3000 ---p 00027000 08:04 2627018                    /usr/lib64/libxcb.so.1.1.0
7f6134db3000-7f6134db4000 r--p 00026000 08:04 2627018                    /usr/lib64/libxcb.so.1.1.0
7f6134db4000-7f6134db5000 rw-p 00027000 08:04 2627018                    /usr/lib64/libxcb.so.1.1.0
7f6134db5000-7f6134dc4000 r-xp 00000000 08:04 2630865                    /usr/lib64/libXi.so.6.1.0
7f6134dc4000-7f6134fc3000 ---p 0000f000 08:04 2630865                    /usr/lib64/libXi.so.6.1.0
7f6134fc3000-7f6134fc4000 r--p 0000e000 08:04 2630865                    /usr/lib64/libXi.so.6.1.0
7f6134fc4000-7f6134fc5000 rw-p 0000f000 08:04 2630865                    /usr/lib64/libXi.so.6.1.0
7f6134fc5000-7f6134fca000 r-xp 00000000 08:04 2630875                    /usr/lib64/libXtst.so.6.1.0
7f6134fca000-7f61351c9000 ---p 00005000 08:04 2630875                    /usr/lib64/libXtst.so.6.1.0
7f61351c9000-7f61351ca000 r--p 00004000 08:04 2630875                    /usr/lib64/libXtst.so.6.1.0
7f61351ca000-7f61351cb000 rw-p 00005000 08:04 2630875                    /usr/lib64/libXtst.so.6.1.0
7f61351cb000-7f61351cd000 r-xp 00000000 08:04 2630869                    /usr/lib64/libXcomposite.so.1.0.0
7f61351cd000-7f61353cc000 ---p 00002000 08:04 2630869                    /usr/lib64/libXcomposite.so.1.0.0
7f61353cc000-7f61353cd000 r--p 00001000 08:04 2630869                    /usr/lib64/libXcomposite.so.1.0.0
7f61353cd000-7f61353ce000 rw-p 00000000 00:00 0 
7f61353ce000-7f61353d7000 r-xp 00000000 08:04 2630871                    /usr/lib64/libXrender.so.1.3.0
7f61353d7000-7f61355d6000 ---p 00009000 08:04 2630871                    /usr/lib64/libXrender.so.1.3.0
7f61355d6000-7f61355d7000 r--p 00008000 08:04 2630871                    /usr/lib64/libXrender.so.1.3.0
7f61355d7000-7f61355d8000 rw-p 00009000 08:04 2630871                    /usr/lib64/libXrender.so.1.3.0
7f61355d8000-7f6135710000 r-xp 00000000 08:04 2630859                    /usr/lib64/libX11.so.6.3.0
7f6135710000-7f6135910000 ---p 00138000 08:04 2630859                    /usr/lib64/libX11.so.6.3.0
7f6135910000-7f6135913000 r--p 00138000 08:04 2630859                    /usr/lib64/libX11.so.6.3.0
7f6135913000-7f6135917000 rw-p 0013b000 08:04 2630859                    /usr/lib64/libX11.so.6.3.0
7f6135917000-7f6135928000 r-xp 00000000 08:04 2630861                    /usr/lib64/libXext.so.6.4.0
7f6135928000-7f6135b27000 ---p 00011000 08:04 2630861                    /usr/lib64/libXext.so.6.4.0
7f6135b27000-7f6135b28000 r--p 00010000 08:04 2630861                    /usr/lib64/libXext.so.6.4.0
7f6135b28000-7f6135b29000 rw-p 00011000 08:04 2630861                    /usr/lib64/libXext.so.6.4.0
7f6135b29000-7f6135b7d000 r-xp 00000000 08:04 5640641                    /usr/lib/jvm/java-1.8.0-openjdk-1.8.0.151-1.b12.fc25.x86_64/jre/lib/amd64/libawt_xawt.so
7f6135b7d000-7f6135d7d000 ---p 00054000 08:04 5640641                    /usr/lib/jvm/java-1.8.0-openjdk-1.8.0.151-1.b12.fc25.x86_64/jre/lib/amd64/libawt_xawt.so
7f6135d7d000-7f6135d7e000 r--p 00054000 08:04 5640641                    /usr/lib/jvm/java-1.8.0-openjdk-1.8.0.151-1.b12.fc25.x86_64/jre/lib/amd64/libawt_xawt.so
7f6135d7e000-7f6135d80000 rw-p 00055000 08:04 5640641                    /usr/lib/jvm/java-1.8.0-openjdk-1.8.0.151-1.b12.fc25.x86_64/jre/lib/amd64/libawt_xawt.so
7f6135d80000-7f6135d82000 rw-p 00000000 00:00 0 
7f6135d82000-7f6135e23000 r-xp 00000000 08:04 5640609                    /usr/lib/jvm/java-1.8.0-openjdk-1.8.0.151-1.b12.fc25.x86_64/jre/lib/amd64/libawt.so
7f6135e23000-7f6136022000 ---p 000a1000 08:04 5640609                    /usr/lib/jvm/java-1.8.0-openjdk-1.8.0.151-1.b12.fc25.x86_64/jre/lib/amd64/libawt.so
7f6136022000-7f6136023000 r--p 000a0000 08:04 5640609                    /usr/lib/jvm/java-1.8.0-openjdk-1.8.0.151-1.b12.fc25.x86_64/jre/lib/amd64/libawt.so
7f6136023000-7f613602e000 rw-p 000a1000 08:04 5640609                    /usr/lib/jvm/java-1.8.0-openjdk-1.8.0.151-1.b12.fc25.x86_64/jre/lib/amd64/libawt.so
7f613602e000-7f6136053000 rw-p 00000000 00:00 0 
7f6136053000-7f61360e9000 r--s 008d6000 08:04 4214879                    /usr/lib/jvm/openjfx/rt/lib/ext/jfxrt.jar
7f61360e9000-7f61360ea000 ---p 00000000 00:00 0 
7f61360ea000-7f61361ea000 rw-p 00000000 00:00 0 
7f61361ea000-7f61361ed000 ---p 00000000 00:00 0 
7f61361ed000-7f61362eb000 rw-p 00000000 00:00 0 
7f61362eb000-7f61362ee000 ---p 00000000 00:00 0 
7f61362ee000-7f61363ec000 rw-p 00000000 00:00 0 
7f61363ec000-7f61363ef000 ---p 00000000 00:00 0 
7f61363ef000-7f61364ed000 rw-p 00000000 00:00 0 
7f61364ed000-7f61364f0000 ---p 00000000 00:00 0 
7f61364f0000-7f61365ee000 rw-p 00000000 00:00 0 
7f61365ee000-7f61365f1000 ---p 00000000 00:00 0 
7f61365f1000-7f61366ef000 rw-p 00000000 00:00 0 
7f61366ef000-7f61366f2000 ---p 00000000 00:00 0 
7f61366f2000-7f61367f0000 rw-p 00000000 00:00 0 
7f61367f0000-7f61367f3000 ---p 00000000 00:00 0 
7f61367f3000-7f61368f1000 rw-p 00000000 00:00 0 
7f61368f1000-7f61368f2000 ---p 00000000 00:00 0 
7f61368f2000-7f6138000000 rw-p 00000000 00:00 0 
7f6138000000-7f6138021000 rw-p 00000000 00:00 0 
7f6138021000-7f613c000000 ---p 00000000 00:00 0 
7f613c000000-7f613c002000 r--s 00000000 08:04 3413161                    /var/cache/fontconfig/f72eaeb4ac2ccf4d956de7956a98942c-le64.cache-7
7f613c002000-7f613c004000 r--s 00000000 08:04 3411778                    /var/cache/fontconfig/d3379abda271c4acd2ad0c01f565d0b0-le64.cache-7
7f613c004000-7f613c005000 r--s 00000000 08:04 3411795                    /var/cache/fontconfig/b4d0b56f766d89640448751fcd18ec1e-le64.cache-7
7f613c005000-7f613c006000 r--s 00000000 08:04 3413157                    /var/cache/fontconfig/30c5f4a3fa007ce7189acb0c5244d5e0-le64.cache-7
7f613c006000-7f613c008000 r--s 00000000 08:04 3413156                    /var/cache/fontconfig/9d6b6961e7ef997cf647fddc43984be1-le64.cache-7
7f613c008000-7f613c00a000 r--s 00000000 08:04 3412303                    /var/cache/fontconfig/b14e78aa9400ae7a28193faee1d62280-le64.cache-7
7f613c00a000-7f613c00d000 r--s 00000000 08:04 3411783                    /var/cache/fontconfig/7ee6df7a8311986241317a58487e0145-le64.cache-7
7f613c00d000-7f613c00f000 r--s 00000000 08:04 3411776                    /var/cache/fontconfig/99a1ce9f8b6a0434aadb01d3779b0780-le64.cache-7
7f613c00f000-7f613c011000 r--s 00000000 08:04 3411775                    /var/cache/fontconfig/f9d379b867d7c69c85310a4f24e5228f-le64.cache-7
7f613c011000-7f613c012000 r--s 00000000 08:04 3411793                    /var/cache/fontconfig/a0c19c2c21e758d73376b5942921cc72-le64.cache-7
7f613c012000-7f613c025000 r--s 00000000 08:04 3411774                    /var/cache/fontconfig/614d1caaa4d7914789410f6367de37ca-le64.cache-7
7f613c025000-7f613c02b000 r--s 00000000 08:04 3413154                    /var/cache/fontconfig/1df85697c14702f44658b24b408926a8-le64.cache-7
7f613c02b000-7f613c02c000 r--s 00000000 08:04 3413153                    /var/cache/fontconfig/ebf56f3700add7deef4170121b075635-le64.cache-7
7f613c02c000-7f613c02d000 r--s 00000000 08:04 3413152                    /var/cache/fontconfig/152851b4acb048b800b8533ebc1936a3-le64.cache-7
7f613c02d000-7f613c12e000 rw-p 00000000 00:00 0 
7f613c12e000-7f613c2fc000 r--s 04400000 08:04 4592880                    /usr/lib/jvm/java-1.8.0-openjdk-1.8.0.151-1.b12.fc25.x86_64/jre/lib/rt.jar
7f613c2fc000-7f613cb1f000 rw-p 00000000 00:00 0 
7f613cb1f000-7f613d000000 ---p 00000000 00:00 0 
7f613d000000-7f613d660000 rwxp 00000000 00:00 0 
7f613d660000-7f614c000000 ---p 00000000 00:00 0 
7f614c000000-7f614c485000 rw-p 00000000 00:00 0 
7f614c485000-7f6150000000 ---p 00000000 00:00 0 
7f6150000000-7f6150003000 r--s 00000000 08:04 3413151                    /var/cache/fontconfig/1001bb686ac205d38fadd4998ec2152d-le64.cache-7
7f6150003000-7f6150006000 r--s 00000000 08:04 3413150                    /var/cache/fontconfig/2cbe6dac152fceb49957eb990e8f7dfa-le64.cache-7
7f6150006000-7f6150007000 r--s 00000000 08:04 3413149                    /var/cache/fontconfig/d7e68a80a06657bbae41d14d310f555f-le64.cache-7
7f6150007000-7f615000a000 r--s 00000000 08:04 3413148                    /var/cache/fontconfig/0669abc9e8863dabd7fb8975a3169a86-le64.cache-7
7f615000a000-7f615000b000 r--s 00000000 08:04 3413147                    /var/cache/fontconfig/9df3afe5f4f864d4b26fb58d477683d4-le64.cache-7
7f615000b000-7f615000d000 r--s 00000000 08:04 3413146                    /var/cache/fontconfig/4773c4f6f3a341ff599072afa1542d36-le64.cache-7
7f615000d000-7f615000e000 r--s 00000000 08:04 3412666                    /var/cache/fontconfig/0f80fa86029ae75a63f21d682b864529-le64.cache-7
7f615000e000-7f6150018000 r--s 00000000 08:04 3413144                    /var/cache/fontconfig/ed5f51de67573479bbfe4a227e990540-le64.cache-7
7f6150018000-7f6150025000 r--s 00000000 08:04 3413143                    /var/cache/fontconfig/97e72070044f6937752cf3387f4cc751-le64.cache-7
7f6150025000-7f6150027000 r--s 00000000 08:04 3413142                    /var/cache/fontconfig/80851f10ec0499eef7db066c71291947-le64.cache-7
7f6150027000-7f615002a000 r--s 00000000 08:04 3413141                    /var/cache/fontconfig/f8d73b453b8886994cde55d811f6a889-le64.cache-7
7f615002a000-7f6150030000 r--s 00000000 08:04 3413140                    /var/cache/fontconfig/eb1a6a87a0d801769b114129ece88710-le64.cache-7
7f6150030000-7f6150033000 r--s 00000000 08:04 3413139                    /var/cache/fontconfig/582359b9978a7b150e584e332ff2143d-le64.cache-7
7f6150033000-7f615003e000 r--s 00000000 08:04 3411773                    /var/cache/fontconfig/12b26b760a24f8b4feb03ad48a333a72-le64.cache-7
7f615003e000-7f6150040000 r--s 00000000 08:04 3413137                    /var/cache/fontconfig/7f44c09c3a4dd7faf914c1771855731c-le64.cache-7
7f6150040000-7f6150045000 r--s 00000000 08:04 3413135                    /var/cache/fontconfig/c793051652af0a082fa4b8a7ceb4a8c7-le64.cache-7
7f6150045000-7f6150054000 r--s 00000000 08:04 3413134                    /var/cache/fontconfig/7648bf0ff2312f5efa6202d7d5f776b3-le64.cache-7
7f6150054000-7f615005a000 r--s 00000000 08:04 3413132                    /var/cache/fontconfig/62775a44effc9c99c1d4896b0e88d7ff-le64.cache-7
7f615005a000-7f615005e000 r--s 00000000 08:04 3413131                    /var/cache/fontconfig/621adf1b95427b8cc7448b9b5dc0b505-le64.cache-7
7f615005e000-7f6150065000 r--s 00000000 08:04 3413129                    /var/cache/fontconfig/670fd9881e303756637bc2f467c0c214-le64.cache-7
7f6150065000-7f615006c000 r--s 00000000 08:04 3411210                    /var/cache/fontconfig/a116919b8bdb14ffaacd61d02e607fb8-le64.cache-7
7f615006c000-7f6150130000 rw-p 00000000 00:00 0 
7f6150130000-7f6150131000 ---p 00000000 00:00 0 
7f6150131000-7f6150231000 rw-p 00000000 00:00 0 
7f6150231000-7f6150232000 ---p 00000000 00:00 0 
7f6150232000-7f6150332000 rw-p 00000000 00:00 0 
7f6150332000-7f6150333000 ---p 00000000 00:00 0 
7f6150333000-7f6150433000 rw-p 00000000 00:00 0 
7f6150433000-7f6150434000 ---p 00000000 00:00 0 
7f6150434000-7f6150588000 rw-p 00000000 00:00 0 
7f6150588000-7f6150a68000 ---p 00000000 00:00 0 
7f6150a68000-7f6150a93000 rw-p 00000000 00:00 0 
7f6150a93000-7f6150d03000 ---p 00000000 00:00 0 
7f6150d03000-7f6150d1e000 rw-p 00000000 00:00 0 
7f6150d1e000-7f61510c4000 ---p 00000000 00:00 0 
7f61510c4000-7f61510cc000 r-xp 00000000 08:04 5640638                    /usr/lib/jvm/java-1.8.0-openjdk-1.8.0.151-1.b12.fc25.x86_64/jre/lib/amd64/libzip.so
7f61510cc000-7f61512cb000 ---p 00008000 08:04 5640638                    /usr/lib/jvm/java-1.8.0-openjdk-1.8.0.151-1.b12.fc25.x86_64/jre/lib/amd64/libzip.so
7f61512cb000-7f61512cc000 r--p 00007000 08:04 5640638                    /usr/lib/jvm/java-1.8.0-openjdk-1.8.0.151-1.b12.fc25.x86_64/jre/lib/amd64/libzip.so
7f61512cc000-7f61512cd000 rw-p 00000000 00:00 0 
7f61512cd000-7f6151ad2000 r--s 00000000 08:04 4075659                    /var/lib/sss/mc/passwd
7f6151ad2000-7f6151ada000 r-xp 00000000 08:04 2631704                    /usr/lib64/libnss_sss.so.2
7f6151ada000-7f6151cd9000 ---p 00008000 08:04 2631704                    /usr/lib64/libnss_sss.so.2
7f6151cd9000-7f6151cda000 r--p 00007000 08:04 2631704                    /usr/lib64/libnss_sss.so.2
7f6151cda000-7f6151cdb000 rw-p 00008000 08:04 2631704                    /usr/lib64/libnss_sss.so.2
7f6151cdb000-7f6151ce5000 r-xp 00000000 08:04 2622059                    /usr/lib64/libnss_files-2.24.so
7f6151ce5000-7f6151ee5000 ---p 0000a000 08:04 2622059                    /usr/lib64/libnss_files-2.24.so
7f6151ee5000-7f6151ee6000 r--p 0000a000 08:04 2622059                    /usr/lib64/libnss_files-2.24.so
7f6151ee6000-7f6151ee7000 rw-p 0000b000 08:04 2622059                    /usr/lib64/libnss_files-2.24.so
7f6151ee7000-7f6151eed000 rw-p 00000000 00:00 0 
7f6151eed000-7f6151f1a000 r-xp 00000000 08:04 5640619                    /usr/lib/jvm/java-1.8.0-openjdk-1.8.0.151-1.b12.fc25.x86_64/jre/lib/amd64/libjava.so
7f6151f1a000-7f615211a000 ---p 0002d000 08:04 5640619                    /usr/lib/jvm/java-1.8.0-openjdk-1.8.0.151-1.b12.fc25.x86_64/jre/lib/amd64/libjava.so
7f615211a000-7f615211b000 r--p 0002d000 08:04 5640619                    /usr/lib/jvm/java-1.8.0-openjdk-1.8.0.151-1.b12.fc25.x86_64/jre/lib/amd64/libjava.so
7f615211b000-7f615211c000 rw-p 0002e000 08:04 5640619                    /usr/lib/jvm/java-1.8.0-openjdk-1.8.0.151-1.b12.fc25.x86_64/jre/lib/amd64/libjava.so
7f615211c000-7f615211d000 rw-p 00000000 00:00 0 
7f615211d000-7f615212a000 r-xp 00000000 08:04 5640637                    /usr/lib/jvm/java-1.8.0-openjdk-1.8.0.151-1.b12.fc25.x86_64/jre/lib/amd64/libverify.so
7f615212a000-7f6152329000 ---p 0000d000 08:04 5640637                    /usr/lib/jvm/java-1.8.0-openjdk-1.8.0.151-1.b12.fc25.x86_64/jre/lib/amd64/libverify.so
7f6152329000-7f615232b000 r--p 0000c000 08:04 5640637                    /usr/lib/jvm/java-1.8.0-openjdk-1.8.0.151-1.b12.fc25.x86_64/jre/lib/amd64/libverify.so
7f615232b000-7f615232c000 rw-p 00000000 00:00 0 
7f615232c000-7f6152333000 r-xp 00000000 08:04 2622065                    /usr/lib64/librt-2.24.so
7f6152333000-7f6152532000 ---p 00007000 08:04 2622065                    /usr/lib64/librt-2.24.so
7f6152532000-7f6152533000 r--p 00006000 08:04 2622065                    /usr/lib64/librt-2.24.so
7f6152533000-7f6152534000 rw-p 00007000 08:04 2622065                    /usr/lib64/librt-2.24.so
7f6152534000-7f615254a000 r-xp 00000000 08:04 2621459                    /usr/lib64/libgcc_s-6.4.1-20170727.so.1
7f615254a000-7f6152749000 ---p 00016000 08:04 2621459                    /usr/lib64/libgcc_s-6.4.1-20170727.so.1
7f6152749000-7f615274a000 r--p 00015000 08:04 2621459                    /usr/lib64/libgcc_s-6.4.1-20170727.so.1
7f615274a000-7f615274b000 rw-p 00016000 08:04 2621459                    /usr/lib64/libgcc_s-6.4.1-20170727.so.1
7f615274b000-7f6152853000 r-xp 00000000 08:04 2622051                    /usr/lib64/libm-2.24.so
7f6152853000-7f6152a52000 ---p 00108000 08:04 2622051                    /usr/lib64/libm-2.24.so
7f6152a52000-7f6152a53000 r--p 00107000 08:04 2622051                    /usr/lib64/libm-2.24.so
7f6152a53000-7f6152a54000 rw-p 00108000 08:04 2622051                    /usr/lib64/libm-2.24.so
7f6152a54000-7f6152bcc000 r-xp 00000000 08:04 2622562                    /usr/lib64/libstdc++.so.6.0.22
7f6152bcc000-7f6152dcc000 ---p 00178000 08:04 2622562                    /usr/lib64/libstdc++.so.6.0.22
7f6152dcc000-7f6152dd6000 r--p 00178000 08:04 2622562                    /usr/lib64/libstdc++.so.6.0.22
7f6152dd6000-7f6152dd8000 rw-p 00182000 08:04 2622562                    /usr/lib64/libstdc++.so.6.0.22
7f6152dd8000-7f6152ddc000 rw-p 00000000 00:00 0 
7f6152ddc000-7f6153b06000 r-xp 00000000 08:04 5778567                    /usr/lib/jvm/java-1.8.0-openjdk-1.8.0.151-1.b12.fc25.x86_64/jre/lib/amd64/server/libjvm.so
7f6153b06000-7f6153d06000 ---p 00d2a000 08:04 5778567                    /usr/lib/jvm/java-1.8.0-openjdk-1.8.0.151-1.b12.fc25.x86_64/jre/lib/amd64/server/libjvm.so
7f6153d06000-7f6153da2000 r--p 00d2a000 08:04 5778567                    /usr/lib/jvm/java-1.8.0-openjdk-1.8.0.151-1.b12.fc25.x86_64/jre/lib/amd64/server/libjvm.so
7f6153da2000-7f6153dcb000 rw-p 00dc6000 08:04 5778567                    /usr/lib/jvm/java-1.8.0-openjdk-1.8.0.151-1.b12.fc25.x86_64/jre/lib/amd64/server/libjvm.so
7f6153dcb000-7f6153dfb000 rw-p 00000000 00:00 0 
7f6153dfb000-7f6153fb8000 r-xp 00000000 08:04 2622045                    /usr/lib64/libc-2.24.so
7f6153fb8000-7f61541b7000 ---p 001bd000 08:04 2622045                    /usr/lib64/libc-2.24.so
7f61541b7000-7f61541bb000 r--p 001bc000 08:04 2622045                    /usr/lib64/libc-2.24.so
7f61541bb000-7f61541bd000 rw-p 001c0000 08:04 2622045                    /usr/lib64/libc-2.24.so
7f61541bd000-7f61541c1000 rw-p 00000000 00:00 0 
7f61541c1000-7f61541c4000 r-xp 00000000 08:04 2622049                    /usr/lib64/libdl-2.24.so
7f61541c4000-7f61543c3000 ---p 00003000 08:04 2622049                    /usr/lib64/libdl-2.24.so
7f61543c3000-7f61543c4000 r--p 00002000 08:04 2622049                    /usr/lib64/libdl-2.24.so
7f61543c4000-7f61543c5000 rw-p 00003000 08:04 2622049                    /usr/lib64/libdl-2.24.so
7f61543c5000-7f61543d2000 r-xp 00000000 08:04 5640606                    /usr/lib/jvm/java-1.8.0-openjdk-1.8.0.151-1.b12.fc25.x86_64/jre/lib/amd64/jli/libjli.so
7f61543d2000-7f61545d2000 ---p 0000d000 08:04 5640606                    /usr/lib/jvm/java-1.8.0-openjdk-1.8.0.151-1.b12.fc25.x86_64/jre/lib/amd64/jli/libjli.so
7f61545d2000-7f61545d3000 r--p 0000d000 08:04 5640606                    /usr/lib/jvm/java-1.8.0-openjdk-1.8.0.151-1.b12.fc25.x86_64/jre/lib/amd64/jli/libjli.so
7f61545d3000-7f61545d4000 rw-p 00000000 00:00 0 
7f61545d4000-7f61545e9000 r-xp 00000000 08:04 2622456                    /usr/lib64/libz.so.1.2.8
7f61545e9000-7f61547e8000 ---p 00015000 08:04 2622456                    /usr/lib64/libz.so.1.2.8
7f61547e8000-7f61547e9000 r--p 00014000 08:04 2622456                    /usr/lib64/libz.so.1.2.8
7f61547e9000-7f61547ea000 rw-p 00015000 08:04 2622456                    /usr/lib64/libz.so.1.2.8
7f61547ea000-7f6154802000 r-xp 00000000 08:04 2622061                    /usr/lib64/libpthread-2.24.so
7f6154802000-7f6154a02000 ---p 00018000 08:04 2622061                    /usr/lib64/libpthread-2.24.so
7f6154a02000-7f6154a03000 r--p 00018000 08:04 2622061                    /usr/lib64/libpthread-2.24.so
7f6154a03000-7f6154a04000 rw-p 00019000 08:04 2622061                    /usr/lib64/libpthread-2.24.so
7f6154a04000-7f6154a08000 rw-p 00000000 00:00 0 
7f6154a08000-7f6154a2e000 r-xp 00000000 08:04 2622038                    /usr/lib64/ld-2.24.so
7f6154a2e000-7f6154a2f000 r--s 00000000 08:04 3413145                    /var/cache/fontconfig/019629eead7fd8624feacc17e1c76e56-le64.cache-7
7f6154a2f000-7f6154a30000 r--s 00000000 08:04 3413136                    /var/cache/fontconfig/d2f66d64c4954caeb5345eb8c0eab248-le64.cache-7
7f6154a30000-7f6154a31000 r--s 00000000 08:04 3413133                    /var/cache/fontconfig/b13c8791567264b26ffe0e09fc4571b6-le64.cache-7
7f6154a31000-7f6154a33000 r--s 00000000 08:04 3413130                    /var/cache/fontconfig/69cc98ab8c7f1e44ab48f8983431c90b-le64.cache-7
7f6154a33000-7f6154a34000 r--s 00000000 08:04 3413128                    /var/cache/fontconfig/e0f508b41771d3e777ce13513b034bd1-le64.cache-7
7f6154a34000-7f6154a39000 r--s 00000000 08:04 3411791                    /var/cache/fontconfig/a289f7e03715303a9a1b010d74c00c6a-le64.cache-7
7f6154a39000-7f6154a3b000 r--s 00000000 08:04 3413127                    /var/cache/fontconfig/22abf0ef5e624ab5bceffcf115bfe030-le64.cache-7
7f6154a3b000-7f6154a3d000 r--s 00000000 08:04 3411771                    /var/cache/fontconfig/3640555adad8a8f6978400293cfce7ab-le64.cache-7
7f6154a3d000-7f6154a3f000 r--s 00000000 08:04 3412667                    /var/cache/fontconfig/b3043b29744cf0a429678d296f5e4026-le64.cache-7
7f6154a3f000-7f6154a43000 r--s 00000000 08:04 3412237                    /var/cache/fontconfig/beeeeb3dfe132a8a0633a017c99ce0c0-le64.cache-7
7f6154a43000-7f6154a5b000 r--s 00000000 08:04 3802503                    /usr/share/fonts/default/Type1/n022003l.pfb
7f6154a5b000-7f6154b05000 rw-p 00000000 00:00 0 
7f6154b05000-7f6154b08000 ---p 00000000 00:00 0 
7f6154b08000-7f6154c0a000 rw-p 00000000 00:00 0 
7f6154c0a000-7f6154c0b000 r--s 00000000 08:04 3412626                    /var/cache/fontconfig/6100190b570349e27a32507757f8c088-le64.cache-7
7f6154c0b000-7f6154c0c000 r--s 00000000 08:04 3413193                    /var/cache/fontconfig/d04038e664b0033ae700a78c51f179d3-le64.cache-7
7f6154c0c000-7f6154c1f000 r--s 00346000 08:04 4592859                    /usr/lib/jvm/java-1.8.0-openjdk-1.8.0.151-1.b12.fc25.x86_64/jre/lib/resources.jar
7f6154c1f000-7f6154c21000 r--s 00027000 00:31 452734042                  /cs/student/yushengjia/cs56/cs56-networking-chat/dist/Client.jar
7f6154c21000-7f6154c29000 rw-s 00000000 00:27 2495725                    /tmp/hsperfdata_yushengjia/4784
7f6154c29000-7f6154c2a000 rw-p 00000000 00:00 0 
7f6154c2a000-7f6154c2b000 r--p 00000000 00:00 0 
7f6154c2b000-7f6154c2d000 rw-p 00000000 00:00 0 
7f6154c2d000-7f6154c2e000 r--p 00025000 08:04 2622038                    /usr/lib64/ld-2.24.so
7f6154c2e000-7f6154c2f000 rw-p 00026000 08:04 2622038                    /usr/lib64/ld-2.24.so
7f6154c2f000-7f6154c30000 rw-p 00000000 00:00 0 
7fffa0ed3000-7fffa0ef4000 rw-p 00000000 00:00 0                          [stack]
7fffa0f33000-7fffa0f36000 r--p 00000000 00:00 0                          [vvar]
7fffa0f36000-7fffa0f38000 r-xp 00000000 00:00 0                          [vdso]
ffffffffff600000-ffffffffff601000 r-xp 00000000 00:00 0                  [vsyscall]

VM Arguments:
java_command: /cs/student/yushengjia/cs56/cs56-networking-chat/dist/Client.jar
java_class_path (initial): /cs/student/yushengjia/cs56/cs56-networking-chat/dist/Client.jar
Launcher Type: SUN_STANDARD

Environment Variables:
PATH=/usr/lib64/qt-3.3/bin:/usr/lib64/ccache:/usr/local/bin:/usr/local/sbin:/usr/bin:/usr/sbin:/cs/student/yushengjia/bin
USERNAME=yushengjia
SHELL=/bin/bash
DISPLAY=:2

Signal Handlers:
SIGSEGV: [libjvm.so+0xb2a990], sa_mask[0]=11111111011111111101111111111110, sa_flags=SA_RESTART|SA_SIGINFO
SIGBUS: [libjvm.so+0xb2a990], sa_mask[0]=11111111011111111101111111111110, sa_flags=SA_RESTART|SA_SIGINFO
SIGFPE: [libjvm.so+0x8f11f0], sa_mask[0]=11111111011111111101111111111110, sa_flags=SA_RESTART|SA_SIGINFO
SIGPIPE: [libjvm.so+0x8f11f0], sa_mask[0]=11111111011111111101111111111110, sa_flags=SA_RESTART|SA_SIGINFO
SIGXFSZ: [libjvm.so+0x8f11f0], sa_mask[0]=11111111011111111101111111111110, sa_flags=SA_RESTART|SA_SIGINFO
SIGILL: [libjvm.so+0x8f11f0], sa_mask[0]=11111111011111111101111111111110, sa_flags=SA_RESTART|SA_SIGINFO
SIGUSR1: SIG_DFL, sa_mask[0]=00000000000000000000000000000000, sa_flags=none
SIGUSR2: [libjvm.so+0x8f10a0], sa_mask[0]=00100000000000000000000000000000, sa_flags=SA_RESTART|SA_SIGINFO
SIGHUP: [libjvm.so+0x8f1550], sa_mask[0]=11111111011111111101111111111110, sa_flags=SA_RESTART|SA_SIGINFO
SIGINT: [libjvm.so+0x8f1550], sa_mask[0]=11111111011111111101111111111110, sa_flags=SA_RESTART|SA_SIGINFO
SIGTERM: [libjvm.so+0x8f1550], sa_mask[0]=11111111011111111101111111111110, sa_flags=SA_RESTART|SA_SIGINFO
SIGQUIT: [libjvm.so+0x8f1550], sa_mask[0]=11111111011111111101111111111110, sa_flags=SA_RESTART|SA_SIGINFO


---------------  S Y S T E M  ---------------

OS:Fedora release 25 (Twenty Five)

uname:Linux 4.13.16-100.fc25.x86_64 #1 SMP Mon Nov 27 19:52:46 UTC 2017 x86_64
libc:glibc 2.24 NPTL 2.24 
rlimit: STACK 8192k, CORE infinity, NPROC 63872, NOFILE 4096, AS infinity
load average:0.25 0.19 0.21

/proc/meminfo:
MemTotal:       16372944 kB
MemFree:         9643768 kB
MemAvailable:   12469832 kB
Buffers:          243384 kB
Cached:          2253068 kB
SwapCached:            0 kB
Active:          4116764 kB
Inactive:        1999472 kB
Active(anon):    2993140 kB
Inactive(anon):   121788 kB
Active(file):    1123624 kB
Inactive(file):  1877684 kB
Unevictable:          20 kB
Mlocked:              20 kB
SwapTotal:       8253436 kB
SwapFree:        8253436 kB
Dirty:                 8 kB
Writeback:             0 kB
AnonPages:       3619700 kB
Mapped:           780764 kB
Shmem:            147100 kB
Slab:             251112 kB
SReclaimable:     152824 kB
SUnreclaim:        98288 kB
KernelStack:       24768 kB
PageTables:       144912 kB
NFS_Unstable:          0 kB
Bounce:                0 kB
WritebackTmp:          0 kB
CommitLimit:    16439908 kB
Committed_AS:   17713784 kB
VmallocTotal:   34359738367 kB
VmallocUsed:           0 kB
VmallocChunk:          0 kB
HardwareCorrupted:     0 kB
AnonHugePages:         0 kB
ShmemHugePages:        0 kB
ShmemPmdMapped:        0 kB
CmaTotal:              0 kB
CmaFree:               0 kB
HugePages_Total:       0
HugePages_Free:        0
HugePages_Rsvd:        0
HugePages_Surp:        0
Hugepagesize:       2048 kB
DirectMap4k:      454288 kB
DirectMap2M:     7876608 kB
DirectMap1G:     9437184 kB


CPU:total 4 (initial active 4) (4 cores per cpu, 1 threads per core) family 6 model 60 stepping 3, cmov, cx8, fxsr, mmx, sse, sse2, sse3, ssse3, sse4.1, sse4.2, popcnt, avx, avx2, aes, clmul, erms, lzcnt, tsc, tscinvbit, bmi1, bmi2

/proc/cpuinfo:
processor	: 0
vendor_id	: GenuineIntel
cpu family	: 6
model		: 60
model name	: Intel(R) Core(TM) i5-4690 CPU @ 3.50GHz
stepping	: 3
microcode	: 0x22
cpu MHz		: 3491.905
cache size	: 6144 KB
physical id	: 0
siblings	: 4
core id		: 0
cpu cores	: 4
apicid		: 0
initial apicid	: 0
fpu		: yes
fpu_exception	: yes
cpuid level	: 13
wp		: yes
flags		: fpu vme de pse tsc msr pae mce cx8 apic sep mtrr pge mca cmov pat pse36 clflush dts acpi mmx fxsr sse sse2 ss ht tm pbe syscall nx pdpe1gb rdtscp lm constant_tsc arch_perfmon pebs bts rep_good nopl xtopology nonstop_tsc cpuid aperfmperf pni pclmulqdq dtes64 monitor ds_cpl vmx smx est tm2 ssse3 sdbg fma cx16 xtpr pdcm pcid sse4_1 sse4_2 x2apic movbe popcnt tsc_deadline_timer aes xsave avx f16c rdrand lahf_lm abm cpuid_fault epb tpr_shadow vnmi flexpriority ept vpid fsgsbase tsc_adjust bmi1 avx2 smep bmi2 erms invpcid xsaveopt dtherm ida arat pln pts
bugs		:
bogomips	: 6983.81
clflush size	: 64
cache_alignment	: 64
address sizes	: 39 bits physical, 48 bits virtual
power management:

processor	: 1
vendor_id	: GenuineIntel
cpu family	: 6
model		: 60
model name	: Intel(R) Core(TM) i5-4690 CPU @ 3.50GHz
stepping	: 3
microcode	: 0x22
cpu MHz		: 3491.905
cache size	: 6144 KB
physical id	: 0
siblings	: 4
core id		: 1
cpu cores	: 4
apicid		: 2
initial apicid	: 2
fpu		: yes
fpu_exception	: yes
cpuid level	: 13
wp		: yes
flags		: fpu vme de pse tsc msr pae mce cx8 apic sep mtrr pge mca cmov pat pse36 clflush dts acpi mmx fxsr sse sse2 ss ht tm pbe syscall nx pdpe1gb rdtscp lm constant_tsc arch_perfmon pebs bts rep_good nopl xtopology nonstop_tsc cpuid aperfmperf pni pclmulqdq dtes64 monitor ds_cpl vmx smx est tm2 ssse3 sdbg fma cx16 xtpr pdcm pcid sse4_1 sse4_2 x2apic movbe popcnt tsc_deadline_timer aes xsave avx f16c rdrand lahf_lm abm cpuid_fault epb tpr_shadow vnmi flexpriority ept vpid fsgsbase tsc_adjust bmi1 avx2 smep bmi2 erms invpcid xsaveopt dtherm ida arat pln pts
bugs		:
bogomips	: 6983.81
clflush size	: 64
cache_alignment	: 64
address sizes	: 39 bits physical, 48 bits virtual
power management:

processor	: 2
vendor_id	: GenuineIntel
cpu family	: 6
model		: 60
model name	: Intel(R) Core(TM) i5-4690 CPU @ 3.50GHz
stepping	: 3
microcode	: 0x22
cpu MHz		: 3491.905
cache size	: 6144 KB
physical id	: 0
siblings	: 4
core id		: 2
cpu cores	: 4
apicid		: 4
initial apicid	: 4
fpu		: yes
fpu_exception	: yes
cpuid level	: 13
wp		: yes
flags		: fpu vme de pse tsc msr pae mce cx8 apic sep mtrr pge mca cmov pat pse36 clflush dts acpi mmx fxsr sse sse2 ss ht tm pbe syscall nx pdpe1gb rdtscp lm constant_tsc arch_perfmon pebs bts rep_good nopl xtopology nonstop_tsc cpuid aperfmperf pni pclmulqdq dtes64 monitor ds_cpl vmx smx est tm2 ssse3 sdbg fma cx16 xtpr pdcm pcid sse4_1 sse4_2 x2apic movbe popcnt tsc_deadline_timer aes xsave avx f16c rdrand lahf_lm abm cpuid_fault epb tpr_shadow vnmi flexpriority ept vpid fsgsbase tsc_adjust bmi1 avx2 smep bmi2 erms invpcid xsaveopt dtherm ida arat pln pts
bugs		:
bogomips	: 6983.81
clflush size	: 64
cache_alignment	: 64
address sizes	: 39 bits physical, 48 bits virtual
power management:

processor	: 3
vendor_id	: GenuineIntel
cpu family	: 6
model		: 60
model name	: Intel(R) Core(TM) i5-4690 CPU @ 3.50GHz
stepping	: 3
microcode	: 0x22
cpu MHz		: 3491.905
cache size	: 6144 KB
physical id	: 0
siblings	: 4
core id		: 3
cpu cores	: 4
apicid		: 6
initial apicid	: 6
fpu		: yes
fpu_exception	: yes
cpuid level	: 13
wp		: yes
flags		: fpu vme de pse tsc msr pae mce cx8 apic sep mtrr pge mca cmov pat pse36 clflush dts acpi mmx fxsr sse sse2 ss ht tm pbe syscall nx pdpe1gb rdtscp lm constant_tsc arch_perfmon pebs bts rep_good nopl xtopology nonstop_tsc cpuid aperfmperf pni pclmulqdq dtes64 monitor ds_cpl vmx smx est tm2 ssse3 sdbg fma cx16 xtpr pdcm pcid sse4_1 sse4_2 x2apic movbe popcnt tsc_deadline_timer aes xsave avx f16c rdrand lahf_lm abm cpuid_fault epb tpr_shadow vnmi flexpriority ept vpid fsgsbase tsc_adjust bmi1 avx2 smep bmi2 erms invpcid xsaveopt dtherm ida arat pln pts
bugs		:
bogomips	: 6983.81
clflush size	: 64
cache_alignment	: 64
address sizes	: 39 bits physical, 48 bits virtual
power management:



Memory: 4k page, physical 16372944k(9643768k free), swap 8253436k(8253436k free)

vm_info: OpenJDK 64-Bit Server VM (25.151-b12) for linux-amd64 JRE (1.8.0_151-b12), built on Oct 25 2017 15:01:27 by "mockbuild" with gcc 6.4.1 20170727 (Red Hat 6.4.1-1)

time: Mon Feb 26 18:31:02 2018
elapsed time: 4805 seconds (0d 1h 20m 5s)

