#
# A fatal error has been detected by the Java Runtime Environment:
#
#  SIGSEGV (0xb) at pc=0x00007fecc52a842f, pid=30290, tid=0x00007fec6959a700
#
# JRE version: OpenJDK Runtime Environment (8.0_151-b12) (build 1.8.0_151-b12)
# Java VM: OpenJDK 64-Bit Server VM (25.151-b12 mixed mode linux-amd64 compressed oops)
# Problematic frame:
# C  [libc.so.6+0x14f42f]  __memmove_avx_unaligned_erms+0x4f
#
# Core dump written. Default location: /cs/student/yushengjia/cs56/cs56-networking-chat/core or core.30290
#
# If you would like to submit a bug report, please visit:
#   http://bugreport.java.com/bugreport/crash.jsp
# The crash happened outside the Java Virtual Machine in native code.
# See problematic frame for where to report the bug.
#

---------------  T H R E A D  ---------------

Current thread (0x00007fec4c004660):  JavaThread "Thread-5" [_thread_in_native, id=31025, stack(0x00007fec6949a000,0x00007fec6959b000)]

siginfo: si_signo: 11 (SIGSEGV), si_code: 1 (SEGV_MAPERR), si_addr: 0x00007fecc5f8e000

Registers:
RAX=0x00007fec4402e6a0, RBX=0x00007fecbc1b9980, RCX=0x000000000000018e, RDX=0x000000000000fecc
RSP=0x00007fec69598578, RBP=0x00007fec695985f0, RSI=0x00007fecc5f8e000, RDI=0x00007fec4403e3de
R8 =0x00007fec440000f8, R9 =0x0000000000000000, R10=0x00000000000000b0, R11=0x00007fec44000078
R12=0x000000000000fecc, R13=0x00007fecc5f7e294, R14=0x000000000000fecc, R15=0x00007fec44014020
RIP=0x00007fecc52a842f, EFLAGS=0x0000000000010297, CSGSFS=0x002b000000000033, ERR=0x0000000000000004
  TRAPNO=0x000000000000000e

Top of Stack: (sp=0x00007fec69598578)
0x00007fec69598578:   00007fecc2426f09 00007fec4c004660
0x00007fec69598588:   0000000000000000 0000000000000000
0x00007fec69598598:   0000000000000000 00000000f6ab4c4f
0x00007fec695985a8:   00000016000000b0 00b0000000000000
0x00007fec695985b8:   00000000933b0008 0000000000000015
0x00007fec695985c8:   00007fecbc1b9dd0 00000000d0a1d0e0
0x00007fec695985d8:   00007fec69598674 00007fecbc1b9980
0x00007fec695985e8:   00007fec4401dd00 00007fec69598640
0x00007fec695985f8:   00007fecc2427b94 00007fec69598660
0x00007fec69598608:   0000001501f58b00 00007fec69598640
0x00007fec69598618:   0000000000000015 00007fec4c0048b8
0x00007fec69598628:   00007fecc0c3b820 00007fec69598b38
0x00007fec69598638:   00007fecbc1b9980 00007fec69598aa0
0x00007fec69598648:   00007fecc2425aec 00007fec69598660
0x00007fec69598658:   0000000100001610 656372756f736572
0x00007fec69598668:   68616559684f2f73 000000666669612e
0x00007fec69598678:   00007fec4c004660 fffffffe00000000
0x00007fec69598688:   0000000000000000 0000000000000000
0x00007fec69598698:   00007fec69a423f8 00007fec695986e0
0x00007fec695986a8:   0000000000000000 00000000301130e0
0x00007fec695986b8:   00007fec69a427a0 0000000000000000
0x00007fec695986c8:   00007fecc0c85660 00007fecc0c73458
0x00007fec695986d8:   00000000699724c8 00007fec69adbf98
0x00007fec695986e8:   0000000000000000 00007fec69598730
0x00007fec695986f8:   00007fec69a42378 00007fec69a423f8
0x00007fec69598708:   0000000069a42378 00007fecad01111b
0x00007fec69598718:   0000000069a42358 00000000d6d3b588
0x00007fec69598728:   00007fecad37dd54 00007fec695987b0
0x00007fec69598738:   00007fec69a42760 00007fecc0c73438
0x00007fec69598748:   00007fecc4bd0845 00007fec695987b0
0x00007fec69598758:   00007fecc4bc866a 00007fec4c004660
0x00007fec69598768:   0000301a69a423d8 00007fec69a42338 

Instructions: (pc=0x00007fecc52a842f)
0x00007fecc52a840f:   60 27 00 0f 83 25 01 00 00 48 39 f7 72 0f 74 12
0x00007fecc52a841f:   4c 8d 0c 16 4c 39 cf 0f 82 c5 01 00 00 48 89 d1
0x00007fecc52a842f:   f3 a4 c3 80 fa 10 73 17 80 fa 08 73 27 80 fa 04
0x00007fecc52a843f:   73 33 80 fa 01 77 3b 72 05 0f b6 0e 88 0f c3 c5 

Register to memory mapping:

RAX=0x00007fec4402e6a0 is an unknown value
RBX=0x00007fecbc1b9980 is an unknown value
RCX=0x000000000000018e is an unknown value
RDX=0x000000000000fecc is an unknown value
RSP=0x00007fec69598578 is pointing into the stack for thread: 0x00007fec4c004660
RBP=0x00007fec695985f0 is pointing into the stack for thread: 0x00007fec4c004660
RSI=0x00007fecc5f8e000 is an unknown value
RDI=0x00007fec4403e3de is an unknown value
R8 =0x00007fec440000f8 is an unknown value
R9 =0x0000000000000000 is an unknown value
R10=0x00000000000000b0 is an unknown value
R11=0x00007fec44000078 is an unknown value
R12=0x000000000000fecc is an unknown value
R13=0x00007fecc5f7e294 is an unknown value
R14=0x000000000000fecc is an unknown value
R15=0x00007fec44014020 is an unknown value


Stack: [0x00007fec6949a000,0x00007fec6959b000],  sp=0x00007fec69598578,  free space=1017k
Native frames: (J=compiled Java code, j=interpreted, Vv=VM code, C=native code)
C  [libc.so.6+0x14f42f]  __memmove_avx_unaligned_erms+0x4f
C  [libzip.so+0x5b94]
C  [libzip.so+0x3aec]  Java_java_util_zip_ZipFile_getEntry+0xfc
j  java.util.zip.ZipFile.getEntry(J[BZ)J+0
j  java.util.zip.ZipFile.getEntry(Ljava/lang/String;)Ljava/util/zip/ZipEntry;+38
j  java.util.jar.JarFile.getEntry(Ljava/lang/String;)Ljava/util/zip/ZipEntry;+2
j  java.util.jar.JarFile.getJarEntry(Ljava/lang/String;)Ljava/util/jar/JarEntry;+2
j  sun.misc.URLClassPath$JarLoader.getResource(Ljava/lang/String;Z)Lsun/misc/Resource;+42
j  sun.misc.URLClassPath$JarLoader.findResource(Ljava/lang/String;Z)Ljava/net/URL;+3
j  sun.misc.URLClassPath.findResource(Ljava/lang/String;Z)Ljava/net/URL;+26
j  java.net.URLClassLoader$2.run()Ljava/net/URL;+12
j  java.net.URLClassLoader$2.run()Ljava/lang/Object;+1
v  ~StubRoutines::call_stub
V  [libjvm.so+0x6941e3]
V  [libjvm.so+0x6e341a]  JVM_DoPrivileged+0x46a
J 942  java.security.AccessController.doPrivileged(Ljava/security/PrivilegedAction;Ljava/security/AccessControlContext;)Ljava/lang/Object; (0 bytes) @ 0x00007fecad32db55 [0x00007fecad32da80+0xd5]
j  java.net.URLClassLoader.findResource(Ljava/lang/String;)Ljava/net/URL;+13
j  java.lang.ClassLoader.getResource(Ljava/lang/String;)Ljava/net/URL;+30
j  java.lang.Class.getResource(Ljava/lang/String;)Ljava/net/URL;+22
j  client.model.AePlayWave.run()V+30
v  ~StubRoutines::call_stub
V  [libjvm.so+0x6941e3]
V  [libjvm.so+0x691747]
V  [libjvm.so+0x691d27]
V  [libjvm.so+0x6d5864]
V  [libjvm.so+0xacdfbb]
V  [libjvm.so+0xace49f]
V  [libjvm.so+0x8f2f62]
C  [libpthread.so.0+0x773a]  start_thread+0xca

Java frames: (J=compiled Java code, j=interpreted, Vv=VM code)
j  java.util.zip.ZipFile.getEntry(J[BZ)J+0
j  java.util.zip.ZipFile.getEntry(Ljava/lang/String;)Ljava/util/zip/ZipEntry;+38
j  java.util.jar.JarFile.getEntry(Ljava/lang/String;)Ljava/util/zip/ZipEntry;+2
j  java.util.jar.JarFile.getJarEntry(Ljava/lang/String;)Ljava/util/jar/JarEntry;+2
j  sun.misc.URLClassPath$JarLoader.getResource(Ljava/lang/String;Z)Lsun/misc/Resource;+42
j  sun.misc.URLClassPath$JarLoader.findResource(Ljava/lang/String;Z)Ljava/net/URL;+3
j  sun.misc.URLClassPath.findResource(Ljava/lang/String;Z)Ljava/net/URL;+26
j  java.net.URLClassLoader$2.run()Ljava/net/URL;+12
j  java.net.URLClassLoader$2.run()Ljava/lang/Object;+1
v  ~StubRoutines::call_stub
J 942  java.security.AccessController.doPrivileged(Ljava/security/PrivilegedAction;Ljava/security/AccessControlContext;)Ljava/lang/Object; (0 bytes) @ 0x00007fecad32dae3 [0x00007fecad32da80+0x63]
j  java.net.URLClassLoader.findResource(Ljava/lang/String;)Ljava/net/URL;+13
j  java.lang.ClassLoader.getResource(Ljava/lang/String;)Ljava/net/URL;+30
j  java.lang.Class.getResource(Ljava/lang/String;)Ljava/net/URL;+22
j  client.model.AePlayWave.run()V+30
v  ~StubRoutines::call_stub

---------------  P R O C E S S  ---------------

Java Threads: ( => current thread )
=>0x00007fec4c004660 JavaThread "Thread-5" [_thread_in_native, id=31025, stack(0x00007fec6949a000,0x00007fec6959b000)]
  0x00007fec5007c290 JavaThread "Java Sound Event Dispatcher" daemon [_thread_blocked, id=30334, stack(0x00007fec48f02000,0x00007fec49003000)]
  0x00007fec5402bb40 JavaThread "Thread-0" [_thread_in_native, id=30319, stack(0x00007fec6969c000,0x00007fec6979d000)]
  0x00007fec5401c4b0 JavaThread "TimerQueue" daemon [_thread_blocked, id=30312, stack(0x00007fec6979d000,0x00007fec6989e000)]
  0x00007fecbc492360 JavaThread "DestroyJavaVM" [_thread_blocked, id=30294, stack(0x00007fecc5e63000,0x00007fecc5f64000)]
  0x00007fecbc4011b0 JavaThread "AWT-EventQueue-0" [_thread_blocked, id=30311, stack(0x00007fec69c9e000,0x00007fec69d9f000)]
  0x00007fecbc3cf3a0 JavaThread "AWT-Shutdown" [_thread_blocked, id=30310, stack(0x00007fec69d9f000,0x00007fec69ea0000)]
  0x00007fecbc32ecd0 JavaThread "AWT-XAWT" daemon [_thread_in_native, id=30309, stack(0x00007fec880c2000,0x00007fec881c3000)]
  0x00007fecbc30abb0 JavaThread "Java2D Disposer" daemon [_thread_blocked, id=30308, stack(0x00007feca801e000,0x00007feca811f000)]
  0x00007fecbc1a6af0 JavaThread "Service Thread" daemon [_thread_blocked, id=30306, stack(0x00007feca8220000,0x00007feca8321000)]
  0x00007fecbc18fd20 JavaThread "C1 CompilerThread2" daemon [_thread_blocked, id=30305, stack(0x00007feca8321000,0x00007feca8422000)]
  0x00007fecbc01aaa0 JavaThread "C2 CompilerThread1" daemon [_thread_blocked, id=30304, stack(0x00007feca8422000,0x00007feca8523000)]
  0x00007fecbc181ab0 JavaThread "C2 CompilerThread0" daemon [_thread_blocked, id=30303, stack(0x00007feca8523000,0x00007feca8624000)]
  0x00007fecbc180350 JavaThread "Signal Dispatcher" daemon [_thread_blocked, id=30302, stack(0x00007feca8624000,0x00007feca8725000)]
  0x00007fecbc1568d0 JavaThread "Finalizer" daemon [_thread_blocked, id=30301, stack(0x00007feca8725000,0x00007feca8826000)]
  0x00007fecbc152710 JavaThread "Reference Handler" daemon [_thread_blocked, id=30300, stack(0x00007feca8826000,0x00007feca8927000)]

Other Threads:
  0x00007fecbc149380 VMThread [stack: 0x00007feca8927000,0x00007feca8a28000] [id=30299]
  0x00007fecbc1a87b0 WatcherThread [stack: 0x00007feca811f000,0x00007feca8220000] [id=30307]

VM state:not at safepoint (normal execution)

VM Mutex/Monitor currently owned by a thread: None

Heap:
 PSYoungGen      total 36864K, used 23883K [0x00000000d6d00000, 0x00000000d9600000, 0x0000000100000000)
  eden space 31744K, 75% used [0x00000000d6d00000,0x00000000d8452db8,0x00000000d8c00000)
  from space 5120K, 0% used [0x00000000d9100000,0x00000000d9100000,0x00000000d9600000)
  to   space 5120K, 0% used [0x00000000d8c00000,0x00000000d8c00000,0x00000000d9100000)
 ParOldGen       total 84992K, used 0K [0x0000000084600000, 0x0000000089900000, 0x00000000d6d00000)
  object space 84992K, 0% used [0x0000000084600000,0x0000000084600000,0x0000000089900000)
 Metaspace       used 15447K, capacity 15698K, committed 15872K, reserved 1062912K
  class space    used 1695K, capacity 1765K, committed 1792K, reserved 1048576K

Card table byte_map: [0x00007fecc1c84000,0x00007fecc2062000] byte_map_base: 0x00007fecc1861000

Marking Bits: (ParMarkBitMap*) 0x00007fecc513cd00
 Begin Bits: [0x00007feca9230000, 0x00007fecab118000)
 End Bits:   [0x00007fecab118000, 0x00007fecad000000)

Polling page: 0x00007fecc5f88000

CodeCache: size=245760Kb used=4570Kb max_used=4582Kb free=241189Kb
 bounds [0x00007fecad000000, 0x00007fecad480000, 0x00007fecbc000000]
 total_blobs=1904 nmethods=1344 adapters=474
 compilation: enabled

Compilation events (10 events):
Event: 484.356 Thread 0x00007fecbc18fd20 nmethod 1340 0x00007fecad477350 code [0x00007fecad4774c0, 0x00007fecad477950]
Event: 484.356 Thread 0x00007fecbc18fd20 1342       3       sun.misc.MetaIndex::mayContain (51 bytes)
Event: 484.357 Thread 0x00007fecbc18fd20 nmethod 1342 0x00007fecad476890 code [0x00007fecad476a40, 0x00007fecad4770b8]
Event: 484.357 Thread 0x00007fecbc18fd20 1341   !   3       java.awt.EventQueue::setCurrentEventAndMostRecentTimeImpl (185 bytes)
Event: 484.357 Thread 0x00007fecbc18fd20 nmethod 1341 0x00007fecad477ad0 code [0x00007fecad477d80, 0x00007fecad4797c8]
Event: 484.357 Thread 0x00007fecbc18fd20 1344       3       javax.swing.text.AbstractDocument$LeafElement::getEndOffset (10 bytes)
Event: 484.358 Thread 0x00007fecbc18fd20 nmethod 1344 0x00007fecad4748d0 code [0x00007fecad474a40, 0x00007fecad474d08]
Event: 484.358 Thread 0x00007fecbc181ab0 1343       4       java.util.concurrent.ConcurrentHashMap::get (162 bytes)
Event: 484.360 Thread 0x00007fecbc18fd20 1345       3       java.util.ArrayList::indexOf (67 bytes)
Event: 484.360 Thread 0x00007fecbc18fd20 nmethod 1345 0x00007fecad474050 code [0x00007fecad474200, 0x00007fecad4746c8]

GC Heap History (0 events):
No events

Deoptimization events (10 events):
Event: 0.346 Thread 0x00007fecbc32ecd0 Uncommon trap: reason=unstable_if action=reinterpret pc=0x00007fecad2376d8 method=java.lang.ThreadLocal.get()Ljava/lang/Object; @ 11
Event: 1.136 Thread 0x00007fecbc4011b0 Uncommon trap: reason=class_check action=maybe_recompile pc=0x00007fecad114c38 method=java.lang.String.equals(Ljava/lang/Object;)Z @ 8
Event: 1.136 Thread 0x00007fecbc4011b0 Uncommon trap: reason=class_check action=maybe_recompile pc=0x00007fecad114c38 method=java.lang.String.equals(Ljava/lang/Object;)Z @ 8
Event: 1.344 Thread 0x00007fecbc4011b0 Uncommon trap: reason=class_check action=maybe_recompile pc=0x00007fecad114c38 method=java.lang.String.equals(Ljava/lang/Object;)Z @ 8
Event: 1.344 Thread 0x00007fecbc4011b0 Uncommon trap: reason=class_check action=maybe_recompile pc=0x00007fecad114c38 method=java.lang.String.equals(Ljava/lang/Object;)Z @ 8
Event: 7.940 Thread 0x00007fecbc4011b0 Uncommon trap: reason=class_check action=maybe_recompile pc=0x00007fecad1b3890 method=java.util.Properties$LineReader.readLine()I @ 62
Event: 7.940 Thread 0x00007fecbc4011b0 Uncommon trap: reason=unstable_if action=reinterpret pc=0x00007fecad1b3578 method=java.util.Properties$LineReader.readLine()I @ 206
Event: 7.969 Thread 0x00007fec4c005500 Uncommon trap: reason=null_check action=make_not_entrant pc=0x00007fecad29b12c method=java.lang.StringCoding.deref(Ljava/lang/ThreadLocal;)Ljava/lang/Object; @ 4
Event: 7.970 Thread 0x00007fec4c004660 Uncommon trap: reason=null_check action=make_not_entrant pc=0x00007fecad2a9be0 method=java.lang.StringCoding.deref(Ljava/lang/ThreadLocal;)Ljava/lang/Object; @ 4
Event: 8.018 Thread 0x00007fec4c005500 Uncommon trap: reason=unstable_if action=reinterpret pc=0x00007fecad38ab24 method=javax.sound.sampled.AudioFormat.matches(Ljavax/sound/sampled/AudioFormat;)Z @ 112

Internal exceptions (10 events):
Event: 0.063 Thread 0x00007fecbc0086b0 Exception <a 'java/security/PrivilegedActionException'> (0x00000000d6e5b368) thrown at [/builddir/build/BUILD/java-1.8.0-openjdk-1.8.0.151-1.b12.fc25.x86_64/openjdk/hotspot/src/share/vm/prims/jvm.cpp, line 1400]
Event: 0.090 Thread 0x00007fecbc0086b0 Exception <a 'java/lang/NoSuchFieldError': method resolution failed> (0x00000000d6f27540) thrown at [/builddir/build/BUILD/java-1.8.0-openjdk-1.8.0.151-1.b12.fc25.x86_64/openjdk/hotspot/src/share/vm/prims/methodHandles.cpp, line 1146]
Event: 0.091 Thread 0x00007fecbc0086b0 Exception <a 'java/lang/NoSuchFieldError': method resolution failed> (0x00000000d6f34d10) thrown at [/builddir/build/BUILD/java-1.8.0-openjdk-1.8.0.151-1.b12.fc25.x86_64/openjdk/hotspot/src/share/vm/prims/methodHandles.cpp, line 1146]
Event: 0.104 Thread 0x00007fecbc0086b0 Exception <a 'java/io/FileNotFoundException'> (0x00000000d6fb4fa0) thrown at [/builddir/build/BUILD/java-1.8.0-openjdk-1.8.0.151-1.b12.fc25.x86_64/openjdk/hotspot/src/share/vm/prims/jni.cpp, line 710]
Event: 0.104 Thread 0x00007fecbc0086b0 Exception <a 'java/io/FileNotFoundException'> (0x00000000d6fb5b08) thrown at [/builddir/build/BUILD/java-1.8.0-openjdk-1.8.0.151-1.b12.fc25.x86_64/openjdk/hotspot/src/share/vm/prims/jni.cpp, line 710]
Event: 0.114 Thread 0x00007fecbc0086b0 Exception <a 'java/lang/ClassNotFoundException': sun/dc/DuctusRenderingEngine> (0x00000000d6fd3890) thrown at [/builddir/build/BUILD/java-1.8.0-openjdk-1.8.0.151-1.b12.fc25.x86_64/openjdk/hotspot/src/share/vm/classfile/systemDictionary.cpp, line 210]
Event: 0.346 Thread 0x00007fecbc32ecd0 Implicit null exception at 0x00007fecad2375fc to 0x00007fecad2376c1
Event: 0.383 Thread 0x00007fecbc4011b0 Exception <a 'java/lang/UnsupportedOperationException': > (0x00000000d7d40e40) thrown at [/builddir/build/BUILD/java-1.8.0-openjdk-1.8.0.151-1.b12.fc25.x86_64/openjdk/hotspot/src/share/vm/prims/jni.cpp, line 736]
Event: 7.969 Thread 0x00007fec4c005500 Implicit null exception at 0x00007fecad299cb1 to 0x00007fecad29b111
Event: 7.970 Thread 0x00007fec4c004660 Implicit null exception at 0x00007fecad2a8a16 to 0x00007fecad2a9bd1

Events (10 events):
Event: 8.060 loading class sun/java2d/loops/ProcessPath$ActiveEdgeList done
Event: 8.060 loading class sun/java2d/loops/ProcessPath$Edge
Event: 8.060 loading class sun/java2d/loops/ProcessPath$Edge done
Event: 8.689 Thread 0x00007fec4c004660 Thread exited: 0x00007fec4c004660
Event: 10.233 Thread 0x00007fec4c005500 Thread exited: 0x00007fec4c005500
Event: 31.572 loading class java/awt/LightweightDispatcher$2
Event: 31.572 loading class java/awt/LightweightDispatcher$2 done
Event: 484.356 Thread 0x00007fec4c004660 Thread added: 0x00007fec4c004660
Event: 484.356 Thread 0x00007fec4c004660 Thread exited: 0x00007fec4c004660
Event: 484.361 Thread 0x00007fec4c004660 Thread added: 0x00007fec4c004660


Dynamic libraries:
84600000-89900000 rw-p 00000000 00:00 0 
89900000-d6d00000 ---p 00000000 00:00 0 
d6d00000-d9600000 rw-p 00000000 00:00 0 
d9600000-100000000 ---p 00000000 00:00 0 
100000000-1001c0000 rw-p 00000000 00:00 0 
1001c0000-140000000 ---p 00000000 00:00 0 
56481404a000-56481404b000 r-xp 00000000 08:04 4592044                    /usr/lib/jvm/java-1.8.0-openjdk-1.8.0.151-1.b12.fc25.x86_64/jre/bin/java
56481424a000-56481424b000 r--p 00000000 08:04 4592044                    /usr/lib/jvm/java-1.8.0-openjdk-1.8.0.151-1.b12.fc25.x86_64/jre/bin/java
56481424b000-56481424c000 rw-p 00001000 08:04 4592044                    /usr/lib/jvm/java-1.8.0-openjdk-1.8.0.151-1.b12.fc25.x86_64/jre/bin/java
5648151cd000-5648151ee000 rw-p 00000000 00:00 0                          [heap]
7fec24000000-7fec24021000 rw-p 00000000 00:00 0 
7fec24021000-7fec28000000 ---p 00000000 00:00 0 
7fec34000000-7fec34021000 rw-p 00000000 00:00 0 
7fec34021000-7fec38000000 ---p 00000000 00:00 0 
7fec3c000000-7fec3c021000 rw-p 00000000 00:00 0 
7fec3c021000-7fec40000000 ---p 00000000 00:00 0 
7fec44000000-7fec440af000 rw-p 00000000 00:00 0 
7fec440af000-7fec48000000 ---p 00000000 00:00 0 
7fec48701000-7fec48702000 ---p 00000000 00:00 0 
7fec48702000-7fec48f02000 rw-p 00000000 00:00 0 
7fec48f02000-7fec48f05000 ---p 00000000 00:00 0 
7fec48f05000-7fec49003000 rw-p 00000000 00:00 0 
7fec49003000-7fec49004000 ---p 00000000 00:00 0 
7fec49004000-7fec49804000 rw-p 00000000 00:00 0 
7fec49804000-7fec49875000 r-xp 00000000 08:04 263161                     /usr/lib64/libpcre.so.1.2.9
7fec49875000-7fec49a74000 ---p 00071000 08:04 263161                     /usr/lib64/libpcre.so.1.2.9
7fec49a74000-7fec49a75000 r--p 00070000 08:04 263161                     /usr/lib64/libpcre.so.1.2.9
7fec49a75000-7fec49a76000 rw-p 00071000 08:04 263161                     /usr/lib64/libpcre.so.1.2.9
7fec49a76000-7fec49b03000 r-xp 00000000 08:04 267973                     /usr/lib64/libvorbisenc.so.2.0.11
7fec49b03000-7fec49d02000 ---p 0008d000 08:04 267973                     /usr/lib64/libvorbisenc.so.2.0.11
7fec49d02000-7fec49d1e000 r--p 0008c000 08:04 267973                     /usr/lib64/libvorbisenc.so.2.0.11
7fec49d1e000-7fec49d1f000 rw-p 000a8000 08:04 267973                     /usr/lib64/libvorbisenc.so.2.0.11
7fec49d1f000-7fec49d4a000 r-xp 00000000 08:04 267971                     /usr/lib64/libvorbis.so.0.4.8
7fec49d4a000-7fec49f49000 ---p 0002b000 08:04 267971                     /usr/lib64/libvorbis.so.0.4.8
7fec49f49000-7fec49f4a000 r--p 0002a000 08:04 267971                     /usr/lib64/libvorbis.so.0.4.8
7fec49f4a000-7fec49f4b000 rw-p 00000000 00:00 0 
7fec49f4b000-7fec49f51000 r-xp 00000000 08:04 267969                     /usr/lib64/libogg.so.0.8.2
7fec49f51000-7fec4a150000 ---p 00006000 08:04 267969                     /usr/lib64/libogg.so.0.8.2
7fec4a150000-7fec4a151000 r--p 00005000 08:04 267969                     /usr/lib64/libogg.so.0.8.2
7fec4a151000-7fec4a152000 rw-p 00000000 00:00 0 
7fec4a152000-7fec4a1ab000 r-xp 00000000 08:04 268342                     /usr/lib64/libFLAC.so.8.3.0
7fec4a1ab000-7fec4a3aa000 ---p 00059000 08:04 268342                     /usr/lib64/libFLAC.so.8.3.0
7fec4a3aa000-7fec4a3ac000 r--p 00058000 08:04 268342                     /usr/lib64/libFLAC.so.8.3.0
7fec4a3ac000-7fec4a3ad000 rw-p 0005a000 08:04 268342                     /usr/lib64/libFLAC.so.8.3.0
7fec4a3ad000-7fec4a3b8000 r-xp 00000000 08:04 268410                     /usr/lib64/libgsm.so.1.0.17
7fec4a3b8000-7fec4a5b7000 ---p 0000b000 08:04 268410                     /usr/lib64/libgsm.so.1.0.17
7fec4a5b7000-7fec4a5b8000 r--p 0000a000 08:04 268410                     /usr/lib64/libgsm.so.1.0.17
7fec4a5b8000-7fec4a5b9000 rw-p 0000b000 08:04 268410                     /usr/lib64/libgsm.so.1.0.17
7fec4a5b9000-7fec4a5cf000 r-xp 00000000 08:04 262767                     /usr/lib64/libnsl-2.24.so
7fec4a5cf000-7fec4a7ce000 ---p 00016000 08:04 262767                     /usr/lib64/libnsl-2.24.so
7fec4a7ce000-7fec4a7cf000 r--p 00015000 08:04 262767                     /usr/lib64/libnsl-2.24.so
7fec4a7cf000-7fec4a7d0000 rw-p 00016000 08:04 262767                     /usr/lib64/libnsl-2.24.so
7fec4a7d0000-7fec4a7d2000 rw-p 00000000 00:00 0 
7fec4a7d2000-7fec4a7e4000 r-xp 00000000 08:04 263187                     /usr/lib64/libgpg-error.so.0.19.1
7fec4a7e4000-7fec4a9e4000 ---p 00012000 08:04 263187                     /usr/lib64/libgpg-error.so.0.19.1
7fec4a9e4000-7fec4a9e5000 r--p 00012000 08:04 263187                     /usr/lib64/libgpg-error.so.0.19.1
7fec4a9e5000-7fec4a9e6000 rw-p 00013000 08:04 263187                     /usr/lib64/libgpg-error.so.0.19.1
7fec4a9e6000-7fec4aaed000 r-xp 00000000 08:04 263267                     /usr/lib64/libgcrypt.so.20.1.9
7fec4aaed000-7fec4acec000 ---p 00107000 08:04 263267                     /usr/lib64/libgcrypt.so.20.1.9
7fec4acec000-7fec4acee000 r--p 00106000 08:04 263267                     /usr/lib64/libgcrypt.so.20.1.9
7fec4acee000-7fec4acf5000 rw-p 00108000 08:04 263267                     /usr/lib64/libgcrypt.so.20.1.9
7fec4acf5000-7fec4ad09000 r-xp 00000000 08:04 263431                     /usr/lib64/liblz4.so.1.8.0
7fec4ad09000-7fec4af08000 ---p 00014000 08:04 263431                     /usr/lib64/liblz4.so.1.8.0
7fec4af08000-7fec4af09000 r--p 00013000 08:04 263431                     /usr/lib64/liblz4.so.1.8.0
7fec4af09000-7fec4af0a000 rw-p 00000000 00:00 0 
7fec4af0a000-7fec4af2f000 r-xp 00000000 08:04 263178                     /usr/lib64/liblzma.so.5.2.2
7fec4af2f000-7fec4b12e000 ---p 00025000 08:04 263178                     /usr/lib64/liblzma.so.5.2.2
7fec4b12e000-7fec4b12f000 r--p 00024000 08:04 263178                     /usr/lib64/liblzma.so.5.2.2
7fec4b12f000-7fec4b130000 rw-p 00000000 00:00 0 
7fec4b130000-7fec4b153000 r-xp 00000000 08:04 263165                     /usr/lib64/libselinux.so.1
7fec4b153000-7fec4b353000 ---p 00023000 08:04 263165                     /usr/lib64/libselinux.so.1
7fec4b353000-7fec4b354000 r--p 00023000 08:04 263165                     /usr/lib64/libselinux.so.1
7fec4b354000-7fec4b355000 rw-p 00024000 08:04 263165                     /usr/lib64/libselinux.so.1
7fec4b355000-7fec4b357000 rw-p 00000000 00:00 0 
7fec4b357000-7fec4b35b000 r-xp 00000000 08:04 263263                     /usr/lib64/libuuid.so.1.3.0
7fec4b35b000-7fec4b55a000 ---p 00004000 08:04 263263                     /usr/lib64/libuuid.so.1.3.0
7fec4b55a000-7fec4b55b000 r--p 00003000 08:04 263263                     /usr/lib64/libuuid.so.1.3.0
7fec4b55b000-7fec4b55c000 rw-p 00000000 00:00 0 
7fec4b55c000-7fec4b561000 r-xp 00000000 08:04 274828                     /usr/lib64/libasyncns.so.0.3.1
7fec4b561000-7fec4b760000 ---p 00005000 08:04 274828                     /usr/lib64/libasyncns.so.0.3.1
7fec4b760000-7fec4b761000 r--p 00004000 08:04 274828                     /usr/lib64/libasyncns.so.0.3.1
7fec4b761000-7fec4b762000 rw-p 00000000 00:00 0 
7fec4b762000-7fec4b7cb000 r-xp 00000000 08:04 268412                     /usr/lib64/libsndfile.so.1.0.28
7fec4b7cb000-7fec4b9cb000 ---p 00069000 08:04 268412                     /usr/lib64/libsndfile.so.1.0.28
7fec4b9cb000-7fec4b9ce000 r--p 00069000 08:04 268412                     /usr/lib64/libsndfile.so.1.0.28
7fec4b9ce000-7fec4b9cf000 rw-p 0006c000 08:04 268412                     /usr/lib64/libsndfile.so.1.0.28
7fec4b9cf000-7fec4b9d1000 rw-p 00000000 00:00 0 
7fec4b9d1000-7fec4b9da000 r-xp 00000000 08:04 263536                     /usr/lib64/libwrap.so.0.7.6
7fec4b9da000-7fec4bbd9000 ---p 00009000 08:04 263536                     /usr/lib64/libwrap.so.0.7.6
7fec4bbd9000-7fec4bbda000 r--p 00008000 08:04 263536                     /usr/lib64/libwrap.so.0.7.6
7fec4bbda000-7fec4bbdb000 rw-p 00009000 08:04 263536                     /usr/lib64/libwrap.so.0.7.6
7fec4bbdb000-7fec4bbdc000 rw-p 00000000 00:00 0 
7fec4bbdc000-7fec4bbe3000 r-xp 00000000 08:04 267834                     /usr/lib64/libSM.so.6.0.1
7fec4bbe3000-7fec4bde2000 ---p 00007000 08:04 267834                     /usr/lib64/libSM.so.6.0.1
7fec4bde2000-7fec4bde3000 r--p 00006000 08:04 267834                     /usr/lib64/libSM.so.6.0.1
7fec4bde3000-7fec4bde4000 rw-p 00007000 08:04 267834                     /usr/lib64/libSM.so.6.0.1
7fec4bde4000-7fec4bdfb000 r-xp 00000000 08:04 267830                     /usr/lib64/libICE.so.6.3.0
7fec4bdfb000-7fec4bffb000 ---p 00017000 08:04 267830                     /usr/lib64/libICE.so.6.3.0
7fec4bffb000-7fec4bffc000 r--p 00017000 08:04 267830                     /usr/lib64/libICE.so.6.3.0
7fec4bffc000-7fec4bffd000 rw-p 00018000 08:04 267830                     /usr/lib64/libICE.so.6.3.0
7fec4bffd000-7fec4c000000 rw-p 00000000 00:00 0 
7fec4c000000-7fec4c021000 rw-p 00000000 00:00 0 
7fec4c021000-7fec50000000 ---p 00000000 00:00 0 
7fec50000000-7fec50106000 rw-p 00000000 00:00 0 
7fec50106000-7fec54000000 ---p 00000000 00:00 0 
7fec54000000-7fec54067000 rw-p 00000000 00:00 0 
7fec54067000-7fec58000000 ---p 00000000 00:00 0 
7fec58000000-7fec58021000 rw-p 00000000 00:00 0 
7fec58021000-7fec5c000000 ---p 00000000 00:00 0 
7fec5c000000-7fec5c021000 rw-p 00000000 00:00 0 
7fec5c021000-7fec60000000 ---p 00000000 00:00 0 
7fec60000000-7fec60021000 rw-p 00000000 00:00 0 
7fec60021000-7fec64000000 ---p 00000000 00:00 0 
7fec64000000-7fec64021000 rw-p 00000000 00:00 0 
7fec64021000-7fec68000000 ---p 00000000 00:00 0 
7fec68060000-7fec68061000 r-xp 00000000 08:04 271521                     /usr/lib64/libX11-xcb.so.1.0.0
7fec68061000-7fec68260000 ---p 00001000 08:04 271521                     /usr/lib64/libX11-xcb.so.1.0.0
7fec68260000-7fec68261000 r--p 00000000 08:04 271521                     /usr/lib64/libX11-xcb.so.1.0.0
7fec68261000-7fec68262000 rw-p 00000000 00:00 0 
7fec68262000-7fec68266000 r-xp 00000000 08:04 263195                     /usr/lib64/libcap.so.2.25
7fec68266000-7fec68465000 ---p 00004000 08:04 263195                     /usr/lib64/libcap.so.2.25
7fec68465000-7fec68466000 r--p 00003000 08:04 263195                     /usr/lib64/libcap.so.2.25
7fec68466000-7fec68467000 rw-p 00004000 08:04 263195                     /usr/lib64/libcap.so.2.25
7fec68467000-7fec684b6000 r-xp 00000000 08:04 263438                     /usr/lib64/libdbus-1.so.3.19.0
7fec684b6000-7fec686b5000 ---p 0004f000 08:04 263438                     /usr/lib64/libdbus-1.so.3.19.0
7fec686b5000-7fec686b7000 r--p 0004e000 08:04 263438                     /usr/lib64/libdbus-1.so.3.19.0
7fec686b7000-7fec686b8000 rw-p 00050000 08:04 263438                     /usr/lib64/libdbus-1.so.3.19.0
7fec686b8000-7fec68738000 r-xp 00000000 08:04 400524                     /usr/lib64/pulseaudio/libpulsecommon-10.0.so
7fec68738000-7fec68938000 ---p 00080000 08:04 400524                     /usr/lib64/pulseaudio/libpulsecommon-10.0.so
7fec68938000-7fec6893a000 r--p 00080000 08:04 400524                     /usr/lib64/pulseaudio/libpulsecommon-10.0.so
7fec6893a000-7fec6893b000 rw-p 00082000 08:04 400524                     /usr/lib64/pulseaudio/libpulsecommon-10.0.so
7fec6893b000-7fec68989000 r-xp 00000000 08:04 274832                     /usr/lib64/libpulse.so.0.20.1
7fec68989000-7fec68b89000 ---p 0004e000 08:04 274832                     /usr/lib64/libpulse.so.0.20.1
7fec68b89000-7fec68b8b000 r--p 0004e000 08:04 274832                     /usr/lib64/libpulse.so.0.20.1
7fec68b8b000-7fec68b8c000 rw-p 00050000 08:04 274832                     /usr/lib64/libpulse.so.0.20.1
7fec68b8c000-7fec68b92000 r-xp 00000000 08:04 401967                     /usr/lib64/alsa-lib/libasound_module_pcm_pulse.so
7fec68b92000-7fec68d91000 ---p 00006000 08:04 401967                     /usr/lib64/alsa-lib/libasound_module_pcm_pulse.so
7fec68d91000-7fec68d92000 r--p 00005000 08:04 401967                     /usr/lib64/alsa-lib/libasound_module_pcm_pulse.so
7fec68d92000-7fec68d93000 rw-p 00000000 00:00 0 
7fec68d93000-7fec68e80000 r-xp 00000000 08:04 267869                     /usr/lib64/libasound.so.2.0.0
7fec68e80000-7fec6907f000 ---p 000ed000 08:04 267869                     /usr/lib64/libasound.so.2.0.0
7fec6907f000-7fec69087000 r--p 000ec000 08:04 267869                     /usr/lib64/libasound.so.2.0.0
7fec69087000-7fec69088000 rw-p 000f4000 08:04 267869                     /usr/lib64/libasound.so.2.0.0
7fec69088000-7fec69097000 r-xp 00000000 08:04 4592137                    /usr/lib/jvm/java-1.8.0-openjdk-1.8.0.151-1.b12.fc25.x86_64/jre/lib/amd64/libjsoundalsa.so
7fec69097000-7fec69296000 ---p 0000f000 08:04 4592137                    /usr/lib/jvm/java-1.8.0-openjdk-1.8.0.151-1.b12.fc25.x86_64/jre/lib/amd64/libjsoundalsa.so
7fec69296000-7fec69297000 r--p 0000e000 08:04 4592137                    /usr/lib/jvm/java-1.8.0-openjdk-1.8.0.151-1.b12.fc25.x86_64/jre/lib/amd64/libjsoundalsa.so
7fec69297000-7fec69298000 rw-p 00000000 00:00 0 
7fec69298000-7fec69299000 r-xp 00000000 08:04 4592076                    /usr/lib/jvm/java-1.8.0-openjdk-1.8.0.151-1.b12.fc25.x86_64/jre/lib/amd64/libjsound.so
7fec69299000-7fec69498000 ---p 00001000 08:04 4592076                    /usr/lib/jvm/java-1.8.0-openjdk-1.8.0.151-1.b12.fc25.x86_64/jre/lib/amd64/libjsound.so
7fec69498000-7fec69499000 r--p 00000000 08:04 4592076                    /usr/lib/jvm/java-1.8.0-openjdk-1.8.0.151-1.b12.fc25.x86_64/jre/lib/amd64/libjsound.so
7fec69499000-7fec6949a000 rw-p 00000000 00:00 0 
7fec6949a000-7fec6949d000 ---p 00000000 00:00 0 
7fec6949d000-7fec6959b000 rw-p 00000000 00:00 0 
7fec6959b000-7fec6959e000 ---p 00000000 00:00 0 
7fec6959e000-7fec6969c000 rw-p 00000000 00:00 0 
7fec6969c000-7fec6969f000 ---p 00000000 00:00 0 
7fec6969f000-7fec6979d000 rw-p 00000000 00:00 0 
7fec6979d000-7fec697a0000 ---p 00000000 00:00 0 
7fec697a0000-7fec69a5e000 rw-p 00000000 00:00 0 
7fec69a5e000-7fec69a9e000 ---p 00000000 00:00 0 
7fec69a9e000-7fec69c9e000 rw-p 00000000 00:00 0 
7fec69c9e000-7fec69ca1000 ---p 00000000 00:00 0 
7fec69ca1000-7fec69d9f000 rw-p 00000000 00:00 0 
7fec69d9f000-7fec69da2000 ---p 00000000 00:00 0 
7fec69da2000-7fec69ea0000 rw-p 00000000 00:00 0 
7fec69ea0000-7fec69ea2000 r--s 00000000 08:04 133063                     /var/cache/fontconfig/87f5e051180a7a75f16eb6fe7dbd3749-le64.cache-7
7fec69ea2000-7fec69ead000 r--s 00000000 08:04 133061                     /var/cache/fontconfig/b79f3aaa7d385a141ab53ec885cc22a8-le64.cache-7
7fec69ead000-7fec69eb0000 r--s 00000000 08:04 133617                     /var/cache/fontconfig/f339ef9a3849dbd0f7ede17c3bc4fd40-le64.cache-7
7fec69eb0000-7fec69eb2000 r--s 00000000 08:04 133616                     /var/cache/fontconfig/dc56af23ca9cfb038593e72b5e9dadd6-le64.cache-7
7fec69eb2000-7fec69eb4000 r--s 00000000 08:04 133170                     /var/cache/fontconfig/2e1514a9fdd499050989183bb65136db-le64.cache-7
7fec69eb4000-7fec69eb8000 r--s 00000000 08:04 133615                     /var/cache/fontconfig/0262a88faed684713130246cf7a0eef2-le64.cache-7
7fec69eb8000-7fec69ebb000 r--s 00000000 08:04 133614                     /var/cache/fontconfig/2971ecca0d3815f38d18c00e0b677586-le64.cache-7
7fec69ebb000-7fec69ebd000 r--s 00000000 08:04 133110                     /var/cache/fontconfig/3f821257dd33660ba7bbb45c32deb84c-le64.cache-7
7fec69ebd000-7fec69ec0000 r--s 00000000 08:04 133613                     /var/cache/fontconfig/b206e14174e2821e837cf852f8b3a00e-le64.cache-7
7fec69ec0000-7fec69ecd000 r--s 00000000 08:04 133168                     /var/cache/fontconfig/8cf84b531759d4484556eb8586bc5925-le64.cache-7
7fec69ecd000-7fec69ece000 r--s 00000000 08:04 133169                     /var/cache/fontconfig/4e602040080c966cb821813a3e584564-le64.cache-7
7fec69ece000-7fec69ed1000 r--s 00000000 08:04 133612                     /var/cache/fontconfig/830f035fa84a65ce80e050178dbb630d-le64.cache-7
7fec69ed1000-7fec69ed4000 r--s 00000000 08:04 133611                     /var/cache/fontconfig/783fb293284e4b38fbeece593f4db20c-le64.cache-7
7fec69ed4000-7fec69ed9000 r--s 00000000 08:04 133610                     /var/cache/fontconfig/401dcafdc6dc4d9f9e503bfbb8093fe6-le64.cache-7
7fec69ed9000-7fec69edf000 r--s 00000000 08:04 133609                     /var/cache/fontconfig/5e591af9aae0d47be6b958bbbbcd62fb-le64.cache-7
7fec69edf000-7fec69ee0000 r--s 00000000 08:04 133109                     /var/cache/fontconfig/81a173283b451552b599cfaafd6236bd-le64.cache-7
7fec69ee0000-7fec69ee2000 r--s 00000000 08:04 133608                     /var/cache/fontconfig/49218e627af47977f0494863a1e571ba-le64.cache-7
7fec69ee2000-7fec69ee3000 r--s 00000000 08:04 133167                     /var/cache/fontconfig/ac68f755438cc3dc5a526084839fc7ca-le64.cache-7
7fec69ee3000-7fec69ee4000 r--s 00000000 08:04 133166                     /var/cache/fontconfig/f951a6bc01c50d58ac4af16a0108457e-le64.cache-7
7fec69ee4000-7fec69ee5000 r--s 00000000 08:04 133165                     /var/cache/fontconfig/8cab66d8f642305e525ba3e322d0979c-le64.cache-7
7fec69ee5000-7fec69ee6000 r--s 00000000 08:04 133164                     /var/cache/fontconfig/12513961c6e7090f8648812f9eaf65d6-le64.cache-7
7fec69ee6000-7fec69eec000 r--s 00000000 08:04 133607                     /var/cache/fontconfig/11c96b067b5594c55af2a3352811655c-le64.cache-7
7fec69eec000-7fec69ef3000 r--s 00000000 08:04 133606                     /var/cache/fontconfig/dd660938e9a1d0959e1d4ade65ad34cf-le64.cache-7
7fec69ef3000-7fec69ef6000 r--s 00000000 08:04 133605                     /var/cache/fontconfig/fa2c00123349eb0ab9ad0e0585780417-le64.cache-7
7fec69ef6000-7fec69ef8000 r--s 00000000 08:04 133604                     /var/cache/fontconfig/381ba418dd976deacc5e77c1e057d5c3-le64.cache-7
7fec69ef8000-7fec69f0a000 r--s 00000000 08:04 133603                     /var/cache/fontconfig/ee7cab04922e178dc4594c429f58c906-le64.cache-7
7fec69f0a000-7fec69f0d000 r--s 00000000 08:04 133602                     /var/cache/fontconfig/a63868d6c390500182d4c43615c654d3-le64.cache-7
7fec69f0d000-7fec69f0e000 r--s 00000000 08:04 133601                     /var/cache/fontconfig/7873722b52f1652fa7cdc99505c0d12e-le64.cache-7
7fec69f0e000-7fec69f0f000 r--s 00000000 08:04 133600                     /var/cache/fontconfig/61240c1d9a0cf829c120ee3e673eef4b-le64.cache-7
7fec69f0f000-7fec69f12000 r--s 00000000 08:04 133054                     /var/cache/fontconfig/e26bf336397aae6fcef4d3803472adec-le64.cache-7
7fec69f12000-7fec69f13000 r--s 00000000 08:04 133163                     /var/cache/fontconfig/f132fa2327207a6ac3298c0518879731-le64.cache-7
7fec69f13000-7fec69f14000 r--s 00000000 08:04 133131                     /var/cache/fontconfig/6fcb01a03a016cc71057b587cdea6709-le64.cache-7
7fec69f14000-7fec69f16000 r--s 00000000 08:04 133599                     /var/cache/fontconfig/ce0d969af2176489fbefad4fe7aa6451-le64.cache-7
7fec69f16000-7fec69f19000 r--s 00000000 08:04 133598                     /var/cache/fontconfig/b2ff3883dd303e48621d99a1dc7cd6df-le64.cache-7
7fec69f19000-7fec69f1b000 r--s 00000000 08:04 133597                     /var/cache/fontconfig/3377eee756d7f24f24481ca9de85f761-le64.cache-7
7fec69f1b000-7fec69f1f000 r--s 00000000 08:04 133062                     /var/cache/fontconfig/8aa05f52519ebacbdf5713e01a6153b0-le64.cache-7
7fec69f1f000-7fec69f25000 r--s 00000000 08:04 133596                     /var/cache/fontconfig/447ae9dbacdc22ca4eb42daac3115eec-le64.cache-7
7fec69f25000-7fec69f29000 r--s 00000000 08:04 133595                     /var/cache/fontconfig/f4640264bf4342c1b8c987d13a34d49d-le64.cache-7
7fec69f29000-7fec69f2b000 r--s 00000000 08:04 133594                     /var/cache/fontconfig/32fa47c71cb161c3a2959dc4c7050028-le64.cache-7
7fec69f2b000-7fec69f2c000 r--s 00000000 08:04 133162                     /var/cache/fontconfig/b887eea8f1b96e1d899b44ed6681fc27-le64.cache-7
7fec69f2c000-7fec69f2d000 r--s 00000000 08:04 133161                     /var/cache/fontconfig/860639f272b8b4b3094f9e399e41bccd-le64.cache-7
7fec69f2d000-7fec69f2e000 r--s 00000000 08:04 133160                     /var/cache/fontconfig/5d33f04e74a97395cf88bbd83847f1f1-le64.cache-7
7fec69f2e000-7fec69f2f000 r--s 00000000 08:04 133159                     /var/cache/fontconfig/df893b4576ad6107f9397134092c4059-le64.cache-7
7fec69f2f000-7fec69f30000 r--s 00000000 08:04 133158                     /var/cache/fontconfig/1e1e03b57ed9f0c723c5aeafda46c3fb-le64.cache-7
7fec69f30000-7fec69f31000 r--s 00000000 08:04 133157                     /var/cache/fontconfig/900402270e15d763a6e008bb2d4c7686-le64.cache-7
7fec69f31000-7fec69f32000 r--s 00000000 08:04 133150                     /var/cache/fontconfig/47f48679023f44a4d1e44699a69464f6-le64.cache-7
7fec69f32000-7fec69f33000 r--s 00000000 08:04 133148                     /var/cache/fontconfig/2881ed3fd21ca306ddad6f9b0dd3189f-le64.cache-7
7fec69f33000-7fec69f34000 r--s 00000000 08:04 133145                     /var/cache/fontconfig/3c3fb04d32a5211b073874b125d29701-le64.cache-7
7fec69f34000-7fec69f36000 r--s 00000000 08:04 133593                     /var/cache/fontconfig/1ba56fa0e5e4790ae9a1cd944f6a439c-le64.cache-7
7fec69f36000-7fec69f37000 r--s 00000000 08:04 133592                     /var/cache/fontconfig/aa1e7e339e8ba54420bca0caa86a076f-le64.cache-7
7fec69f37000-7fec69f57000 r--s 00000000 08:04 133591                     /var/cache/fontconfig/02770245eac059faefae62cb0d56fbcb-le64.cache-7
7fec69f57000-7fec69f58000 r--s 00000000 08:04 133143                     /var/cache/fontconfig/e61abf8156cc476151baa07d67337cae-le64.cache-7
7fec69f58000-7fec69f5b000 r--s 00000000 08:04 133590                     /var/cache/fontconfig/f7db4eb80ecea119098b8712da68a042-le64.cache-7
7fec69f5b000-7fec69f5d000 r--s 00000000 08:04 133589                     /var/cache/fontconfig/fd3f5ff8afaa9f36fec91d63e6ae2f60-le64.cache-7
7fec69f5d000-7fec69f5f000 r--s 00000000 08:04 133588                     /var/cache/fontconfig/f72eaeb4ac2ccf4d956de7956a98942c-le64.cache-7
7fec69f5f000-7fec69f67000 r--s 00000000 08:04 133587                     /var/cache/fontconfig/ccb2d0786bada64fd4b4887a4949240d-le64.cache-7
7fec69f67000-7fec69f6c000 r--s 00000000 08:04 133107                     /var/cache/fontconfig/b67b32625a2bb51b023d3814a918f351-le64.cache-7
7fec69f6c000-7fec69f74000 r--s 00000000 08:04 133586                     /var/cache/fontconfig/147799fc934417213a2ac0134168e4a8-le64.cache-7
7fec69f74000-7fec69f76000 r--s 00000000 08:04 133106                     /var/cache/fontconfig/d3379abda271c4acd2ad0c01f565d0b0-le64.cache-7
7fec69f76000-7fec69f93000 r--s 00000000 08:04 131346                     /var/cache/fontconfig/e34b99a1e22e6f7451938fb9934274e6-le64.cache-7
7fec69f93000-7fec69f94000 r--s 00000000 08:04 133133                     /var/cache/fontconfig/b4d0b56f766d89640448751fcd18ec1e-le64.cache-7
7fec69f94000-7fec69f9c000 r--s 00000000 08:04 133585                     /var/cache/fontconfig/39ead01cc9cd60029cc7ae3b9c13f1e5-le64.cache-7
7fec69f9c000-7fec69f9d000 r--s 00000000 08:04 133584                     /var/cache/fontconfig/30c5f4a3fa007ce7189acb0c5244d5e0-le64.cache-7
7fec69f9d000-7fec69f9f000 r--s 00000000 08:04 133583                     /var/cache/fontconfig/9d6b6961e7ef997cf647fddc43984be1-le64.cache-7
7fec69f9f000-7fec69fb2000 r--s 00000000 08:04 133582                     /var/cache/fontconfig/1a877d34a44f5e059c74334a2ed3d4c5-le64.cache-7
7fec69fb2000-7fec69fc5000 r--s 00000000 08:04 133102                     /var/cache/fontconfig/614d1caaa4d7914789410f6367de37ca-le64.cache-7
7fec69fd4000-7fec6a05a000 r-xp 00000000 08:04 263434                     /usr/lib64/libsystemd.so.0.16.0
7fec6a05a000-7fec6a05d000 r--p 00085000 08:04 263434                     /usr/lib64/libsystemd.so.0.16.0
7fec6a05d000-7fec6a05e000 rw-p 00088000 08:04 263434                     /usr/lib64/libsystemd.so.0.16.0
7fec6a05e000-7fec6a05f000 rw-p 00000000 00:00 0 
7fec6a079000-7fec6a080000 r--s 00000000 08:04 263047                     /usr/lib64/gconv/gconv-modules.cache
7fec6a080000-7fec6a092000 r--s 00000000 08:04 1312430                    /usr/share/fonts/default/ghostscript/putr.pfa
7fec6a092000-7fec6a0a4000 r--s 00000000 08:04 1312428                    /usr/share/fonts/default/ghostscript/putb.pfa
7fec6a0a4000-7fec6a0b7000 r--s 00000000 08:04 1312429                    /usr/share/fonts/default/ghostscript/putbi.pfa
7fec6a0b7000-7fec6a0ca000 r--s 00000000 08:04 1312431                    /usr/share/fonts/default/ghostscript/putri.pfa
7fec6a0ca000-7fec6a0dd000 r--s 00000000 08:04 1846956                    /usr/share/X11/fonts/Type1/UTI_____.pfa
7fec6a0dd000-7fec6a0e7000 r--s 00000000 08:04 1846962                    /usr/share/X11/fonts/Type1/c0582bt_.pfb
7fec6a0e7000-7fec6a0f0000 r--s 00000000 08:04 1846968                    /usr/share/X11/fonts/Type1/c0632bt_.pfb
7fec6a0f0000-7fec6a0fa000 r--s 00000000 08:04 1846964                    /usr/share/X11/fonts/Type1/c0583bt_.pfb
7fec6a0fa000-7fec6a103000 r--s 00000000 08:04 1846970                    /usr/share/X11/fonts/Type1/c0633bt_.pfb
7fec6a103000-7fec6a115000 r--s 00000000 08:04 1846954                    /usr/share/X11/fonts/Type1/UTB_____.pfa
7fec6a115000-7fec6a128000 r--s 00000000 08:04 1846952                    /usr/share/X11/fonts/Type1/UTBI____.pfa
7fec6a128000-7fec6a131000 r--s 00000000 08:04 1846974                    /usr/share/X11/fonts/Type1/c0649bt_.pfb
7fec6a131000-7fec6a13f000 r--s 00000000 08:04 1846975                    /usr/share/X11/fonts/Type1/cursor.pfa
7fec6a13f000-7fec6a151000 r--s 00000000 08:04 1846958                    /usr/share/X11/fonts/Type1/UTRG____.pfa
7fec6a151000-7fec6a15a000 r--s 00000000 08:04 1846972                    /usr/share/X11/fonts/Type1/c0648bt_.pfb
7fec6a15a000-7fec6a164000 r--s 00000000 08:04 1846966                    /usr/share/X11/fonts/Type1/c0611bt_.pfb
7fec6a164000-7fec6a16e000 r--s 00000000 08:04 1846960                    /usr/share/X11/fonts/Type1/c0419bt_.pfb
7fec6a16e000-7fec6a180000 r--s 00000000 08:04 1312482                    /usr/share/fonts/default/Type1/n019044l.pfb
7fec6a180000-7fec6a199000 r--s 00000000 08:04 1312454                    /usr/share/fonts/default/Type1/b018012l.pfb
7fec6a199000-7fec6a1b1000 r--s 00000000 08:04 1312466                    /usr/share/fonts/default/Type1/c059033l.pfb
7fec6a1b1000-7fec6a1c4000 r--s 00000000 08:04 1312456                    /usr/share/fonts/default/Type1/b018015l.pfb
7fec6a1c4000-7fec6a1d5000 r--s 00000000 08:04 1312484                    /usr/share/fonts/default/Type1/n019063l.pfb
7fec6a1d5000-7fec6a1eb000 r--s 00000000 08:04 1312494                    /usr/share/fonts/default/Type1/n021024l.pfb
7fec6a1eb000-7fec6a1fb000 r--s 00000000 08:04 1312446                    /usr/share/fonts/default/Type1/a010013l.pfb
7fec6a1fb000-7fec6a20d000 r--s 00000000 08:04 1312480                    /usr/share/fonts/default/Type1/n019043l.pfb
7fec6a20d000-7fec6a221000 r--s 00000000 08:04 1312472                    /usr/share/fonts/default/Type1/n019003l.pfb
7fec6a221000-7fec6a23c000 r--s 00000000 08:04 1312506                    /usr/share/fonts/default/Type1/p052004l.pfb
7fec6a23c000-7fec6a252000 r--s 00000000 08:04 1312500                    /usr/share/fonts/default/Type1/n022023l.pfb
7fec6a252000-7fec6a26b000 r--s 00000000 08:04 1312488                    /usr/share/fonts/default/Type1/n021003l.pfb
7fec6a26b000-7fec6a282000 r--s 00000000 08:04 1312492                    /usr/share/fonts/default/Type1/n021023l.pfb
7fec6a282000-7fec6a29d000 r--s 00000000 08:04 1312504                    /usr/share/fonts/default/Type1/p052003l.pfb
7fec6a29d000-7fec6a2b8000 r--s 00000000 08:04 1312464                    /usr/share/fonts/default/Type1/c059016l.pfb
7fec6a2b8000-7fec6a2d2000 r--s 00000000 08:04 1312462                    /usr/share/fonts/default/Type1/c059013l.pfb
7fec6a2d2000-7fec6a2e3000 r--s 00000000 08:04 1312476                    /usr/share/fonts/default/Type1/n019023l.pfb
7fec6a2e3000-7fec6a2fa000 r--s 00000000 08:04 1312514                    /usr/share/fonts/default/Type1/z003034l.pfb
7fec6a2fa000-7fec6a306000 r--s 00000000 08:04 1312470                    /usr/share/fonts/default/Type1/d050000l.pfb
7fec6a306000-7fec6a318000 r--s 00000000 08:04 1312474                    /usr/share/fonts/default/Type1/n019004l.pfb
7fec6a318000-7fec6a328000 r--s 00000000 08:04 1312450                    /usr/share/fonts/default/Type1/a010033l.pfb
7fec6a328000-7fec6a33e000 r--s 00000000 08:04 1312502                    /usr/share/fonts/default/Type1/n022024l.pfb
7fec6a33e000-7fec6a353000 r--s 00000000 08:04 1312458                    /usr/share/fonts/default/Type1/b018032l.pfb
7fec6a353000-7fec6a364000 r--s 00000000 08:04 1312478                    /usr/share/fonts/default/Type1/n019024l.pfb
7fec6a364000-7fec6a374000 r--s 00000000 08:04 1312448                    /usr/share/fonts/default/Type1/a010015l.pfb
7fec6a374000-7fec6a387000 r--s 00000000 08:04 1312486                    /usr/share/fonts/default/Type1/n019064l.pfb
7fec6a387000-7fec6a398000 r--s 00000000 08:04 1312452                    /usr/share/fonts/default/Type1/a010035l.pfb
7fec6a398000-7fec6a3b4000 r--s 00000000 08:04 1312510                    /usr/share/fonts/default/Type1/p052024l.pfb
7fec6a3b4000-7fec6a3cf000 r--s 00000000 08:04 1312508                    /usr/share/fonts/default/Type1/p052023l.pfb
7fec6a3cf000-7fec6a3e8000 r--s 00000000 08:04 1312490                    /usr/share/fonts/default/Type1/n021004l.pfb
7fec6a3e8000-7fec6a3f1000 r--s 00000000 08:04 1312512                    /usr/share/fonts/default/Type1/s050000l.pfb
7fec6a3f1000-7fec6a409000 r--s 00000000 08:04 1312468                    /usr/share/fonts/default/Type1/c059036l.pfb
7fec6a409000-7fec6a41b000 r--s 00000000 08:04 1312460                    /usr/share/fonts/default/Type1/b018035l.pfb
7fec6a41b000-7fec6a434000 r--s 00000000 08:04 1312498                    /usr/share/fonts/default/Type1/n022004l.pfb
7fec6a434000-7fec6a44b000 r-xp 00000000 08:04 262775                     /usr/lib64/libresolv-2.24.so
7fec6a44b000-7fec6a64b000 ---p 00017000 08:04 262775                     /usr/lib64/libresolv-2.24.so
7fec6a64b000-7fec6a64c000 r--p 00017000 08:04 262775                     /usr/lib64/libresolv-2.24.so
7fec6a64c000-7fec6a64d000 rw-p 00018000 08:04 262775                     /usr/lib64/libresolv-2.24.so
7fec6a64d000-7fec6a64f000 rw-p 00000000 00:00 0 
7fec6a64f000-7fec6a654000 r-xp 00000000 08:04 262769                     /usr/lib64/libnss_dns-2.24.so
7fec6a654000-7fec6a854000 ---p 00005000 08:04 262769                     /usr/lib64/libnss_dns-2.24.so
7fec6a854000-7fec6a855000 r--p 00005000 08:04 262769                     /usr/lib64/libnss_dns-2.24.so
7fec6a855000-7fec6a856000 rw-p 00006000 08:04 262769                     /usr/lib64/libnss_dns-2.24.so
7fec6a856000-7fec6aa56000 rw-p 00000000 00:00 0 
7fec6aa56000-7fec6aa67000 r-xp 00000000 08:04 4592081                    /usr/lib/jvm/java-1.8.0-openjdk-1.8.0.151-1.b12.fc25.x86_64/jre/lib/amd64/libnio.so
7fec6aa67000-7fec6ac67000 ---p 00011000 08:04 4592081                    /usr/lib/jvm/java-1.8.0-openjdk-1.8.0.151-1.b12.fc25.x86_64/jre/lib/amd64/libnio.so
7fec6ac67000-7fec6ac68000 r--p 00011000 08:04 4592081                    /usr/lib/jvm/java-1.8.0-openjdk-1.8.0.151-1.b12.fc25.x86_64/jre/lib/amd64/libnio.so
7fec6ac68000-7fec6ac69000 rw-p 00012000 08:04 4592081                    /usr/lib/jvm/java-1.8.0-openjdk-1.8.0.151-1.b12.fc25.x86_64/jre/lib/amd64/libnio.so
7fec6ac69000-7fec6ac80000 r-xp 00000000 08:04 4592080                    /usr/lib/jvm/java-1.8.0-openjdk-1.8.0.151-1.b12.fc25.x86_64/jre/lib/amd64/libnet.so
7fec6ac80000-7fec6ae7f000 ---p 00017000 08:04 4592080                    /usr/lib/jvm/java-1.8.0-openjdk-1.8.0.151-1.b12.fc25.x86_64/jre/lib/amd64/libnet.so
7fec6ae7f000-7fec6ae80000 r--p 00016000 08:04 4592080                    /usr/lib/jvm/java-1.8.0-openjdk-1.8.0.151-1.b12.fc25.x86_64/jre/lib/amd64/libnet.so
7fec6ae80000-7fec6ae81000 rw-p 00017000 08:04 4592080                    /usr/lib/jvm/java-1.8.0-openjdk-1.8.0.151-1.b12.fc25.x86_64/jre/lib/amd64/libnet.so
7fec6ae81000-7fec6ae86000 r-xp 00000000 08:04 271527                     /usr/lib64/libXfixes.so.3.1.0
7fec6ae86000-7fec6b085000 ---p 00005000 08:04 271527                     /usr/lib64/libXfixes.so.3.1.0
7fec6b085000-7fec6b086000 r--p 00004000 08:04 271527                     /usr/lib64/libXfixes.so.3.1.0
7fec6b086000-7fec6b087000 rw-p 00005000 08:04 271527                     /usr/lib64/libXfixes.so.3.1.0
7fec6b087000-7fec6b090000 r-xp 00000000 08:04 271543                     /usr/lib64/libXcursor.so.1.0.2
7fec6b090000-7fec6b290000 ---p 00009000 08:04 271543                     /usr/lib64/libXcursor.so.1.0.2
7fec6b290000-7fec6b291000 r--p 00009000 08:04 271543                     /usr/lib64/libXcursor.so.1.0.2
7fec6b291000-7fec6b292000 rw-p 00000000 00:00 0 
7fec6b292000-7fec6b2c3000 r-xp 00000000 08:04 263891                     /usr/lib64/libpng16.so.16.27.0
7fec6b2c3000-7fec6b4c3000 ---p 00031000 08:04 263891                     /usr/lib64/libpng16.so.16.27.0
7fec6b4c3000-7fec6b4c4000 r--p 00031000 08:04 263891                     /usr/lib64/libpng16.so.16.27.0
7fec6b4c4000-7fec6b4c5000 rw-p 00000000 00:00 0 
7fec6b4c5000-7fec6b4d4000 r-xp 00000000 08:04 263184                     /usr/lib64/libbz2.so.1.0.6
7fec6b4d4000-7fec6b6d3000 ---p 0000f000 08:04 263184                     /usr/lib64/libbz2.so.1.0.6
7fec6b6d3000-7fec6b6d4000 r--p 0000e000 08:04 263184                     /usr/lib64/libbz2.so.1.0.6
7fec6b6d4000-7fec6b6d5000 rw-p 0000f000 08:04 263184                     /usr/lib64/libbz2.so.1.0.6
7fec6b6d5000-7fec6b779000 r-xp 00000000 08:04 263894                     /usr/lib64/libfreetype.so.6.12.5
7fec6b779000-7fec6b979000 ---p 000a4000 08:04 263894                     /usr/lib64/libfreetype.so.6.12.5
7fec6b979000-7fec6b97f000 r--p 000a4000 08:04 263894                     /usr/lib64/libfreetype.so.6.12.5
7fec6b97f000-7fec6b980000 rw-p 00000000 00:00 0 
7fec6b980000-7fec6b9d1000 r-xp 00000000 08:04 4592063                    /usr/lib/jvm/java-1.8.0-openjdk-1.8.0.151-1.b12.fc25.x86_64/jre/lib/amd64/libfontmanager.so
7fec6b9d1000-7fec6bbd0000 ---p 00051000 08:04 4592063                    /usr/lib/jvm/java-1.8.0-openjdk-1.8.0.151-1.b12.fc25.x86_64/jre/lib/amd64/libfontmanager.so
7fec6bbd0000-7fec6bbd3000 r--p 00050000 08:04 4592063                    /usr/lib/jvm/java-1.8.0-openjdk-1.8.0.151-1.b12.fc25.x86_64/jre/lib/amd64/libfontmanager.so
7fec6bbd3000-7fec6bbd4000 rw-p 00053000 08:04 4592063                    /usr/lib/jvm/java-1.8.0-openjdk-1.8.0.151-1.b12.fc25.x86_64/jre/lib/amd64/libfontmanager.so
7fec6bbd4000-7fec6bbd6000 r-xp 00000000 08:04 267987                     /usr/lib64/libXau.so.6.0.0
7fec6bbd6000-7fec6bdd6000 ---p 00002000 08:04 267987                     /usr/lib64/libXau.so.6.0.0
7fec6bdd6000-7fec6bdd7000 r--p 00002000 08:04 267987                     /usr/lib64/libXau.so.6.0.0
7fec6bdd7000-7fec6bdd8000 rw-p 00000000 00:00 0 
7fec6bdd8000-7fec6bdff000 r-xp 00000000 08:04 268037                     /usr/lib64/libxcb.so.1.1.0
7fec6bdff000-7fec6bffe000 ---p 00027000 08:04 268037                     /usr/lib64/libxcb.so.1.1.0
7fec6bffe000-7fec6bfff000 r--p 00026000 08:04 268037                     /usr/lib64/libxcb.so.1.1.0
7fec6bfff000-7fec6c000000 rw-p 00027000 08:04 268037                     /usr/lib64/libxcb.so.1.1.0
7fec6c000000-7fec6c021000 rw-p 00000000 00:00 0 
7fec6c021000-7fec70000000 ---p 00000000 00:00 0 
7fec70000000-7fec70021000 rw-p 00000000 00:00 0 
7fec70021000-7fec74000000 ---p 00000000 00:00 0 
7fec74000000-7fec741c9000 rw-p 00000000 00:00 0 
7fec741c9000-7fec78000000 ---p 00000000 00:00 0 
7fec78000000-7fec7878a000 rw-p 00000000 00:00 0 
7fec7878a000-7fec7c000000 ---p 00000000 00:00 0 
7fec7c000000-7fec7c021000 rw-p 00000000 00:00 0 
7fec7c021000-7fec80000000 ---p 00000000 00:00 0 
7fec80000000-7fec8025e000 rw-p 00000000 00:00 0 
7fec8025e000-7fec84000000 ---p 00000000 00:00 0 
7fec84000000-7fec84021000 rw-p 00000000 00:00 0 
7fec84021000-7fec88000000 ---p 00000000 00:00 0 
7fec88000000-7fec88002000 r--s 00000000 08:04 133280                     /var/cache/fontconfig/b14e78aa9400ae7a28193faee1d62280-le64.cache-7
7fec88002000-7fec88005000 r--s 00000000 08:04 133111                     /var/cache/fontconfig/7ee6df7a8311986241317a58487e0145-le64.cache-7
7fec88005000-7fec88007000 r--s 00000000 08:04 133104                     /var/cache/fontconfig/99a1ce9f8b6a0434aadb01d3779b0780-le64.cache-7
7fec88007000-7fec88009000 r--s 00000000 08:04 133103                     /var/cache/fontconfig/f9d379b867d7c69c85310a4f24e5228f-le64.cache-7
7fec88009000-7fec8800a000 r--s 00000000 08:04 133129                     /var/cache/fontconfig/a0c19c2c21e758d73376b5942921cc72-le64.cache-7
7fec8800a000-7fec88010000 r--s 00000000 08:04 133581                     /var/cache/fontconfig/1df85697c14702f44658b24b408926a8-le64.cache-7
7fec88010000-7fec88011000 r--s 00000000 08:04 133580                     /var/cache/fontconfig/ebf56f3700add7deef4170121b075635-le64.cache-7
7fec88011000-7fec88012000 r--s 00000000 08:04 133579                     /var/cache/fontconfig/152851b4acb048b800b8533ebc1936a3-le64.cache-7
7fec88012000-7fec88015000 r--s 00000000 08:04 133578                     /var/cache/fontconfig/1001bb686ac205d38fadd4998ec2152d-le64.cache-7
7fec88015000-7fec88018000 r--s 00000000 08:04 133577                     /var/cache/fontconfig/2cbe6dac152fceb49957eb990e8f7dfa-le64.cache-7
7fec88018000-7fec88019000 r--s 00000000 08:04 133576                     /var/cache/fontconfig/d7e68a80a06657bbae41d14d310f555f-le64.cache-7
7fec88019000-7fec8801c000 r--s 00000000 08:04 133575                     /var/cache/fontconfig/0669abc9e8863dabd7fb8975a3169a86-le64.cache-7
7fec8801c000-7fec8801d000 r--s 00000000 08:04 133574                     /var/cache/fontconfig/9df3afe5f4f864d4b26fb58d477683d4-le64.cache-7
7fec8801d000-7fec8801f000 r--s 00000000 08:04 133573                     /var/cache/fontconfig/4773c4f6f3a341ff599072afa1542d36-le64.cache-7
7fec8801f000-7fec88020000 r--s 00000000 08:04 131335                     /var/cache/fontconfig/0f80fa86029ae75a63f21d682b864529-le64.cache-7
7fec88020000-7fec88021000 r--s 00000000 08:04 133572                     /var/cache/fontconfig/019629eead7fd8624feacc17e1c76e56-le64.cache-7
7fec88021000-7fec8802b000 r--s 00000000 08:04 133571                     /var/cache/fontconfig/ed5f51de67573479bbfe4a227e990540-le64.cache-7
7fec8802b000-7fec88038000 r--s 00000000 08:04 133570                     /var/cache/fontconfig/97e72070044f6937752cf3387f4cc751-le64.cache-7
7fec88038000-7fec8803a000 r--s 00000000 08:04 133569                     /var/cache/fontconfig/80851f10ec0499eef7db066c71291947-le64.cache-7
7fec8803a000-7fec8803d000 r--s 00000000 08:04 133568                     /var/cache/fontconfig/f8d73b453b8886994cde55d811f6a889-le64.cache-7
7fec8803d000-7fec88043000 r--s 00000000 08:04 133567                     /var/cache/fontconfig/eb1a6a87a0d801769b114129ece88710-le64.cache-7
7fec88043000-7fec88046000 r--s 00000000 08:04 133566                     /var/cache/fontconfig/582359b9978a7b150e584e332ff2143d-le64.cache-7
7fec88046000-7fec880b0000 r--s 00000000 08:04 133565                     /var/cache/fontconfig/dfc824290ac19a40c85004098f38927d-le64.cache-7
7fec880b0000-7fec880bb000 r--s 00000000 08:04 133101                     /var/cache/fontconfig/12b26b760a24f8b4feb03ad48a333a72-le64.cache-7
7fec880bb000-7fec880bd000 r--s 00000000 08:04 133564                     /var/cache/fontconfig/7f44c09c3a4dd7faf914c1771855731c-le64.cache-7
7fec880bd000-7fec880c2000 r--s 00000000 08:04 133562                     /var/cache/fontconfig/c793051652af0a082fa4b8a7ceb4a8c7-le64.cache-7
7fec880c2000-7fec880c5000 ---p 00000000 00:00 0 
7fec880c5000-7fec881c3000 rw-p 00000000 00:00 0 
7fec881c3000-7fec881d2000 r-xp 00000000 08:04 271529                     /usr/lib64/libXi.so.6.1.0
7fec881d2000-7fec883d1000 ---p 0000f000 08:04 271529                     /usr/lib64/libXi.so.6.1.0
7fec883d1000-7fec883d2000 r--p 0000e000 08:04 271529                     /usr/lib64/libXi.so.6.1.0
7fec883d2000-7fec883d3000 rw-p 0000f000 08:04 271529                     /usr/lib64/libXi.so.6.1.0
7fec883d3000-7fec883d8000 r-xp 00000000 08:04 271539                     /usr/lib64/libXtst.so.6.1.0
7fec883d8000-7fec885d7000 ---p 00005000 08:04 271539                     /usr/lib64/libXtst.so.6.1.0
7fec885d7000-7fec885d8000 r--p 00004000 08:04 271539                     /usr/lib64/libXtst.so.6.1.0
7fec885d8000-7fec885d9000 rw-p 00005000 08:04 271539                     /usr/lib64/libXtst.so.6.1.0
7fec885d9000-7fec885db000 r-xp 00000000 08:04 271533                     /usr/lib64/libXcomposite.so.1.0.0
7fec885db000-7fec887da000 ---p 00002000 08:04 271533                     /usr/lib64/libXcomposite.so.1.0.0
7fec887da000-7fec887db000 r--p 00001000 08:04 271533                     /usr/lib64/libXcomposite.so.1.0.0
7fec887db000-7fec887dc000 rw-p 00000000 00:00 0 
7fec887dc000-7fec887e5000 r-xp 00000000 08:04 271535                     /usr/lib64/libXrender.so.1.3.0
7fec887e5000-7fec889e4000 ---p 00009000 08:04 271535                     /usr/lib64/libXrender.so.1.3.0
7fec889e4000-7fec889e5000 r--p 00008000 08:04 271535                     /usr/lib64/libXrender.so.1.3.0
7fec889e5000-7fec889e6000 rw-p 00009000 08:04 271535                     /usr/lib64/libXrender.so.1.3.0
7fec889e6000-7fec88b1e000 r-xp 00000000 08:04 271523                     /usr/lib64/libX11.so.6.3.0
7fec88b1e000-7fec88d1e000 ---p 00138000 08:04 271523                     /usr/lib64/libX11.so.6.3.0
7fec88d1e000-7fec88d21000 r--p 00138000 08:04 271523                     /usr/lib64/libX11.so.6.3.0
7fec88d21000-7fec88d25000 rw-p 0013b000 08:04 271523                     /usr/lib64/libX11.so.6.3.0
7fec88d25000-7fec88d36000 r-xp 00000000 08:04 271525                     /usr/lib64/libXext.so.6.4.0
7fec88d36000-7fec88f35000 ---p 00011000 08:04 271525                     /usr/lib64/libXext.so.6.4.0
7fec88f35000-7fec88f36000 r--p 00010000 08:04 271525                     /usr/lib64/libXext.so.6.4.0
7fec88f36000-7fec88f37000 rw-p 00011000 08:04 271525                     /usr/lib64/libXext.so.6.4.0
7fec88f37000-7fec88f8b000 r-xp 00000000 08:04 4592135                    /usr/lib/jvm/java-1.8.0-openjdk-1.8.0.151-1.b12.fc25.x86_64/jre/lib/amd64/libawt_xawt.so
7fec88f8b000-7fec8918b000 ---p 00054000 08:04 4592135                    /usr/lib/jvm/java-1.8.0-openjdk-1.8.0.151-1.b12.fc25.x86_64/jre/lib/amd64/libawt_xawt.so
7fec8918b000-7fec8918c000 r--p 00054000 08:04 4592135                    /usr/lib/jvm/java-1.8.0-openjdk-1.8.0.151-1.b12.fc25.x86_64/jre/lib/amd64/libawt_xawt.so
7fec8918c000-7fec8918e000 rw-p 00055000 08:04 4592135                    /usr/lib/jvm/java-1.8.0-openjdk-1.8.0.151-1.b12.fc25.x86_64/jre/lib/amd64/libawt_xawt.so
7fec8918e000-7fec89190000 rw-p 00000000 00:00 0 
7fec89190000-7fec89231000 r-xp 00000000 08:04 4592060                    /usr/lib/jvm/java-1.8.0-openjdk-1.8.0.151-1.b12.fc25.x86_64/jre/lib/amd64/libawt.so
7fec89231000-7fec89430000 ---p 000a1000 08:04 4592060                    /usr/lib/jvm/java-1.8.0-openjdk-1.8.0.151-1.b12.fc25.x86_64/jre/lib/amd64/libawt.so
7fec89430000-7fec89431000 r--p 000a0000 08:04 4592060                    /usr/lib/jvm/java-1.8.0-openjdk-1.8.0.151-1.b12.fc25.x86_64/jre/lib/amd64/libawt.so
7fec89431000-7fec8943c000 rw-p 000a1000 08:04 4592060                    /usr/lib/jvm/java-1.8.0-openjdk-1.8.0.151-1.b12.fc25.x86_64/jre/lib/amd64/libawt.so
7fec8943c000-7fec89461000 rw-p 00000000 00:00 0 
7fec89461000-7fec90000000 r--p 00000000 08:04 403030                     /usr/lib/locale/locale-archive
7fec90000000-7fec90021000 rw-p 00000000 00:00 0 
7fec90021000-7fec94000000 ---p 00000000 00:00 0 
7fec94000000-7fec94021000 rw-p 00000000 00:00 0 
7fec94021000-7fec98000000 ---p 00000000 00:00 0 
7fec98000000-7fec98021000 rw-p 00000000 00:00 0 
7fec98021000-7fec9c000000 ---p 00000000 00:00 0 
7fec9c000000-7fec9c021000 rw-p 00000000 00:00 0 
7fec9c021000-7feca0000000 ---p 00000000 00:00 0 
7feca0000000-7feca0021000 rw-p 00000000 00:00 0 
7feca0021000-7feca4000000 ---p 00000000 00:00 0 
7feca4000000-7feca4021000 rw-p 00000000 00:00 0 
7feca4021000-7feca8000000 ---p 00000000 00:00 0 
7feca8000000-7feca8001000 r--s 00000000 08:04 133563                     /var/cache/fontconfig/d2f66d64c4954caeb5345eb8c0eab248-le64.cache-7
7feca8001000-7feca8010000 r--s 00000000 08:04 133561                     /var/cache/fontconfig/7648bf0ff2312f5efa6202d7d5f776b3-le64.cache-7
7feca8010000-7feca8011000 r--s 00000000 08:04 133560                     /var/cache/fontconfig/b13c8791567264b26ffe0e09fc4571b6-le64.cache-7
7feca8011000-7feca8017000 r--s 00000000 08:04 133559                     /var/cache/fontconfig/62775a44effc9c99c1d4896b0e88d7ff-le64.cache-7
7feca8017000-7feca801e000 r--s 00000000 08:04 133556                     /var/cache/fontconfig/670fd9881e303756637bc2f467c0c214-le64.cache-7
7feca801e000-7feca8021000 ---p 00000000 00:00 0 
7feca8021000-7feca811f000 rw-p 00000000 00:00 0 
7feca811f000-7feca8120000 ---p 00000000 00:00 0 
7feca8120000-7feca8220000 rw-p 00000000 00:00 0 
7feca8220000-7feca8223000 ---p 00000000 00:00 0 
7feca8223000-7feca8321000 rw-p 00000000 00:00 0 
7feca8321000-7feca8324000 ---p 00000000 00:00 0 
7feca8324000-7feca8422000 rw-p 00000000 00:00 0 
7feca8422000-7feca8425000 ---p 00000000 00:00 0 
7feca8425000-7feca8523000 rw-p 00000000 00:00 0 
7feca8523000-7feca8526000 ---p 00000000 00:00 0 
7feca8526000-7feca8624000 rw-p 00000000 00:00 0 
7feca8624000-7feca8627000 ---p 00000000 00:00 0 
7feca8627000-7feca8725000 rw-p 00000000 00:00 0 
7feca8725000-7feca8728000 ---p 00000000 00:00 0 
7feca8728000-7feca8826000 rw-p 00000000 00:00 0 
7feca8826000-7feca8829000 ---p 00000000 00:00 0 
7feca8829000-7feca8927000 rw-p 00000000 00:00 0 
7feca8927000-7feca8928000 ---p 00000000 00:00 0 
7feca8928000-7fecad000000 rw-p 00000000 00:00 0 
7fecad000000-7fecad480000 rwxp 00000000 00:00 0 
7fecad480000-7fecbc000000 ---p 00000000 00:00 0 
7fecbc000000-7fecbc4b5000 rw-p 00000000 00:00 0 
7fecbc4b5000-7fecc0000000 ---p 00000000 00:00 0 
7fecc0000000-7fecc0004000 r--s 00000000 08:04 133558                     /var/cache/fontconfig/621adf1b95427b8cc7448b9b5dc0b505-le64.cache-7
7fecc0004000-7fecc0006000 r--s 00000000 08:04 133557                     /var/cache/fontconfig/69cc98ab8c7f1e44ab48f8983431c90b-le64.cache-7
7fecc0006000-7fecc000d000 r--s 00000000 08:04 133125                     /var/cache/fontconfig/a116919b8bdb14ffaacd61d02e607fb8-le64.cache-7
7fecc000d000-7fecc0012000 r--s 00000000 08:04 133123                     /var/cache/fontconfig/a289f7e03715303a9a1b010d74c00c6a-le64.cache-7
7fecc0012000-7fecc0014000 r--s 00000000 08:04 133552                     /var/cache/fontconfig/22abf0ef5e624ab5bceffcf115bfe030-le64.cache-7
7fecc0014000-7fecc0016000 r--s 00000000 08:04 133094                     /var/cache/fontconfig/3640555adad8a8f6978400293cfce7ab-le64.cache-7
7fecc0016000-7fecc002e000 r--s 00000000 08:04 1312496                    /usr/share/fonts/default/Type1/n022003l.pfb
7fecc002e000-7fecc00c4000 r--s 008d6000 08:04 2762291                    /usr/lib/jvm/openjfx/rt/lib/ext/jfxrt.jar
7fecc00c4000-7fecc07cb000 rw-p 00000000 00:00 0 
7fecc07cb000-7fecc0999000 r--s 04400000 08:04 4592126                    /usr/lib/jvm/java-1.8.0-openjdk-1.8.0.151-1.b12.fc25.x86_64/jre/lib/rt.jar
7fecc0999000-7fecc15ec000 rw-p 00000000 00:00 0 
7fecc15ec000-7fecc15ed000 ---p 00000000 00:00 0 
7fecc15ed000-7fecc16ed000 rw-p 00000000 00:00 0 
7fecc16ed000-7fecc16ee000 ---p 00000000 00:00 0 
7fecc16ee000-7fecc17ee000 rw-p 00000000 00:00 0 
7fecc17ee000-7fecc17ef000 ---p 00000000 00:00 0 
7fecc17ef000-7fecc18ef000 rw-p 00000000 00:00 0 
7fecc18ef000-7fecc18f0000 ---p 00000000 00:00 0 
7fecc18f0000-7fecc1a1a000 rw-p 00000000 00:00 0 
7fecc1a1a000-7fecc1c84000 ---p 00000000 00:00 0 
7fecc1c84000-7fecc1cae000 rw-p 00000000 00:00 0 
7fecc1cae000-7fecc1f17000 ---p 00000000 00:00 0 
7fecc1f17000-7fecc1f2c000 rw-p 00000000 00:00 0 
7fecc1f2c000-7fecc2061000 ---p 00000000 00:00 0 
7fecc2061000-7fecc2074000 rw-p 00000000 00:00 0 
7fecc2074000-7fecc2422000 ---p 00000000 00:00 0 
7fecc2422000-7fecc242a000 r-xp 00000000 08:04 4592088                    /usr/lib/jvm/java-1.8.0-openjdk-1.8.0.151-1.b12.fc25.x86_64/jre/lib/amd64/libzip.so
7fecc242a000-7fecc2629000 ---p 00008000 08:04 4592088                    /usr/lib/jvm/java-1.8.0-openjdk-1.8.0.151-1.b12.fc25.x86_64/jre/lib/amd64/libzip.so
7fecc2629000-7fecc262a000 r--p 00007000 08:04 4592088                    /usr/lib/jvm/java-1.8.0-openjdk-1.8.0.151-1.b12.fc25.x86_64/jre/lib/amd64/libzip.so
7fecc262a000-7fecc262b000 rw-p 00000000 00:00 0 
7fecc262b000-7fecc2e30000 r--s 00000000 08:04 1573311                    /var/lib/sss/mc/passwd
7fecc2e30000-7fecc2e38000 r-xp 00000000 08:04 271492                     /usr/lib64/libnss_sss.so.2
7fecc2e38000-7fecc3037000 ---p 00008000 08:04 271492                     /usr/lib64/libnss_sss.so.2
7fecc3037000-7fecc3038000 r--p 00007000 08:04 271492                     /usr/lib64/libnss_sss.so.2
7fecc3038000-7fecc3039000 rw-p 00008000 08:04 271492                     /usr/lib64/libnss_sss.so.2
7fecc3039000-7fecc3043000 r-xp 00000000 08:04 262771                     /usr/lib64/libnss_files-2.24.so
7fecc3043000-7fecc3243000 ---p 0000a000 08:04 262771                     /usr/lib64/libnss_files-2.24.so
7fecc3243000-7fecc3244000 r--p 0000a000 08:04 262771                     /usr/lib64/libnss_files-2.24.so
7fecc3244000-7fecc3245000 rw-p 0000b000 08:04 262771                     /usr/lib64/libnss_files-2.24.so
7fecc3245000-7fecc324b000 rw-p 00000000 00:00 0 
7fecc324b000-7fecc3278000 r-xp 00000000 08:04 4592070                    /usr/lib/jvm/java-1.8.0-openjdk-1.8.0.151-1.b12.fc25.x86_64/jre/lib/amd64/libjava.so
7fecc3278000-7fecc3478000 ---p 0002d000 08:04 4592070                    /usr/lib/jvm/java-1.8.0-openjdk-1.8.0.151-1.b12.fc25.x86_64/jre/lib/amd64/libjava.so
7fecc3478000-7fecc3479000 r--p 0002d000 08:04 4592070                    /usr/lib/jvm/java-1.8.0-openjdk-1.8.0.151-1.b12.fc25.x86_64/jre/lib/amd64/libjava.so
7fecc3479000-7fecc347a000 rw-p 0002e000 08:04 4592070                    /usr/lib/jvm/java-1.8.0-openjdk-1.8.0.151-1.b12.fc25.x86_64/jre/lib/amd64/libjava.so
7fecc347a000-7fecc347b000 rw-p 00000000 00:00 0 
7fecc347b000-7fecc3488000 r-xp 00000000 08:04 4592087                    /usr/lib/jvm/java-1.8.0-openjdk-1.8.0.151-1.b12.fc25.x86_64/jre/lib/amd64/libverify.so
7fecc3488000-7fecc3687000 ---p 0000d000 08:04 4592087                    /usr/lib/jvm/java-1.8.0-openjdk-1.8.0.151-1.b12.fc25.x86_64/jre/lib/amd64/libverify.so
7fecc3687000-7fecc3689000 r--p 0000c000 08:04 4592087                    /usr/lib/jvm/java-1.8.0-openjdk-1.8.0.151-1.b12.fc25.x86_64/jre/lib/amd64/libverify.so
7fecc3689000-7fecc368a000 rw-p 00000000 00:00 0 
7fecc368a000-7fecc3691000 r-xp 00000000 08:04 262777                     /usr/lib64/librt-2.24.so
7fecc3691000-7fecc3890000 ---p 00007000 08:04 262777                     /usr/lib64/librt-2.24.so
7fecc3890000-7fecc3891000 r--p 00006000 08:04 262777                     /usr/lib64/librt-2.24.so
7fecc3891000-7fecc3892000 rw-p 00007000 08:04 262777                     /usr/lib64/librt-2.24.so
7fecc3892000-7fecc38a8000 r-xp 00000000 08:04 262163                     /usr/lib64/libgcc_s-6.4.1-20170727.so.1
7fecc38a8000-7fecc3aa7000 ---p 00016000 08:04 262163                     /usr/lib64/libgcc_s-6.4.1-20170727.so.1
7fecc3aa7000-7fecc3aa8000 r--p 00015000 08:04 262163                     /usr/lib64/libgcc_s-6.4.1-20170727.so.1
7fecc3aa8000-7fecc3aa9000 rw-p 00016000 08:04 262163                     /usr/lib64/libgcc_s-6.4.1-20170727.so.1
7fecc3aa9000-7fecc3bb1000 r-xp 00000000 08:04 262763                     /usr/lib64/libm-2.24.so
7fecc3bb1000-7fecc3db0000 ---p 00108000 08:04 262763                     /usr/lib64/libm-2.24.so
7fecc3db0000-7fecc3db1000 r--p 00107000 08:04 262763                     /usr/lib64/libm-2.24.so
7fecc3db1000-7fecc3db2000 rw-p 00108000 08:04 262763                     /usr/lib64/libm-2.24.so
7fecc3db2000-7fecc3f2a000 r-xp 00000000 08:04 263282                     /usr/lib64/libstdc++.so.6.0.22
7fecc3f2a000-7fecc412a000 ---p 00178000 08:04 263282                     /usr/lib64/libstdc++.so.6.0.22
7fecc412a000-7fecc4134000 r--p 00178000 08:04 263282                     /usr/lib64/libstdc++.so.6.0.22
7fecc4134000-7fecc4136000 rw-p 00182000 08:04 263282                     /usr/lib64/libstdc++.so.6.0.22
7fecc4136000-7fecc413a000 rw-p 00000000 00:00 0 
7fecc413a000-7fecc4e64000 r-xp 00000000 08:04 4592092                    /usr/lib/jvm/java-1.8.0-openjdk-1.8.0.151-1.b12.fc25.x86_64/jre/lib/amd64/server/libjvm.so
7fecc4e64000-7fecc5064000 ---p 00d2a000 08:04 4592092                    /usr/lib/jvm/java-1.8.0-openjdk-1.8.0.151-1.b12.fc25.x86_64/jre/lib/amd64/server/libjvm.so
7fecc5064000-7fecc5100000 r--p 00d2a000 08:04 4592092                    /usr/lib/jvm/java-1.8.0-openjdk-1.8.0.151-1.b12.fc25.x86_64/jre/lib/amd64/server/libjvm.so
7fecc5100000-7fecc5129000 rw-p 00dc6000 08:04 4592092                    /usr/lib/jvm/java-1.8.0-openjdk-1.8.0.151-1.b12.fc25.x86_64/jre/lib/amd64/server/libjvm.so
7fecc5129000-7fecc5159000 rw-p 00000000 00:00 0 
7fecc5159000-7fecc5316000 r-xp 00000000 08:04 262757                     /usr/lib64/libc-2.24.so
7fecc5316000-7fecc5515000 ---p 001bd000 08:04 262757                     /usr/lib64/libc-2.24.so
7fecc5515000-7fecc5519000 r--p 001bc000 08:04 262757                     /usr/lib64/libc-2.24.so
7fecc5519000-7fecc551b000 rw-p 001c0000 08:04 262757                     /usr/lib64/libc-2.24.so
7fecc551b000-7fecc551f000 rw-p 00000000 00:00 0 
7fecc551f000-7fecc5522000 r-xp 00000000 08:04 262761                     /usr/lib64/libdl-2.24.so
7fecc5522000-7fecc5721000 ---p 00003000 08:04 262761                     /usr/lib64/libdl-2.24.so
7fecc5721000-7fecc5722000 r--p 00002000 08:04 262761                     /usr/lib64/libdl-2.24.so
7fecc5722000-7fecc5723000 rw-p 00003000 08:04 262761                     /usr/lib64/libdl-2.24.so
7fecc5723000-7fecc5730000 r-xp 00000000 08:04 4592057                    /usr/lib/jvm/java-1.8.0-openjdk-1.8.0.151-1.b12.fc25.x86_64/jre/lib/amd64/jli/libjli.so
7fecc5730000-7fecc5930000 ---p 0000d000 08:04 4592057                    /usr/lib/jvm/java-1.8.0-openjdk-1.8.0.151-1.b12.fc25.x86_64/jre/lib/amd64/jli/libjli.so
7fecc5930000-7fecc5931000 r--p 0000d000 08:04 4592057                    /usr/lib/jvm/java-1.8.0-openjdk-1.8.0.151-1.b12.fc25.x86_64/jre/lib/amd64/jli/libjli.so
7fecc5931000-7fecc5932000 rw-p 00000000 00:00 0 
7fecc5932000-7fecc5947000 r-xp 00000000 08:04 263168                     /usr/lib64/libz.so.1.2.8
7fecc5947000-7fecc5b46000 ---p 00015000 08:04 263168                     /usr/lib64/libz.so.1.2.8
7fecc5b46000-7fecc5b47000 r--p 00014000 08:04 263168                     /usr/lib64/libz.so.1.2.8
7fecc5b47000-7fecc5b48000 rw-p 00015000 08:04 263168                     /usr/lib64/libz.so.1.2.8
7fecc5b48000-7fecc5b60000 r-xp 00000000 08:04 262773                     /usr/lib64/libpthread-2.24.so
7fecc5b60000-7fecc5d60000 ---p 00018000 08:04 262773                     /usr/lib64/libpthread-2.24.so
7fecc5d60000-7fecc5d61000 r--p 00018000 08:04 262773                     /usr/lib64/libpthread-2.24.so
7fecc5d61000-7fecc5d62000 rw-p 00019000 08:04 262773                     /usr/lib64/libpthread-2.24.so
7fecc5d62000-7fecc5d66000 rw-p 00000000 00:00 0 
7fecc5d66000-7fecc5d8c000 r-xp 00000000 08:04 262750                     /usr/lib64/ld-2.24.so
7fecc5d8c000-7fecc5d8d000 r--s 00000000 08:04 133555                     /var/cache/fontconfig/e0f508b41771d3e777ce13513b034bd1-le64.cache-7
7fecc5d8d000-7fecc5d8f000 r--s 00000000 08:04 131334                     /var/cache/fontconfig/b3043b29744cf0a429678d296f5e4026-le64.cache-7
7fecc5d8f000-7fecc5d93000 r--s 00000000 08:04 133246                     /var/cache/fontconfig/beeeeb3dfe132a8a0633a017c99ce0c0-le64.cache-7
7fecc5d93000-7fecc5e63000 rw-p 00000000 00:00 0 
7fecc5e63000-7fecc5e66000 ---p 00000000 00:00 0 
7fecc5e66000-7fecc5f68000 rw-p 00000000 00:00 0 
7fecc5f68000-7fecc5f69000 r--s 00000000 08:04 133435                     /var/cache/fontconfig/6100190b570349e27a32507757f8c088-le64.cache-7
7fecc5f69000-7fecc5f6a000 r--s 00000000 08:04 134076                     /var/cache/fontconfig/d04038e664b0033ae700a78c51f179d3-le64.cache-7
7fecc5f6a000-7fecc5f7d000 r--s 00346000 08:04 4591842                    /usr/lib/jvm/java-1.8.0-openjdk-1.8.0.151-1.b12.fc25.x86_64/jre/lib/resources.jar
7fecc5f7d000-7fecc5f7f000 r--s 00028000 00:2f 452734042                  /cs/student/yushengjia/cs56/cs56-networking-chat/dist/Client.jar
7fecc5f7f000-7fecc5f87000 rw-s 00000000 00:27 418246                     /tmp/hsperfdata_yushengjia/30290
7fecc5f87000-7fecc5f88000 rw-p 00000000 00:00 0 
7fecc5f88000-7fecc5f89000 r--p 00000000 00:00 0 
7fecc5f89000-7fecc5f8b000 rw-p 00000000 00:00 0 
7fecc5f8b000-7fecc5f8c000 r--p 00025000 08:04 262750                     /usr/lib64/ld-2.24.so
7fecc5f8c000-7fecc5f8d000 rw-p 00026000 08:04 262750                     /usr/lib64/ld-2.24.so
7fecc5f8d000-7fecc5f8e000 rw-p 00000000 00:00 0 
7ffd82e27000-7ffd82e48000 rw-p 00000000 00:00 0                          [stack]
7ffd82e4c000-7ffd82e4f000 r--p 00000000 00:00 0                          [vvar]
7ffd82e4f000-7ffd82e51000 r-xp 00000000 00:00 0                          [vdso]
ffffffffff600000-ffffffffff601000 r-xp 00000000 00:00 0                  [vsyscall]

VM Arguments:
java_command: /cs/student/yushengjia/cs56/cs56-networking-chat/dist/Client.jar
java_class_path (initial): /cs/student/yushengjia/cs56/cs56-networking-chat/dist/Client.jar
Launcher Type: SUN_STANDARD

Environment Variables:
PATH=/usr/lib64/qt-3.3/bin:/usr/lib64/ccache:/usr/local/bin:/usr/local/sbin:/usr/bin:/usr/sbin:/cs/student/yushengjia/bin
USERNAME=yushengjia
SHELL=/bin/bash
DISPLAY=:1

Signal Handlers:
SIGSEGV: [libjvm.so+0xb2a990], sa_mask[0]=11111111011111111101111111111110, sa_flags=SA_RESTART|SA_SIGINFO
SIGBUS: [libjvm.so+0xb2a990], sa_mask[0]=11111111011111111101111111111110, sa_flags=SA_RESTART|SA_SIGINFO
SIGFPE: [libjvm.so+0x8f11f0], sa_mask[0]=11111111011111111101111111111110, sa_flags=SA_RESTART|SA_SIGINFO
SIGPIPE: [libjvm.so+0x8f11f0], sa_mask[0]=11111111011111111101111111111110, sa_flags=SA_RESTART|SA_SIGINFO
SIGXFSZ: [libjvm.so+0x8f11f0], sa_mask[0]=11111111011111111101111111111110, sa_flags=SA_RESTART|SA_SIGINFO
SIGILL: [libjvm.so+0x8f11f0], sa_mask[0]=11111111011111111101111111111110, sa_flags=SA_RESTART|SA_SIGINFO
SIGUSR1: SIG_DFL, sa_mask[0]=00000000000000000000000000000000, sa_flags=none
SIGUSR2: [libjvm.so+0x8f10a0], sa_mask[0]=00100000000000000000000000000000, sa_flags=SA_RESTART|SA_SIGINFO
SIGHUP: [libjvm.so+0x8f1550], sa_mask[0]=11111111011111111101111111111110, sa_flags=SA_RESTART|SA_SIGINFO
SIGINT: [libjvm.so+0x8f1550], sa_mask[0]=11111111011111111101111111111110, sa_flags=SA_RESTART|SA_SIGINFO
SIGTERM: [libjvm.so+0x8f1550], sa_mask[0]=11111111011111111101111111111110, sa_flags=SA_RESTART|SA_SIGINFO
SIGQUIT: [libjvm.so+0x8f1550], sa_mask[0]=11111111011111111101111111111110, sa_flags=SA_RESTART|SA_SIGINFO


---------------  S Y S T E M  ---------------

OS:Fedora release 25 (Twenty Five)

uname:Linux 4.13.16-100.fc25.x86_64 #1 SMP Mon Nov 27 19:52:46 UTC 2017 x86_64
libc:glibc 2.24 NPTL 2.24 
rlimit: STACK 8192k, CORE infinity, NPROC 31547, NOFILE 4096, AS infinity
load average:0.07 0.08 0.06

/proc/meminfo:
MemTotal:        8097920 kB
MemFree:         4444448 kB
MemAvailable:    5983688 kB
Buffers:          173296 kB
Cached:          1526992 kB
SwapCached:            0 kB
Active:          2411800 kB
Inactive:         849960 kB
Active(anon):    1562792 kB
Inactive(anon):     3116 kB
Active(file):     849008 kB
Inactive(file):   846844 kB
Unevictable:          20 kB
Mlocked:              20 kB
SwapTotal:       8231932 kB
SwapFree:        8231932 kB
Dirty:                 0 kB
Writeback:             0 kB
AnonPages:       1561632 kB
Mapped:           488808 kB
Shmem:              4444 kB
Slab:             181492 kB
SReclaimable:     125416 kB
SUnreclaim:        56076 kB
KernelStack:       12352 kB
PageTables:        66616 kB
NFS_Unstable:          0 kB
Bounce:                0 kB
WritebackTmp:          0 kB
CommitLimit:    12280892 kB
Committed_AS:    7491080 kB
VmallocTotal:   34359738367 kB
VmallocUsed:           0 kB
VmallocChunk:          0 kB
HardwareCorrupted:     0 kB
AnonHugePages:         0 kB
ShmemHugePages:        0 kB
ShmemPmdMapped:        0 kB
CmaTotal:              0 kB
CmaFree:               0 kB
HugePages_Total:       0
HugePages_Free:        0
HugePages_Rsvd:        0
HugePages_Surp:        0
Hugepagesize:       2048 kB
DirectMap4k:      264780 kB
DirectMap2M:     5951488 kB
DirectMap1G:     3145728 kB


CPU:total 4 (initial active 4) (4 cores per cpu, 1 threads per core) family 6 model 94 stepping 3, cmov, cx8, fxsr, mmx, sse, sse2, sse3, ssse3, sse4.1, sse4.2, popcnt, avx, avx2, aes, clmul, erms, rtm, 3dnowpref, lzcnt, tsc, tscinvbit, bmi1, bmi2, adx

/proc/cpuinfo:
processor	: 0
vendor_id	: GenuineIntel
cpu family	: 6
model		: 94
model name	: Intel(R) Core(TM) i5-6500 CPU @ 3.20GHz
stepping	: 3
microcode	: 0xba
cpu MHz		: 3200.000
cache size	: 6144 KB
physical id	: 0
siblings	: 4
core id		: 0
cpu cores	: 4
apicid		: 0
initial apicid	: 0
fpu		: yes
fpu_exception	: yes
cpuid level	: 22
wp		: yes
flags		: fpu vme de pse tsc msr pae mce cx8 apic sep mtrr pge mca cmov pat pse36 clflush dts acpi mmx fxsr sse sse2 ss ht tm pbe syscall nx pdpe1gb rdtscp lm constant_tsc art arch_perfmon pebs bts rep_good nopl xtopology nonstop_tsc cpuid aperfmperf tsc_known_freq pni pclmulqdq dtes64 monitor ds_cpl vmx smx est tm2 ssse3 sdbg fma cx16 xtpr pdcm pcid sse4_1 sse4_2 x2apic movbe popcnt tsc_deadline_timer aes xsave avx f16c rdrand lahf_lm abm 3dnowprefetch cpuid_fault epb intel_pt tpr_shadow vnmi flexpriority ept vpid fsgsbase tsc_adjust bmi1 hle avx2 smep bmi2 erms invpcid rtm mpx rdseed adx smap clflushopt xsaveopt xsavec xgetbv1 xsaves dtherm ida arat pln pts hwp hwp_notify hwp_act_window hwp_epp
bugs		:
bogomips	: 6384.00
clflush size	: 64
cache_alignment	: 64
address sizes	: 39 bits physical, 48 bits virtual
power management:

processor	: 1
vendor_id	: GenuineIntel
cpu family	: 6
model		: 94
model name	: Intel(R) Core(TM) i5-6500 CPU @ 3.20GHz
stepping	: 3
microcode	: 0xba
cpu MHz		: 3200.000
cache size	: 6144 KB
physical id	: 0
siblings	: 4
core id		: 1
cpu cores	: 4
apicid		: 2
initial apicid	: 2
fpu		: yes
fpu_exception	: yes
cpuid level	: 22
wp		: yes
flags		: fpu vme de pse tsc msr pae mce cx8 apic sep mtrr pge mca cmov pat pse36 clflush dts acpi mmx fxsr sse sse2 ss ht tm pbe syscall nx pdpe1gb rdtscp lm constant_tsc art arch_perfmon pebs bts rep_good nopl xtopology nonstop_tsc cpuid aperfmperf tsc_known_freq pni pclmulqdq dtes64 monitor ds_cpl vmx smx est tm2 ssse3 sdbg fma cx16 xtpr pdcm pcid sse4_1 sse4_2 x2apic movbe popcnt tsc_deadline_timer aes xsave avx f16c rdrand lahf_lm abm 3dnowprefetch cpuid_fault epb intel_pt tpr_shadow vnmi flexpriority ept vpid fsgsbase tsc_adjust bmi1 hle avx2 smep bmi2 erms invpcid rtm mpx rdseed adx smap clflushopt xsaveopt xsavec xgetbv1 xsaves dtherm ida arat pln pts hwp hwp_notify hwp_act_window hwp_epp
bugs		:
bogomips	: 6384.00
clflush size	: 64
cache_alignment	: 64
address sizes	: 39 bits physical, 48 bits virtual
power management:

processor	: 2
vendor_id	: GenuineIntel
cpu family	: 6
model		: 94
model name	: Intel(R) Core(TM) i5-6500 CPU @ 3.20GHz
stepping	: 3
microcode	: 0xba
cpu MHz		: 3200.000
cache size	: 6144 KB
physical id	: 0
siblings	: 4
core id		: 2
cpu cores	: 4
apicid		: 4
initial apicid	: 4
fpu		: yes
fpu_exception	: yes
cpuid level	: 22
wp		: yes
flags		: fpu vme de pse tsc msr pae mce cx8 apic sep mtrr pge mca cmov pat pse36 clflush dts acpi mmx fxsr sse sse2 ss ht tm pbe syscall nx pdpe1gb rdtscp lm constant_tsc art arch_perfmon pebs bts rep_good nopl xtopology nonstop_tsc cpuid aperfmperf tsc_known_freq pni pclmulqdq dtes64 monitor ds_cpl vmx smx est tm2 ssse3 sdbg fma cx16 xtpr pdcm pcid sse4_1 sse4_2 x2apic movbe popcnt tsc_deadline_timer aes xsave avx f16c rdrand lahf_lm abm 3dnowprefetch cpuid_fault epb intel_pt tpr_shadow vnmi flexpriority ept vpid fsgsbase tsc_adjust bmi1 hle avx2 smep bmi2 erms invpcid rtm mpx rdseed adx smap clflushopt xsaveopt xsavec xgetbv1 xsaves dtherm ida arat pln pts hwp hwp_notify hwp_act_window hwp_epp
bugs		:
bogomips	: 6384.00
clflush size	: 64
cache_alignment	: 64
address sizes	: 39 bits physical, 48 bits virtual
power management:

processor	: 3
vendor_id	: GenuineIntel
cpu family	: 6
model		: 94
model name	: Intel(R) Core(TM) i5-6500 CPU @ 3.20GHz
stepping	: 3
microcode	: 0xba
cpu MHz		: 3200.000
cache size	: 6144 KB
physical id	: 0
siblings	: 4
core id		: 3
cpu cores	: 4
apicid		: 6
initial apicid	: 6
fpu		: yes
fpu_exception	: yes
cpuid level	: 22
wp		: yes
flags		: fpu vme de pse tsc msr pae mce cx8 apic sep mtrr pge mca cmov pat pse36 clflush dts acpi mmx fxsr sse sse2 ss ht tm pbe syscall nx pdpe1gb rdtscp lm constant_tsc art arch_perfmon pebs bts rep_good nopl xtopology nonstop_tsc cpuid aperfmperf tsc_known_freq pni pclmulqdq dtes64 monitor ds_cpl vmx smx est tm2 ssse3 sdbg fma cx16 xtpr pdcm pcid sse4_1 sse4_2 x2apic movbe popcnt tsc_deadline_timer aes xsave avx f16c rdrand lahf_lm abm 3dnowprefetch cpuid_fault epb intel_pt tpr_shadow vnmi flexpriority ept vpid fsgsbase tsc_adjust bmi1 hle avx2 smep bmi2 erms invpcid rtm mpx rdseed adx smap clflushopt xsaveopt xsavec xgetbv1 xsaves dtherm ida arat pln pts hwp hwp_notify hwp_act_window hwp_epp
bugs		:
bogomips	: 6384.00
clflush size	: 64
cache_alignment	: 64
address sizes	: 39 bits physical, 48 bits virtual
power management:



Memory: 4k page, physical 8097920k(4444448k free), swap 8231932k(8231932k free)

vm_info: OpenJDK 64-Bit Server VM (25.151-b12) for linux-amd64 JRE (1.8.0_151-b12), built on Oct 25 2017 15:01:27 by "mockbuild" with gcc 6.4.1 20170727 (Red Hat 6.4.1-1)

time: Wed Feb 28 15:31:38 2018
elapsed time: 484 seconds (0d 0h 8m 4s)

